[2026-05-10 10:16:52] e5_seed46_multilingual_combined_binary_spa: method=e5 seed=46 training=multi translated=no task=binary test=spa train=2896 test=59
[2026-05-10 10:16:52] Encoding 2896 texts for seed46_multi_binary_no_spa_train.npy
[2026-05-10 10:17:44] Encoding 59 texts for seed46_multi_binary_no_spa_test.npy
[2026-05-10 10:17:45] e5_seed46_multilingual_combined_binary_spa: fitting DT
[2026-05-10 10:18:37] e5_seed46_multilingual_combined_binary_spa: DT accuracy=0.6441 params={'max_depth': 10}
[2026-05-10 10:18:37] e5_seed46_multilingual_combined_binary_spa: fitting RF
[2026-05-10 10:20:54] e5_seed46_multilingual_combined_binary_spa: RF accuracy=0.7288 params={'n_estimators': 100}
[2026-05-10 10:20:54] e5_seed46_multilingual_combined_binary_spa: fitting SVM
[2026-05-10 10:24:16] e5_seed46_multilingual_combined_binary_spa: SVM accuracy=0.7797 params={'C': 10, 'kernel': 'rbf'}
[2026-05-10 10:24:16] e5_seed46_multilingual_combined_binary_spa: fitting LR
[2026-05-10 10:24:17] e5_seed46_multilingual_combined_binary_spa: LR accuracy=0.6610 params={'C': 0.1}
[2026-05-10 10:24:17] e5_seed46_multilingual_combined_binary_spa: fusion DT+RF accuracy=0.6441
[2026-05-10 10:24:17] e5_seed46_multilingual_combined_binary_spa: fusion DT+SVM accuracy=0.6780
[2026-05-10 10:24:17] e5_seed46_multilingual_combined_binary_spa: fusion DT+LR accuracy=0.6441
[2026-05-10 10:24:17] e5_seed46_multilingual_combined_binary_spa: fusion RF+SVM accuracy=0.6949
[2026-05-10 10:24:17] e5_seed46_multilingual_combined_binary_spa: fusion RF+LR accuracy=0.7119
[2026-05-10 10:24:17] e5_seed46_multilingual_combined_binary_spa: fusion SVM+LR accuracy=0.6780
[2026-05-10 10:24:17] e5_seed46_multilingual_combined_binary_spa: fusion DT+RF+SVM accuracy=0.7627
[2026-05-10 10:24:17] e5_seed46_multilingual_combined_binary_spa: fusion DT+RF+LR accuracy=0.6780
[2026-05-10 10:24:17] e5_seed46_multilingual_combined_binary_spa: fusion DT+SVM+LR accuracy=0.7119
[2026-05-10 10:24:17] e5_seed46_multilingual_combined_binary_spa: fusion RF+SVM+LR accuracy=0.7288
[2026-05-10 10:24:17] e5_seed46_multilingual_combined_binary_spa: fusion DT+RF+SVM+LR accuracy=0.7119
