[2026-05-09 16:20:54] e5_seed45_multilingual_combined_binary_spa: method=e5 seed=45 training=multi translated=no task=binary test=spa train=2896 test=59
[2026-05-09 16:20:54] Encoding 2896 texts for seed45_multi_binary_no_spa_train.npy
[2026-05-09 16:21:49] Encoding 59 texts for seed45_multi_binary_no_spa_test.npy
[2026-05-09 16:21:50] e5_seed45_multilingual_combined_binary_spa: fitting DT
[2026-05-09 16:22:45] e5_seed45_multilingual_combined_binary_spa: DT accuracy=0.7458 params={'max_depth': 10}
[2026-05-09 16:22:45] e5_seed45_multilingual_combined_binary_spa: fitting RF
[2026-05-09 16:25:20] e5_seed45_multilingual_combined_binary_spa: RF accuracy=0.7966 params={'n_estimators': 200}
[2026-05-09 16:25:20] e5_seed45_multilingual_combined_binary_spa: fitting SVM
[2026-05-09 16:28:50] e5_seed45_multilingual_combined_binary_spa: SVM accuracy=0.7458 params={'C': 10, 'kernel': 'rbf'}
[2026-05-09 16:28:50] e5_seed45_multilingual_combined_binary_spa: fitting LR
[2026-05-09 16:28:52] e5_seed45_multilingual_combined_binary_spa: LR accuracy=0.6610 params={'C': 0.1}
[2026-05-09 16:28:52] e5_seed45_multilingual_combined_binary_spa: fusion DT+RF accuracy=0.7627
[2026-05-09 16:28:52] e5_seed45_multilingual_combined_binary_spa: fusion DT+SVM accuracy=0.7627
[2026-05-09 16:28:52] e5_seed45_multilingual_combined_binary_spa: fusion DT+LR accuracy=0.7627
[2026-05-09 16:28:52] e5_seed45_multilingual_combined_binary_spa: fusion RF+SVM accuracy=0.8136
[2026-05-09 16:28:52] e5_seed45_multilingual_combined_binary_spa: fusion RF+LR accuracy=0.7627
[2026-05-09 16:28:52] e5_seed45_multilingual_combined_binary_spa: fusion SVM+LR accuracy=0.7966
[2026-05-09 16:28:52] e5_seed45_multilingual_combined_binary_spa: fusion DT+RF+SVM accuracy=0.7966
[2026-05-09 16:28:52] e5_seed45_multilingual_combined_binary_spa: fusion DT+RF+LR accuracy=0.7966
[2026-05-09 16:28:52] e5_seed45_multilingual_combined_binary_spa: fusion DT+SVM+LR accuracy=0.7966
[2026-05-09 16:28:52] e5_seed45_multilingual_combined_binary_spa: fusion RF+SVM+LR accuracy=0.7966
[2026-05-09 16:28:52] e5_seed45_multilingual_combined_binary_spa: fusion DT+RF+SVM+LR accuracy=0.8136
