[2026-05-09 10:21:01] e5_seed44_multilingual_combined_binary_en: method=e5 seed=44 training=multi translated=no task=binary test=en train=2896 test=194
[2026-05-09 10:21:01] Encoding 2896 texts for seed44_multi_binary_no_en_train.npy
[2026-05-09 10:21:55] Encoding 194 texts for seed44_multi_binary_no_en_test.npy
[2026-05-09 10:21:59] e5_seed44_multilingual_combined_binary_en: fitting DT
[2026-05-09 10:22:52] e5_seed44_multilingual_combined_binary_en: DT accuracy=0.7423 params={'max_depth': 10}
[2026-05-09 10:22:52] e5_seed44_multilingual_combined_binary_en: fitting RF
[2026-05-09 10:25:20] e5_seed44_multilingual_combined_binary_en: RF accuracy=0.7784 params={'n_estimators': 200}
[2026-05-09 10:25:20] e5_seed44_multilingual_combined_binary_en: fitting SVM
[2026-05-09 10:28:43] e5_seed44_multilingual_combined_binary_en: SVM accuracy=0.8763 params={'C': 10, 'kernel': 'rbf'}
[2026-05-09 10:28:43] e5_seed44_multilingual_combined_binary_en: fitting LR
[2026-05-09 10:28:43] e5_seed44_multilingual_combined_binary_en: LR accuracy=0.6753 params={'C': 0.1}
[2026-05-09 10:28:43] e5_seed44_multilingual_combined_binary_en: fusion DT+RF accuracy=0.7423
[2026-05-09 10:28:43] e5_seed44_multilingual_combined_binary_en: fusion DT+SVM accuracy=0.7577
[2026-05-09 10:28:43] e5_seed44_multilingual_combined_binary_en: fusion DT+LR accuracy=0.7423
[2026-05-09 10:28:43] e5_seed44_multilingual_combined_binary_en: fusion RF+SVM accuracy=0.8711
[2026-05-09 10:28:43] e5_seed44_multilingual_combined_binary_en: fusion RF+LR accuracy=0.6907
[2026-05-09 10:28:43] e5_seed44_multilingual_combined_binary_en: fusion SVM+LR accuracy=0.7732
[2026-05-09 10:28:43] e5_seed44_multilingual_combined_binary_en: fusion DT+RF+SVM accuracy=0.8247
[2026-05-09 10:28:43] e5_seed44_multilingual_combined_binary_en: fusion DT+RF+LR accuracy=0.7474
[2026-05-09 10:28:43] e5_seed44_multilingual_combined_binary_en: fusion DT+SVM+LR accuracy=0.7938
[2026-05-09 10:28:43] e5_seed44_multilingual_combined_binary_en: fusion RF+SVM+LR accuracy=0.7784
[2026-05-09 10:28:43] e5_seed44_multilingual_combined_binary_en: fusion DT+RF+SVM+LR accuracy=0.7938
