[2026-05-09 15:49:01] e5_seed45_monolingual_multiclass_en: method=e5 seed=45 training=mono translated=no task=multiclass test=en train=2449 test=272
[2026-05-09 15:49:01] Encoding 2449 texts for seed45_mono_multiclass_no_en_train.npy
[2026-05-09 15:49:46] Encoding 272 texts for seed45_mono_multiclass_no_en_test.npy
[2026-05-09 15:49:53] e5_seed45_monolingual_multiclass_en: fitting DT
[2026-05-09 15:50:39] e5_seed45_monolingual_multiclass_en: DT accuracy=0.5184 params={'max_depth': 10}
[2026-05-09 15:50:39] e5_seed45_monolingual_multiclass_en: fitting RF
[2026-05-09 15:52:48] e5_seed45_monolingual_multiclass_en: RF accuracy=0.5699 params={'n_estimators': 50}
[2026-05-09 15:52:48] e5_seed45_monolingual_multiclass_en: fitting SVM
[2026-05-09 15:55:41] e5_seed45_monolingual_multiclass_en: SVM accuracy=0.5919 params={'C': 10, 'kernel': 'rbf'}
[2026-05-09 15:55:41] e5_seed45_monolingual_multiclass_en: fitting LR
[2026-05-09 15:55:44] e5_seed45_monolingual_multiclass_en: LR accuracy=0.6507 params={'C': 10}
[2026-05-09 15:55:44] e5_seed45_monolingual_multiclass_en: fusion DT+RF accuracy=0.5368
[2026-05-09 15:55:44] e5_seed45_monolingual_multiclass_en: fusion DT+SVM accuracy=0.5221
[2026-05-09 15:55:44] e5_seed45_monolingual_multiclass_en: fusion DT+LR accuracy=0.5368
[2026-05-09 15:55:44] e5_seed45_monolingual_multiclass_en: fusion RF+SVM accuracy=0.6471
[2026-05-09 15:55:44] e5_seed45_monolingual_multiclass_en: fusion RF+LR accuracy=0.6544
[2026-05-09 15:55:44] e5_seed45_monolingual_multiclass_en: fusion SVM+LR accuracy=0.6581
[2026-05-09 15:55:44] e5_seed45_monolingual_multiclass_en: fusion DT+RF+SVM accuracy=0.5772
[2026-05-09 15:55:44] e5_seed45_monolingual_multiclass_en: fusion DT+RF+LR accuracy=0.6029
[2026-05-09 15:55:44] e5_seed45_monolingual_multiclass_en: fusion DT+SVM+LR accuracy=0.6324
[2026-05-09 15:55:44] e5_seed45_monolingual_multiclass_en: fusion RF+SVM+LR accuracy=0.6397
[2026-05-09 15:55:44] e5_seed45_monolingual_multiclass_en: fusion DT+RF+SVM+LR accuracy=0.6066
