[2026-05-09 10:12:26] e5_seed44_monolingual_binary_gr: method=e5 seed=44 training=mono translated=no task=binary test=gr train=172 test=43
[2026-05-09 10:12:26] Encoding 172 texts for seed44_mono_binary_no_gr_train.npy
[2026-05-09 10:12:29] Encoding 43 texts for seed44_mono_binary_no_gr_test.npy
[2026-05-09 10:12:29] e5_seed44_monolingual_binary_gr: fitting DT
[2026-05-09 10:12:30] e5_seed44_monolingual_binary_gr: DT accuracy=0.6279 params={'max_depth': 10}
[2026-05-09 10:12:30] e5_seed44_monolingual_binary_gr: fitting RF
[2026-05-09 10:12:34] e5_seed44_monolingual_binary_gr: RF accuracy=0.6744 params={'n_estimators': 100}
[2026-05-09 10:12:34] e5_seed44_monolingual_binary_gr: fitting SVM
[2026-05-09 10:12:35] e5_seed44_monolingual_binary_gr: SVM accuracy=0.6977 params={'C': 10, 'kernel': 'rbf'}
[2026-05-09 10:12:35] e5_seed44_monolingual_binary_gr: fitting LR
[2026-05-09 10:12:35] e5_seed44_monolingual_binary_gr: LR accuracy=0.6744 params={'C': 10}
[2026-05-09 10:12:35] e5_seed44_monolingual_binary_gr: fusion DT+RF accuracy=0.6279
[2026-05-09 10:12:35] e5_seed44_monolingual_binary_gr: fusion DT+SVM accuracy=0.6279
[2026-05-09 10:12:35] e5_seed44_monolingual_binary_gr: fusion DT+LR accuracy=0.6279
[2026-05-09 10:12:35] e5_seed44_monolingual_binary_gr: fusion RF+SVM accuracy=0.6977
[2026-05-09 10:12:35] e5_seed44_monolingual_binary_gr: fusion RF+LR accuracy=0.6977
[2026-05-09 10:12:35] e5_seed44_monolingual_binary_gr: fusion SVM+LR accuracy=0.6977
[2026-05-09 10:12:35] e5_seed44_monolingual_binary_gr: fusion DT+RF+SVM accuracy=0.7442
[2026-05-09 10:12:35] e5_seed44_monolingual_binary_gr: fusion DT+RF+LR accuracy=0.6512
[2026-05-09 10:12:35] e5_seed44_monolingual_binary_gr: fusion DT+SVM+LR accuracy=0.7209
[2026-05-09 10:12:35] e5_seed44_monolingual_binary_gr: fusion RF+SVM+LR accuracy=0.6744
[2026-05-09 10:12:35] e5_seed44_monolingual_binary_gr: fusion DT+RF+SVM+LR accuracy=0.7209
