[2026-05-09 10:20:42] e5_seed44_monolingual_multiclass_spa: method=e5 seed=44 training=mono translated=no task=multiclass test=spa train=303 test=76
[2026-05-09 10:20:42] Encoding 303 texts for seed44_mono_multiclass_no_spa_train.npy
[2026-05-09 10:20:46] Encoding 76 texts for seed44_mono_multiclass_no_spa_test.npy
[2026-05-09 10:20:47] e5_seed44_monolingual_multiclass_spa: fitting DT
[2026-05-09 10:20:50] e5_seed44_monolingual_multiclass_spa: DT accuracy=0.4211 params={'max_depth': 10}
[2026-05-09 10:20:50] e5_seed44_monolingual_multiclass_spa: fitting RF
[2026-05-09 10:20:58] e5_seed44_monolingual_multiclass_spa: RF accuracy=0.5658 params={'n_estimators': 200}
[2026-05-09 10:20:58] e5_seed44_monolingual_multiclass_spa: fitting SVM
[2026-05-09 10:21:00] e5_seed44_monolingual_multiclass_spa: SVM accuracy=0.4474 params={'C': 10, 'kernel': 'linear'}
[2026-05-09 10:21:00] e5_seed44_monolingual_multiclass_spa: fitting LR
[2026-05-09 10:21:01] e5_seed44_monolingual_multiclass_spa: LR accuracy=0.5526 params={'C': 1}
[2026-05-09 10:21:01] e5_seed44_monolingual_multiclass_spa: fusion DT+RF accuracy=0.4211
[2026-05-09 10:21:01] e5_seed44_monolingual_multiclass_spa: fusion DT+SVM accuracy=0.4211
[2026-05-09 10:21:01] e5_seed44_monolingual_multiclass_spa: fusion DT+LR accuracy=0.4211
[2026-05-09 10:21:01] e5_seed44_monolingual_multiclass_spa: fusion RF+SVM accuracy=0.5395
[2026-05-09 10:21:01] e5_seed44_monolingual_multiclass_spa: fusion RF+LR accuracy=0.5395
[2026-05-09 10:21:01] e5_seed44_monolingual_multiclass_spa: fusion SVM+LR accuracy=0.5263
[2026-05-09 10:21:01] e5_seed44_monolingual_multiclass_spa: fusion DT+RF+SVM accuracy=0.5263
[2026-05-09 10:21:01] e5_seed44_monolingual_multiclass_spa: fusion DT+RF+LR accuracy=0.5000
[2026-05-09 10:21:01] e5_seed44_monolingual_multiclass_spa: fusion DT+SVM+LR accuracy=0.4737
[2026-05-09 10:21:01] e5_seed44_monolingual_multiclass_spa: fusion RF+SVM+LR accuracy=0.5395
[2026-05-09 10:21:01] e5_seed44_monolingual_multiclass_spa: fusion DT+RF+SVM+LR accuracy=0.5395
