[2026-05-09 05:14:07] e5_seed43_multilingual_combined_multiclass_en: method=e5 seed=43 training=multi translated=no task=multiclass test=en train=3573 test=272
[2026-05-09 05:14:07] Encoding 3573 texts for seed43_multi_multiclass_no_en_train.npy
[2026-05-09 05:15:18] Encoding 272 texts for seed43_multi_multiclass_no_en_test.npy
[2026-05-09 05:15:25] e5_seed43_multilingual_combined_multiclass_en: fitting DT
[2026-05-09 05:16:26] e5_seed43_multilingual_combined_multiclass_en: DT accuracy=0.5221 params={'max_depth': 20}
[2026-05-09 05:16:26] e5_seed43_multilingual_combined_multiclass_en: fitting RF
[2026-05-09 05:19:12] e5_seed43_multilingual_combined_multiclass_en: RF accuracy=0.6103 params={'n_estimators': 50}
[2026-05-09 05:19:12] e5_seed43_multilingual_combined_multiclass_en: fitting SVM
[2026-05-09 05:25:22] e5_seed43_multilingual_combined_multiclass_en: SVM accuracy=0.5368 params={'C': 1, 'kernel': 'linear'}
[2026-05-09 05:25:22] e5_seed43_multilingual_combined_multiclass_en: fitting LR
[2026-05-09 05:25:26] e5_seed43_multilingual_combined_multiclass_en: LR accuracy=0.6654 params={'C': 10}
[2026-05-09 05:25:26] e5_seed43_multilingual_combined_multiclass_en: fusion DT+RF accuracy=0.5221
[2026-05-09 05:25:26] e5_seed43_multilingual_combined_multiclass_en: fusion DT+SVM accuracy=0.5221
[2026-05-09 05:25:26] e5_seed43_multilingual_combined_multiclass_en: fusion DT+LR accuracy=0.5221
[2026-05-09 05:25:26] e5_seed43_multilingual_combined_multiclass_en: fusion RF+SVM accuracy=0.6213
[2026-05-09 05:25:26] e5_seed43_multilingual_combined_multiclass_en: fusion RF+LR accuracy=0.6581
[2026-05-09 05:25:26] e5_seed43_multilingual_combined_multiclass_en: fusion SVM+LR accuracy=0.6691
[2026-05-09 05:25:26] e5_seed43_multilingual_combined_multiclass_en: fusion DT+RF+SVM accuracy=0.6213
[2026-05-09 05:25:26] e5_seed43_multilingual_combined_multiclass_en: fusion DT+RF+LR accuracy=0.6324
[2026-05-09 05:25:26] e5_seed43_multilingual_combined_multiclass_en: fusion DT+SVM+LR accuracy=0.6581
[2026-05-09 05:25:26] e5_seed43_multilingual_combined_multiclass_en: fusion RF+SVM+LR accuracy=0.6728
[2026-05-09 05:25:26] e5_seed43_multilingual_combined_multiclass_en: fusion DT+RF+SVM+LR accuracy=0.6397
