[2026-05-09 17:57:52] e5_seed45_translated_combined_multiclass_gr: method=e5 seed=45 training=multi translated=yes task=multiclass test=gr train=3573 test=53
[2026-05-09 17:57:52] Encoding 3573 texts for seed45_multi_multiclass_yes_gr_train.npy
[2026-05-09 17:58:57] Encoding 53 texts for seed45_multi_multiclass_yes_gr_test.npy
[2026-05-09 17:58:58] e5_seed45_translated_combined_multiclass_gr: fitting DT
[2026-05-09 18:00:00] e5_seed45_translated_combined_multiclass_gr: DT accuracy=0.4151 params={'max_depth': 20}
[2026-05-09 18:00:00] e5_seed45_translated_combined_multiclass_gr: fitting RF
[2026-05-09 18:02:55] e5_seed45_translated_combined_multiclass_gr: RF accuracy=0.4528 params={'n_estimators': 100}
[2026-05-09 18:02:55] e5_seed45_translated_combined_multiclass_gr: fitting SVM
[2026-05-09 18:10:22] e5_seed45_translated_combined_multiclass_gr: SVM accuracy=0.4906 params={'C': 1, 'kernel': 'rbf'}
[2026-05-09 18:10:22] e5_seed45_translated_combined_multiclass_gr: fitting LR
[2026-05-09 18:10:26] e5_seed45_translated_combined_multiclass_gr: LR accuracy=0.3962 params={'C': 10}
[2026-05-09 18:10:26] e5_seed45_translated_combined_multiclass_gr: fusion DT+RF accuracy=0.4151
[2026-05-09 18:10:26] e5_seed45_translated_combined_multiclass_gr: fusion DT+SVM accuracy=0.4151
[2026-05-09 18:10:26] e5_seed45_translated_combined_multiclass_gr: fusion DT+LR accuracy=0.4151
[2026-05-09 18:10:26] e5_seed45_translated_combined_multiclass_gr: fusion RF+SVM accuracy=0.5849
[2026-05-09 18:10:26] e5_seed45_translated_combined_multiclass_gr: fusion RF+LR accuracy=0.3962
[2026-05-09 18:10:26] e5_seed45_translated_combined_multiclass_gr: fusion SVM+LR accuracy=0.4340
[2026-05-09 18:10:26] e5_seed45_translated_combined_multiclass_gr: fusion DT+RF+SVM accuracy=0.4340
[2026-05-09 18:10:26] e5_seed45_translated_combined_multiclass_gr: fusion DT+RF+LR accuracy=0.4528
[2026-05-09 18:10:26] e5_seed45_translated_combined_multiclass_gr: fusion DT+SVM+LR accuracy=0.3962
[2026-05-09 18:10:26] e5_seed45_translated_combined_multiclass_gr: fusion RF+SVM+LR accuracy=0.4528
[2026-05-09 18:10:26] e5_seed45_translated_combined_multiclass_gr: fusion DT+RF+SVM+LR accuracy=0.4340
