[2026-05-10 11:00:45] e5_seed46_multilingual_combined_multiclass_spa: method=e5 seed=46 training=multi translated=no task=multiclass test=spa train=3573 test=76
[2026-05-10 11:00:45] Encoding 3573 texts for seed46_multi_multiclass_no_spa_train.npy
[2026-05-10 11:01:55] Encoding 76 texts for seed46_multi_multiclass_no_spa_test.npy
[2026-05-10 11:01:56] e5_seed46_multilingual_combined_multiclass_spa: fitting DT
[2026-05-10 11:02:57] e5_seed46_multilingual_combined_multiclass_spa: DT accuracy=0.4737 params={'max_depth': 20}
[2026-05-10 11:02:57] e5_seed46_multilingual_combined_multiclass_spa: fitting RF
[2026-05-10 11:05:41] e5_seed46_multilingual_combined_multiclass_spa: RF accuracy=0.5658 params={'n_estimators': 50}
[2026-05-10 11:05:41] e5_seed46_multilingual_combined_multiclass_spa: fitting SVM
[2026-05-10 11:11:48] e5_seed46_multilingual_combined_multiclass_spa: SVM accuracy=0.3026 params={'C': 1, 'kernel': 'linear'}
[2026-05-10 11:11:48] e5_seed46_multilingual_combined_multiclass_spa: fitting LR
[2026-05-10 11:11:52] e5_seed46_multilingual_combined_multiclass_spa: LR accuracy=0.5789 params={'C': 10}
[2026-05-10 11:11:52] e5_seed46_multilingual_combined_multiclass_spa: fusion DT+RF accuracy=0.4737
[2026-05-10 11:11:52] e5_seed46_multilingual_combined_multiclass_spa: fusion DT+SVM accuracy=0.4737
[2026-05-10 11:11:52] e5_seed46_multilingual_combined_multiclass_spa: fusion DT+LR accuracy=0.4737
[2026-05-10 11:11:52] e5_seed46_multilingual_combined_multiclass_spa: fusion RF+SVM accuracy=0.5526
[2026-05-10 11:11:52] e5_seed46_multilingual_combined_multiclass_spa: fusion RF+LR accuracy=0.5789
[2026-05-10 11:11:52] e5_seed46_multilingual_combined_multiclass_spa: fusion SVM+LR accuracy=0.6053
[2026-05-10 11:11:52] e5_seed46_multilingual_combined_multiclass_spa: fusion DT+RF+SVM accuracy=0.5132
[2026-05-10 11:11:52] e5_seed46_multilingual_combined_multiclass_spa: fusion DT+RF+LR accuracy=0.5789
[2026-05-10 11:11:52] e5_seed46_multilingual_combined_multiclass_spa: fusion DT+SVM+LR accuracy=0.5263
[2026-05-10 11:11:52] e5_seed46_multilingual_combined_multiclass_spa: fusion RF+SVM+LR accuracy=0.5921
[2026-05-10 11:11:52] e5_seed46_multilingual_combined_multiclass_spa: fusion DT+RF+SVM+LR accuracy=0.5263
