[2026-05-10 11:40:25] e5_seed46_translated_combined_multiclass_en: method=e5 seed=46 training=multi translated=yes task=multiclass test=en train=3573 test=272
[2026-05-10 11:40:25] Encoding 3573 texts for seed46_multi_multiclass_yes_en_train.npy
[2026-05-10 11:41:25] Encoding 272 texts for seed46_multi_multiclass_yes_en_test.npy
[2026-05-10 11:41:32] e5_seed46_translated_combined_multiclass_en: fitting DT
[2026-05-10 11:42:31] e5_seed46_translated_combined_multiclass_en: DT accuracy=0.4522 params={'max_depth': 10}
[2026-05-10 11:42:31] e5_seed46_translated_combined_multiclass_en: fitting RF
[2026-05-10 11:45:32] e5_seed46_translated_combined_multiclass_en: RF accuracy=0.6176 params={'n_estimators': 200}
[2026-05-10 11:45:32] e5_seed46_translated_combined_multiclass_en: fitting SVM
[2026-05-10 11:53:55] e5_seed46_translated_combined_multiclass_en: SVM accuracy=0.4779 params={'C': 1, 'kernel': 'linear'}
[2026-05-10 11:53:55] e5_seed46_translated_combined_multiclass_en: fitting LR
[2026-05-10 11:54:02] e5_seed46_translated_combined_multiclass_en: LR accuracy=0.6103 params={'C': 10}
[2026-05-10 11:54:02] e5_seed46_translated_combined_multiclass_en: fusion DT+RF accuracy=0.4485
[2026-05-10 11:54:02] e5_seed46_translated_combined_multiclass_en: fusion DT+SVM accuracy=0.4522
[2026-05-10 11:54:02] e5_seed46_translated_combined_multiclass_en: fusion DT+LR accuracy=0.4522
[2026-05-10 11:54:02] e5_seed46_translated_combined_multiclass_en: fusion RF+SVM accuracy=0.6176
[2026-05-10 11:54:02] e5_seed46_translated_combined_multiclass_en: fusion RF+LR accuracy=0.6397
[2026-05-10 11:54:02] e5_seed46_translated_combined_multiclass_en: fusion SVM+LR accuracy=0.6176
[2026-05-10 11:54:02] e5_seed46_translated_combined_multiclass_en: fusion DT+RF+SVM accuracy=0.5551
[2026-05-10 11:54:02] e5_seed46_translated_combined_multiclass_en: fusion DT+RF+LR accuracy=0.5846
[2026-05-10 11:54:02] e5_seed46_translated_combined_multiclass_en: fusion DT+SVM+LR accuracy=0.5662
[2026-05-10 11:54:02] e5_seed46_translated_combined_multiclass_en: fusion RF+SVM+LR accuracy=0.6213
[2026-05-10 11:54:02] e5_seed46_translated_combined_multiclass_en: fusion DT+RF+SVM+LR accuracy=0.5662
