[2026-05-09 11:24:42] e5_seed44_multilingual_combined_multiclass_spa: method=e5 seed=44 training=multi translated=no task=multiclass test=spa train=3573 test=76
[2026-05-09 11:24:42] Encoding 3573 texts for seed44_multi_multiclass_no_spa_train.npy
[2026-05-09 11:25:52] Encoding 76 texts for seed44_multi_multiclass_no_spa_test.npy
[2026-05-09 11:25:53] e5_seed44_multilingual_combined_multiclass_spa: fitting DT
[2026-05-09 11:26:55] e5_seed44_multilingual_combined_multiclass_spa: DT accuracy=0.4605 params={'max_depth': 10}
[2026-05-09 11:26:55] e5_seed44_multilingual_combined_multiclass_spa: fitting RF
[2026-05-09 11:29:41] e5_seed44_multilingual_combined_multiclass_spa: RF accuracy=0.5526 params={'n_estimators': 50}
[2026-05-09 11:29:41] e5_seed44_multilingual_combined_multiclass_spa: fitting SVM
[2026-05-09 11:35:29] e5_seed44_multilingual_combined_multiclass_spa: SVM accuracy=0.2763 params={'C': 1, 'kernel': 'linear'}
[2026-05-09 11:35:29] e5_seed44_multilingual_combined_multiclass_spa: fitting LR
[2026-05-09 11:35:33] e5_seed44_multilingual_combined_multiclass_spa: LR accuracy=0.5132 params={'C': 10}
[2026-05-09 11:35:33] e5_seed44_multilingual_combined_multiclass_spa: fusion DT+RF accuracy=0.4737
[2026-05-09 11:35:33] e5_seed44_multilingual_combined_multiclass_spa: fusion DT+SVM accuracy=0.4605
[2026-05-09 11:35:33] e5_seed44_multilingual_combined_multiclass_spa: fusion DT+LR accuracy=0.4474
[2026-05-09 11:35:33] e5_seed44_multilingual_combined_multiclass_spa: fusion RF+SVM accuracy=0.5395
[2026-05-09 11:35:33] e5_seed44_multilingual_combined_multiclass_spa: fusion RF+LR accuracy=0.5526
[2026-05-09 11:35:33] e5_seed44_multilingual_combined_multiclass_spa: fusion SVM+LR accuracy=0.5000
[2026-05-09 11:35:33] e5_seed44_multilingual_combined_multiclass_spa: fusion DT+RF+SVM accuracy=0.4474
[2026-05-09 11:35:33] e5_seed44_multilingual_combined_multiclass_spa: fusion DT+RF+LR accuracy=0.5526
[2026-05-09 11:35:33] e5_seed44_multilingual_combined_multiclass_spa: fusion DT+SVM+LR accuracy=0.4474
[2026-05-09 11:35:33] e5_seed44_multilingual_combined_multiclass_spa: fusion RF+SVM+LR accuracy=0.5526
[2026-05-09 11:35:33] e5_seed44_multilingual_combined_multiclass_spa: fusion DT+RF+SVM+LR accuracy=0.4737
