[2026-05-08 23:03:16] e5_seed42_monolingual_multiclass_spa: method=e5 seed=42 training=mono translated=no task=multiclass test=spa train=303 test=76
[2026-05-08 23:03:16] Encoding 303 texts for seed42_mono_multiclass_no_spa_train.npy
[2026-05-08 23:03:20] Encoding 76 texts for seed42_mono_multiclass_no_spa_test.npy
[2026-05-08 23:03:21] e5_seed42_monolingual_multiclass_spa: fitting DT
[2026-05-08 23:03:24] e5_seed42_monolingual_multiclass_spa: DT accuracy=0.5263 params={'max_depth': 10}
[2026-05-08 23:03:24] e5_seed42_monolingual_multiclass_spa: fitting RF
[2026-05-08 23:03:33] e5_seed42_monolingual_multiclass_spa: RF accuracy=0.5658 params={'n_estimators': 200}
[2026-05-08 23:03:33] e5_seed42_monolingual_multiclass_spa: fitting SVM
[2026-05-08 23:03:35] e5_seed42_monolingual_multiclass_spa: SVM accuracy=0.5132 params={'C': 10, 'kernel': 'rbf'}
[2026-05-08 23:03:35] e5_seed42_monolingual_multiclass_spa: fitting LR
[2026-05-08 23:03:35] e5_seed42_monolingual_multiclass_spa: LR accuracy=0.5658 params={'C': 1}
[2026-05-08 23:03:35] e5_seed42_monolingual_multiclass_spa: fusion DT+RF accuracy=0.5263
[2026-05-08 23:03:35] e5_seed42_monolingual_multiclass_spa: fusion DT+SVM accuracy=0.5263
[2026-05-08 23:03:35] e5_seed42_monolingual_multiclass_spa: fusion DT+LR accuracy=0.5263
[2026-05-08 23:03:35] e5_seed42_monolingual_multiclass_spa: fusion RF+SVM accuracy=0.5263
[2026-05-08 23:03:35] e5_seed42_monolingual_multiclass_spa: fusion RF+LR accuracy=0.5658
[2026-05-08 23:03:35] e5_seed42_monolingual_multiclass_spa: fusion SVM+LR accuracy=0.5526
[2026-05-08 23:03:35] e5_seed42_monolingual_multiclass_spa: fusion DT+RF+SVM accuracy=0.5526
[2026-05-08 23:03:35] e5_seed42_monolingual_multiclass_spa: fusion DT+RF+LR accuracy=0.5789
[2026-05-08 23:03:35] e5_seed42_monolingual_multiclass_spa: fusion DT+SVM+LR accuracy=0.5658
[2026-05-08 23:03:35] e5_seed42_monolingual_multiclass_spa: fusion RF+SVM+LR accuracy=0.5658
[2026-05-08 23:03:35] e5_seed42_monolingual_multiclass_spa: fusion DT+RF+SVM+LR accuracy=0.5658
