[2026-05-09 11:56:37] e5_seed44_translated_combined_binary_spa: method=e5 seed=44 training=multi translated=yes task=binary test=spa train=2896 test=59
[2026-05-09 11:56:37] Encoding 2896 texts for seed44_multi_binary_yes_spa_train.npy
[2026-05-09 11:57:25] Encoding 59 texts for seed44_multi_binary_yes_spa_test.npy
[2026-05-09 11:57:27] e5_seed44_translated_combined_binary_spa: fitting DT
[2026-05-09 11:58:16] e5_seed44_translated_combined_binary_spa: DT accuracy=0.6780 params={'max_depth': 10}
[2026-05-09 11:58:16] e5_seed44_translated_combined_binary_spa: fitting RF
[2026-05-09 12:00:32] e5_seed44_translated_combined_binary_spa: RF accuracy=0.6441 params={'n_estimators': 50}
[2026-05-09 12:00:32] e5_seed44_translated_combined_binary_spa: fitting SVM
[2026-05-09 12:03:36] e5_seed44_translated_combined_binary_spa: SVM accuracy=0.6102 params={'C': 10, 'kernel': 'rbf'}
[2026-05-09 12:03:36] e5_seed44_translated_combined_binary_spa: fitting LR
[2026-05-09 12:03:37] e5_seed44_translated_combined_binary_spa: LR accuracy=0.6610 params={'C': 0.1}
[2026-05-09 12:03:37] e5_seed44_translated_combined_binary_spa: fusion DT+RF accuracy=0.6949
[2026-05-09 12:03:37] e5_seed44_translated_combined_binary_spa: fusion DT+SVM accuracy=0.6780
[2026-05-09 12:03:37] e5_seed44_translated_combined_binary_spa: fusion DT+LR accuracy=0.6780
[2026-05-09 12:03:37] e5_seed44_translated_combined_binary_spa: fusion RF+SVM accuracy=0.6610
[2026-05-09 12:03:37] e5_seed44_translated_combined_binary_spa: fusion RF+LR accuracy=0.6949
[2026-05-09 12:03:37] e5_seed44_translated_combined_binary_spa: fusion SVM+LR accuracy=0.7119
[2026-05-09 12:03:37] e5_seed44_translated_combined_binary_spa: fusion DT+RF+SVM accuracy=0.6271
[2026-05-09 12:03:37] e5_seed44_translated_combined_binary_spa: fusion DT+RF+LR accuracy=0.6610
[2026-05-09 12:03:37] e5_seed44_translated_combined_binary_spa: fusion DT+SVM+LR accuracy=0.6271
[2026-05-09 12:03:37] e5_seed44_translated_combined_binary_spa: fusion RF+SVM+LR accuracy=0.6610
[2026-05-09 12:03:37] e5_seed44_translated_combined_binary_spa: fusion DT+RF+SVM+LR accuracy=0.6441
