[2026-05-08 22:54:51] e5_seed42_monolingual_binary_cha: method=e5 seed=42 training=mono translated=no task=binary test=cha train=351 test=88
[2026-05-08 22:54:51] Encoding 351 texts for seed42_mono_binary_no_cha_train.npy
[2026-05-08 22:55:09] Encoding 88 texts for seed42_mono_binary_no_cha_test.npy
[2026-05-08 22:55:11] e5_seed42_monolingual_binary_cha: fitting DT
[2026-05-08 22:55:13] e5_seed42_monolingual_binary_cha: DT accuracy=0.6818 params={'max_depth': 10}
[2026-05-08 22:55:13] e5_seed42_monolingual_binary_cha: fitting RF
[2026-05-08 22:55:23] e5_seed42_monolingual_binary_cha: RF accuracy=0.8409 params={'n_estimators': 200}
[2026-05-08 22:55:23] e5_seed42_monolingual_binary_cha: fitting SVM
[2026-05-08 22:55:25] e5_seed42_monolingual_binary_cha: SVM accuracy=0.8182 params={'C': 10, 'kernel': 'rbf'}
[2026-05-08 22:55:25] e5_seed42_monolingual_binary_cha: fitting LR
[2026-05-08 22:55:25] e5_seed42_monolingual_binary_cha: LR accuracy=0.7955 params={'C': 10}
[2026-05-08 22:55:25] e5_seed42_monolingual_binary_cha: fusion DT+RF accuracy=0.6818
[2026-05-08 22:55:25] e5_seed42_monolingual_binary_cha: fusion DT+SVM accuracy=0.6818
[2026-05-08 22:55:25] e5_seed42_monolingual_binary_cha: fusion DT+LR accuracy=0.6818
[2026-05-08 22:55:25] e5_seed42_monolingual_binary_cha: fusion RF+SVM accuracy=0.8182
[2026-05-08 22:55:25] e5_seed42_monolingual_binary_cha: fusion RF+LR accuracy=0.8068
[2026-05-08 22:55:25] e5_seed42_monolingual_binary_cha: fusion SVM+LR accuracy=0.8068
[2026-05-08 22:55:25] e5_seed42_monolingual_binary_cha: fusion DT+RF+SVM accuracy=0.8295
[2026-05-08 22:55:25] e5_seed42_monolingual_binary_cha: fusion DT+RF+LR accuracy=0.8295
[2026-05-08 22:55:25] e5_seed42_monolingual_binary_cha: fusion DT+SVM+LR accuracy=0.7955
[2026-05-08 22:55:25] e5_seed42_monolingual_binary_cha: fusion RF+SVM+LR accuracy=0.8182
[2026-05-08 22:55:25] e5_seed42_monolingual_binary_cha: fusion DT+RF+SVM+LR accuracy=0.8182
