[2026-05-09 04:32:21] e5_seed43_monolingual_binary_en: method=e5 seed=43 training=mono translated=no task=binary test=en train=2140 test=194
[2026-05-09 04:32:21] Encoding 2140 texts for seed43_mono_binary_no_en_train.npy
[2026-05-09 04:32:58] Encoding 194 texts for seed43_mono_binary_no_en_test.npy
[2026-05-09 04:33:02] e5_seed43_monolingual_binary_en: fitting DT
[2026-05-09 04:33:40] e5_seed43_monolingual_binary_en: DT accuracy=0.7577 params={'max_depth': 10}
[2026-05-09 04:33:40] e5_seed43_monolingual_binary_en: fitting RF
[2026-05-09 04:35:28] e5_seed43_monolingual_binary_en: RF accuracy=0.8144 params={'n_estimators': 200}
[2026-05-09 04:35:28] e5_seed43_monolingual_binary_en: fitting SVM
[2026-05-09 04:36:40] e5_seed43_monolingual_binary_en: SVM accuracy=0.7938 params={'C': 0.1, 'kernel': 'linear'}
[2026-05-09 04:36:40] e5_seed43_monolingual_binary_en: fitting LR
[2026-05-09 04:36:41] e5_seed43_monolingual_binary_en: LR accuracy=0.8454 params={'C': 10}
[2026-05-09 04:36:41] e5_seed43_monolingual_binary_en: fusion DT+RF accuracy=0.7629
[2026-05-09 04:36:41] e5_seed43_monolingual_binary_en: fusion DT+SVM accuracy=0.7629
[2026-05-09 04:36:41] e5_seed43_monolingual_binary_en: fusion DT+LR accuracy=0.7629
[2026-05-09 04:36:41] e5_seed43_monolingual_binary_en: fusion RF+SVM accuracy=0.8144
[2026-05-09 04:36:41] e5_seed43_monolingual_binary_en: fusion RF+LR accuracy=0.8454
[2026-05-09 04:36:41] e5_seed43_monolingual_binary_en: fusion SVM+LR accuracy=0.8402
[2026-05-09 04:36:41] e5_seed43_monolingual_binary_en: fusion DT+RF+SVM accuracy=0.8247
[2026-05-09 04:36:41] e5_seed43_monolingual_binary_en: fusion DT+RF+LR accuracy=0.8454
[2026-05-09 04:36:41] e5_seed43_monolingual_binary_en: fusion DT+SVM+LR accuracy=0.8351
[2026-05-09 04:36:41] e5_seed43_monolingual_binary_en: fusion RF+SVM+LR accuracy=0.8557
[2026-05-09 04:36:41] e5_seed43_monolingual_binary_en: fusion DT+RF+SVM+LR accuracy=0.8402
