[2026-05-08 22:55:26] e5_seed42_monolingual_binary_spa: method=e5 seed=42 training=mono translated=no task=binary test=spa train=233 test=59
[2026-05-08 22:55:26] Encoding 233 texts for seed42_mono_binary_no_spa_train.npy
[2026-05-08 22:55:29] Encoding 59 texts for seed42_mono_binary_no_spa_test.npy
[2026-05-08 22:55:31] e5_seed42_monolingual_binary_spa: fitting DT
[2026-05-08 22:55:33] e5_seed42_monolingual_binary_spa: DT accuracy=0.6610 params={'max_depth': 10}
[2026-05-08 22:55:33] e5_seed42_monolingual_binary_spa: fitting RF
[2026-05-08 22:55:39] e5_seed42_monolingual_binary_spa: RF accuracy=0.6949 params={'n_estimators': 200}
[2026-05-08 22:55:39] e5_seed42_monolingual_binary_spa: fitting SVM
[2026-05-08 22:55:40] e5_seed42_monolingual_binary_spa: SVM accuracy=0.6949 params={'C': 1, 'kernel': 'rbf'}
[2026-05-08 22:55:40] e5_seed42_monolingual_binary_spa: fitting LR
[2026-05-08 22:55:40] e5_seed42_monolingual_binary_spa: LR accuracy=0.6780 params={'C': 10}
[2026-05-08 22:55:40] e5_seed42_monolingual_binary_spa: fusion DT+RF accuracy=0.6610
[2026-05-08 22:55:40] e5_seed42_monolingual_binary_spa: fusion DT+SVM accuracy=0.6610
[2026-05-08 22:55:40] e5_seed42_monolingual_binary_spa: fusion DT+LR accuracy=0.6610
[2026-05-08 22:55:40] e5_seed42_monolingual_binary_spa: fusion RF+SVM accuracy=0.6949
[2026-05-08 22:55:40] e5_seed42_monolingual_binary_spa: fusion RF+LR accuracy=0.6949
[2026-05-08 22:55:40] e5_seed42_monolingual_binary_spa: fusion SVM+LR accuracy=0.6949
[2026-05-08 22:55:40] e5_seed42_monolingual_binary_spa: fusion DT+RF+SVM accuracy=0.6780
[2026-05-08 22:55:40] e5_seed42_monolingual_binary_spa: fusion DT+RF+LR accuracy=0.6780
[2026-05-08 22:55:40] e5_seed42_monolingual_binary_spa: fusion DT+SVM+LR accuracy=0.6949
[2026-05-08 22:55:40] e5_seed42_monolingual_binary_spa: fusion RF+SVM+LR accuracy=0.6949
[2026-05-08 22:55:40] e5_seed42_monolingual_binary_spa: fusion DT+RF+SVM+LR accuracy=0.6780
