[2026-05-08 22:18:00] e5_seed42_monolingual_binary_gr: method=e5 seed=42 training=mono translated=no task=binary test=gr train=172 test=43
[2026-05-08 22:18:00] Encoding 172 texts for seed42_mono_binary_no_gr_train.npy
[2026-05-08 22:53:38] e5_seed42_monolingual_binary_gr: method=e5 seed=42 training=mono translated=no task=binary test=gr train=172 test=43
[2026-05-08 22:53:38] Encoding 172 texts for seed42_mono_binary_no_gr_train.npy
[2026-05-08 22:53:55] Encoding 43 texts for seed42_mono_binary_no_gr_test.npy
[2026-05-08 22:53:56] e5_seed42_monolingual_binary_gr: fitting DT
[2026-05-08 22:54:44] e5_seed42_monolingual_binary_gr: method=e5 seed=42 training=mono translated=no task=binary test=gr train=172 test=43
[2026-05-08 22:54:44] Loading cached embeddings: seed42_mono_binary_no_gr_train.npy
[2026-05-08 22:54:44] Loading cached embeddings: seed42_mono_binary_no_gr_test.npy
[2026-05-08 22:54:44] e5_seed42_monolingual_binary_gr: fitting DT
[2026-05-08 22:54:45] e5_seed42_monolingual_binary_gr: DT accuracy=0.5349 params={'max_depth': 10}
[2026-05-08 22:54:45] e5_seed42_monolingual_binary_gr: fitting RF
[2026-05-08 22:54:50] e5_seed42_monolingual_binary_gr: RF accuracy=0.7442 params={'n_estimators': 200}
[2026-05-08 22:54:50] e5_seed42_monolingual_binary_gr: fitting SVM
[2026-05-08 22:54:50] e5_seed42_monolingual_binary_gr: SVM accuracy=0.6512 params={'C': 10, 'kernel': 'linear'}
[2026-05-08 22:54:50] e5_seed42_monolingual_binary_gr: fitting LR
[2026-05-08 22:54:51] e5_seed42_monolingual_binary_gr: LR accuracy=0.6977 params={'C': 10}
[2026-05-08 22:54:51] e5_seed42_monolingual_binary_gr: fusion DT+RF accuracy=0.5349
[2026-05-08 22:54:51] e5_seed42_monolingual_binary_gr: fusion DT+SVM accuracy=0.5349
[2026-05-08 22:54:51] e5_seed42_monolingual_binary_gr: fusion DT+LR accuracy=0.5349
[2026-05-08 22:54:51] e5_seed42_monolingual_binary_gr: fusion RF+SVM accuracy=0.7209
[2026-05-08 22:54:51] e5_seed42_monolingual_binary_gr: fusion RF+LR accuracy=0.7209
[2026-05-08 22:54:51] e5_seed42_monolingual_binary_gr: fusion SVM+LR accuracy=0.6977
[2026-05-08 22:54:51] e5_seed42_monolingual_binary_gr: fusion DT+RF+SVM accuracy=0.7209
[2026-05-08 22:54:51] e5_seed42_monolingual_binary_gr: fusion DT+RF+LR accuracy=0.7442
[2026-05-08 22:54:51] e5_seed42_monolingual_binary_gr: fusion DT+SVM+LR accuracy=0.6977
[2026-05-08 22:54:51] e5_seed42_monolingual_binary_gr: fusion RF+SVM+LR accuracy=0.7209
[2026-05-08 22:54:51] e5_seed42_monolingual_binary_gr: fusion DT+RF+SVM+LR accuracy=0.7209
