[2026-05-09 15:55:44] e5_seed45_monolingual_multiclass_gr: method=e5 seed=45 training=mono translated=no task=multiclass test=gr train=211 test=53
[2026-05-09 15:55:44] Encoding 211 texts for seed45_mono_multiclass_no_gr_train.npy
[2026-05-09 15:55:46] Encoding 53 texts for seed45_mono_multiclass_no_gr_test.npy
[2026-05-09 15:55:47] e5_seed45_monolingual_multiclass_gr: fitting DT
[2026-05-09 15:55:48] e5_seed45_monolingual_multiclass_gr: DT accuracy=0.3962 params={'max_depth': 10}
[2026-05-09 15:55:48] e5_seed45_monolingual_multiclass_gr: fitting RF
[2026-05-09 15:55:54] e5_seed45_monolingual_multiclass_gr: RF accuracy=0.5283 params={'n_estimators': 200}
[2026-05-09 15:55:54] e5_seed45_monolingual_multiclass_gr: fitting SVM
[2026-05-09 15:55:55] e5_seed45_monolingual_multiclass_gr: SVM accuracy=0.5660 params={'C': 10, 'kernel': 'linear'}
[2026-05-09 15:55:55] e5_seed45_monolingual_multiclass_gr: fitting LR
[2026-05-09 15:55:56] e5_seed45_monolingual_multiclass_gr: LR accuracy=0.5472 params={'C': 10}
[2026-05-09 15:55:56] e5_seed45_monolingual_multiclass_gr: fusion DT+RF accuracy=0.3962
[2026-05-09 15:55:56] e5_seed45_monolingual_multiclass_gr: fusion DT+SVM accuracy=0.3962
[2026-05-09 15:55:56] e5_seed45_monolingual_multiclass_gr: fusion DT+LR accuracy=0.3962
[2026-05-09 15:55:56] e5_seed45_monolingual_multiclass_gr: fusion RF+SVM accuracy=0.5660
[2026-05-09 15:55:56] e5_seed45_monolingual_multiclass_gr: fusion RF+LR accuracy=0.5849
[2026-05-09 15:55:56] e5_seed45_monolingual_multiclass_gr: fusion SVM+LR accuracy=0.5660
[2026-05-09 15:55:56] e5_seed45_monolingual_multiclass_gr: fusion DT+RF+SVM accuracy=0.5849
[2026-05-09 15:55:56] e5_seed45_monolingual_multiclass_gr: fusion DT+RF+LR accuracy=0.5472
[2026-05-09 15:55:56] e5_seed45_monolingual_multiclass_gr: fusion DT+SVM+LR accuracy=0.5660
[2026-05-09 15:55:56] e5_seed45_monolingual_multiclass_gr: fusion RF+SVM+LR accuracy=0.5283
[2026-05-09 15:55:56] e5_seed45_monolingual_multiclass_gr: fusion DT+RF+SVM+LR accuracy=0.6038
