[2026-05-09 17:05:51] e5_seed45_multilingual_combined_multiclass_spa: method=e5 seed=45 training=multi translated=no task=multiclass test=spa train=3573 test=76
[2026-05-09 17:05:51] Encoding 3573 texts for seed45_multi_multiclass_no_spa_train.npy
[2026-05-09 17:07:02] Encoding 76 texts for seed45_multi_multiclass_no_spa_test.npy
[2026-05-09 17:07:03] e5_seed45_multilingual_combined_multiclass_spa: fitting DT
[2026-05-09 17:08:04] e5_seed45_multilingual_combined_multiclass_spa: DT accuracy=0.5395 params={'max_depth': 10}
[2026-05-09 17:08:04] e5_seed45_multilingual_combined_multiclass_spa: fitting RF
[2026-05-09 17:10:54] e5_seed45_multilingual_combined_multiclass_spa: RF accuracy=0.6184 params={'n_estimators': 50}
[2026-05-09 17:10:54] e5_seed45_multilingual_combined_multiclass_spa: fitting SVM
[2026-05-09 17:17:15] e5_seed45_multilingual_combined_multiclass_spa: SVM accuracy=0.3026 params={'C': 1, 'kernel': 'linear'}
[2026-05-09 17:17:15] e5_seed45_multilingual_combined_multiclass_spa: fitting LR
[2026-05-09 17:17:19] e5_seed45_multilingual_combined_multiclass_spa: LR accuracy=0.6184 params={'C': 10}
[2026-05-09 17:17:19] e5_seed45_multilingual_combined_multiclass_spa: fusion DT+RF accuracy=0.5395
[2026-05-09 17:17:19] e5_seed45_multilingual_combined_multiclass_spa: fusion DT+SVM accuracy=0.5395
[2026-05-09 17:17:19] e5_seed45_multilingual_combined_multiclass_spa: fusion DT+LR accuracy=0.5526
[2026-05-09 17:17:19] e5_seed45_multilingual_combined_multiclass_spa: fusion RF+SVM accuracy=0.6053
[2026-05-09 17:17:19] e5_seed45_multilingual_combined_multiclass_spa: fusion RF+LR accuracy=0.6184
[2026-05-09 17:17:19] e5_seed45_multilingual_combined_multiclass_spa: fusion SVM+LR accuracy=0.6053
[2026-05-09 17:17:19] e5_seed45_multilingual_combined_multiclass_spa: fusion DT+RF+SVM accuracy=0.5526
[2026-05-09 17:17:19] e5_seed45_multilingual_combined_multiclass_spa: fusion DT+RF+LR accuracy=0.6184
[2026-05-09 17:17:19] e5_seed45_multilingual_combined_multiclass_spa: fusion DT+SVM+LR accuracy=0.5789
[2026-05-09 17:17:19] e5_seed45_multilingual_combined_multiclass_spa: fusion RF+SVM+LR accuracy=0.6316
[2026-05-09 17:17:19] e5_seed45_multilingual_combined_multiclass_spa: fusion DT+RF+SVM+LR accuracy=0.6184
