[2026-05-09 04:59:30] e5_seed43_multilingual_combined_binary_cha: method=e5 seed=43 training=multi translated=no task=binary test=cha train=2896 test=88
[2026-05-09 04:59:30] Encoding 2896 texts for seed43_multi_binary_no_cha_train.npy
[2026-05-09 05:00:23] Encoding 88 texts for seed43_multi_binary_no_cha_test.npy
[2026-05-09 05:00:25] e5_seed43_multilingual_combined_binary_cha: fitting DT
[2026-05-09 05:01:15] e5_seed43_multilingual_combined_binary_cha: DT accuracy=0.7045 params={'max_depth': 10}
[2026-05-09 05:01:15] e5_seed43_multilingual_combined_binary_cha: fitting RF
[2026-05-09 05:03:40] e5_seed43_multilingual_combined_binary_cha: RF accuracy=0.8068 params={'n_estimators': 200}
[2026-05-09 05:03:40] e5_seed43_multilingual_combined_binary_cha: fitting SVM
[2026-05-09 05:06:49] e5_seed43_multilingual_combined_binary_cha: SVM accuracy=0.8523 params={'C': 10, 'kernel': 'rbf'}
[2026-05-09 05:06:49] e5_seed43_multilingual_combined_binary_cha: fitting LR
[2026-05-09 05:06:49] e5_seed43_multilingual_combined_binary_cha: LR accuracy=0.6591 params={'C': 0.1}
[2026-05-09 05:06:49] e5_seed43_multilingual_combined_binary_cha: fusion DT+RF accuracy=0.7159
[2026-05-09 05:06:49] e5_seed43_multilingual_combined_binary_cha: fusion DT+SVM accuracy=0.7273
[2026-05-09 05:06:49] e5_seed43_multilingual_combined_binary_cha: fusion DT+LR accuracy=0.7045
[2026-05-09 05:06:49] e5_seed43_multilingual_combined_binary_cha: fusion RF+SVM accuracy=0.8409
[2026-05-09 05:06:49] e5_seed43_multilingual_combined_binary_cha: fusion RF+LR accuracy=0.6705
[2026-05-09 05:06:49] e5_seed43_multilingual_combined_binary_cha: fusion SVM+LR accuracy=0.8068
[2026-05-09 05:06:49] e5_seed43_multilingual_combined_binary_cha: fusion DT+RF+SVM accuracy=0.7955
[2026-05-09 05:06:49] e5_seed43_multilingual_combined_binary_cha: fusion DT+RF+LR accuracy=0.8068
[2026-05-09 05:06:49] e5_seed43_multilingual_combined_binary_cha: fusion DT+SVM+LR accuracy=0.7955
[2026-05-09 05:06:49] e5_seed43_multilingual_combined_binary_cha: fusion RF+SVM+LR accuracy=0.8068
[2026-05-09 05:06:49] e5_seed43_multilingual_combined_binary_cha: fusion DT+RF+SVM+LR accuracy=0.7955
