[2026-05-08 23:36:56] e5_seed42_multilingual_combined_multiclass_en: method=e5 seed=42 training=multi translated=no task=multiclass test=en train=3573 test=272
[2026-05-08 23:36:56] Encoding 3573 texts for seed42_multi_multiclass_no_en_train.npy
[2026-05-08 23:38:13] Encoding 272 texts for seed42_multi_multiclass_no_en_test.npy
[2026-05-08 23:38:20] e5_seed42_multilingual_combined_multiclass_en: fitting DT
[2026-05-08 23:39:22] e5_seed42_multilingual_combined_multiclass_en: DT accuracy=0.5257 params={'max_depth': 10}
[2026-05-08 23:39:22] e5_seed42_multilingual_combined_multiclass_en: fitting RF
[2026-05-08 23:42:19] e5_seed42_multilingual_combined_multiclass_en: RF accuracy=0.5882 params={'n_estimators': 50}
[2026-05-08 23:42:19] e5_seed42_multilingual_combined_multiclass_en: fitting SVM
[2026-05-08 23:50:15] e5_seed42_multilingual_combined_multiclass_en: SVM accuracy=0.5331 params={'C': 1, 'kernel': 'linear'}
[2026-05-08 23:50:15] e5_seed42_multilingual_combined_multiclass_en: fitting LR
[2026-05-08 23:50:19] e5_seed42_multilingual_combined_multiclass_en: LR accuracy=0.6360 params={'C': 10}
[2026-05-08 23:50:19] e5_seed42_multilingual_combined_multiclass_en: fusion DT+RF accuracy=0.5294
[2026-05-08 23:50:19] e5_seed42_multilingual_combined_multiclass_en: fusion DT+SVM accuracy=0.5441
[2026-05-08 23:50:19] e5_seed42_multilingual_combined_multiclass_en: fusion DT+LR accuracy=0.5515
[2026-05-08 23:50:19] e5_seed42_multilingual_combined_multiclass_en: fusion RF+SVM accuracy=0.6287
[2026-05-08 23:50:19] e5_seed42_multilingual_combined_multiclass_en: fusion RF+LR accuracy=0.6324
[2026-05-08 23:50:19] e5_seed42_multilingual_combined_multiclass_en: fusion SVM+LR accuracy=0.6360
[2026-05-08 23:50:19] e5_seed42_multilingual_combined_multiclass_en: fusion DT+RF+SVM accuracy=0.5956
[2026-05-08 23:50:19] e5_seed42_multilingual_combined_multiclass_en: fusion DT+RF+LR accuracy=0.6213
[2026-05-08 23:50:19] e5_seed42_multilingual_combined_multiclass_en: fusion DT+SVM+LR accuracy=0.6103
[2026-05-08 23:50:19] e5_seed42_multilingual_combined_multiclass_en: fusion RF+SVM+LR accuracy=0.6544
[2026-05-08 23:50:19] e5_seed42_multilingual_combined_multiclass_en: fusion DT+RF+SVM+LR accuracy=0.6250
