[2026-05-09 16:28:52] e5_seed45_multilingual_combined_multiclass_en: method=e5 seed=45 training=multi translated=no task=multiclass test=en train=3573 test=272
[2026-05-09 16:28:52] Encoding 3573 texts for seed45_multi_multiclass_no_en_train.npy
[2026-05-09 16:30:06] Encoding 272 texts for seed45_multi_multiclass_no_en_test.npy
[2026-05-09 16:30:13] e5_seed45_multilingual_combined_multiclass_en: fitting DT
[2026-05-09 16:31:15] e5_seed45_multilingual_combined_multiclass_en: DT accuracy=0.5331 params={'max_depth': 10}
[2026-05-09 16:31:15] e5_seed45_multilingual_combined_multiclass_en: fitting RF
[2026-05-09 16:34:06] e5_seed45_multilingual_combined_multiclass_en: RF accuracy=0.6066 params={'n_estimators': 50}
[2026-05-09 16:34:06] e5_seed45_multilingual_combined_multiclass_en: fitting SVM
[2026-05-09 16:41:51] e5_seed45_multilingual_combined_multiclass_en: SVM accuracy=0.5625 params={'C': 1, 'kernel': 'linear'}
[2026-05-09 16:41:51] e5_seed45_multilingual_combined_multiclass_en: fitting LR
[2026-05-09 16:41:56] e5_seed45_multilingual_combined_multiclass_en: LR accuracy=0.6507 params={'C': 10}
[2026-05-09 16:41:56] e5_seed45_multilingual_combined_multiclass_en: fusion DT+RF accuracy=0.5515
[2026-05-09 16:41:56] e5_seed45_multilingual_combined_multiclass_en: fusion DT+SVM accuracy=0.5441
[2026-05-09 16:41:56] e5_seed45_multilingual_combined_multiclass_en: fusion DT+LR accuracy=0.5551
[2026-05-09 16:41:56] e5_seed45_multilingual_combined_multiclass_en: fusion RF+SVM accuracy=0.6324
[2026-05-09 16:41:56] e5_seed45_multilingual_combined_multiclass_en: fusion RF+LR accuracy=0.6618
[2026-05-09 16:41:56] e5_seed45_multilingual_combined_multiclass_en: fusion SVM+LR accuracy=0.6581
[2026-05-09 16:41:56] e5_seed45_multilingual_combined_multiclass_en: fusion DT+RF+SVM accuracy=0.6066
[2026-05-09 16:41:56] e5_seed45_multilingual_combined_multiclass_en: fusion DT+RF+LR accuracy=0.6471
[2026-05-09 16:41:56] e5_seed45_multilingual_combined_multiclass_en: fusion DT+SVM+LR accuracy=0.6287
[2026-05-09 16:41:56] e5_seed45_multilingual_combined_multiclass_en: fusion RF+SVM+LR accuracy=0.6434
[2026-05-09 16:41:56] e5_seed45_multilingual_combined_multiclass_en: fusion DT+RF+SVM+LR accuracy=0.6691
