[2026-05-09 00:14:26] e5_seed42_multilingual_combined_multiclass_spa: method=e5 seed=42 training=multi translated=no task=multiclass test=spa train=3573 test=76
[2026-05-09 00:14:26] Encoding 3573 texts for seed42_multi_multiclass_no_spa_train.npy
[2026-05-09 00:15:43] Encoding 76 texts for seed42_multi_multiclass_no_spa_test.npy
[2026-05-09 00:15:45] e5_seed42_multilingual_combined_multiclass_spa: fitting DT
[2026-05-09 00:16:47] e5_seed42_multilingual_combined_multiclass_spa: DT accuracy=0.4079 params={'max_depth': 10}
[2026-05-09 00:16:47] e5_seed42_multilingual_combined_multiclass_spa: fitting RF
[2026-05-09 00:19:37] e5_seed42_multilingual_combined_multiclass_spa: RF accuracy=0.5132 params={'n_estimators': 50}
[2026-05-09 00:19:37] e5_seed42_multilingual_combined_multiclass_spa: fitting SVM
[2026-05-09 00:25:53] e5_seed42_multilingual_combined_multiclass_spa: SVM accuracy=0.2500 params={'C': 1, 'kernel': 'linear'}
[2026-05-09 00:25:53] e5_seed42_multilingual_combined_multiclass_spa: fitting LR
[2026-05-09 00:25:57] e5_seed42_multilingual_combined_multiclass_spa: LR accuracy=0.5526 params={'C': 10}
[2026-05-09 00:25:57] e5_seed42_multilingual_combined_multiclass_spa: fusion DT+RF accuracy=0.4211
[2026-05-09 00:25:57] e5_seed42_multilingual_combined_multiclass_spa: fusion DT+SVM accuracy=0.4079
[2026-05-09 00:25:57] e5_seed42_multilingual_combined_multiclass_spa: fusion DT+LR accuracy=0.4211
[2026-05-09 00:25:57] e5_seed42_multilingual_combined_multiclass_spa: fusion RF+SVM accuracy=0.5000
[2026-05-09 00:25:57] e5_seed42_multilingual_combined_multiclass_spa: fusion RF+LR accuracy=0.5395
[2026-05-09 00:25:57] e5_seed42_multilingual_combined_multiclass_spa: fusion SVM+LR accuracy=0.5526
[2026-05-09 00:25:57] e5_seed42_multilingual_combined_multiclass_spa: fusion DT+RF+SVM accuracy=0.4211
[2026-05-09 00:25:57] e5_seed42_multilingual_combined_multiclass_spa: fusion DT+RF+LR accuracy=0.5263
[2026-05-09 00:25:57] e5_seed42_multilingual_combined_multiclass_spa: fusion DT+SVM+LR accuracy=0.4737
[2026-05-09 00:25:57] e5_seed42_multilingual_combined_multiclass_spa: fusion RF+SVM+LR accuracy=0.5132
[2026-05-09 00:25:57] e5_seed42_multilingual_combined_multiclass_spa: fusion DT+RF+SVM+LR accuracy=0.5526
