[2026-05-09 05:06:50] e5_seed43_multilingual_combined_binary_spa: method=e5 seed=43 training=multi translated=no task=binary test=spa train=2896 test=59
[2026-05-09 05:06:50] Encoding 2896 texts for seed43_multi_binary_no_spa_train.npy
[2026-05-09 05:07:43] Encoding 59 texts for seed43_multi_binary_no_spa_test.npy
[2026-05-09 05:07:44] e5_seed43_multilingual_combined_binary_spa: fitting DT
[2026-05-09 05:08:34] e5_seed43_multilingual_combined_binary_spa: DT accuracy=0.6271 params={'max_depth': 10}
[2026-05-09 05:08:34] e5_seed43_multilingual_combined_binary_spa: fitting RF
[2026-05-09 05:11:00] e5_seed43_multilingual_combined_binary_spa: RF accuracy=0.7797 params={'n_estimators': 200}
[2026-05-09 05:11:00] e5_seed43_multilingual_combined_binary_spa: fitting SVM
[2026-05-09 05:14:06] e5_seed43_multilingual_combined_binary_spa: SVM accuracy=0.7458 params={'C': 10, 'kernel': 'rbf'}
[2026-05-09 05:14:06] e5_seed43_multilingual_combined_binary_spa: fitting LR
[2026-05-09 05:14:07] e5_seed43_multilingual_combined_binary_spa: LR accuracy=0.6610 params={'C': 0.1}
[2026-05-09 05:14:07] e5_seed43_multilingual_combined_binary_spa: fusion DT+RF accuracy=0.6271
[2026-05-09 05:14:07] e5_seed43_multilingual_combined_binary_spa: fusion DT+SVM accuracy=0.6780
[2026-05-09 05:14:07] e5_seed43_multilingual_combined_binary_spa: fusion DT+LR accuracy=0.6271
[2026-05-09 05:14:07] e5_seed43_multilingual_combined_binary_spa: fusion RF+SVM accuracy=0.7797
[2026-05-09 05:14:07] e5_seed43_multilingual_combined_binary_spa: fusion RF+LR accuracy=0.7458
[2026-05-09 05:14:07] e5_seed43_multilingual_combined_binary_spa: fusion SVM+LR accuracy=0.7966
[2026-05-09 05:14:07] e5_seed43_multilingual_combined_binary_spa: fusion DT+RF+SVM accuracy=0.7627
[2026-05-09 05:14:07] e5_seed43_multilingual_combined_binary_spa: fusion DT+RF+LR accuracy=0.7288
[2026-05-09 05:14:07] e5_seed43_multilingual_combined_binary_spa: fusion DT+SVM+LR accuracy=0.7119
[2026-05-09 05:14:07] e5_seed43_multilingual_combined_binary_spa: fusion RF+SVM+LR accuracy=0.7797
[2026-05-09 05:14:07] e5_seed43_multilingual_combined_binary_spa: fusion DT+RF+SVM+LR accuracy=0.7288
