[2026-05-09 05:25:27] e5_seed43_multilingual_combined_multiclass_gr: method=e5 seed=43 training=multi translated=no task=multiclass test=gr train=3573 test=53
[2026-05-09 05:25:27] Encoding 3573 texts for seed43_multi_multiclass_no_gr_train.npy
[2026-05-09 05:26:38] Encoding 53 texts for seed43_multi_multiclass_no_gr_test.npy
[2026-05-09 05:26:39] e5_seed43_multilingual_combined_multiclass_gr: fitting DT
[2026-05-09 05:27:39] e5_seed43_multilingual_combined_multiclass_gr: DT accuracy=0.4340 params={'max_depth': 20}
[2026-05-09 05:27:39] e5_seed43_multilingual_combined_multiclass_gr: fitting RF
[2026-05-09 05:30:26] e5_seed43_multilingual_combined_multiclass_gr: RF accuracy=0.5283 params={'n_estimators': 50}
[2026-05-09 05:30:26] e5_seed43_multilingual_combined_multiclass_gr: fitting SVM
[2026-05-09 05:36:29] e5_seed43_multilingual_combined_multiclass_gr: SVM accuracy=0.5660 params={'C': 1, 'kernel': 'linear'}
[2026-05-09 05:36:29] e5_seed43_multilingual_combined_multiclass_gr: fitting LR
[2026-05-09 05:36:33] e5_seed43_multilingual_combined_multiclass_gr: LR accuracy=0.6038 params={'C': 10}
[2026-05-09 05:36:33] e5_seed43_multilingual_combined_multiclass_gr: fusion DT+RF accuracy=0.4340
[2026-05-09 05:36:33] e5_seed43_multilingual_combined_multiclass_gr: fusion DT+SVM accuracy=0.4340
[2026-05-09 05:36:33] e5_seed43_multilingual_combined_multiclass_gr: fusion DT+LR accuracy=0.4340
[2026-05-09 05:36:33] e5_seed43_multilingual_combined_multiclass_gr: fusion RF+SVM accuracy=0.5660
[2026-05-09 05:36:33] e5_seed43_multilingual_combined_multiclass_gr: fusion RF+LR accuracy=0.6415
[2026-05-09 05:36:33] e5_seed43_multilingual_combined_multiclass_gr: fusion SVM+LR accuracy=0.6226
[2026-05-09 05:36:33] e5_seed43_multilingual_combined_multiclass_gr: fusion DT+RF+SVM accuracy=0.5283
[2026-05-09 05:36:33] e5_seed43_multilingual_combined_multiclass_gr: fusion DT+RF+LR accuracy=0.5094
[2026-05-09 05:36:33] e5_seed43_multilingual_combined_multiclass_gr: fusion DT+SVM+LR accuracy=0.5849
[2026-05-09 05:36:33] e5_seed43_multilingual_combined_multiclass_gr: fusion RF+SVM+LR accuracy=0.6226
[2026-05-09 05:36:33] e5_seed43_multilingual_combined_multiclass_gr: fusion DT+RF+SVM+LR accuracy=0.5660
