[2026-05-09 10:13:11] e5_seed44_monolingual_multiclass_en: method=e5 seed=44 training=mono translated=no task=multiclass test=en train=2449 test=272
[2026-05-09 10:13:11] Encoding 2449 texts for seed44_mono_multiclass_no_en_train.npy
[2026-05-09 10:13:57] Encoding 272 texts for seed44_mono_multiclass_no_en_test.npy
[2026-05-09 10:14:03] e5_seed44_monolingual_multiclass_en: fitting DT
[2026-05-09 10:14:49] e5_seed44_monolingual_multiclass_en: DT accuracy=0.5404 params={'max_depth': 10}
[2026-05-09 10:14:49] e5_seed44_monolingual_multiclass_en: fitting RF
[2026-05-09 10:17:13] e5_seed44_monolingual_multiclass_en: RF accuracy=0.6103 params={'n_estimators': 200}
[2026-05-09 10:17:13] e5_seed44_monolingual_multiclass_en: fitting SVM
[2026-05-09 10:19:47] e5_seed44_monolingual_multiclass_en: SVM accuracy=0.5037 params={'C': 0.1, 'kernel': 'rbf'}
[2026-05-09 10:19:47] e5_seed44_monolingual_multiclass_en: fitting LR
[2026-05-09 10:19:49] e5_seed44_monolingual_multiclass_en: LR accuracy=0.6324 params={'C': 10}
[2026-05-09 10:19:49] e5_seed44_monolingual_multiclass_en: fusion DT+RF accuracy=0.5368
[2026-05-09 10:19:49] e5_seed44_monolingual_multiclass_en: fusion DT+SVM accuracy=0.5441
[2026-05-09 10:19:49] e5_seed44_monolingual_multiclass_en: fusion DT+LR accuracy=0.5441
[2026-05-09 10:19:49] e5_seed44_monolingual_multiclass_en: fusion RF+SVM accuracy=0.5735
[2026-05-09 10:19:49] e5_seed44_monolingual_multiclass_en: fusion RF+LR accuracy=0.6507
[2026-05-09 10:19:49] e5_seed44_monolingual_multiclass_en: fusion SVM+LR accuracy=0.6213
[2026-05-09 10:19:49] e5_seed44_monolingual_multiclass_en: fusion DT+RF+SVM accuracy=0.6066
[2026-05-09 10:19:49] e5_seed44_monolingual_multiclass_en: fusion DT+RF+LR accuracy=0.6140
[2026-05-09 10:19:49] e5_seed44_monolingual_multiclass_en: fusion DT+SVM+LR accuracy=0.5993
[2026-05-09 10:19:49] e5_seed44_monolingual_multiclass_en: fusion RF+SVM+LR accuracy=0.6250
[2026-05-09 10:19:49] e5_seed44_monolingual_multiclass_en: fusion DT+RF+SVM+LR accuracy=0.6250
