[2026-05-09 06:21:31] e5_seed43_translated_combined_binary_spa: method=e5 seed=43 training=multi translated=yes task=binary test=spa train=2896 test=59
[2026-05-09 06:21:31] Encoding 2896 texts for seed43_multi_binary_yes_spa_train.npy
[2026-05-09 06:22:20] Encoding 59 texts for seed43_multi_binary_yes_spa_test.npy
[2026-05-09 06:22:21] e5_seed43_translated_combined_binary_spa: fitting DT
[2026-05-09 06:23:12] e5_seed43_translated_combined_binary_spa: DT accuracy=0.6610 params={'max_depth': 10}
[2026-05-09 06:23:12] e5_seed43_translated_combined_binary_spa: fitting RF
[2026-05-09 06:25:35] e5_seed43_translated_combined_binary_spa: RF accuracy=0.7627 params={'n_estimators': 200}
[2026-05-09 06:25:35] e5_seed43_translated_combined_binary_spa: fitting SVM
[2026-05-09 06:28:54] e5_seed43_translated_combined_binary_spa: SVM accuracy=0.7797 params={'C': 10, 'kernel': 'rbf'}
[2026-05-09 06:28:54] e5_seed43_translated_combined_binary_spa: fitting LR
[2026-05-09 06:28:55] e5_seed43_translated_combined_binary_spa: LR accuracy=0.6610 params={'C': 0.1}
[2026-05-09 06:28:55] e5_seed43_translated_combined_binary_spa: fusion DT+RF accuracy=0.6610
[2026-05-09 06:28:55] e5_seed43_translated_combined_binary_spa: fusion DT+SVM accuracy=0.6780
[2026-05-09 06:28:55] e5_seed43_translated_combined_binary_spa: fusion DT+LR accuracy=0.6610
[2026-05-09 06:28:55] e5_seed43_translated_combined_binary_spa: fusion RF+SVM accuracy=0.7797
[2026-05-09 06:28:55] e5_seed43_translated_combined_binary_spa: fusion RF+LR accuracy=0.7458
[2026-05-09 06:28:55] e5_seed43_translated_combined_binary_spa: fusion SVM+LR accuracy=0.7458
[2026-05-09 06:28:55] e5_seed43_translated_combined_binary_spa: fusion DT+RF+SVM accuracy=0.7458
[2026-05-09 06:28:55] e5_seed43_translated_combined_binary_spa: fusion DT+RF+LR accuracy=0.7119
[2026-05-09 06:28:55] e5_seed43_translated_combined_binary_spa: fusion DT+SVM+LR accuracy=0.7458
[2026-05-09 06:28:55] e5_seed43_translated_combined_binary_spa: fusion RF+SVM+LR accuracy=0.7797
[2026-05-09 06:28:55] e5_seed43_translated_combined_binary_spa: fusion DT+RF+SVM+LR accuracy=0.7288
