[2026-05-09 04:43:21] e5_seed43_monolingual_multiclass_gr: method=e5 seed=43 training=mono translated=no task=multiclass test=gr train=211 test=53
[2026-05-09 04:43:21] Encoding 211 texts for seed43_mono_multiclass_no_gr_train.npy
[2026-05-09 04:43:23] Encoding 53 texts for seed43_mono_multiclass_no_gr_test.npy
[2026-05-09 04:43:24] e5_seed43_monolingual_multiclass_gr: fitting DT
[2026-05-09 04:43:25] e5_seed43_monolingual_multiclass_gr: DT accuracy=0.4528 params={'max_depth': 10}
[2026-05-09 04:43:25] e5_seed43_monolingual_multiclass_gr: fitting RF
[2026-05-09 04:43:31] e5_seed43_monolingual_multiclass_gr: RF accuracy=0.6038 params={'n_estimators': 200}
[2026-05-09 04:43:31] e5_seed43_monolingual_multiclass_gr: fitting SVM
[2026-05-09 04:43:32] e5_seed43_monolingual_multiclass_gr: SVM accuracy=0.6792 params={'C': 10, 'kernel': 'rbf'}
[2026-05-09 04:43:32] e5_seed43_monolingual_multiclass_gr: fitting LR
[2026-05-09 04:43:32] e5_seed43_monolingual_multiclass_gr: LR accuracy=0.6038 params={'C': 10}
[2026-05-09 04:43:32] e5_seed43_monolingual_multiclass_gr: fusion DT+RF accuracy=0.4528
[2026-05-09 04:43:32] e5_seed43_monolingual_multiclass_gr: fusion DT+SVM accuracy=0.4528
[2026-05-09 04:43:32] e5_seed43_monolingual_multiclass_gr: fusion DT+LR accuracy=0.4528
[2026-05-09 04:43:32] e5_seed43_monolingual_multiclass_gr: fusion RF+SVM accuracy=0.6604
[2026-05-09 04:43:32] e5_seed43_monolingual_multiclass_gr: fusion RF+LR accuracy=0.6038
[2026-05-09 04:43:32] e5_seed43_monolingual_multiclass_gr: fusion SVM+LR accuracy=0.6792
[2026-05-09 04:43:32] e5_seed43_monolingual_multiclass_gr: fusion DT+RF+SVM accuracy=0.6038
[2026-05-09 04:43:32] e5_seed43_monolingual_multiclass_gr: fusion DT+RF+LR accuracy=0.5849
[2026-05-09 04:43:32] e5_seed43_monolingual_multiclass_gr: fusion DT+SVM+LR accuracy=0.6226
[2026-05-09 04:43:32] e5_seed43_monolingual_multiclass_gr: fusion RF+SVM+LR accuracy=0.6226
[2026-05-09 04:43:32] e5_seed43_monolingual_multiclass_gr: fusion DT+RF+SVM+LR accuracy=0.6226
