[2026-05-09 16:05:02] e5_seed45_multilingual_combined_binary_gr: method=e5 seed=45 training=multi translated=no task=binary test=gr train=2896 test=43
[2026-05-09 16:05:02] Encoding 2896 texts for seed45_multi_binary_no_gr_train.npy
[2026-05-09 16:05:57] Encoding 43 texts for seed45_multi_binary_no_gr_test.npy
[2026-05-09 16:05:58] e5_seed45_multilingual_combined_binary_gr: fitting DT
[2026-05-09 16:06:52] e5_seed45_multilingual_combined_binary_gr: DT accuracy=0.5814 params={'max_depth': 10}
[2026-05-09 16:06:52] e5_seed45_multilingual_combined_binary_gr: fitting RF
[2026-05-09 16:09:21] e5_seed45_multilingual_combined_binary_gr: RF accuracy=0.6279 params={'n_estimators': 200}
[2026-05-09 16:09:21] e5_seed45_multilingual_combined_binary_gr: fitting SVM
[2026-05-09 16:12:40] e5_seed45_multilingual_combined_binary_gr: SVM accuracy=0.6744 params={'C': 10, 'kernel': 'rbf'}
[2026-05-09 16:12:40] e5_seed45_multilingual_combined_binary_gr: fitting LR
[2026-05-09 16:12:41] e5_seed45_multilingual_combined_binary_gr: LR accuracy=0.3953 params={'C': 0.1}
[2026-05-09 16:12:41] e5_seed45_multilingual_combined_binary_gr: fusion DT+RF accuracy=0.5814
[2026-05-09 16:12:41] e5_seed45_multilingual_combined_binary_gr: fusion DT+SVM accuracy=0.6047
[2026-05-09 16:12:41] e5_seed45_multilingual_combined_binary_gr: fusion DT+LR accuracy=0.5581
[2026-05-09 16:12:41] e5_seed45_multilingual_combined_binary_gr: fusion RF+SVM accuracy=0.6977
[2026-05-09 16:12:41] e5_seed45_multilingual_combined_binary_gr: fusion RF+LR accuracy=0.5814
[2026-05-09 16:12:41] e5_seed45_multilingual_combined_binary_gr: fusion SVM+LR accuracy=0.6512
[2026-05-09 16:12:41] e5_seed45_multilingual_combined_binary_gr: fusion DT+RF+SVM accuracy=0.6977
[2026-05-09 16:12:41] e5_seed45_multilingual_combined_binary_gr: fusion DT+RF+LR accuracy=0.5581
[2026-05-09 16:12:41] e5_seed45_multilingual_combined_binary_gr: fusion DT+SVM+LR accuracy=0.5814
[2026-05-09 16:12:41] e5_seed45_multilingual_combined_binary_gr: fusion RF+SVM+LR accuracy=0.6279
[2026-05-09 16:12:41] e5_seed45_multilingual_combined_binary_gr: fusion DT+RF+SVM+LR accuracy=0.6279
