[2026-05-09 04:52:10] e5_seed43_multilingual_combined_binary_gr: method=e5 seed=43 training=multi translated=no task=binary test=gr train=2896 test=43
[2026-05-09 04:52:10] Encoding 2896 texts for seed43_multi_binary_no_gr_train.npy
[2026-05-09 04:53:03] Encoding 43 texts for seed43_multi_binary_no_gr_test.npy
[2026-05-09 04:53:03] e5_seed43_multilingual_combined_binary_gr: fitting DT
[2026-05-09 04:53:53] e5_seed43_multilingual_combined_binary_gr: DT accuracy=0.6512 params={'max_depth': 10}
[2026-05-09 04:53:53] e5_seed43_multilingual_combined_binary_gr: fitting RF
[2026-05-09 04:56:19] e5_seed43_multilingual_combined_binary_gr: RF accuracy=0.6279 params={'n_estimators': 200}
[2026-05-09 04:56:19] e5_seed43_multilingual_combined_binary_gr: fitting SVM
[2026-05-09 04:59:29] e5_seed43_multilingual_combined_binary_gr: SVM accuracy=0.7442 params={'C': 10, 'kernel': 'rbf'}
[2026-05-09 04:59:29] e5_seed43_multilingual_combined_binary_gr: fitting LR
[2026-05-09 04:59:30] e5_seed43_multilingual_combined_binary_gr: LR accuracy=0.3953 params={'C': 0.1}
[2026-05-09 04:59:30] e5_seed43_multilingual_combined_binary_gr: fusion DT+RF accuracy=0.6512
[2026-05-09 04:59:30] e5_seed43_multilingual_combined_binary_gr: fusion DT+SVM accuracy=0.6512
[2026-05-09 04:59:30] e5_seed43_multilingual_combined_binary_gr: fusion DT+LR accuracy=0.6512
[2026-05-09 04:59:30] e5_seed43_multilingual_combined_binary_gr: fusion RF+SVM accuracy=0.7442
[2026-05-09 04:59:30] e5_seed43_multilingual_combined_binary_gr: fusion RF+LR accuracy=0.6744
[2026-05-09 04:59:30] e5_seed43_multilingual_combined_binary_gr: fusion SVM+LR accuracy=0.6744
[2026-05-09 04:59:30] e5_seed43_multilingual_combined_binary_gr: fusion DT+RF+SVM accuracy=0.6977
[2026-05-09 04:59:30] e5_seed43_multilingual_combined_binary_gr: fusion DT+RF+LR accuracy=0.6512
[2026-05-09 04:59:30] e5_seed43_multilingual_combined_binary_gr: fusion DT+SVM+LR accuracy=0.6977
[2026-05-09 04:59:30] e5_seed43_multilingual_combined_binary_gr: fusion RF+SVM+LR accuracy=0.7442
[2026-05-09 04:59:30] e5_seed43_multilingual_combined_binary_gr: fusion DT+RF+SVM+LR accuracy=0.6512
