[2026-05-10 10:08:53] e5_seed46_multilingual_combined_binary_cha: method=e5 seed=46 training=multi translated=no task=binary test=cha train=2896 test=88
[2026-05-10 10:08:53] Encoding 2896 texts for seed46_multi_binary_no_cha_train.npy
[2026-05-10 10:09:45] Encoding 88 texts for seed46_multi_binary_no_cha_test.npy
[2026-05-10 10:09:47] e5_seed46_multilingual_combined_binary_cha: fitting DT
[2026-05-10 10:10:38] e5_seed46_multilingual_combined_binary_cha: DT accuracy=0.6364 params={'max_depth': 10}
[2026-05-10 10:10:38] e5_seed46_multilingual_combined_binary_cha: fitting RF
[2026-05-10 10:12:56] e5_seed46_multilingual_combined_binary_cha: RF accuracy=0.8295 params={'n_estimators': 100}
[2026-05-10 10:12:56] e5_seed46_multilingual_combined_binary_cha: fitting SVM
[2026-05-10 10:16:51] e5_seed46_multilingual_combined_binary_cha: SVM accuracy=0.8182 params={'C': 10, 'kernel': 'rbf'}
[2026-05-10 10:16:51] e5_seed46_multilingual_combined_binary_cha: fitting LR
[2026-05-10 10:16:52] e5_seed46_multilingual_combined_binary_cha: LR accuracy=0.6591 params={'C': 0.1}
[2026-05-10 10:16:52] e5_seed46_multilingual_combined_binary_cha: fusion DT+RF accuracy=0.6364
[2026-05-10 10:16:52] e5_seed46_multilingual_combined_binary_cha: fusion DT+SVM accuracy=0.6364
[2026-05-10 10:16:52] e5_seed46_multilingual_combined_binary_cha: fusion DT+LR accuracy=0.6364
[2026-05-10 10:16:52] e5_seed46_multilingual_combined_binary_cha: fusion RF+SVM accuracy=0.8182
[2026-05-10 10:16:52] e5_seed46_multilingual_combined_binary_cha: fusion RF+LR accuracy=0.7386
[2026-05-10 10:16:52] e5_seed46_multilingual_combined_binary_cha: fusion SVM+LR accuracy=0.7841
[2026-05-10 10:16:52] e5_seed46_multilingual_combined_binary_cha: fusion DT+RF+SVM accuracy=0.7955
[2026-05-10 10:16:52] e5_seed46_multilingual_combined_binary_cha: fusion DT+RF+LR accuracy=0.7614
[2026-05-10 10:16:52] e5_seed46_multilingual_combined_binary_cha: fusion DT+SVM+LR accuracy=0.7386
[2026-05-10 10:16:52] e5_seed46_multilingual_combined_binary_cha: fusion RF+SVM+LR accuracy=0.8182
[2026-05-10 10:16:52] e5_seed46_multilingual_combined_binary_cha: fusion DT+RF+SVM+LR accuracy=0.7500
