[2026-05-09 17:24:23] e5_seed45_translated_combined_binary_gr: method=e5 seed=45 training=multi translated=yes task=binary test=gr train=2896 test=43
[2026-05-09 17:24:23] Encoding 2896 texts for seed45_multi_binary_yes_gr_train.npy
[2026-05-09 17:25:14] Encoding 43 texts for seed45_multi_binary_yes_gr_test.npy
[2026-05-09 17:25:14] e5_seed45_translated_combined_binary_gr: fitting DT
[2026-05-09 17:26:03] e5_seed45_translated_combined_binary_gr: DT accuracy=0.4186 params={'max_depth': 10}
[2026-05-09 17:26:03] e5_seed45_translated_combined_binary_gr: fitting RF
[2026-05-09 17:28:15] e5_seed45_translated_combined_binary_gr: RF accuracy=0.4884 params={'n_estimators': 50}
[2026-05-09 17:28:15] e5_seed45_translated_combined_binary_gr: fitting SVM
[2026-05-09 17:31:23] e5_seed45_translated_combined_binary_gr: SVM accuracy=0.6279 params={'C': 10, 'kernel': 'linear'}
[2026-05-09 17:31:23] e5_seed45_translated_combined_binary_gr: fitting LR
[2026-05-09 17:31:23] e5_seed45_translated_combined_binary_gr: LR accuracy=0.3953 params={'C': 0.1}
[2026-05-09 17:31:23] e5_seed45_translated_combined_binary_gr: fusion DT+RF accuracy=0.4186
[2026-05-09 17:31:23] e5_seed45_translated_combined_binary_gr: fusion DT+SVM accuracy=0.4419
[2026-05-09 17:31:23] e5_seed45_translated_combined_binary_gr: fusion DT+LR accuracy=0.4186
[2026-05-09 17:31:23] e5_seed45_translated_combined_binary_gr: fusion RF+SVM accuracy=0.6047
[2026-05-09 17:31:23] e5_seed45_translated_combined_binary_gr: fusion RF+LR accuracy=0.5116
[2026-05-09 17:31:23] e5_seed45_translated_combined_binary_gr: fusion SVM+LR accuracy=0.4884
[2026-05-09 17:31:23] e5_seed45_translated_combined_binary_gr: fusion DT+RF+SVM accuracy=0.5116
[2026-05-09 17:31:23] e5_seed45_translated_combined_binary_gr: fusion DT+RF+LR accuracy=0.4186
[2026-05-09 17:31:23] e5_seed45_translated_combined_binary_gr: fusion DT+SVM+LR accuracy=0.4419
[2026-05-09 17:31:23] e5_seed45_translated_combined_binary_gr: fusion RF+SVM+LR accuracy=0.4884
[2026-05-09 17:31:23] e5_seed45_translated_combined_binary_gr: fusion DT+RF+SVM+LR accuracy=0.4419
