[2026-05-10 10:49:15] e5_seed46_multilingual_combined_multiclass_cha: method=e5 seed=46 training=multi translated=no task=multiclass test=cha train=3573 test=153
[2026-05-10 10:49:15] Encoding 3573 texts for seed46_multi_multiclass_no_cha_train.npy
[2026-05-10 10:50:27] Encoding 153 texts for seed46_multi_multiclass_no_cha_test.npy
[2026-05-10 10:50:29] e5_seed46_multilingual_combined_multiclass_cha: fitting DT
[2026-05-10 10:51:31] e5_seed46_multilingual_combined_multiclass_cha: DT accuracy=0.4575 params={'max_depth': 20}
[2026-05-10 10:51:31] e5_seed46_multilingual_combined_multiclass_cha: fitting RF
[2026-05-10 10:54:17] e5_seed46_multilingual_combined_multiclass_cha: RF accuracy=0.5425 params={'n_estimators': 50}
[2026-05-10 10:54:17] e5_seed46_multilingual_combined_multiclass_cha: fitting SVM
[2026-05-10 11:00:40] e5_seed46_multilingual_combined_multiclass_cha: SVM accuracy=0.4902 params={'C': 1, 'kernel': 'linear'}
[2026-05-10 11:00:40] e5_seed46_multilingual_combined_multiclass_cha: fitting LR
[2026-05-10 11:00:44] e5_seed46_multilingual_combined_multiclass_cha: LR accuracy=0.5686 params={'C': 10}
[2026-05-10 11:00:44] e5_seed46_multilingual_combined_multiclass_cha: fusion DT+RF accuracy=0.4575
[2026-05-10 11:00:44] e5_seed46_multilingual_combined_multiclass_cha: fusion DT+SVM accuracy=0.4575
[2026-05-10 11:00:44] e5_seed46_multilingual_combined_multiclass_cha: fusion DT+LR accuracy=0.4575
[2026-05-10 11:00:44] e5_seed46_multilingual_combined_multiclass_cha: fusion RF+SVM accuracy=0.5621
[2026-05-10 11:00:44] e5_seed46_multilingual_combined_multiclass_cha: fusion RF+LR accuracy=0.5752
[2026-05-10 11:00:44] e5_seed46_multilingual_combined_multiclass_cha: fusion SVM+LR accuracy=0.5882
[2026-05-10 11:00:44] e5_seed46_multilingual_combined_multiclass_cha: fusion DT+RF+SVM accuracy=0.5163
[2026-05-10 11:00:44] e5_seed46_multilingual_combined_multiclass_cha: fusion DT+RF+LR accuracy=0.5948
[2026-05-10 11:00:44] e5_seed46_multilingual_combined_multiclass_cha: fusion DT+SVM+LR accuracy=0.5425
[2026-05-10 11:00:44] e5_seed46_multilingual_combined_multiclass_cha: fusion RF+SVM+LR accuracy=0.5621
[2026-05-10 11:00:44] e5_seed46_multilingual_combined_multiclass_cha: fusion DT+RF+SVM+LR accuracy=0.5621
