[2026-05-09 18:10:27] e5_seed45_translated_combined_multiclass_cha: method=e5 seed=45 training=multi translated=yes task=multiclass test=cha train=3573 test=153
[2026-05-09 18:10:27] Encoding 3573 texts for seed45_multi_multiclass_yes_cha_train.npy
[2026-05-09 18:11:29] Encoding 153 texts for seed45_multi_multiclass_yes_cha_test.npy
[2026-05-09 18:11:31] e5_seed45_translated_combined_multiclass_cha: fitting DT
[2026-05-09 18:12:34] e5_seed45_translated_combined_multiclass_cha: DT accuracy=0.3987 params={'max_depth': 20}
[2026-05-09 18:12:34] e5_seed45_translated_combined_multiclass_cha: fitting RF
[2026-05-09 18:15:33] e5_seed45_translated_combined_multiclass_cha: RF accuracy=0.5621 params={'n_estimators': 100}
[2026-05-09 18:15:33] e5_seed45_translated_combined_multiclass_cha: fitting SVM
[2026-05-09 18:23:30] e5_seed45_translated_combined_multiclass_cha: SVM accuracy=0.5490 params={'C': 1, 'kernel': 'rbf'}
[2026-05-09 18:23:30] e5_seed45_translated_combined_multiclass_cha: fitting LR
[2026-05-09 18:23:35] e5_seed45_translated_combined_multiclass_cha: LR accuracy=0.6209 params={'C': 10}
[2026-05-09 18:23:35] e5_seed45_translated_combined_multiclass_cha: fusion DT+RF accuracy=0.3987
[2026-05-09 18:23:35] e5_seed45_translated_combined_multiclass_cha: fusion DT+SVM accuracy=0.3987
[2026-05-09 18:23:35] e5_seed45_translated_combined_multiclass_cha: fusion DT+LR accuracy=0.3987
[2026-05-09 18:23:35] e5_seed45_translated_combined_multiclass_cha: fusion RF+SVM accuracy=0.5817
[2026-05-09 18:23:35] e5_seed45_translated_combined_multiclass_cha: fusion RF+LR accuracy=0.6013
[2026-05-09 18:23:35] e5_seed45_translated_combined_multiclass_cha: fusion SVM+LR accuracy=0.6144
[2026-05-09 18:23:35] e5_seed45_translated_combined_multiclass_cha: fusion DT+RF+SVM accuracy=0.5425
[2026-05-09 18:23:35] e5_seed45_translated_combined_multiclass_cha: fusion DT+RF+LR accuracy=0.5752
[2026-05-09 18:23:35] e5_seed45_translated_combined_multiclass_cha: fusion DT+SVM+LR accuracy=0.5621
[2026-05-09 18:23:35] e5_seed45_translated_combined_multiclass_cha: fusion RF+SVM+LR accuracy=0.6078
[2026-05-09 18:23:35] e5_seed45_translated_combined_multiclass_cha: fusion DT+RF+SVM+LR accuracy=0.5686
