[2026-05-09 05:36:33] e5_seed43_multilingual_combined_multiclass_cha: method=e5 seed=43 training=multi translated=no task=multiclass test=cha train=3573 test=153
[2026-05-09 05:36:33] Encoding 3573 texts for seed43_multi_multiclass_no_cha_train.npy
[2026-05-09 05:37:44] Encoding 153 texts for seed43_multi_multiclass_no_cha_test.npy
[2026-05-09 05:37:46] e5_seed43_multilingual_combined_multiclass_cha: fitting DT
[2026-05-09 05:38:47] e5_seed43_multilingual_combined_multiclass_cha: DT accuracy=0.4118 params={'max_depth': 20}
[2026-05-09 05:38:47] e5_seed43_multilingual_combined_multiclass_cha: fitting RF
[2026-05-09 05:41:33] e5_seed43_multilingual_combined_multiclass_cha: RF accuracy=0.5033 params={'n_estimators': 50}
[2026-05-09 05:41:33] e5_seed43_multilingual_combined_multiclass_cha: fitting SVM
[2026-05-09 05:47:41] e5_seed43_multilingual_combined_multiclass_cha: SVM accuracy=0.4837 params={'C': 1, 'kernel': 'linear'}
[2026-05-09 05:47:41] e5_seed43_multilingual_combined_multiclass_cha: fitting LR
[2026-05-09 05:47:45] e5_seed43_multilingual_combined_multiclass_cha: LR accuracy=0.6078 params={'C': 10}
[2026-05-09 05:47:45] e5_seed43_multilingual_combined_multiclass_cha: fusion DT+RF accuracy=0.4118
[2026-05-09 05:47:45] e5_seed43_multilingual_combined_multiclass_cha: fusion DT+SVM accuracy=0.4118
[2026-05-09 05:47:45] e5_seed43_multilingual_combined_multiclass_cha: fusion DT+LR accuracy=0.4118
[2026-05-09 05:47:45] e5_seed43_multilingual_combined_multiclass_cha: fusion RF+SVM accuracy=0.5294
[2026-05-09 05:47:45] e5_seed43_multilingual_combined_multiclass_cha: fusion RF+LR accuracy=0.5882
[2026-05-09 05:47:45] e5_seed43_multilingual_combined_multiclass_cha: fusion SVM+LR accuracy=0.6013
[2026-05-09 05:47:45] e5_seed43_multilingual_combined_multiclass_cha: fusion DT+RF+SVM accuracy=0.4314
[2026-05-09 05:47:45] e5_seed43_multilingual_combined_multiclass_cha: fusion DT+RF+LR accuracy=0.4967
[2026-05-09 05:47:45] e5_seed43_multilingual_combined_multiclass_cha: fusion DT+SVM+LR accuracy=0.5163
[2026-05-09 05:47:45] e5_seed43_multilingual_combined_multiclass_cha: fusion RF+SVM+LR accuracy=0.5817
[2026-05-09 05:47:45] e5_seed43_multilingual_combined_multiclass_cha: fusion DT+RF+SVM+LR accuracy=0.5033
