[2026-05-10 12:21:14] e5_seed46_translated_combined_multiclass_spa: method=e5 seed=46 training=multi translated=yes task=multiclass test=spa train=3573 test=76
[2026-05-10 12:21:14] Encoding 3573 texts for seed46_multi_multiclass_yes_spa_train.npy
[2026-05-10 12:22:19] Encoding 76 texts for seed46_multi_multiclass_yes_spa_test.npy
[2026-05-10 12:22:21] e5_seed46_translated_combined_multiclass_spa: fitting DT
[2026-05-10 12:23:20] e5_seed46_translated_combined_multiclass_spa: DT accuracy=0.5526 params={'max_depth': 10}
[2026-05-10 12:23:20] e5_seed46_translated_combined_multiclass_spa: fitting RF
[2026-05-10 12:26:21] e5_seed46_translated_combined_multiclass_spa: RF accuracy=0.5789 params={'n_estimators': 200}
[2026-05-10 12:26:21] e5_seed46_translated_combined_multiclass_spa: fitting SVM
[2026-05-10 12:33:28] e5_seed46_translated_combined_multiclass_spa: SVM accuracy=0.2895 params={'C': 1, 'kernel': 'linear'}
[2026-05-10 12:33:28] e5_seed46_translated_combined_multiclass_spa: fitting LR
[2026-05-10 12:33:33] e5_seed46_translated_combined_multiclass_spa: LR accuracy=0.5526 params={'C': 10}
[2026-05-10 12:33:33] e5_seed46_translated_combined_multiclass_spa: fusion DT+RF accuracy=0.5395
[2026-05-10 12:33:33] e5_seed46_translated_combined_multiclass_spa: fusion DT+SVM accuracy=0.5526
[2026-05-10 12:33:33] e5_seed46_translated_combined_multiclass_spa: fusion DT+LR accuracy=0.5526
[2026-05-10 12:33:33] e5_seed46_translated_combined_multiclass_spa: fusion RF+SVM accuracy=0.5132
[2026-05-10 12:33:33] e5_seed46_translated_combined_multiclass_spa: fusion RF+LR accuracy=0.5658
[2026-05-10 12:33:33] e5_seed46_translated_combined_multiclass_spa: fusion SVM+LR accuracy=0.5395
[2026-05-10 12:33:33] e5_seed46_translated_combined_multiclass_spa: fusion DT+RF+SVM accuracy=0.5263
[2026-05-10 12:33:33] e5_seed46_translated_combined_multiclass_spa: fusion DT+RF+LR accuracy=0.5526
[2026-05-10 12:33:33] e5_seed46_translated_combined_multiclass_spa: fusion DT+SVM+LR accuracy=0.5395
[2026-05-10 12:33:33] e5_seed46_translated_combined_multiclass_spa: fusion RF+SVM+LR accuracy=0.5395
[2026-05-10 12:33:33] e5_seed46_translated_combined_multiclass_spa: fusion DT+RF+SVM+LR accuracy=0.5132
