[2026-05-08 23:50:20] e5_seed42_multilingual_combined_multiclass_gr: method=e5 seed=42 training=multi translated=no task=multiclass test=gr train=3573 test=53
[2026-05-08 23:50:20] Encoding 3573 texts for seed42_multi_multiclass_no_gr_train.npy
[2026-05-08 23:51:37] Encoding 53 texts for seed42_multi_multiclass_no_gr_test.npy
[2026-05-08 23:51:38] e5_seed42_multilingual_combined_multiclass_gr: fitting DT
[2026-05-08 23:52:42] e5_seed42_multilingual_combined_multiclass_gr: DT accuracy=0.2642 params={'max_depth': 10}
[2026-05-08 23:52:42] e5_seed42_multilingual_combined_multiclass_gr: fitting RF
[2026-05-08 23:55:35] e5_seed42_multilingual_combined_multiclass_gr: RF accuracy=0.5472 params={'n_estimators': 50}
[2026-05-08 23:55:35] e5_seed42_multilingual_combined_multiclass_gr: fitting SVM
[2026-05-09 00:02:26] e5_seed42_multilingual_combined_multiclass_gr: SVM accuracy=0.5660 params={'C': 1, 'kernel': 'linear'}
[2026-05-09 00:02:26] e5_seed42_multilingual_combined_multiclass_gr: fitting LR
[2026-05-09 00:02:30] e5_seed42_multilingual_combined_multiclass_gr: LR accuracy=0.6038 params={'C': 10}
[2026-05-09 00:02:30] e5_seed42_multilingual_combined_multiclass_gr: fusion DT+RF accuracy=0.2642
[2026-05-09 00:02:30] e5_seed42_multilingual_combined_multiclass_gr: fusion DT+SVM accuracy=0.2642
[2026-05-09 00:02:30] e5_seed42_multilingual_combined_multiclass_gr: fusion DT+LR accuracy=0.2642
[2026-05-09 00:02:30] e5_seed42_multilingual_combined_multiclass_gr: fusion RF+SVM accuracy=0.6038
[2026-05-09 00:02:30] e5_seed42_multilingual_combined_multiclass_gr: fusion RF+LR accuracy=0.6415
[2026-05-09 00:02:30] e5_seed42_multilingual_combined_multiclass_gr: fusion SVM+LR accuracy=0.6038
[2026-05-09 00:02:30] e5_seed42_multilingual_combined_multiclass_gr: fusion DT+RF+SVM accuracy=0.4906
[2026-05-09 00:02:30] e5_seed42_multilingual_combined_multiclass_gr: fusion DT+RF+LR accuracy=0.4906
[2026-05-09 00:02:30] e5_seed42_multilingual_combined_multiclass_gr: fusion DT+SVM+LR accuracy=0.5094
[2026-05-09 00:02:30] e5_seed42_multilingual_combined_multiclass_gr: fusion RF+SVM+LR accuracy=0.5849
[2026-05-09 00:02:30] e5_seed42_multilingual_combined_multiclass_gr: fusion DT+RF+SVM+LR accuracy=0.5094
