[2026-05-09 01:28:43] e5_seed42_translated_combined_multiclass_spa: method=e5 seed=42 training=multi translated=yes task=multiclass test=spa train=3573 test=76
[2026-05-09 01:28:43] Encoding 3573 texts for seed42_multi_multiclass_yes_spa_train.npy
[2026-05-09 01:29:43] Encoding 76 texts for seed42_multi_multiclass_yes_spa_test.npy
[2026-05-09 01:29:45] e5_seed42_translated_combined_multiclass_spa: fitting DT
[2026-05-09 01:30:47] e5_seed42_translated_combined_multiclass_spa: DT accuracy=0.4211 params={'max_depth': 10}
[2026-05-09 01:30:47] e5_seed42_translated_combined_multiclass_spa: fitting RF
[2026-05-09 01:33:42] e5_seed42_translated_combined_multiclass_spa: RF accuracy=0.5132 params={'n_estimators': 100}
[2026-05-09 01:33:42] e5_seed42_translated_combined_multiclass_spa: fitting SVM
[2026-05-09 01:39:54] e5_seed42_translated_combined_multiclass_spa: SVM accuracy=0.2368 params={'C': 1, 'kernel': 'rbf'}
[2026-05-09 01:39:54] e5_seed42_translated_combined_multiclass_spa: fitting LR
[2026-05-09 01:39:57] e5_seed42_translated_combined_multiclass_spa: LR accuracy=0.5526 params={'C': 10}
[2026-05-09 01:39:57] e5_seed42_translated_combined_multiclass_spa: fusion DT+RF accuracy=0.4342
[2026-05-09 01:39:57] e5_seed42_translated_combined_multiclass_spa: fusion DT+SVM accuracy=0.4079
[2026-05-09 01:39:57] e5_seed42_translated_combined_multiclass_spa: fusion DT+LR accuracy=0.4211
[2026-05-09 01:39:57] e5_seed42_translated_combined_multiclass_spa: fusion RF+SVM accuracy=0.4868
[2026-05-09 01:39:57] e5_seed42_translated_combined_multiclass_spa: fusion RF+LR accuracy=0.5132
[2026-05-09 01:39:57] e5_seed42_translated_combined_multiclass_spa: fusion SVM+LR accuracy=0.5263
[2026-05-09 01:39:57] e5_seed42_translated_combined_multiclass_spa: fusion DT+RF+SVM accuracy=0.4342
[2026-05-09 01:39:57] e5_seed42_translated_combined_multiclass_spa: fusion DT+RF+LR accuracy=0.5526
[2026-05-09 01:39:57] e5_seed42_translated_combined_multiclass_spa: fusion DT+SVM+LR accuracy=0.4474
[2026-05-09 01:39:57] e5_seed42_translated_combined_multiclass_spa: fusion RF+SVM+LR accuracy=0.5132
[2026-05-09 01:39:57] e5_seed42_translated_combined_multiclass_spa: fusion DT+RF+SVM+LR accuracy=0.5132
