[2026-05-10 09:44:37] e5_seed46_monolingual_multiclass_en: method=e5 seed=46 training=mono translated=no task=multiclass test=en train=2449 test=272
[2026-05-10 09:44:37] Encoding 2449 texts for seed46_mono_multiclass_no_en_train.npy
[2026-05-10 09:45:25] Encoding 272 texts for seed46_mono_multiclass_no_en_test.npy
[2026-05-10 09:45:32] e5_seed46_monolingual_multiclass_en: fitting DT
[2026-05-10 09:46:19] e5_seed46_monolingual_multiclass_en: DT accuracy=0.5000 params={'max_depth': 10}
[2026-05-10 09:46:19] e5_seed46_monolingual_multiclass_en: fitting RF
[2026-05-10 09:48:34] e5_seed46_monolingual_multiclass_en: RF accuracy=0.6213 params={'n_estimators': 100}
[2026-05-10 09:48:34] e5_seed46_monolingual_multiclass_en: fitting SVM
[2026-05-10 09:51:23] e5_seed46_monolingual_multiclass_en: SVM accuracy=0.4743 params={'C': 1, 'kernel': 'linear'}
[2026-05-10 09:51:23] e5_seed46_monolingual_multiclass_en: fitting LR
[2026-05-10 09:51:25] e5_seed46_monolingual_multiclass_en: LR accuracy=0.6360 params={'C': 10}
[2026-05-10 09:51:25] e5_seed46_monolingual_multiclass_en: fusion DT+RF accuracy=0.5000
[2026-05-10 09:51:25] e5_seed46_monolingual_multiclass_en: fusion DT+SVM accuracy=0.5000
[2026-05-10 09:51:25] e5_seed46_monolingual_multiclass_en: fusion DT+LR accuracy=0.5074
[2026-05-10 09:51:25] e5_seed46_monolingual_multiclass_en: fusion RF+SVM accuracy=0.6140
[2026-05-10 09:51:25] e5_seed46_monolingual_multiclass_en: fusion RF+LR accuracy=0.6728
[2026-05-10 09:51:25] e5_seed46_monolingual_multiclass_en: fusion SVM+LR accuracy=0.6471
[2026-05-10 09:51:25] e5_seed46_monolingual_multiclass_en: fusion DT+RF+SVM accuracy=0.5625
[2026-05-10 09:51:25] e5_seed46_monolingual_multiclass_en: fusion DT+RF+LR accuracy=0.6324
[2026-05-10 09:51:25] e5_seed46_monolingual_multiclass_en: fusion DT+SVM+LR accuracy=0.5993
[2026-05-10 09:51:25] e5_seed46_monolingual_multiclass_en: fusion RF+SVM+LR accuracy=0.6434
[2026-05-10 09:51:25] e5_seed46_monolingual_multiclass_en: fusion DT+RF+SVM+LR accuracy=0.5993
