[2026-05-09 04:44:30] e5_seed43_multilingual_combined_binary_en: method=e5 seed=43 training=multi translated=no task=binary test=en train=2896 test=194
[2026-05-09 04:44:30] Encoding 2896 texts for seed43_multi_binary_no_en_train.npy
[2026-05-09 04:45:23] Encoding 194 texts for seed43_multi_binary_no_en_test.npy
[2026-05-09 04:45:28] e5_seed43_multilingual_combined_binary_en: fitting DT
[2026-05-09 04:46:18] e5_seed43_multilingual_combined_binary_en: DT accuracy=0.7732 params={'max_depth': 10}
[2026-05-09 04:46:18] e5_seed43_multilingual_combined_binary_en: fitting RF
[2026-05-09 04:48:44] e5_seed43_multilingual_combined_binary_en: RF accuracy=0.7938 params={'n_estimators': 200}
[2026-05-09 04:48:44] e5_seed43_multilingual_combined_binary_en: fitting SVM
[2026-05-09 04:52:08] e5_seed43_multilingual_combined_binary_en: SVM accuracy=0.8866 params={'C': 10, 'kernel': 'rbf'}
[2026-05-09 04:52:08] e5_seed43_multilingual_combined_binary_en: fitting LR
[2026-05-09 04:52:09] e5_seed43_multilingual_combined_binary_en: LR accuracy=0.6753 params={'C': 0.1}
[2026-05-09 04:52:09] e5_seed43_multilingual_combined_binary_en: fusion DT+RF accuracy=0.7732
[2026-05-09 04:52:09] e5_seed43_multilingual_combined_binary_en: fusion DT+SVM accuracy=0.7835
[2026-05-09 04:52:09] e5_seed43_multilingual_combined_binary_en: fusion DT+LR accuracy=0.7732
[2026-05-09 04:52:09] e5_seed43_multilingual_combined_binary_en: fusion RF+SVM accuracy=0.8918
[2026-05-09 04:52:09] e5_seed43_multilingual_combined_binary_en: fusion RF+LR accuracy=0.7010
[2026-05-09 04:52:09] e5_seed43_multilingual_combined_binary_en: fusion SVM+LR accuracy=0.8093
[2026-05-09 04:52:09] e5_seed43_multilingual_combined_binary_en: fusion DT+RF+SVM accuracy=0.8299
[2026-05-09 04:52:09] e5_seed43_multilingual_combined_binary_en: fusion DT+RF+LR accuracy=0.7423
[2026-05-09 04:52:09] e5_seed43_multilingual_combined_binary_en: fusion DT+SVM+LR accuracy=0.7784
[2026-05-09 04:52:09] e5_seed43_multilingual_combined_binary_en: fusion RF+SVM+LR accuracy=0.7938
[2026-05-09 04:52:09] e5_seed43_multilingual_combined_binary_en: fusion DT+RF+SVM+LR accuracy=0.7784
