[2026-05-09 16:41:56] e5_seed45_multilingual_combined_multiclass_gr: method=e5 seed=45 training=multi translated=no task=multiclass test=gr train=3573 test=53
[2026-05-09 16:41:56] Encoding 3573 texts for seed45_multi_multiclass_no_gr_train.npy
[2026-05-09 16:43:08] Encoding 53 texts for seed45_multi_multiclass_no_gr_test.npy
[2026-05-09 16:43:09] e5_seed45_multilingual_combined_multiclass_gr: fitting DT
[2026-05-09 16:44:11] e5_seed45_multilingual_combined_multiclass_gr: DT accuracy=0.5283 params={'max_depth': 10}
[2026-05-09 16:44:11] e5_seed45_multilingual_combined_multiclass_gr: fitting RF
[2026-05-09 16:47:05] e5_seed45_multilingual_combined_multiclass_gr: RF accuracy=0.5283 params={'n_estimators': 50}
[2026-05-09 16:47:05] e5_seed45_multilingual_combined_multiclass_gr: fitting SVM
[2026-05-09 16:53:48] e5_seed45_multilingual_combined_multiclass_gr: SVM accuracy=0.4906 params={'C': 1, 'kernel': 'linear'}
[2026-05-09 16:53:48] e5_seed45_multilingual_combined_multiclass_gr: fitting LR
[2026-05-09 16:53:52] e5_seed45_multilingual_combined_multiclass_gr: LR accuracy=0.5094 params={'C': 10}
[2026-05-09 16:53:52] e5_seed45_multilingual_combined_multiclass_gr: fusion DT+RF accuracy=0.5283
[2026-05-09 16:53:52] e5_seed45_multilingual_combined_multiclass_gr: fusion DT+SVM accuracy=0.5283
[2026-05-09 16:53:52] e5_seed45_multilingual_combined_multiclass_gr: fusion DT+LR accuracy=0.5283
[2026-05-09 16:53:52] e5_seed45_multilingual_combined_multiclass_gr: fusion RF+SVM accuracy=0.5094
[2026-05-09 16:53:52] e5_seed45_multilingual_combined_multiclass_gr: fusion RF+LR accuracy=0.5283
[2026-05-09 16:53:52] e5_seed45_multilingual_combined_multiclass_gr: fusion SVM+LR accuracy=0.5283
[2026-05-09 16:53:52] e5_seed45_multilingual_combined_multiclass_gr: fusion DT+RF+SVM accuracy=0.5472
[2026-05-09 16:53:52] e5_seed45_multilingual_combined_multiclass_gr: fusion DT+RF+LR accuracy=0.5094
[2026-05-09 16:53:52] e5_seed45_multilingual_combined_multiclass_gr: fusion DT+SVM+LR accuracy=0.5472
[2026-05-09 16:53:52] e5_seed45_multilingual_combined_multiclass_gr: fusion RF+SVM+LR accuracy=0.5094
[2026-05-09 16:53:52] e5_seed45_multilingual_combined_multiclass_gr: fusion DT+RF+SVM+LR accuracy=0.5283
