[2026-05-09 07:51:15] tfidf_seed44_multilingual_combined_multiclass_en: method=tfidf seed=44 training=multi translated=no task=multiclass test=en train=3573 test=272
[2026-05-09 07:51:15] tfidf_seed44_multilingual_combined_multiclass_en: fitting DT
[2026-05-09 07:51:26] tfidf_seed44_multilingual_combined_multiclass_en: DT accuracy=0.5662 params={'max_depth': 10}
[2026-05-09 07:51:26] tfidf_seed44_multilingual_combined_multiclass_en: fitting RF
[2026-05-09 07:52:52] tfidf_seed44_multilingual_combined_multiclass_en: RF accuracy=0.5919 params={'n_estimators': 50}
[2026-05-09 07:52:52] tfidf_seed44_multilingual_combined_multiclass_en: fitting SVM
[2026-05-09 08:03:00] tfidf_seed44_multilingual_combined_multiclass_en: SVM accuracy=0.5919 params={'C': 1, 'kernel': 'rbf'}
[2026-05-09 08:03:00] tfidf_seed44_multilingual_combined_multiclass_en: fitting LR
[2026-05-09 08:03:07] tfidf_seed44_multilingual_combined_multiclass_en: LR accuracy=0.6875 params={'C': 10}
[2026-05-09 08:03:07] tfidf_seed44_multilingual_combined_multiclass_en: fusion DT+RF accuracy=0.5956
[2026-05-09 08:03:07] tfidf_seed44_multilingual_combined_multiclass_en: fusion DT+SVM accuracy=0.5956
[2026-05-09 08:03:07] tfidf_seed44_multilingual_combined_multiclass_en: fusion DT+LR accuracy=0.6066
[2026-05-09 08:03:07] tfidf_seed44_multilingual_combined_multiclass_en: fusion RF+SVM accuracy=0.6618
[2026-05-09 08:03:07] tfidf_seed44_multilingual_combined_multiclass_en: fusion RF+LR accuracy=0.6875
[2026-05-09 08:03:07] tfidf_seed44_multilingual_combined_multiclass_en: fusion SVM+LR accuracy=0.6875
[2026-05-09 08:03:07] tfidf_seed44_multilingual_combined_multiclass_en: fusion DT+RF+SVM accuracy=0.6250
[2026-05-09 08:03:07] tfidf_seed44_multilingual_combined_multiclass_en: fusion DT+RF+LR accuracy=0.6471
[2026-05-09 08:03:07] tfidf_seed44_multilingual_combined_multiclass_en: fusion DT+SVM+LR accuracy=0.6654
[2026-05-09 08:03:07] tfidf_seed44_multilingual_combined_multiclass_en: fusion RF+SVM+LR accuracy=0.6875
[2026-05-09 08:03:07] tfidf_seed44_multilingual_combined_multiclass_en: fusion DT+RF+SVM+LR accuracy=0.6544
