[2026-05-09 01:44:24] tfidf_seed43_monolingual_binary_gr: method=tfidf seed=43 training=mono translated=no task=binary test=gr train=172 test=43
[2026-05-09 01:44:24] tfidf_seed43_monolingual_binary_gr: fitting DT
[2026-05-09 01:44:24] tfidf_seed43_monolingual_binary_gr: DT accuracy=0.6512 params={'max_depth': 10}
[2026-05-09 01:44:24] tfidf_seed43_monolingual_binary_gr: fitting RF
[2026-05-09 01:44:26] tfidf_seed43_monolingual_binary_gr: RF accuracy=0.6744 params={'n_estimators': 50}
[2026-05-09 01:44:26] tfidf_seed43_monolingual_binary_gr: fitting SVM
[2026-05-09 01:44:27] tfidf_seed43_monolingual_binary_gr: SVM accuracy=0.8605 params={'C': 10, 'kernel': 'linear'}
[2026-05-09 01:44:27] tfidf_seed43_monolingual_binary_gr: fitting LR
[2026-05-09 01:44:27] tfidf_seed43_monolingual_binary_gr: LR accuracy=0.8372 params={'C': 10}
[2026-05-09 01:44:27] tfidf_seed43_monolingual_binary_gr: fusion DT+RF accuracy=0.6279
[2026-05-09 01:44:27] tfidf_seed43_monolingual_binary_gr: fusion DT+SVM accuracy=0.6512
[2026-05-09 01:44:27] tfidf_seed43_monolingual_binary_gr: fusion DT+LR accuracy=0.6744
[2026-05-09 01:44:27] tfidf_seed43_monolingual_binary_gr: fusion RF+SVM accuracy=0.7442
[2026-05-09 01:44:27] tfidf_seed43_monolingual_binary_gr: fusion RF+LR accuracy=0.7442
[2026-05-09 01:44:27] tfidf_seed43_monolingual_binary_gr: fusion SVM+LR accuracy=0.8605
[2026-05-09 01:44:27] tfidf_seed43_monolingual_binary_gr: fusion DT+RF+SVM accuracy=0.7209
[2026-05-09 01:44:27] tfidf_seed43_monolingual_binary_gr: fusion DT+RF+LR accuracy=0.6744
[2026-05-09 01:44:27] tfidf_seed43_monolingual_binary_gr: fusion DT+SVM+LR accuracy=0.8605
[2026-05-09 01:44:27] tfidf_seed43_monolingual_binary_gr: fusion RF+SVM+LR accuracy=0.8140
[2026-05-09 01:44:27] tfidf_seed43_monolingual_binary_gr: fusion DT+RF+SVM+LR accuracy=0.7442
