[2026-05-09 07:39:25] tfidf_seed44_multilingual_combined_binary_cha: method=tfidf seed=44 training=multi translated=no task=binary test=cha train=2896 test=88
[2026-05-09 07:39:25] tfidf_seed44_multilingual_combined_binary_cha: fitting DT
[2026-05-09 07:39:33] tfidf_seed44_multilingual_combined_binary_cha: DT accuracy=0.6591 params={'max_depth': 10}
[2026-05-09 07:39:33] tfidf_seed44_multilingual_combined_binary_cha: fitting RF
[2026-05-09 07:40:20] tfidf_seed44_multilingual_combined_binary_cha: RF accuracy=0.6818 params={'n_estimators': 100}
[2026-05-09 07:40:20] tfidf_seed44_multilingual_combined_binary_cha: fitting SVM
[2026-05-09 07:45:18] tfidf_seed44_multilingual_combined_binary_cha: SVM accuracy=0.3409 params={'C': 0.1, 'kernel': 'linear'}
[2026-05-09 07:45:18] tfidf_seed44_multilingual_combined_binary_cha: fitting LR
[2026-05-09 07:45:20] tfidf_seed44_multilingual_combined_binary_cha: LR accuracy=0.7386 params={'C': 10}
[2026-05-09 07:45:20] tfidf_seed44_multilingual_combined_binary_cha: fusion DT+RF accuracy=0.6591
[2026-05-09 07:45:20] tfidf_seed44_multilingual_combined_binary_cha: fusion DT+SVM accuracy=0.6591
[2026-05-09 07:45:20] tfidf_seed44_multilingual_combined_binary_cha: fusion DT+LR accuracy=0.7045
[2026-05-09 07:45:20] tfidf_seed44_multilingual_combined_binary_cha: fusion RF+SVM accuracy=0.7045
[2026-05-09 07:45:20] tfidf_seed44_multilingual_combined_binary_cha: fusion RF+LR accuracy=0.7045
[2026-05-09 07:45:20] tfidf_seed44_multilingual_combined_binary_cha: fusion SVM+LR accuracy=0.7273
[2026-05-09 07:45:20] tfidf_seed44_multilingual_combined_binary_cha: fusion DT+RF+SVM accuracy=0.6818
[2026-05-09 07:45:20] tfidf_seed44_multilingual_combined_binary_cha: fusion DT+RF+LR accuracy=0.6818
[2026-05-09 07:45:20] tfidf_seed44_multilingual_combined_binary_cha: fusion DT+SVM+LR accuracy=0.7386
[2026-05-09 07:45:20] tfidf_seed44_multilingual_combined_binary_cha: fusion RF+SVM+LR accuracy=0.7386
[2026-05-09 07:45:20] tfidf_seed44_multilingual_combined_binary_cha: fusion DT+RF+SVM+LR accuracy=0.7045
