[2026-05-08 22:09:03] tfidf_seed42_translated_combined_multiclass_cha: method=tfidf seed=42 training=multi translated=yes task=multiclass test=cha train=3573 test=153
[2026-05-08 22:09:04] tfidf_seed42_translated_combined_multiclass_cha: fitting DT
[2026-05-08 22:09:07] tfidf_seed42_translated_combined_multiclass_cha: DT accuracy=0.5229 params={'max_depth': 10}
[2026-05-08 22:09:07] tfidf_seed42_translated_combined_multiclass_cha: fitting RF
[2026-05-08 22:09:21] tfidf_seed42_translated_combined_multiclass_cha: RF accuracy=0.5556 params={'n_estimators': 50}
[2026-05-08 22:09:21] tfidf_seed42_translated_combined_multiclass_cha: fitting SVM
[2026-05-08 22:12:17] tfidf_seed42_translated_combined_multiclass_cha: SVM accuracy=0.6275 params={'C': 10, 'kernel': 'rbf'}
[2026-05-08 22:12:17] tfidf_seed42_translated_combined_multiclass_cha: fitting LR
[2026-05-08 22:12:19] tfidf_seed42_translated_combined_multiclass_cha: LR accuracy=0.6144 params={'C': 10}
[2026-05-08 22:12:19] tfidf_seed42_translated_combined_multiclass_cha: fusion DT+RF accuracy=0.5425
[2026-05-08 22:12:19] tfidf_seed42_translated_combined_multiclass_cha: fusion DT+SVM accuracy=0.5882
[2026-05-08 22:12:19] tfidf_seed42_translated_combined_multiclass_cha: fusion DT+LR accuracy=0.5882
[2026-05-08 22:12:19] tfidf_seed42_translated_combined_multiclass_cha: fusion RF+SVM accuracy=0.6340
[2026-05-08 22:12:19] tfidf_seed42_translated_combined_multiclass_cha: fusion RF+LR accuracy=0.6275
[2026-05-08 22:12:19] tfidf_seed42_translated_combined_multiclass_cha: fusion SVM+LR accuracy=0.6471
[2026-05-08 22:12:19] tfidf_seed42_translated_combined_multiclass_cha: fusion DT+RF+SVM accuracy=0.6013
[2026-05-08 22:12:19] tfidf_seed42_translated_combined_multiclass_cha: fusion DT+RF+LR accuracy=0.6013
[2026-05-08 22:12:19] tfidf_seed42_translated_combined_multiclass_cha: fusion DT+SVM+LR accuracy=0.6340
[2026-05-08 22:12:19] tfidf_seed42_translated_combined_multiclass_cha: fusion RF+SVM+LR accuracy=0.6144
[2026-05-08 22:12:19] tfidf_seed42_translated_combined_multiclass_cha: fusion DT+RF+SVM+LR accuracy=0.6471
