[2026-05-08 21:41:08] tfidf_seed42_multilingual_combined_binary_gr: method=tfidf seed=42 training=multi translated=no task=binary test=gr train=2896 test=43
[2026-05-08 21:41:09] tfidf_seed42_multilingual_combined_binary_gr: fitting DT
[2026-05-08 21:41:11] tfidf_seed42_multilingual_combined_binary_gr: DT accuracy=0.6279 params={'max_depth': 10}
[2026-05-08 21:41:11] tfidf_seed42_multilingual_combined_binary_gr: fitting RF
[2026-05-08 21:41:24] tfidf_seed42_multilingual_combined_binary_gr: RF accuracy=0.6744 params={'n_estimators': 100}
[2026-05-08 21:41:24] tfidf_seed42_multilingual_combined_binary_gr: fitting SVM
[2026-05-08 21:42:33] tfidf_seed42_multilingual_combined_binary_gr: SVM accuracy=0.7907 params={'C': 10, 'kernel': 'rbf'}
[2026-05-08 21:42:33] tfidf_seed42_multilingual_combined_binary_gr: fitting LR
[2026-05-08 21:42:34] tfidf_seed42_multilingual_combined_binary_gr: LR accuracy=0.7674 params={'C': 10}
[2026-05-08 21:42:34] tfidf_seed42_multilingual_combined_binary_gr: fusion DT+RF accuracy=0.6512
[2026-05-08 21:42:34] tfidf_seed42_multilingual_combined_binary_gr: fusion DT+SVM accuracy=0.6977
[2026-05-08 21:42:34] tfidf_seed42_multilingual_combined_binary_gr: fusion DT+LR accuracy=0.6977
[2026-05-08 21:42:34] tfidf_seed42_multilingual_combined_binary_gr: fusion RF+SVM accuracy=0.7674
[2026-05-08 21:42:34] tfidf_seed42_multilingual_combined_binary_gr: fusion RF+LR accuracy=0.7674
[2026-05-08 21:42:34] tfidf_seed42_multilingual_combined_binary_gr: fusion SVM+LR accuracy=0.7674
[2026-05-08 21:42:34] tfidf_seed42_multilingual_combined_binary_gr: fusion DT+RF+SVM accuracy=0.6977
[2026-05-08 21:42:34] tfidf_seed42_multilingual_combined_binary_gr: fusion DT+RF+LR accuracy=0.7209
[2026-05-08 21:42:34] tfidf_seed42_multilingual_combined_binary_gr: fusion DT+SVM+LR accuracy=0.7674
[2026-05-08 21:42:34] tfidf_seed42_multilingual_combined_binary_gr: fusion RF+SVM+LR accuracy=0.7907
[2026-05-08 21:42:34] tfidf_seed42_multilingual_combined_binary_gr: fusion DT+RF+SVM+LR accuracy=0.7442
