[2026-05-09 09:00:03] tfidf_seed44_translated_combined_binary_spa: method=tfidf seed=44 training=multi translated=yes task=binary test=spa train=2896 test=59
[2026-05-09 09:00:04] tfidf_seed44_translated_combined_binary_spa: fitting DT
[2026-05-09 09:00:12] tfidf_seed44_translated_combined_binary_spa: DT accuracy=0.6610 params={'max_depth': 30}
[2026-05-09 09:00:12] tfidf_seed44_translated_combined_binary_spa: fitting RF
[2026-05-09 09:00:54] tfidf_seed44_translated_combined_binary_spa: RF accuracy=0.7288 params={'n_estimators': 200}
[2026-05-09 09:00:54] tfidf_seed44_translated_combined_binary_spa: fitting SVM
[2026-05-09 09:07:06] tfidf_seed44_translated_combined_binary_spa: SVM accuracy=0.6780 params={'C': 10, 'kernel': 'rbf'}
[2026-05-09 09:07:06] tfidf_seed44_translated_combined_binary_spa: fitting LR
[2026-05-09 09:07:07] tfidf_seed44_translated_combined_binary_spa: LR accuracy=0.7119 params={'C': 1}
[2026-05-09 09:07:07] tfidf_seed44_translated_combined_binary_spa: fusion DT+RF accuracy=0.6610
[2026-05-09 09:07:07] tfidf_seed44_translated_combined_binary_spa: fusion DT+SVM accuracy=0.6610
[2026-05-09 09:07:07] tfidf_seed44_translated_combined_binary_spa: fusion DT+LR accuracy=0.6610
[2026-05-09 09:07:07] tfidf_seed44_translated_combined_binary_spa: fusion RF+SVM accuracy=0.6780
[2026-05-09 09:07:07] tfidf_seed44_translated_combined_binary_spa: fusion RF+LR accuracy=0.7288
[2026-05-09 09:07:07] tfidf_seed44_translated_combined_binary_spa: fusion SVM+LR accuracy=0.6780
[2026-05-09 09:07:07] tfidf_seed44_translated_combined_binary_spa: fusion DT+RF+SVM accuracy=0.6780
[2026-05-09 09:07:07] tfidf_seed44_translated_combined_binary_spa: fusion DT+RF+LR accuracy=0.7458
[2026-05-09 09:07:07] tfidf_seed44_translated_combined_binary_spa: fusion DT+SVM+LR accuracy=0.6780
[2026-05-09 09:07:07] tfidf_seed44_translated_combined_binary_spa: fusion RF+SVM+LR accuracy=0.7119
[2026-05-09 09:07:07] tfidf_seed44_translated_combined_binary_spa: fusion DT+RF+SVM+LR accuracy=0.6949
