[2026-05-09 13:19:29] tfidf_seed45_multilingual_combined_binary_spa: method=tfidf seed=45 training=multi translated=no task=binary test=spa train=2896 test=59
[2026-05-09 13:19:29] tfidf_seed45_multilingual_combined_binary_spa: fitting DT
[2026-05-09 13:19:37] tfidf_seed45_multilingual_combined_binary_spa: DT accuracy=0.7627 params={'max_depth': 10}
[2026-05-09 13:19:37] tfidf_seed45_multilingual_combined_binary_spa: fitting RF
[2026-05-09 13:20:25] tfidf_seed45_multilingual_combined_binary_spa: RF accuracy=0.7627 params={'n_estimators': 50}
[2026-05-09 13:20:25] tfidf_seed45_multilingual_combined_binary_spa: fitting SVM
[2026-05-09 13:25:27] tfidf_seed45_multilingual_combined_binary_spa: SVM accuracy=0.7797 params={'C': 10, 'kernel': 'rbf'}
[2026-05-09 13:25:27] tfidf_seed45_multilingual_combined_binary_spa: fitting LR
[2026-05-09 13:25:29] tfidf_seed45_multilingual_combined_binary_spa: LR accuracy=0.7797 params={'C': 10}
[2026-05-09 13:25:29] tfidf_seed45_multilingual_combined_binary_spa: fusion DT+RF accuracy=0.7627
[2026-05-09 13:25:29] tfidf_seed45_multilingual_combined_binary_spa: fusion DT+SVM accuracy=0.7627
[2026-05-09 13:25:29] tfidf_seed45_multilingual_combined_binary_spa: fusion DT+LR accuracy=0.7627
[2026-05-09 13:25:29] tfidf_seed45_multilingual_combined_binary_spa: fusion RF+SVM accuracy=0.7627
[2026-05-09 13:25:29] tfidf_seed45_multilingual_combined_binary_spa: fusion RF+LR accuracy=0.7458
[2026-05-09 13:25:29] tfidf_seed45_multilingual_combined_binary_spa: fusion SVM+LR accuracy=0.7627
[2026-05-09 13:25:29] tfidf_seed45_multilingual_combined_binary_spa: fusion DT+RF+SVM accuracy=0.7797
[2026-05-09 13:25:29] tfidf_seed45_multilingual_combined_binary_spa: fusion DT+RF+LR accuracy=0.7627
[2026-05-09 13:25:29] tfidf_seed45_multilingual_combined_binary_spa: fusion DT+SVM+LR accuracy=0.7797
[2026-05-09 13:25:29] tfidf_seed45_multilingual_combined_binary_spa: fusion RF+SVM+LR accuracy=0.7627
[2026-05-09 13:25:29] tfidf_seed45_multilingual_combined_binary_spa: fusion DT+RF+SVM+LR accuracy=0.7797
