[2026-05-09 19:25:09] tfidf_seed46_multilingual_combined_multiclass_gr: method=tfidf seed=46 training=multi translated=no task=multiclass test=gr train=3573 test=53
[2026-05-09 19:25:09] tfidf_seed46_multilingual_combined_multiclass_gr: fitting DT
[2026-05-09 19:25:20] tfidf_seed46_multilingual_combined_multiclass_gr: DT accuracy=0.3208 params={'max_depth': 30}
[2026-05-09 19:25:20] tfidf_seed46_multilingual_combined_multiclass_gr: fitting RF
[2026-05-09 19:26:45] tfidf_seed46_multilingual_combined_multiclass_gr: RF accuracy=0.5849 params={'n_estimators': 50}
[2026-05-09 19:26:45] tfidf_seed46_multilingual_combined_multiclass_gr: fitting SVM
[2026-05-09 19:37:05] tfidf_seed46_multilingual_combined_multiclass_gr: SVM accuracy=0.5283 params={'C': 1, 'kernel': 'rbf'}
[2026-05-09 19:37:05] tfidf_seed46_multilingual_combined_multiclass_gr: fitting LR
[2026-05-09 19:37:12] tfidf_seed46_multilingual_combined_multiclass_gr: LR accuracy=0.6415 params={'C': 10}
[2026-05-09 19:37:12] tfidf_seed46_multilingual_combined_multiclass_gr: fusion DT+RF accuracy=0.3396
[2026-05-09 19:37:12] tfidf_seed46_multilingual_combined_multiclass_gr: fusion DT+SVM accuracy=0.3585
[2026-05-09 19:37:12] tfidf_seed46_multilingual_combined_multiclass_gr: fusion DT+LR accuracy=0.3962
[2026-05-09 19:37:12] tfidf_seed46_multilingual_combined_multiclass_gr: fusion RF+SVM accuracy=0.5660
[2026-05-09 19:37:12] tfidf_seed46_multilingual_combined_multiclass_gr: fusion RF+LR accuracy=0.6604
[2026-05-09 19:37:12] tfidf_seed46_multilingual_combined_multiclass_gr: fusion SVM+LR accuracy=0.6604
[2026-05-09 19:37:12] tfidf_seed46_multilingual_combined_multiclass_gr: fusion DT+RF+SVM accuracy=0.5094
[2026-05-09 19:37:12] tfidf_seed46_multilingual_combined_multiclass_gr: fusion DT+RF+LR accuracy=0.6038
[2026-05-09 19:37:12] tfidf_seed46_multilingual_combined_multiclass_gr: fusion DT+SVM+LR accuracy=0.4906
[2026-05-09 19:37:12] tfidf_seed46_multilingual_combined_multiclass_gr: fusion RF+SVM+LR accuracy=0.6038
[2026-05-09 19:37:12] tfidf_seed46_multilingual_combined_multiclass_gr: fusion DT+RF+SVM+LR accuracy=0.5283
