[2026-05-08 21:39:41] tfidf_seed42_multilingual_combined_binary_en: method=tfidf seed=42 training=multi translated=no task=binary test=en train=2896 test=194
[2026-05-08 21:39:42] tfidf_seed42_multilingual_combined_binary_en: fitting DT
[2026-05-08 21:39:44] tfidf_seed42_multilingual_combined_binary_en: DT accuracy=0.7629 params={'max_depth': 10}
[2026-05-08 21:39:44] tfidf_seed42_multilingual_combined_binary_en: fitting RF
[2026-05-08 21:39:57] tfidf_seed42_multilingual_combined_binary_en: RF accuracy=0.8351 params={'n_estimators': 100}
[2026-05-08 21:39:57] tfidf_seed42_multilingual_combined_binary_en: fitting SVM
[2026-05-08 21:41:07] tfidf_seed42_multilingual_combined_binary_en: SVM accuracy=0.8711 params={'C': 10, 'kernel': 'rbf'}
[2026-05-08 21:41:07] tfidf_seed42_multilingual_combined_binary_en: fitting LR
[2026-05-08 21:41:08] tfidf_seed42_multilingual_combined_binary_en: LR accuracy=0.8660 params={'C': 10}
[2026-05-08 21:41:08] tfidf_seed42_multilingual_combined_binary_en: fusion DT+RF accuracy=0.7629
[2026-05-08 21:41:08] tfidf_seed42_multilingual_combined_binary_en: fusion DT+SVM accuracy=0.7990
[2026-05-08 21:41:08] tfidf_seed42_multilingual_combined_binary_en: fusion DT+LR accuracy=0.8041
[2026-05-08 21:41:08] tfidf_seed42_multilingual_combined_binary_en: fusion RF+SVM accuracy=0.8814
[2026-05-08 21:41:08] tfidf_seed42_multilingual_combined_binary_en: fusion RF+LR accuracy=0.8763
[2026-05-08 21:41:08] tfidf_seed42_multilingual_combined_binary_en: fusion SVM+LR accuracy=0.8660
[2026-05-08 21:41:08] tfidf_seed42_multilingual_combined_binary_en: fusion DT+RF+SVM accuracy=0.8454
[2026-05-08 21:41:08] tfidf_seed42_multilingual_combined_binary_en: fusion DT+RF+LR accuracy=0.8402
[2026-05-08 21:41:08] tfidf_seed42_multilingual_combined_binary_en: fusion DT+SVM+LR accuracy=0.8711
[2026-05-08 21:41:08] tfidf_seed42_multilingual_combined_binary_en: fusion RF+SVM+LR accuracy=0.8763
[2026-05-08 21:41:08] tfidf_seed42_multilingual_combined_binary_en: fusion DT+RF+SVM+LR accuracy=0.8711
