[2026-05-08 22:00:52] tfidf_seed42_translated_combined_binary_spa: method=tfidf seed=42 training=multi translated=yes task=binary test=spa train=2896 test=59
[2026-05-08 22:00:52] tfidf_seed42_translated_combined_binary_spa: fitting DT
[2026-05-08 22:00:54] tfidf_seed42_translated_combined_binary_spa: DT accuracy=0.6780 params={'max_depth': 10}
[2026-05-08 22:00:54] tfidf_seed42_translated_combined_binary_spa: fitting RF
[2026-05-08 22:01:07] tfidf_seed42_translated_combined_binary_spa: RF accuracy=0.7458 params={'n_estimators': 200}
[2026-05-08 22:01:07] tfidf_seed42_translated_combined_binary_spa: fitting SVM
[2026-05-08 22:02:28] tfidf_seed42_translated_combined_binary_spa: SVM accuracy=0.6949 params={'C': 10, 'kernel': 'rbf'}
[2026-05-08 22:02:28] tfidf_seed42_translated_combined_binary_spa: fitting LR
[2026-05-08 22:02:29] tfidf_seed42_translated_combined_binary_spa: LR accuracy=0.6780 params={'C': 0.1}
[2026-05-08 22:02:29] tfidf_seed42_translated_combined_binary_spa: fusion DT+RF accuracy=0.7627
[2026-05-08 22:02:29] tfidf_seed42_translated_combined_binary_spa: fusion DT+SVM accuracy=0.7119
[2026-05-08 22:02:29] tfidf_seed42_translated_combined_binary_spa: fusion DT+LR accuracy=0.7458
[2026-05-08 22:02:29] tfidf_seed42_translated_combined_binary_spa: fusion RF+SVM accuracy=0.6949
[2026-05-08 22:02:29] tfidf_seed42_translated_combined_binary_spa: fusion RF+LR accuracy=0.6949
[2026-05-08 22:02:29] tfidf_seed42_translated_combined_binary_spa: fusion SVM+LR accuracy=0.6949
[2026-05-08 22:02:29] tfidf_seed42_translated_combined_binary_spa: fusion DT+RF+SVM accuracy=0.7458
[2026-05-08 22:02:29] tfidf_seed42_translated_combined_binary_spa: fusion DT+RF+LR accuracy=0.7458
[2026-05-08 22:02:29] tfidf_seed42_translated_combined_binary_spa: fusion DT+SVM+LR accuracy=0.7458
[2026-05-08 22:02:29] tfidf_seed42_translated_combined_binary_spa: fusion RF+SVM+LR accuracy=0.7458
[2026-05-08 22:02:29] tfidf_seed42_translated_combined_binary_spa: fusion DT+RF+SVM+LR accuracy=0.7458
