[2026-05-08 21:43:59] tfidf_seed42_multilingual_combined_binary_spa: method=tfidf seed=42 training=multi translated=no task=binary test=spa train=2896 test=59
[2026-05-08 21:43:59] tfidf_seed42_multilingual_combined_binary_spa: fitting DT
[2026-05-08 21:44:01] tfidf_seed42_multilingual_combined_binary_spa: DT accuracy=0.6441 params={'max_depth': 10}
[2026-05-08 21:44:01] tfidf_seed42_multilingual_combined_binary_spa: fitting RF
[2026-05-08 21:44:14] tfidf_seed42_multilingual_combined_binary_spa: RF accuracy=0.6780 params={'n_estimators': 100}
[2026-05-08 21:44:14] tfidf_seed42_multilingual_combined_binary_spa: fitting SVM
[2026-05-08 21:45:22] tfidf_seed42_multilingual_combined_binary_spa: SVM accuracy=0.6610 params={'C': 10, 'kernel': 'rbf'}
[2026-05-08 21:45:22] tfidf_seed42_multilingual_combined_binary_spa: fitting LR
[2026-05-08 21:45:23] tfidf_seed42_multilingual_combined_binary_spa: LR accuracy=0.6949 params={'C': 10}
[2026-05-08 21:45:23] tfidf_seed42_multilingual_combined_binary_spa: fusion DT+RF accuracy=0.6610
[2026-05-08 21:45:23] tfidf_seed42_multilingual_combined_binary_spa: fusion DT+SVM accuracy=0.5932
[2026-05-08 21:45:23] tfidf_seed42_multilingual_combined_binary_spa: fusion DT+LR accuracy=0.6441
[2026-05-08 21:45:23] tfidf_seed42_multilingual_combined_binary_spa: fusion RF+SVM accuracy=0.6441
[2026-05-08 21:45:23] tfidf_seed42_multilingual_combined_binary_spa: fusion RF+LR accuracy=0.6780
[2026-05-08 21:45:23] tfidf_seed42_multilingual_combined_binary_spa: fusion SVM+LR accuracy=0.6610
[2026-05-08 21:45:23] tfidf_seed42_multilingual_combined_binary_spa: fusion DT+RF+SVM accuracy=0.6780
[2026-05-08 21:45:23] tfidf_seed42_multilingual_combined_binary_spa: fusion DT+RF+LR accuracy=0.7288
[2026-05-08 21:45:23] tfidf_seed42_multilingual_combined_binary_spa: fusion DT+SVM+LR accuracy=0.6780
[2026-05-08 21:45:23] tfidf_seed42_multilingual_combined_binary_spa: fusion RF+SVM+LR accuracy=0.6610
[2026-05-08 21:45:23] tfidf_seed42_multilingual_combined_binary_spa: fusion DT+RF+SVM+LR accuracy=0.6780
