[2026-05-09 09:07:07] tfidf_seed44_translated_combined_multiclass_en: method=tfidf seed=44 training=multi translated=yes task=multiclass test=en train=3573 test=272
[2026-05-09 09:07:08] tfidf_seed44_translated_combined_multiclass_en: fitting DT
[2026-05-09 09:07:18] tfidf_seed44_translated_combined_multiclass_en: DT accuracy=0.5551 params={'max_depth': 10}
[2026-05-09 09:07:18] tfidf_seed44_translated_combined_multiclass_en: fitting RF
[2026-05-09 09:08:23] tfidf_seed44_translated_combined_multiclass_en: RF accuracy=0.5993 params={'n_estimators': 50}
[2026-05-09 09:08:23] tfidf_seed44_translated_combined_multiclass_en: fitting SVM
[2026-05-09 09:22:11] tfidf_seed44_translated_combined_multiclass_en: SVM accuracy=0.6654 params={'C': 10, 'kernel': 'rbf'}
[2026-05-09 09:22:11] tfidf_seed44_translated_combined_multiclass_en: fitting LR
[2026-05-09 09:22:19] tfidf_seed44_translated_combined_multiclass_en: LR accuracy=0.6838 params={'C': 10}
[2026-05-09 09:22:19] tfidf_seed44_translated_combined_multiclass_en: fusion DT+RF accuracy=0.5662
[2026-05-09 09:22:19] tfidf_seed44_translated_combined_multiclass_en: fusion DT+SVM accuracy=0.5956
[2026-05-09 09:22:19] tfidf_seed44_translated_combined_multiclass_en: fusion DT+LR accuracy=0.5993
[2026-05-09 09:22:19] tfidf_seed44_translated_combined_multiclass_en: fusion RF+SVM accuracy=0.6728
[2026-05-09 09:22:19] tfidf_seed44_translated_combined_multiclass_en: fusion RF+LR accuracy=0.6801
[2026-05-09 09:22:19] tfidf_seed44_translated_combined_multiclass_en: fusion SVM+LR accuracy=0.6691
[2026-05-09 09:22:19] tfidf_seed44_translated_combined_multiclass_en: fusion DT+RF+SVM accuracy=0.6324
[2026-05-09 09:22:19] tfidf_seed44_translated_combined_multiclass_en: fusion DT+RF+LR accuracy=0.6507
[2026-05-09 09:22:19] tfidf_seed44_translated_combined_multiclass_en: fusion DT+SVM+LR accuracy=0.6654
[2026-05-09 09:22:19] tfidf_seed44_translated_combined_multiclass_en: fusion RF+SVM+LR accuracy=0.6875
[2026-05-09 09:22:19] tfidf_seed44_translated_combined_multiclass_en: fusion DT+RF+SVM+LR accuracy=0.6544
