[2026-05-09 09:52:33] tfidf_seed44_translated_combined_multiclass_spa: method=tfidf seed=44 training=multi translated=yes task=multiclass test=spa train=3573 test=76
[2026-05-09 09:52:33] tfidf_seed44_translated_combined_multiclass_spa: fitting DT
[2026-05-09 09:52:44] tfidf_seed44_translated_combined_multiclass_spa: DT accuracy=0.4868 params={'max_depth': 10}
[2026-05-09 09:52:44] tfidf_seed44_translated_combined_multiclass_spa: fitting RF
[2026-05-09 09:53:52] tfidf_seed44_translated_combined_multiclass_spa: RF accuracy=0.4342 params={'n_estimators': 50}
[2026-05-09 09:53:52] tfidf_seed44_translated_combined_multiclass_spa: fitting SVM
[2026-05-09 10:07:44] tfidf_seed44_translated_combined_multiclass_spa: SVM accuracy=0.3947 params={'C': 10, 'kernel': 'rbf'}
[2026-05-09 10:07:44] tfidf_seed44_translated_combined_multiclass_spa: fitting LR
[2026-05-09 10:07:50] tfidf_seed44_translated_combined_multiclass_spa: LR accuracy=0.5000 params={'C': 10}
[2026-05-09 10:07:50] tfidf_seed44_translated_combined_multiclass_spa: fusion DT+RF accuracy=0.4605
[2026-05-09 10:07:50] tfidf_seed44_translated_combined_multiclass_spa: fusion DT+SVM accuracy=0.4079
[2026-05-09 10:07:50] tfidf_seed44_translated_combined_multiclass_spa: fusion DT+LR accuracy=0.5132
[2026-05-09 10:07:50] tfidf_seed44_translated_combined_multiclass_spa: fusion RF+SVM accuracy=0.3816
[2026-05-09 10:07:50] tfidf_seed44_translated_combined_multiclass_spa: fusion RF+LR accuracy=0.4474
[2026-05-09 10:07:50] tfidf_seed44_translated_combined_multiclass_spa: fusion SVM+LR accuracy=0.4211
[2026-05-09 10:07:50] tfidf_seed44_translated_combined_multiclass_spa: fusion DT+RF+SVM accuracy=0.4211
[2026-05-09 10:07:50] tfidf_seed44_translated_combined_multiclass_spa: fusion DT+RF+LR accuracy=0.4868
[2026-05-09 10:07:50] tfidf_seed44_translated_combined_multiclass_spa: fusion DT+SVM+LR accuracy=0.5000
[2026-05-09 10:07:50] tfidf_seed44_translated_combined_multiclass_spa: fusion RF+SVM+LR accuracy=0.4211
[2026-05-09 10:07:50] tfidf_seed44_translated_combined_multiclass_spa: fusion DT+RF+SVM+LR accuracy=0.4474
