[2026-05-09 14:28:52] tfidf_seed45_translated_combined_binary_cha: method=tfidf seed=45 training=multi translated=yes task=binary test=cha train=2896 test=88
[2026-05-09 14:28:52] tfidf_seed45_translated_combined_binary_cha: fitting DT
[2026-05-09 14:29:00] tfidf_seed45_translated_combined_binary_cha: DT accuracy=0.7273 params={'max_depth': 20}
[2026-05-09 14:29:00] tfidf_seed45_translated_combined_binary_cha: fitting RF
[2026-05-09 14:29:40] tfidf_seed45_translated_combined_binary_cha: RF accuracy=0.8068 params={'n_estimators': 100}
[2026-05-09 14:29:40] tfidf_seed45_translated_combined_binary_cha: fitting SVM
[2026-05-09 14:35:54] tfidf_seed45_translated_combined_binary_cha: SVM accuracy=0.8864 params={'C': 10, 'kernel': 'rbf'}
[2026-05-09 14:35:54] tfidf_seed45_translated_combined_binary_cha: fitting LR
[2026-05-09 14:35:55] tfidf_seed45_translated_combined_binary_cha: LR accuracy=0.8636 params={'C': 1}
[2026-05-09 14:35:55] tfidf_seed45_translated_combined_binary_cha: fusion DT+RF accuracy=0.7500
[2026-05-09 14:35:55] tfidf_seed45_translated_combined_binary_cha: fusion DT+SVM accuracy=0.7841
[2026-05-09 14:35:55] tfidf_seed45_translated_combined_binary_cha: fusion DT+LR accuracy=0.7614
[2026-05-09 14:35:55] tfidf_seed45_translated_combined_binary_cha: fusion RF+SVM accuracy=0.8636
[2026-05-09 14:35:55] tfidf_seed45_translated_combined_binary_cha: fusion RF+LR accuracy=0.8409
[2026-05-09 14:35:55] tfidf_seed45_translated_combined_binary_cha: fusion SVM+LR accuracy=0.8864
[2026-05-09 14:35:55] tfidf_seed45_translated_combined_binary_cha: fusion DT+RF+SVM accuracy=0.8182
[2026-05-09 14:35:55] tfidf_seed45_translated_combined_binary_cha: fusion DT+RF+LR accuracy=0.8409
[2026-05-09 14:35:55] tfidf_seed45_translated_combined_binary_cha: fusion DT+SVM+LR accuracy=0.8523
[2026-05-09 14:35:55] tfidf_seed45_translated_combined_binary_cha: fusion RF+SVM+LR accuracy=0.8523
[2026-05-09 14:35:55] tfidf_seed45_translated_combined_binary_cha: fusion DT+RF+SVM+LR accuracy=0.8409
