[2026-05-08 21:45:23] tfidf_seed42_multilingual_combined_multiclass_en: method=tfidf seed=42 training=multi translated=no task=multiclass test=en train=3573 test=272
[2026-05-08 21:45:24] tfidf_seed42_multilingual_combined_multiclass_en: fitting DT
[2026-05-08 21:45:26] tfidf_seed42_multilingual_combined_multiclass_en: DT accuracy=0.5956 params={'max_depth': 10}
[2026-05-08 21:45:26] tfidf_seed42_multilingual_combined_multiclass_en: fitting RF
[2026-05-08 21:45:46] tfidf_seed42_multilingual_combined_multiclass_en: RF accuracy=0.5993 params={'n_estimators': 50}
[2026-05-08 21:45:46] tfidf_seed42_multilingual_combined_multiclass_en: fitting SVM
[2026-05-08 21:48:00] tfidf_seed42_multilingual_combined_multiclass_en: SVM accuracy=0.5882 params={'C': 1, 'kernel': 'rbf'}
[2026-05-08 21:48:00] tfidf_seed42_multilingual_combined_multiclass_en: fitting LR
[2026-05-08 21:48:03] tfidf_seed42_multilingual_combined_multiclass_en: LR accuracy=0.6912 params={'C': 10}
[2026-05-08 21:48:03] tfidf_seed42_multilingual_combined_multiclass_en: fusion DT+RF accuracy=0.5956
[2026-05-08 21:48:03] tfidf_seed42_multilingual_combined_multiclass_en: fusion DT+SVM accuracy=0.6287
[2026-05-08 21:48:03] tfidf_seed42_multilingual_combined_multiclass_en: fusion DT+LR accuracy=0.6581
[2026-05-08 21:48:03] tfidf_seed42_multilingual_combined_multiclass_en: fusion RF+SVM accuracy=0.6838
[2026-05-08 21:48:03] tfidf_seed42_multilingual_combined_multiclass_en: fusion RF+LR accuracy=0.6765
[2026-05-08 21:48:03] tfidf_seed42_multilingual_combined_multiclass_en: fusion SVM+LR accuracy=0.6985
[2026-05-08 21:48:03] tfidf_seed42_multilingual_combined_multiclass_en: fusion DT+RF+SVM accuracy=0.6471
[2026-05-08 21:48:03] tfidf_seed42_multilingual_combined_multiclass_en: fusion DT+RF+LR accuracy=0.6691
[2026-05-08 21:48:03] tfidf_seed42_multilingual_combined_multiclass_en: fusion DT+SVM+LR accuracy=0.6765
[2026-05-08 21:48:03] tfidf_seed42_multilingual_combined_multiclass_en: fusion RF+SVM+LR accuracy=0.6875
[2026-05-08 21:48:03] tfidf_seed42_multilingual_combined_multiclass_en: fusion DT+RF+SVM+LR accuracy=0.6728
