[2026-05-09 02:17:38] tfidf_seed43_multilingual_combined_multiclass_en: method=tfidf seed=43 training=multi translated=no task=multiclass test=en train=3573 test=272
[2026-05-09 02:17:39] tfidf_seed43_multilingual_combined_multiclass_en: fitting DT
[2026-05-09 02:17:49] tfidf_seed43_multilingual_combined_multiclass_en: DT accuracy=0.6213 params={'max_depth': 10}
[2026-05-09 02:17:49] tfidf_seed43_multilingual_combined_multiclass_en: fitting RF
[2026-05-09 02:19:18] tfidf_seed43_multilingual_combined_multiclass_en: RF accuracy=0.6213 params={'n_estimators': 100}
[2026-05-09 02:19:18] tfidf_seed43_multilingual_combined_multiclass_en: fitting SVM
[2026-05-09 02:29:29] tfidf_seed43_multilingual_combined_multiclass_en: SVM accuracy=0.5882 params={'C': 1, 'kernel': 'rbf'}
[2026-05-09 02:29:29] tfidf_seed43_multilingual_combined_multiclass_en: fitting LR
[2026-05-09 02:29:36] tfidf_seed43_multilingual_combined_multiclass_en: LR accuracy=0.7022 params={'C': 10}
[2026-05-09 02:29:36] tfidf_seed43_multilingual_combined_multiclass_en: fusion DT+RF accuracy=0.6213
[2026-05-09 02:29:36] tfidf_seed43_multilingual_combined_multiclass_en: fusion DT+SVM accuracy=0.6250
[2026-05-09 02:29:36] tfidf_seed43_multilingual_combined_multiclass_en: fusion DT+LR accuracy=0.6434
[2026-05-09 02:29:36] tfidf_seed43_multilingual_combined_multiclass_en: fusion RF+SVM accuracy=0.6728
[2026-05-09 02:29:36] tfidf_seed43_multilingual_combined_multiclass_en: fusion RF+LR accuracy=0.6985
[2026-05-09 02:29:36] tfidf_seed43_multilingual_combined_multiclass_en: fusion SVM+LR accuracy=0.6985
[2026-05-09 02:29:36] tfidf_seed43_multilingual_combined_multiclass_en: fusion DT+RF+SVM accuracy=0.6691
[2026-05-09 02:29:36] tfidf_seed43_multilingual_combined_multiclass_en: fusion DT+RF+LR accuracy=0.6728
[2026-05-09 02:29:36] tfidf_seed43_multilingual_combined_multiclass_en: fusion DT+SVM+LR accuracy=0.7059
[2026-05-09 02:29:36] tfidf_seed43_multilingual_combined_multiclass_en: fusion RF+SVM+LR accuracy=0.7022
[2026-05-09 02:29:36] tfidf_seed43_multilingual_combined_multiclass_en: fusion DT+RF+SVM+LR accuracy=0.6728
