[2026-05-08 21:42:34] tfidf_seed42_multilingual_combined_binary_cha: method=tfidf seed=42 training=multi translated=no task=binary test=cha train=2896 test=88
[2026-05-08 21:42:34] tfidf_seed42_multilingual_combined_binary_cha: fitting DT
[2026-05-08 21:42:36] tfidf_seed42_multilingual_combined_binary_cha: DT accuracy=0.6591 params={'max_depth': 10}
[2026-05-08 21:42:36] tfidf_seed42_multilingual_combined_binary_cha: fitting RF
[2026-05-08 21:42:50] tfidf_seed42_multilingual_combined_binary_cha: RF accuracy=0.6705 params={'n_estimators': 100}
[2026-05-08 21:42:50] tfidf_seed42_multilingual_combined_binary_cha: fitting SVM
[2026-05-08 21:43:57] tfidf_seed42_multilingual_combined_binary_cha: SVM accuracy=0.7159 params={'C': 10, 'kernel': 'rbf'}
[2026-05-08 21:43:57] tfidf_seed42_multilingual_combined_binary_cha: fitting LR
[2026-05-08 21:43:58] tfidf_seed42_multilingual_combined_binary_cha: LR accuracy=0.7159 params={'C': 10}
[2026-05-08 21:43:58] tfidf_seed42_multilingual_combined_binary_cha: fusion DT+RF accuracy=0.6591
[2026-05-08 21:43:58] tfidf_seed42_multilingual_combined_binary_cha: fusion DT+SVM accuracy=0.7045
[2026-05-08 21:43:58] tfidf_seed42_multilingual_combined_binary_cha: fusion DT+LR accuracy=0.7159
[2026-05-08 21:43:58] tfidf_seed42_multilingual_combined_binary_cha: fusion RF+SVM accuracy=0.7159
[2026-05-08 21:43:58] tfidf_seed42_multilingual_combined_binary_cha: fusion RF+LR accuracy=0.7159
[2026-05-08 21:43:58] tfidf_seed42_multilingual_combined_binary_cha: fusion SVM+LR accuracy=0.7159
[2026-05-08 21:43:58] tfidf_seed42_multilingual_combined_binary_cha: fusion DT+RF+SVM accuracy=0.6705
[2026-05-08 21:43:58] tfidf_seed42_multilingual_combined_binary_cha: fusion DT+RF+LR accuracy=0.6705
[2026-05-08 21:43:58] tfidf_seed42_multilingual_combined_binary_cha: fusion DT+SVM+LR accuracy=0.7159
[2026-05-08 21:43:58] tfidf_seed42_multilingual_combined_binary_cha: fusion RF+SVM+LR accuracy=0.7159
[2026-05-08 21:43:58] tfidf_seed42_multilingual_combined_binary_cha: fusion DT+RF+SVM+LR accuracy=0.7159
