[2026-05-09 08:38:45] tfidf_seed44_translated_combined_binary_en: method=tfidf seed=44 training=multi translated=yes task=binary test=en train=2896 test=194
[2026-05-09 08:38:46] tfidf_seed44_translated_combined_binary_en: fitting DT
[2026-05-09 08:38:54] tfidf_seed44_translated_combined_binary_en: DT accuracy=0.8041 params={'max_depth': 30}
[2026-05-09 08:38:54] tfidf_seed44_translated_combined_binary_en: fitting RF
[2026-05-09 08:39:36] tfidf_seed44_translated_combined_binary_en: RF accuracy=0.8351 params={'n_estimators': 200}
[2026-05-09 08:39:36] tfidf_seed44_translated_combined_binary_en: fitting SVM
[2026-05-09 08:45:50] tfidf_seed44_translated_combined_binary_en: SVM accuracy=0.8711 params={'C': 10, 'kernel': 'rbf'}
[2026-05-09 08:45:50] tfidf_seed44_translated_combined_binary_en: fitting LR
[2026-05-09 08:45:50] tfidf_seed44_translated_combined_binary_en: LR accuracy=0.8247 params={'C': 1}
[2026-05-09 08:45:50] tfidf_seed44_translated_combined_binary_en: fusion DT+RF accuracy=0.8041
[2026-05-09 08:45:50] tfidf_seed44_translated_combined_binary_en: fusion DT+SVM accuracy=0.8041
[2026-05-09 08:45:50] tfidf_seed44_translated_combined_binary_en: fusion DT+LR accuracy=0.8041
[2026-05-09 08:45:50] tfidf_seed44_translated_combined_binary_en: fusion RF+SVM accuracy=0.8711
[2026-05-09 08:45:50] tfidf_seed44_translated_combined_binary_en: fusion RF+LR accuracy=0.8505
[2026-05-09 08:45:50] tfidf_seed44_translated_combined_binary_en: fusion SVM+LR accuracy=0.8711
[2026-05-09 08:45:50] tfidf_seed44_translated_combined_binary_en: fusion DT+RF+SVM accuracy=0.8505
[2026-05-09 08:45:50] tfidf_seed44_translated_combined_binary_en: fusion DT+RF+LR accuracy=0.8402
[2026-05-09 08:45:50] tfidf_seed44_translated_combined_binary_en: fusion DT+SVM+LR accuracy=0.8505
[2026-05-09 08:45:50] tfidf_seed44_translated_combined_binary_en: fusion RF+SVM+LR accuracy=0.8608
[2026-05-09 08:45:50] tfidf_seed44_translated_combined_binary_en: fusion DT+RF+SVM+LR accuracy=0.8402
