[2026-05-09 18:49:33] tfidf_seed46_monolingual_multiclass_cha: method=tfidf seed=46 training=mono translated=no task=multiclass test=cha train=610 test=153
[2026-05-09 18:49:33] tfidf_seed46_monolingual_multiclass_cha: fitting DT
[2026-05-09 18:49:34] tfidf_seed46_monolingual_multiclass_cha: DT accuracy=0.4314 params={'max_depth': 20}
[2026-05-09 18:49:34] tfidf_seed46_monolingual_multiclass_cha: fitting RF
[2026-05-09 18:49:49] tfidf_seed46_monolingual_multiclass_cha: RF accuracy=0.4706 params={'n_estimators': 200}
[2026-05-09 18:49:49] tfidf_seed46_monolingual_multiclass_cha: fitting SVM
[2026-05-09 18:49:52] tfidf_seed46_monolingual_multiclass_cha: SVM accuracy=0.4444 params={'C': 10, 'kernel': 'linear'}
[2026-05-09 18:49:52] tfidf_seed46_monolingual_multiclass_cha: fitting LR
[2026-05-09 18:49:53] tfidf_seed46_monolingual_multiclass_cha: LR accuracy=0.4641 params={'C': 10}
[2026-05-09 18:49:53] tfidf_seed46_monolingual_multiclass_cha: fusion DT+RF accuracy=0.4314
[2026-05-09 18:49:53] tfidf_seed46_monolingual_multiclass_cha: fusion DT+SVM accuracy=0.4379
[2026-05-09 18:49:53] tfidf_seed46_monolingual_multiclass_cha: fusion DT+LR accuracy=0.4510
[2026-05-09 18:49:53] tfidf_seed46_monolingual_multiclass_cha: fusion RF+SVM accuracy=0.4575
[2026-05-09 18:49:53] tfidf_seed46_monolingual_multiclass_cha: fusion RF+LR accuracy=0.4706
[2026-05-09 18:49:53] tfidf_seed46_monolingual_multiclass_cha: fusion SVM+LR accuracy=0.4379
[2026-05-09 18:49:53] tfidf_seed46_monolingual_multiclass_cha: fusion DT+RF+SVM accuracy=0.4641
[2026-05-09 18:49:53] tfidf_seed46_monolingual_multiclass_cha: fusion DT+RF+LR accuracy=0.4771
[2026-05-09 18:49:53] tfidf_seed46_monolingual_multiclass_cha: fusion DT+SVM+LR accuracy=0.4575
[2026-05-09 18:49:53] tfidf_seed46_monolingual_multiclass_cha: fusion RF+SVM+LR accuracy=0.4641
[2026-05-09 18:49:53] tfidf_seed46_monolingual_multiclass_cha: fusion DT+RF+SVM+LR accuracy=0.4706
