[2026-05-09 13:07:24] tfidf_seed45_multilingual_combined_binary_gr: method=tfidf seed=45 training=multi translated=no task=binary test=gr train=2896 test=43
[2026-05-09 13:07:24] tfidf_seed45_multilingual_combined_binary_gr: fitting DT
[2026-05-09 13:07:32] tfidf_seed45_multilingual_combined_binary_gr: DT accuracy=0.6512 params={'max_depth': 10}
[2026-05-09 13:07:32] tfidf_seed45_multilingual_combined_binary_gr: fitting RF
[2026-05-09 13:08:20] tfidf_seed45_multilingual_combined_binary_gr: RF accuracy=0.6047 params={'n_estimators': 50}
[2026-05-09 13:08:20] tfidf_seed45_multilingual_combined_binary_gr: fitting SVM
[2026-05-09 13:13:28] tfidf_seed45_multilingual_combined_binary_gr: SVM accuracy=0.7442 params={'C': 10, 'kernel': 'rbf'}
[2026-05-09 13:13:28] tfidf_seed45_multilingual_combined_binary_gr: fitting LR
[2026-05-09 13:13:29] tfidf_seed45_multilingual_combined_binary_gr: LR accuracy=0.7442 params={'C': 10}
[2026-05-09 13:13:29] tfidf_seed45_multilingual_combined_binary_gr: fusion DT+RF accuracy=0.7209
[2026-05-09 13:13:29] tfidf_seed45_multilingual_combined_binary_gr: fusion DT+SVM accuracy=0.7674
[2026-05-09 13:13:29] tfidf_seed45_multilingual_combined_binary_gr: fusion DT+LR accuracy=0.7209
[2026-05-09 13:13:29] tfidf_seed45_multilingual_combined_binary_gr: fusion RF+SVM accuracy=0.7442
[2026-05-09 13:13:29] tfidf_seed45_multilingual_combined_binary_gr: fusion RF+LR accuracy=0.7674
[2026-05-09 13:13:29] tfidf_seed45_multilingual_combined_binary_gr: fusion SVM+LR accuracy=0.7442
[2026-05-09 13:13:29] tfidf_seed45_multilingual_combined_binary_gr: fusion DT+RF+SVM accuracy=0.7209
[2026-05-09 13:13:29] tfidf_seed45_multilingual_combined_binary_gr: fusion DT+RF+LR accuracy=0.7209
[2026-05-09 13:13:29] tfidf_seed45_multilingual_combined_binary_gr: fusion DT+SVM+LR accuracy=0.7442
[2026-05-09 13:13:29] tfidf_seed45_multilingual_combined_binary_gr: fusion RF+SVM+LR accuracy=0.7442
[2026-05-09 13:13:29] tfidf_seed45_multilingual_combined_binary_gr: fusion DT+RF+SVM+LR accuracy=0.7674
