[2026-05-09 12:52:12] tfidf_seed45_monolingual_binary_gr: method=tfidf seed=45 training=mono translated=no task=binary test=gr train=172 test=43
[2026-05-09 12:52:12] tfidf_seed45_monolingual_binary_gr: fitting DT
[2026-05-09 12:52:12] tfidf_seed45_monolingual_binary_gr: DT accuracy=0.8140 params={'max_depth': 20}
[2026-05-09 12:52:12] tfidf_seed45_monolingual_binary_gr: fitting RF
[2026-05-09 12:52:15] tfidf_seed45_monolingual_binary_gr: RF accuracy=0.7442 params={'n_estimators': 100}
[2026-05-09 12:52:15] tfidf_seed45_monolingual_binary_gr: fitting SVM
[2026-05-09 12:52:16] tfidf_seed45_monolingual_binary_gr: SVM accuracy=0.8140 params={'C': 1, 'kernel': 'linear'}
[2026-05-09 12:52:16] tfidf_seed45_monolingual_binary_gr: fitting LR
[2026-05-09 12:52:16] tfidf_seed45_monolingual_binary_gr: LR accuracy=0.8140 params={'C': 10}
[2026-05-09 12:52:16] tfidf_seed45_monolingual_binary_gr: fusion DT+RF accuracy=0.8140
[2026-05-09 12:52:16] tfidf_seed45_monolingual_binary_gr: fusion DT+SVM accuracy=0.8140
[2026-05-09 12:52:16] tfidf_seed45_monolingual_binary_gr: fusion DT+LR accuracy=0.8140
[2026-05-09 12:52:16] tfidf_seed45_monolingual_binary_gr: fusion RF+SVM accuracy=0.7907
[2026-05-09 12:52:16] tfidf_seed45_monolingual_binary_gr: fusion RF+LR accuracy=0.7907
[2026-05-09 12:52:16] tfidf_seed45_monolingual_binary_gr: fusion SVM+LR accuracy=0.8372
[2026-05-09 12:52:16] tfidf_seed45_monolingual_binary_gr: fusion DT+RF+SVM accuracy=0.8140
[2026-05-09 12:52:16] tfidf_seed45_monolingual_binary_gr: fusion DT+RF+LR accuracy=0.8140
[2026-05-09 12:52:16] tfidf_seed45_monolingual_binary_gr: fusion DT+SVM+LR accuracy=0.8372
[2026-05-09 12:52:16] tfidf_seed45_monolingual_binary_gr: fusion RF+SVM+LR accuracy=0.8372
[2026-05-09 12:52:16] tfidf_seed45_monolingual_binary_gr: fusion DT+RF+SVM+LR accuracy=0.8372
