[2026-05-09 08:45:51] tfidf_seed44_translated_combined_binary_gr: method=tfidf seed=44 training=multi translated=yes task=binary test=gr train=2896 test=43
[2026-05-09 08:45:51] tfidf_seed44_translated_combined_binary_gr: fitting DT
[2026-05-09 08:45:59] tfidf_seed44_translated_combined_binary_gr: DT accuracy=0.5814 params={'max_depth': 30}
[2026-05-09 08:45:59] tfidf_seed44_translated_combined_binary_gr: fitting RF
[2026-05-09 08:46:41] tfidf_seed44_translated_combined_binary_gr: RF accuracy=0.7674 params={'n_estimators': 200}
[2026-05-09 08:46:41] tfidf_seed44_translated_combined_binary_gr: fitting SVM
[2026-05-09 08:52:55] tfidf_seed44_translated_combined_binary_gr: SVM accuracy=0.7907 params={'C': 10, 'kernel': 'rbf'}
[2026-05-09 08:52:55] tfidf_seed44_translated_combined_binary_gr: fitting LR
[2026-05-09 08:52:56] tfidf_seed44_translated_combined_binary_gr: LR accuracy=0.6047 params={'C': 1}
[2026-05-09 08:52:56] tfidf_seed44_translated_combined_binary_gr: fusion DT+RF accuracy=0.5814
[2026-05-09 08:52:56] tfidf_seed44_translated_combined_binary_gr: fusion DT+SVM accuracy=0.5814
[2026-05-09 08:52:56] tfidf_seed44_translated_combined_binary_gr: fusion DT+LR accuracy=0.5814
[2026-05-09 08:52:56] tfidf_seed44_translated_combined_binary_gr: fusion RF+SVM accuracy=0.7674
[2026-05-09 08:52:56] tfidf_seed44_translated_combined_binary_gr: fusion RF+LR accuracy=0.6512
[2026-05-09 08:52:56] tfidf_seed44_translated_combined_binary_gr: fusion SVM+LR accuracy=0.7209
[2026-05-09 08:52:56] tfidf_seed44_translated_combined_binary_gr: fusion DT+RF+SVM accuracy=0.7907
[2026-05-09 08:52:56] tfidf_seed44_translated_combined_binary_gr: fusion DT+RF+LR accuracy=0.6512
[2026-05-09 08:52:56] tfidf_seed44_translated_combined_binary_gr: fusion DT+SVM+LR accuracy=0.6977
[2026-05-09 08:52:56] tfidf_seed44_translated_combined_binary_gr: fusion RF+SVM+LR accuracy=0.6977
[2026-05-09 08:52:56] tfidf_seed44_translated_combined_binary_gr: fusion DT+RF+SVM+LR accuracy=0.7209
