[2026-05-09 09:37:28] tfidf_seed44_translated_combined_multiclass_cha: method=tfidf seed=44 training=multi translated=yes task=multiclass test=cha train=3573 test=153
[2026-05-09 09:37:28] tfidf_seed44_translated_combined_multiclass_cha: fitting DT
[2026-05-09 09:37:39] tfidf_seed44_translated_combined_multiclass_cha: DT accuracy=0.5490 params={'max_depth': 10}
[2026-05-09 09:37:39] tfidf_seed44_translated_combined_multiclass_cha: fitting RF
[2026-05-09 09:38:44] tfidf_seed44_translated_combined_multiclass_cha: RF accuracy=0.5621 params={'n_estimators': 50}
[2026-05-09 09:38:44] tfidf_seed44_translated_combined_multiclass_cha: fitting SVM
[2026-05-09 09:52:25] tfidf_seed44_translated_combined_multiclass_cha: SVM accuracy=0.6275 params={'C': 10, 'kernel': 'rbf'}
[2026-05-09 09:52:25] tfidf_seed44_translated_combined_multiclass_cha: fitting LR
[2026-05-09 09:52:32] tfidf_seed44_translated_combined_multiclass_cha: LR accuracy=0.6013 params={'C': 10}
[2026-05-09 09:52:32] tfidf_seed44_translated_combined_multiclass_cha: fusion DT+RF accuracy=0.5752
[2026-05-09 09:52:32] tfidf_seed44_translated_combined_multiclass_cha: fusion DT+SVM accuracy=0.6013
[2026-05-09 09:52:32] tfidf_seed44_translated_combined_multiclass_cha: fusion DT+LR accuracy=0.5948
[2026-05-09 09:52:32] tfidf_seed44_translated_combined_multiclass_cha: fusion RF+SVM accuracy=0.6732
[2026-05-09 09:52:32] tfidf_seed44_translated_combined_multiclass_cha: fusion RF+LR accuracy=0.6405
[2026-05-09 09:52:32] tfidf_seed44_translated_combined_multiclass_cha: fusion SVM+LR accuracy=0.6144
[2026-05-09 09:52:32] tfidf_seed44_translated_combined_multiclass_cha: fusion DT+RF+SVM accuracy=0.6667
[2026-05-09 09:52:32] tfidf_seed44_translated_combined_multiclass_cha: fusion DT+RF+LR accuracy=0.6732
[2026-05-09 09:52:32] tfidf_seed44_translated_combined_multiclass_cha: fusion DT+SVM+LR accuracy=0.6405
[2026-05-09 09:52:32] tfidf_seed44_translated_combined_multiclass_cha: fusion RF+SVM+LR accuracy=0.6275
[2026-05-09 09:52:32] tfidf_seed44_translated_combined_multiclass_cha: fusion DT+RF+SVM+LR accuracy=0.6667
