[2026-05-09 01:39:58] tfidf_seed43_monolingual_binary_en: method=tfidf seed=43 training=mono translated=no task=binary test=en train=2140 test=194
[2026-05-09 01:39:58] tfidf_seed43_monolingual_binary_en: fitting DT
[2026-05-09 01:40:04] tfidf_seed43_monolingual_binary_en: DT accuracy=0.7320 params={'max_depth': 10}
[2026-05-09 01:40:04] tfidf_seed43_monolingual_binary_en: fitting RF
[2026-05-09 01:40:28] tfidf_seed43_monolingual_binary_en: RF accuracy=0.8608 params={'n_estimators': 200}
[2026-05-09 01:40:28] tfidf_seed43_monolingual_binary_en: fitting SVM
[2026-05-09 01:44:23] tfidf_seed43_monolingual_binary_en: SVM accuracy=0.9021 params={'C': 10, 'kernel': 'rbf'}
[2026-05-09 01:44:23] tfidf_seed43_monolingual_binary_en: fitting LR
[2026-05-09 01:44:23] tfidf_seed43_monolingual_binary_en: LR accuracy=0.8814 params={'C': 10}
[2026-05-09 01:44:23] tfidf_seed43_monolingual_binary_en: fusion DT+RF accuracy=0.7423
[2026-05-09 01:44:23] tfidf_seed43_monolingual_binary_en: fusion DT+SVM accuracy=0.7474
[2026-05-09 01:44:23] tfidf_seed43_monolingual_binary_en: fusion DT+LR accuracy=0.7526
[2026-05-09 01:44:23] tfidf_seed43_monolingual_binary_en: fusion RF+SVM accuracy=0.8918
[2026-05-09 01:44:23] tfidf_seed43_monolingual_binary_en: fusion RF+LR accuracy=0.8969
[2026-05-09 01:44:23] tfidf_seed43_monolingual_binary_en: fusion SVM+LR accuracy=0.8918
[2026-05-09 01:44:23] tfidf_seed43_monolingual_binary_en: fusion DT+RF+SVM accuracy=0.8660
[2026-05-09 01:44:23] tfidf_seed43_monolingual_binary_en: fusion DT+RF+LR accuracy=0.8557
[2026-05-09 01:44:23] tfidf_seed43_monolingual_binary_en: fusion DT+SVM+LR accuracy=0.8969
[2026-05-09 01:44:23] tfidf_seed43_monolingual_binary_en: fusion RF+SVM+LR accuracy=0.8969
[2026-05-09 01:44:23] tfidf_seed43_monolingual_binary_en: fusion DT+RF+SVM+LR accuracy=0.8763
