[2026-05-09 07:27:14] tfidf_seed44_monolingual_multiclass_cha: method=tfidf seed=44 training=mono translated=no task=multiclass test=cha train=610 test=153
[2026-05-09 07:27:14] tfidf_seed44_monolingual_multiclass_cha: fitting DT
[2026-05-09 07:27:14] tfidf_seed44_monolingual_multiclass_cha: DT accuracy=0.4379 params={'max_depth': 10}
[2026-05-09 07:27:14] tfidf_seed44_monolingual_multiclass_cha: fitting RF
[2026-05-09 07:27:28] tfidf_seed44_monolingual_multiclass_cha: RF accuracy=0.4575 params={'n_estimators': 50}
[2026-05-09 07:27:28] tfidf_seed44_monolingual_multiclass_cha: fitting SVM
[2026-05-09 07:27:32] tfidf_seed44_monolingual_multiclass_cha: SVM accuracy=0.5033 params={'C': 1, 'kernel': 'linear'}
[2026-05-09 07:27:32] tfidf_seed44_monolingual_multiclass_cha: fitting LR
[2026-05-09 07:27:33] tfidf_seed44_monolingual_multiclass_cha: LR accuracy=0.5163 params={'C': 10}
[2026-05-09 07:27:33] tfidf_seed44_monolingual_multiclass_cha: fusion DT+RF accuracy=0.4510
[2026-05-09 07:27:33] tfidf_seed44_monolingual_multiclass_cha: fusion DT+SVM accuracy=0.4771
[2026-05-09 07:27:33] tfidf_seed44_monolingual_multiclass_cha: fusion DT+LR accuracy=0.4706
[2026-05-09 07:27:33] tfidf_seed44_monolingual_multiclass_cha: fusion RF+SVM accuracy=0.4837
[2026-05-09 07:27:33] tfidf_seed44_monolingual_multiclass_cha: fusion RF+LR accuracy=0.4902
[2026-05-09 07:27:33] tfidf_seed44_monolingual_multiclass_cha: fusion SVM+LR accuracy=0.5163
[2026-05-09 07:27:33] tfidf_seed44_monolingual_multiclass_cha: fusion DT+RF+SVM accuracy=0.4706
[2026-05-09 07:27:33] tfidf_seed44_monolingual_multiclass_cha: fusion DT+RF+LR accuracy=0.4771
[2026-05-09 07:27:33] tfidf_seed44_monolingual_multiclass_cha: fusion DT+SVM+LR accuracy=0.4967
[2026-05-09 07:27:33] tfidf_seed44_monolingual_multiclass_cha: fusion RF+SVM+LR accuracy=0.5033
[2026-05-09 07:27:33] tfidf_seed44_monolingual_multiclass_cha: fusion DT+RF+SVM+LR accuracy=0.4837
