[2026-05-09 07:27:42] tfidf_seed44_multilingual_combined_binary_en: method=tfidf seed=44 training=multi translated=no task=binary test=en train=2896 test=194
[2026-05-09 07:27:43] tfidf_seed44_multilingual_combined_binary_en: fitting DT
[2026-05-09 07:27:51] tfidf_seed44_multilingual_combined_binary_en: DT accuracy=0.8093 params={'max_depth': 10}
[2026-05-09 07:27:51] tfidf_seed44_multilingual_combined_binary_en: fitting RF
[2026-05-09 07:28:38] tfidf_seed44_multilingual_combined_binary_en: RF accuracy=0.8247 params={'n_estimators': 100}
[2026-05-09 07:28:38] tfidf_seed44_multilingual_combined_binary_en: fitting SVM
[2026-05-09 07:33:32] tfidf_seed44_multilingual_combined_binary_en: SVM accuracy=0.8144 params={'C': 0.1, 'kernel': 'linear'}
[2026-05-09 07:33:32] tfidf_seed44_multilingual_combined_binary_en: fitting LR
[2026-05-09 07:33:34] tfidf_seed44_multilingual_combined_binary_en: LR accuracy=0.8711 params={'C': 10}
[2026-05-09 07:33:34] tfidf_seed44_multilingual_combined_binary_en: fusion DT+RF accuracy=0.8144
[2026-05-09 07:33:34] tfidf_seed44_multilingual_combined_binary_en: fusion DT+SVM accuracy=0.8041
[2026-05-09 07:33:34] tfidf_seed44_multilingual_combined_binary_en: fusion DT+LR accuracy=0.8402
[2026-05-09 07:33:34] tfidf_seed44_multilingual_combined_binary_en: fusion RF+SVM accuracy=0.8299
[2026-05-09 07:33:34] tfidf_seed44_multilingual_combined_binary_en: fusion RF+LR accuracy=0.8763
[2026-05-09 07:33:34] tfidf_seed44_multilingual_combined_binary_en: fusion SVM+LR accuracy=0.8660
[2026-05-09 07:33:34] tfidf_seed44_multilingual_combined_binary_en: fusion DT+RF+SVM accuracy=0.8351
[2026-05-09 07:33:34] tfidf_seed44_multilingual_combined_binary_en: fusion DT+RF+LR accuracy=0.8402
[2026-05-09 07:33:34] tfidf_seed44_multilingual_combined_binary_en: fusion DT+SVM+LR accuracy=0.8660
[2026-05-09 07:33:34] tfidf_seed44_multilingual_combined_binary_en: fusion RF+SVM+LR accuracy=0.8711
[2026-05-09 07:33:34] tfidf_seed44_multilingual_combined_binary_en: fusion DT+RF+SVM+LR accuracy=0.8454
