[2026-05-09 01:44:41] tfidf_seed43_monolingual_multiclass_en: method=tfidf seed=43 training=mono translated=no task=multiclass test=en train=2449 test=272
[2026-05-09 01:44:42] tfidf_seed43_monolingual_multiclass_en: fitting DT
[2026-05-09 01:44:49] tfidf_seed43_monolingual_multiclass_en: DT accuracy=0.6140 params={'max_depth': 10}
[2026-05-09 01:44:49] tfidf_seed43_monolingual_multiclass_en: fitting RF
[2026-05-09 01:45:21] tfidf_seed43_monolingual_multiclass_en: RF accuracy=0.6434 params={'n_estimators': 100}
[2026-05-09 01:45:21] tfidf_seed43_monolingual_multiclass_en: fitting SVM
[2026-05-09 01:52:57] tfidf_seed43_monolingual_multiclass_en: SVM accuracy=0.7132 params={'C': 10, 'kernel': 'rbf'}
[2026-05-09 01:52:57] tfidf_seed43_monolingual_multiclass_en: fitting LR
[2026-05-09 01:53:01] tfidf_seed43_monolingual_multiclass_en: LR accuracy=0.7059 params={'C': 10}
[2026-05-09 01:53:01] tfidf_seed43_monolingual_multiclass_en: fusion DT+RF accuracy=0.6103
[2026-05-09 01:53:01] tfidf_seed43_monolingual_multiclass_en: fusion DT+SVM accuracy=0.6213
[2026-05-09 01:53:01] tfidf_seed43_monolingual_multiclass_en: fusion DT+LR accuracy=0.6250
[2026-05-09 01:53:01] tfidf_seed43_monolingual_multiclass_en: fusion RF+SVM accuracy=0.7022
[2026-05-09 01:53:01] tfidf_seed43_monolingual_multiclass_en: fusion RF+LR accuracy=0.7059
[2026-05-09 01:53:01] tfidf_seed43_monolingual_multiclass_en: fusion SVM+LR accuracy=0.7132
[2026-05-09 01:53:01] tfidf_seed43_monolingual_multiclass_en: fusion DT+RF+SVM accuracy=0.6875
[2026-05-09 01:53:01] tfidf_seed43_monolingual_multiclass_en: fusion DT+RF+LR accuracy=0.6801
[2026-05-09 01:53:01] tfidf_seed43_monolingual_multiclass_en: fusion DT+SVM+LR accuracy=0.7169
[2026-05-09 01:53:01] tfidf_seed43_monolingual_multiclass_en: fusion RF+SVM+LR accuracy=0.7059
[2026-05-09 01:53:01] tfidf_seed43_monolingual_multiclass_en: fusion DT+RF+SVM+LR accuracy=0.6912
