[2026-05-09 19:49:20] tfidf_seed46_multilingual_combined_multiclass_spa: method=tfidf seed=46 training=multi translated=no task=multiclass test=spa train=3573 test=76
[2026-05-09 19:49:20] tfidf_seed46_multilingual_combined_multiclass_spa: fitting DT
[2026-05-09 19:49:31] tfidf_seed46_multilingual_combined_multiclass_spa: DT accuracy=0.4868 params={'max_depth': 30}
[2026-05-09 19:49:31] tfidf_seed46_multilingual_combined_multiclass_spa: fitting RF
[2026-05-09 19:50:57] tfidf_seed46_multilingual_combined_multiclass_spa: RF accuracy=0.5789 params={'n_estimators': 50}
[2026-05-09 19:50:57] tfidf_seed46_multilingual_combined_multiclass_spa: fitting SVM
[2026-05-09 20:01:12] tfidf_seed46_multilingual_combined_multiclass_spa: SVM accuracy=0.4211 params={'C': 1, 'kernel': 'rbf'}
[2026-05-09 20:01:12] tfidf_seed46_multilingual_combined_multiclass_spa: fitting LR
[2026-05-09 20:01:19] tfidf_seed46_multilingual_combined_multiclass_spa: LR accuracy=0.4868 params={'C': 10}
[2026-05-09 20:01:19] tfidf_seed46_multilingual_combined_multiclass_spa: fusion DT+RF accuracy=0.5132
[2026-05-09 20:01:19] tfidf_seed46_multilingual_combined_multiclass_spa: fusion DT+SVM accuracy=0.5263
[2026-05-09 20:01:19] tfidf_seed46_multilingual_combined_multiclass_spa: fusion DT+LR accuracy=0.5132
[2026-05-09 20:01:19] tfidf_seed46_multilingual_combined_multiclass_spa: fusion RF+SVM accuracy=0.5263
[2026-05-09 20:01:19] tfidf_seed46_multilingual_combined_multiclass_spa: fusion RF+LR accuracy=0.5526
[2026-05-09 20:01:19] tfidf_seed46_multilingual_combined_multiclass_spa: fusion SVM+LR accuracy=0.5000
[2026-05-09 20:01:19] tfidf_seed46_multilingual_combined_multiclass_spa: fusion DT+RF+SVM accuracy=0.5132
[2026-05-09 20:01:19] tfidf_seed46_multilingual_combined_multiclass_spa: fusion DT+RF+LR accuracy=0.5526
[2026-05-09 20:01:19] tfidf_seed46_multilingual_combined_multiclass_spa: fusion DT+SVM+LR accuracy=0.5395
[2026-05-09 20:01:19] tfidf_seed46_multilingual_combined_multiclass_spa: fusion RF+SVM+LR accuracy=0.5000
[2026-05-09 20:01:19] tfidf_seed46_multilingual_combined_multiclass_spa: fusion DT+RF+SVM+LR accuracy=0.5395
