[2026-05-09 13:25:29] tfidf_seed45_multilingual_combined_multiclass_en: method=tfidf seed=45 training=multi translated=no task=multiclass test=en train=3573 test=272
[2026-05-09 13:25:29] tfidf_seed45_multilingual_combined_multiclass_en: fitting DT
[2026-05-09 13:25:40] tfidf_seed45_multilingual_combined_multiclass_en: DT accuracy=0.5184 params={'max_depth': 20}
[2026-05-09 13:25:40] tfidf_seed45_multilingual_combined_multiclass_en: fitting RF
[2026-05-09 13:27:07] tfidf_seed45_multilingual_combined_multiclass_en: RF accuracy=0.6103 params={'n_estimators': 50}
[2026-05-09 13:27:07] tfidf_seed45_multilingual_combined_multiclass_en: fitting SVM
[2026-05-09 13:37:27] tfidf_seed45_multilingual_combined_multiclass_en: SVM accuracy=0.6213 params={'C': 1, 'kernel': 'rbf'}
[2026-05-09 13:37:27] tfidf_seed45_multilingual_combined_multiclass_en: fitting LR
[2026-05-09 13:37:35] tfidf_seed45_multilingual_combined_multiclass_en: LR accuracy=0.7096 params={'C': 10}
[2026-05-09 13:37:35] tfidf_seed45_multilingual_combined_multiclass_en: fusion DT+RF accuracy=0.5331
[2026-05-09 13:37:35] tfidf_seed45_multilingual_combined_multiclass_en: fusion DT+SVM accuracy=0.5331
[2026-05-09 13:37:35] tfidf_seed45_multilingual_combined_multiclass_en: fusion DT+LR accuracy=0.5331
[2026-05-09 13:37:35] tfidf_seed45_multilingual_combined_multiclass_en: fusion RF+SVM accuracy=0.7243
[2026-05-09 13:37:35] tfidf_seed45_multilingual_combined_multiclass_en: fusion RF+LR accuracy=0.7059
[2026-05-09 13:37:35] tfidf_seed45_multilingual_combined_multiclass_en: fusion SVM+LR accuracy=0.7279
[2026-05-09 13:37:35] tfidf_seed45_multilingual_combined_multiclass_en: fusion DT+RF+SVM accuracy=0.6066
[2026-05-09 13:37:35] tfidf_seed45_multilingual_combined_multiclass_en: fusion DT+RF+LR accuracy=0.6875
[2026-05-09 13:37:35] tfidf_seed45_multilingual_combined_multiclass_en: fusion DT+SVM+LR accuracy=0.6544
[2026-05-09 13:37:35] tfidf_seed45_multilingual_combined_multiclass_en: fusion RF+SVM+LR accuracy=0.7243
[2026-05-09 13:37:35] tfidf_seed45_multilingual_combined_multiclass_en: fusion DT+RF+SVM+LR accuracy=0.6581
