[2026-05-08 21:55:56] tfidf_seed42_translated_combined_binary_en: method=tfidf seed=42 training=multi translated=yes task=binary test=en train=2896 test=194
[2026-05-08 21:55:56] tfidf_seed42_translated_combined_binary_en: fitting DT
[2026-05-08 21:55:58] tfidf_seed42_translated_combined_binary_en: DT accuracy=0.7629 params={'max_depth': 10}
[2026-05-08 21:55:58] tfidf_seed42_translated_combined_binary_en: fitting RF
[2026-05-08 21:56:11] tfidf_seed42_translated_combined_binary_en: RF accuracy=0.8247 params={'n_estimators': 200}
[2026-05-08 21:56:11] tfidf_seed42_translated_combined_binary_en: fitting SVM
[2026-05-08 21:57:33] tfidf_seed42_translated_combined_binary_en: SVM accuracy=0.8763 params={'C': 10, 'kernel': 'rbf'}
[2026-05-08 21:57:33] tfidf_seed42_translated_combined_binary_en: fitting LR
[2026-05-08 21:57:34] tfidf_seed42_translated_combined_binary_en: LR accuracy=0.7113 params={'C': 0.1}
[2026-05-08 21:57:34] tfidf_seed42_translated_combined_binary_en: fusion DT+RF accuracy=0.7835
[2026-05-08 21:57:34] tfidf_seed42_translated_combined_binary_en: fusion DT+SVM accuracy=0.7938
[2026-05-08 21:57:34] tfidf_seed42_translated_combined_binary_en: fusion DT+LR accuracy=0.7629
[2026-05-08 21:57:34] tfidf_seed42_translated_combined_binary_en: fusion RF+SVM accuracy=0.8814
[2026-05-08 21:57:34] tfidf_seed42_translated_combined_binary_en: fusion RF+LR accuracy=0.7732
[2026-05-08 21:57:34] tfidf_seed42_translated_combined_binary_en: fusion SVM+LR accuracy=0.8660
[2026-05-08 21:57:34] tfidf_seed42_translated_combined_binary_en: fusion DT+RF+SVM accuracy=0.8454
[2026-05-08 21:57:34] tfidf_seed42_translated_combined_binary_en: fusion DT+RF+LR accuracy=0.7732
[2026-05-08 21:57:34] tfidf_seed42_translated_combined_binary_en: fusion DT+SVM+LR accuracy=0.8041
[2026-05-08 21:57:34] tfidf_seed42_translated_combined_binary_en: fusion RF+SVM+LR accuracy=0.8247
[2026-05-08 21:57:34] tfidf_seed42_translated_combined_binary_en: fusion DT+RF+SVM+LR accuracy=0.8247
