[2026-05-09 12:52:24] tfidf_seed45_monolingual_binary_spa: method=tfidf seed=45 training=mono translated=no task=binary test=spa train=233 test=59
[2026-05-09 12:52:24] tfidf_seed45_monolingual_binary_spa: fitting DT
[2026-05-09 12:52:25] tfidf_seed45_monolingual_binary_spa: DT accuracy=0.7119 params={'max_depth': 10}
[2026-05-09 12:52:25] tfidf_seed45_monolingual_binary_spa: fitting RF
[2026-05-09 12:52:28] tfidf_seed45_monolingual_binary_spa: RF accuracy=0.7288 params={'n_estimators': 200}
[2026-05-09 12:52:28] tfidf_seed45_monolingual_binary_spa: fitting SVM
[2026-05-09 12:52:30] tfidf_seed45_monolingual_binary_spa: SVM accuracy=0.7797 params={'C': 0.1, 'kernel': 'linear'}
[2026-05-09 12:52:30] tfidf_seed45_monolingual_binary_spa: fitting LR
[2026-05-09 12:52:30] tfidf_seed45_monolingual_binary_spa: LR accuracy=0.7797 params={'C': 10}
[2026-05-09 12:52:30] tfidf_seed45_monolingual_binary_spa: fusion DT+RF accuracy=0.7119
[2026-05-09 12:52:30] tfidf_seed45_monolingual_binary_spa: fusion DT+SVM accuracy=0.7119
[2026-05-09 12:52:30] tfidf_seed45_monolingual_binary_spa: fusion DT+LR accuracy=0.7119
[2026-05-09 12:52:30] tfidf_seed45_monolingual_binary_spa: fusion RF+SVM accuracy=0.7797
[2026-05-09 12:52:30] tfidf_seed45_monolingual_binary_spa: fusion RF+LR accuracy=0.7627
[2026-05-09 12:52:30] tfidf_seed45_monolingual_binary_spa: fusion SVM+LR accuracy=0.8136
[2026-05-09 12:52:30] tfidf_seed45_monolingual_binary_spa: fusion DT+RF+SVM accuracy=0.7458
[2026-05-09 12:52:30] tfidf_seed45_monolingual_binary_spa: fusion DT+RF+LR accuracy=0.7627
[2026-05-09 12:52:30] tfidf_seed45_monolingual_binary_spa: fusion DT+SVM+LR accuracy=0.7966
[2026-05-09 12:52:30] tfidf_seed45_monolingual_binary_spa: fusion RF+SVM+LR accuracy=0.7458
[2026-05-09 12:52:30] tfidf_seed45_monolingual_binary_spa: fusion DT+RF+SVM+LR accuracy=0.7797
