[2026-05-09 04:17:33] tfidf_seed43_translated_combined_multiclass_spa: method=tfidf seed=43 training=multi translated=yes task=multiclass test=spa train=3573 test=76
[2026-05-09 04:17:33] tfidf_seed43_translated_combined_multiclass_spa: fitting DT
[2026-05-09 04:17:44] tfidf_seed43_translated_combined_multiclass_spa: DT accuracy=0.4737 params={'max_depth': 20}
[2026-05-09 04:17:44] tfidf_seed43_translated_combined_multiclass_spa: fitting RF
[2026-05-09 04:18:48] tfidf_seed43_translated_combined_multiclass_spa: RF accuracy=0.4868 params={'n_estimators': 50}
[2026-05-09 04:18:48] tfidf_seed43_translated_combined_multiclass_spa: fitting SVM
[2026-05-09 04:32:15] tfidf_seed43_translated_combined_multiclass_spa: SVM accuracy=0.3421 params={'C': 10, 'kernel': 'rbf'}
[2026-05-09 04:32:15] tfidf_seed43_translated_combined_multiclass_spa: fitting LR
[2026-05-09 04:32:21] tfidf_seed43_translated_combined_multiclass_spa: LR accuracy=0.5395 params={'C': 10}
[2026-05-09 04:32:21] tfidf_seed43_translated_combined_multiclass_spa: fusion DT+RF accuracy=0.4868
[2026-05-09 04:32:21] tfidf_seed43_translated_combined_multiclass_spa: fusion DT+SVM accuracy=0.4474
[2026-05-09 04:32:21] tfidf_seed43_translated_combined_multiclass_spa: fusion DT+LR accuracy=0.4868
[2026-05-09 04:32:21] tfidf_seed43_translated_combined_multiclass_spa: fusion RF+SVM accuracy=0.3947
[2026-05-09 04:32:21] tfidf_seed43_translated_combined_multiclass_spa: fusion RF+LR accuracy=0.5395
[2026-05-09 04:32:21] tfidf_seed43_translated_combined_multiclass_spa: fusion SVM+LR accuracy=0.4079
[2026-05-09 04:32:21] tfidf_seed43_translated_combined_multiclass_spa: fusion DT+RF+SVM accuracy=0.4737
[2026-05-09 04:32:21] tfidf_seed43_translated_combined_multiclass_spa: fusion DT+RF+LR accuracy=0.5132
[2026-05-09 04:32:21] tfidf_seed43_translated_combined_multiclass_spa: fusion DT+SVM+LR accuracy=0.5132
[2026-05-09 04:32:21] tfidf_seed43_translated_combined_multiclass_spa: fusion RF+SVM+LR accuracy=0.4737
[2026-05-09 04:32:21] tfidf_seed43_translated_combined_multiclass_spa: fusion DT+RF+SVM+LR accuracy=0.4605
