[2026-05-09 13:01:13] tfidf_seed45_monolingual_multiclass_spa: method=tfidf seed=45 training=mono translated=no task=multiclass test=spa train=303 test=76
[2026-05-09 13:01:13] tfidf_seed45_monolingual_multiclass_spa: fitting DT
[2026-05-09 13:01:13] tfidf_seed45_monolingual_multiclass_spa: DT accuracy=0.4211 params={'max_depth': 10}
[2026-05-09 13:01:13] tfidf_seed45_monolingual_multiclass_spa: fitting RF
[2026-05-09 13:01:18] tfidf_seed45_monolingual_multiclass_spa: RF accuracy=0.5658 params={'n_estimators': 200}
[2026-05-09 13:01:18] tfidf_seed45_monolingual_multiclass_spa: fitting SVM
[2026-05-09 13:01:22] tfidf_seed45_monolingual_multiclass_spa: SVM accuracy=0.5921 params={'C': 10, 'kernel': 'rbf'}
[2026-05-09 13:01:22] tfidf_seed45_monolingual_multiclass_spa: fitting LR
[2026-05-09 13:01:22] tfidf_seed45_monolingual_multiclass_spa: LR accuracy=0.5921 params={'C': 1}
[2026-05-09 13:01:22] tfidf_seed45_monolingual_multiclass_spa: fusion DT+RF accuracy=0.4474
[2026-05-09 13:01:22] tfidf_seed45_monolingual_multiclass_spa: fusion DT+SVM accuracy=0.4211
[2026-05-09 13:01:22] tfidf_seed45_monolingual_multiclass_spa: fusion DT+LR accuracy=0.4211
[2026-05-09 13:01:22] tfidf_seed45_monolingual_multiclass_spa: fusion RF+SVM accuracy=0.6053
[2026-05-09 13:01:22] tfidf_seed45_monolingual_multiclass_spa: fusion RF+LR accuracy=0.5921
[2026-05-09 13:01:22] tfidf_seed45_monolingual_multiclass_spa: fusion SVM+LR accuracy=0.5921
[2026-05-09 13:01:22] tfidf_seed45_monolingual_multiclass_spa: fusion DT+RF+SVM accuracy=0.5789
[2026-05-09 13:01:22] tfidf_seed45_monolingual_multiclass_spa: fusion DT+RF+LR accuracy=0.5526
[2026-05-09 13:01:22] tfidf_seed45_monolingual_multiclass_spa: fusion DT+SVM+LR accuracy=0.6184
[2026-05-09 13:01:22] tfidf_seed45_monolingual_multiclass_spa: fusion RF+SVM+LR accuracy=0.5921
[2026-05-09 13:01:22] tfidf_seed45_monolingual_multiclass_spa: fusion DT+RF+SVM+LR accuracy=0.5921
