[2026-05-09 18:36:23] tfidf_seed46_monolingual_binary_en: method=tfidf seed=46 training=mono translated=no task=binary test=en train=2140 test=194
[2026-05-09 18:36:24] tfidf_seed46_monolingual_binary_en: fitting DT
[2026-05-09 18:36:31] tfidf_seed46_monolingual_binary_en: DT accuracy=0.7526 params={'max_depth': 10}
[2026-05-09 18:36:31] tfidf_seed46_monolingual_binary_en: fitting RF
[2026-05-09 18:36:53] tfidf_seed46_monolingual_binary_en: RF accuracy=0.7990 params={'n_estimators': 50}
[2026-05-09 18:36:53] tfidf_seed46_monolingual_binary_en: fitting SVM
[2026-05-09 18:40:49] tfidf_seed46_monolingual_binary_en: SVM accuracy=0.8969 params={'C': 10, 'kernel': 'rbf'}
[2026-05-09 18:40:49] tfidf_seed46_monolingual_binary_en: fitting LR
[2026-05-09 18:40:49] tfidf_seed46_monolingual_binary_en: LR accuracy=0.7938 params={'C': 1}
[2026-05-09 18:40:49] tfidf_seed46_monolingual_binary_en: fusion DT+RF accuracy=0.7629
[2026-05-09 18:40:49] tfidf_seed46_monolingual_binary_en: fusion DT+SVM accuracy=0.7732
[2026-05-09 18:40:49] tfidf_seed46_monolingual_binary_en: fusion DT+LR accuracy=0.7577
[2026-05-09 18:40:49] tfidf_seed46_monolingual_binary_en: fusion RF+SVM accuracy=0.8557
[2026-05-09 18:40:49] tfidf_seed46_monolingual_binary_en: fusion RF+LR accuracy=0.8196
[2026-05-09 18:40:49] tfidf_seed46_monolingual_binary_en: fusion SVM+LR accuracy=0.8711
[2026-05-09 18:40:49] tfidf_seed46_monolingual_binary_en: fusion DT+RF+SVM accuracy=0.8454
[2026-05-09 18:40:49] tfidf_seed46_monolingual_binary_en: fusion DT+RF+LR accuracy=0.7990
[2026-05-09 18:40:49] tfidf_seed46_monolingual_binary_en: fusion DT+SVM+LR accuracy=0.8505
[2026-05-09 18:40:49] tfidf_seed46_monolingual_binary_en: fusion RF+SVM+LR accuracy=0.8454
[2026-05-09 18:40:49] tfidf_seed46_monolingual_binary_en: fusion DT+RF+SVM+LR accuracy=0.8402
