[2026-05-08 21:39:30] tfidf_seed42_monolingual_multiclass_gr: method=tfidf seed=42 training=mono translated=no task=multiclass test=gr train=211 test=53
[2026-05-08 21:39:30] tfidf_seed42_monolingual_multiclass_gr: fitting DT
[2026-05-08 21:39:31] tfidf_seed42_monolingual_multiclass_gr: DT accuracy=0.4528 params={'max_depth': 10}
[2026-05-08 21:39:31] tfidf_seed42_monolingual_multiclass_gr: fitting RF
[2026-05-08 21:39:31] tfidf_seed42_monolingual_multiclass_gr: RF accuracy=0.5472 params={'n_estimators': 50}
[2026-05-08 21:39:31] tfidf_seed42_monolingual_multiclass_gr: fitting SVM
[2026-05-08 21:39:32] tfidf_seed42_monolingual_multiclass_gr: SVM accuracy=0.6415 params={'C': 10, 'kernel': 'rbf'}
[2026-05-08 21:39:32] tfidf_seed42_monolingual_multiclass_gr: fitting LR
[2026-05-08 21:39:32] tfidf_seed42_monolingual_multiclass_gr: LR accuracy=0.6415 params={'C': 10}
[2026-05-08 21:39:32] tfidf_seed42_monolingual_multiclass_gr: fusion DT+RF accuracy=0.4528
[2026-05-08 21:39:32] tfidf_seed42_monolingual_multiclass_gr: fusion DT+SVM accuracy=0.4528
[2026-05-08 21:39:32] tfidf_seed42_monolingual_multiclass_gr: fusion DT+LR accuracy=0.4528
[2026-05-08 21:39:32] tfidf_seed42_monolingual_multiclass_gr: fusion RF+SVM accuracy=0.6415
[2026-05-08 21:39:32] tfidf_seed42_monolingual_multiclass_gr: fusion RF+LR accuracy=0.6792
[2026-05-08 21:39:32] tfidf_seed42_monolingual_multiclass_gr: fusion SVM+LR accuracy=0.6415
[2026-05-08 21:39:32] tfidf_seed42_monolingual_multiclass_gr: fusion DT+RF+SVM accuracy=0.5849
[2026-05-08 21:39:32] tfidf_seed42_monolingual_multiclass_gr: fusion DT+RF+LR accuracy=0.5660
[2026-05-08 21:39:32] tfidf_seed42_monolingual_multiclass_gr: fusion DT+SVM+LR accuracy=0.6415
[2026-05-08 21:39:32] tfidf_seed42_monolingual_multiclass_gr: fusion RF+SVM+LR accuracy=0.6415
[2026-05-08 21:39:32] tfidf_seed42_monolingual_multiclass_gr: fusion DT+RF+SVM+LR accuracy=0.6226
