[2026-05-09 21:02:22] tfidf_seed46_translated_combined_multiclass_cha: method=tfidf seed=46 training=multi translated=yes task=multiclass test=cha train=3573 test=153
[2026-05-09 21:02:23] tfidf_seed46_translated_combined_multiclass_cha: fitting DT
[2026-05-09 21:02:34] tfidf_seed46_translated_combined_multiclass_cha: DT accuracy=0.5229 params={'max_depth': 30}
[2026-05-09 21:02:34] tfidf_seed46_translated_combined_multiclass_cha: fitting RF
[2026-05-09 21:03:49] tfidf_seed46_translated_combined_multiclass_cha: RF accuracy=0.5817 params={'n_estimators': 200}
[2026-05-09 21:03:49] tfidf_seed46_translated_combined_multiclass_cha: fitting SVM
[2026-05-09 21:17:36] tfidf_seed46_translated_combined_multiclass_cha: SVM accuracy=0.6013 params={'C': 10, 'kernel': 'rbf'}
[2026-05-09 21:17:36] tfidf_seed46_translated_combined_multiclass_cha: fitting LR
[2026-05-09 21:17:43] tfidf_seed46_translated_combined_multiclass_cha: LR accuracy=0.6405 params={'C': 10}
[2026-05-09 21:17:43] tfidf_seed46_translated_combined_multiclass_cha: fusion DT+RF accuracy=0.5229
[2026-05-09 21:17:43] tfidf_seed46_translated_combined_multiclass_cha: fusion DT+SVM accuracy=0.5229
[2026-05-09 21:17:43] tfidf_seed46_translated_combined_multiclass_cha: fusion DT+LR accuracy=0.5229
[2026-05-09 21:17:43] tfidf_seed46_translated_combined_multiclass_cha: fusion RF+SVM accuracy=0.5948
[2026-05-09 21:17:43] tfidf_seed46_translated_combined_multiclass_cha: fusion RF+LR accuracy=0.6144
[2026-05-09 21:17:43] tfidf_seed46_translated_combined_multiclass_cha: fusion SVM+LR accuracy=0.6275
[2026-05-09 21:17:43] tfidf_seed46_translated_combined_multiclass_cha: fusion DT+RF+SVM accuracy=0.6144
[2026-05-09 21:17:43] tfidf_seed46_translated_combined_multiclass_cha: fusion DT+RF+LR accuracy=0.6275
[2026-05-09 21:17:43] tfidf_seed46_translated_combined_multiclass_cha: fusion DT+SVM+LR accuracy=0.6275
[2026-05-09 21:17:43] tfidf_seed46_translated_combined_multiclass_cha: fusion RF+SVM+LR accuracy=0.5948
[2026-05-09 21:17:43] tfidf_seed46_translated_combined_multiclass_cha: fusion DT+RF+SVM+LR accuracy=0.6340
