
================================================================================
2026-05-07T22:39:38+01:00  START  tables_accuracy
description: Regenerate accuracy comparison tables from benchmark outputs
cwd: C:\Users\dhruv\Documents\06 Coding\MultiConAD
command: ['C:\\Users\\dhruv\\Documents\\06 Coding\\MultiConAD\\.venv\\Scripts\\python.exe', 'Experiments/generate_accuracy_tables.py']
outputs: ['Experiments/results/accuracy_tables.txt']
================================================================================

Written to C:\Users\dhruv\Documents\06 Coding\MultiConAD\Experiments\results\accuracy_tables.txt

--------------------------------------------------------------------------------
2026-05-07T22:39:38+01:00  END  returncode=0  duration_sec=0.1
--------------------------------------------------------------------------------

================================================================================
2026-05-08T13:49:11+01:00  START  tables_accuracy
description: Regenerate accuracy comparison tables from benchmark outputs
cwd: C:\Users\dhruv\Documents\06 Coding\MultiConAD
command: ['C:\\Users\\dhruv\\Documents\\06 Coding\\MultiConAD\\.venv\\Scripts\\python.exe', 'Experiments/generate_accuracy_tables.py']
outputs: ['Experiments/results/accuracy_tables.txt']
================================================================================

Written to C:\Users\dhruv\Documents\06 Coding\MultiConAD\Experiments\results\accuracy_tables.txt

--------------------------------------------------------------------------------
2026-05-08T13:49:11+01:00  END  returncode=0  duration_sec=0.1
--------------------------------------------------------------------------------
