[2026-05-08 21:36:03] Starting job prepare_seed_42
[2026-05-08 21:36:04] Finished job prepare_seed_42
[2026-05-08 21:36:04] Starting job prepare_seed_43
[2026-05-08 21:36:04] Finished job prepare_seed_43
[2026-05-08 21:36:04] Starting job prepare_seed_44
[2026-05-08 21:36:05] Finished job prepare_seed_44
[2026-05-08 21:36:05] Starting job prepare_seed_45
[2026-05-08 21:36:05] Finished job prepare_seed_45
[2026-05-08 21:36:05] Starting job prepare_seed_46
[2026-05-08 21:36:06] Finished job prepare_seed_46
[2026-05-08 21:36:06] Starting job tfidf_seed42_monolingual_binary_en
[2026-05-08 21:37:10] Finished job tfidf_seed42_monolingual_binary_en
[2026-05-08 21:37:10] Starting job tfidf_seed42_monolingual_binary_gr
[2026-05-08 21:37:11] Finished job tfidf_seed42_monolingual_binary_gr
[2026-05-08 21:37:11] Starting job tfidf_seed42_monolingual_binary_cha
[2026-05-08 21:37:14] Finished job tfidf_seed42_monolingual_binary_cha
[2026-05-08 21:37:14] Starting job tfidf_seed42_monolingual_binary_spa
[2026-05-08 21:37:16] Finished job tfidf_seed42_monolingual_binary_spa
[2026-05-08 21:37:16] Starting job tfidf_seed42_monolingual_multiclass_en
[2026-05-08 21:39:30] Finished job tfidf_seed42_monolingual_multiclass_en
[2026-05-08 21:39:30] Starting job tfidf_seed42_monolingual_multiclass_gr
[2026-05-08 21:39:32] Finished job tfidf_seed42_monolingual_multiclass_gr
[2026-05-08 21:39:32] Starting job tfidf_seed42_monolingual_multiclass_cha
[2026-05-08 21:39:37] Finished job tfidf_seed42_monolingual_multiclass_cha
[2026-05-08 21:39:37] Starting job tfidf_seed42_monolingual_multiclass_spa
[2026-05-08 21:39:41] Finished job tfidf_seed42_monolingual_multiclass_spa
[2026-05-08 21:39:41] Starting job tfidf_seed42_multilingual_combined_binary_en
[2026-05-08 21:41:08] Finished job tfidf_seed42_multilingual_combined_binary_en
[2026-05-08 21:41:08] Starting job tfidf_seed42_multilingual_combined_binary_gr
[2026-05-08 21:42:34] Finished job tfidf_seed42_multilingual_combined_binary_gr
[2026-05-08 21:42:34] Starting job tfidf_seed42_multilingual_combined_binary_cha
[2026-05-08 21:43:58] Finished job tfidf_seed42_multilingual_combined_binary_cha
[2026-05-08 21:43:58] Starting job tfidf_seed42_multilingual_combined_binary_spa
[2026-05-08 21:45:23] Finished job tfidf_seed42_multilingual_combined_binary_spa
[2026-05-08 21:45:23] Starting job tfidf_seed42_multilingual_combined_multiclass_en
[2026-05-08 21:48:03] Finished job tfidf_seed42_multilingual_combined_multiclass_en
[2026-05-08 21:48:03] Starting job tfidf_seed42_multilingual_combined_multiclass_gr
[2026-05-08 21:50:39] Finished job tfidf_seed42_multilingual_combined_multiclass_gr
[2026-05-08 21:50:39] Starting job tfidf_seed42_multilingual_combined_multiclass_cha
[2026-05-08 21:53:18] Finished job tfidf_seed42_multilingual_combined_multiclass_cha
[2026-05-08 21:53:18] Starting job tfidf_seed42_multilingual_combined_multiclass_spa
[2026-05-08 21:55:56] Finished job tfidf_seed42_multilingual_combined_multiclass_spa
[2026-05-08 21:55:56] Starting job tfidf_seed42_translated_combined_binary_en
[2026-05-08 21:57:34] Finished job tfidf_seed42_translated_combined_binary_en
[2026-05-08 21:57:34] Starting job tfidf_seed42_translated_combined_binary_gr
[2026-05-08 21:59:12] Finished job tfidf_seed42_translated_combined_binary_gr
[2026-05-08 21:59:12] Starting job tfidf_seed42_translated_combined_binary_cha
[2026-05-08 22:00:51] Finished job tfidf_seed42_translated_combined_binary_cha
[2026-05-08 22:00:51] Starting job tfidf_seed42_translated_combined_binary_spa
[2026-05-08 22:02:29] Finished job tfidf_seed42_translated_combined_binary_spa
[2026-05-08 22:02:29] Starting job tfidf_seed42_translated_combined_multiclass_en
[2026-05-08 22:05:48] Finished job tfidf_seed42_translated_combined_multiclass_en
[2026-05-08 22:05:48] Starting job tfidf_seed42_translated_combined_multiclass_gr
[2026-05-08 22:09:03] Finished job tfidf_seed42_translated_combined_multiclass_gr
[2026-05-08 22:09:03] Starting job tfidf_seed42_translated_combined_multiclass_cha
[2026-05-08 22:12:19] Finished job tfidf_seed42_translated_combined_multiclass_cha
[2026-05-08 22:12:19] Starting job tfidf_seed42_translated_combined_multiclass_spa
[2026-05-08 22:15:35] Finished job tfidf_seed42_translated_combined_multiclass_spa
[2026-05-08 22:15:35] Starting job e5_seed42_monolingual_binary_en
[2026-05-08 22:18:00] Finished job e5_seed42_monolingual_binary_en
[2026-05-08 22:18:00] Starting job e5_seed42_monolingual_binary_gr
[2026-05-08 22:53:38] Starting job e5_seed42_monolingual_binary_gr
[2026-05-08 22:54:06] Job failed e5_seed42_monolingual_binary_gr: BrokenProcessPool: A task has failed to un-serialize. Please ensure that the arguments of the function are all picklable.
[2026-05-08 22:54:44] Starting job e5_seed42_monolingual_binary_gr
[2026-05-08 22:54:51] Finished job e5_seed42_monolingual_binary_gr
[2026-05-08 22:54:51] Starting job e5_seed42_monolingual_binary_cha
[2026-05-08 22:55:25] Finished job e5_seed42_monolingual_binary_cha
[2026-05-08 22:55:25] Starting job e5_seed42_monolingual_binary_spa
[2026-05-08 22:55:40] Finished job e5_seed42_monolingual_binary_spa
[2026-05-08 22:55:40] Starting job e5_seed42_monolingual_multiclass_en
[2026-05-08 23:02:22] Finished job e5_seed42_monolingual_multiclass_en
[2026-05-08 23:02:22] Starting job e5_seed42_monolingual_multiclass_gr
[2026-05-08 23:02:34] Finished job e5_seed42_monolingual_multiclass_gr
[2026-05-08 23:02:34] Starting job e5_seed42_monolingual_multiclass_cha
[2026-05-08 23:03:16] Finished job e5_seed42_monolingual_multiclass_cha
[2026-05-08 23:03:16] Starting job e5_seed42_monolingual_multiclass_spa
[2026-05-08 23:03:35] Finished job e5_seed42_monolingual_multiclass_spa
[2026-05-08 23:03:35] Starting job e5_seed42_multilingual_combined_binary_en
[2026-05-08 23:11:38] Finished job e5_seed42_multilingual_combined_binary_en
[2026-05-08 23:11:38] Starting job e5_seed42_multilingual_combined_binary_gr
[2026-05-08 23:19:54] Finished job e5_seed42_multilingual_combined_binary_gr
[2026-05-08 23:19:54] Starting job e5_seed42_multilingual_combined_binary_cha
[2026-05-08 23:28:32] Finished job e5_seed42_multilingual_combined_binary_cha
[2026-05-08 23:28:32] Starting job e5_seed42_multilingual_combined_binary_spa
[2026-05-08 23:36:56] Finished job e5_seed42_multilingual_combined_binary_spa
[2026-05-08 23:36:56] Starting job e5_seed42_multilingual_combined_multiclass_en
[2026-05-08 23:50:19] Finished job e5_seed42_multilingual_combined_multiclass_en
[2026-05-08 23:50:19] Starting job e5_seed42_multilingual_combined_multiclass_gr
[2026-05-09 00:02:30] Finished job e5_seed42_multilingual_combined_multiclass_gr
[2026-05-09 00:02:30] Starting job e5_seed42_multilingual_combined_multiclass_cha
[2026-05-09 00:14:26] Finished job e5_seed42_multilingual_combined_multiclass_cha
[2026-05-09 00:14:26] Starting job e5_seed42_multilingual_combined_multiclass_spa
[2026-05-09 00:25:57] Finished job e5_seed42_multilingual_combined_multiclass_spa
[2026-05-09 00:25:57] Starting job e5_seed42_translated_combined_binary_en
[2026-05-09 00:33:00] Finished job e5_seed42_translated_combined_binary_en
[2026-05-09 00:33:00] Starting job e5_seed42_translated_combined_binary_gr
[2026-05-09 00:40:07] Finished job e5_seed42_translated_combined_binary_gr
[2026-05-09 00:40:07] Starting job e5_seed42_translated_combined_binary_cha
[2026-05-09 00:47:31] Finished job e5_seed42_translated_combined_binary_cha
[2026-05-09 00:47:31] Starting job e5_seed42_translated_combined_binary_spa
[2026-05-09 00:55:00] Finished job e5_seed42_translated_combined_binary_spa
[2026-05-09 00:55:00] Starting job e5_seed42_translated_combined_multiclass_en
[2026-05-09 01:06:28] Finished job e5_seed42_translated_combined_multiclass_en
[2026-05-09 01:06:28] Starting job e5_seed42_translated_combined_multiclass_gr
[2026-05-09 01:17:28] Finished job e5_seed42_translated_combined_multiclass_gr
[2026-05-09 01:17:28] Starting job e5_seed42_translated_combined_multiclass_cha
[2026-05-09 01:28:43] Finished job e5_seed42_translated_combined_multiclass_cha
[2026-05-09 01:28:43] Starting job e5_seed42_translated_combined_multiclass_spa
[2026-05-09 01:39:57] Finished job e5_seed42_translated_combined_multiclass_spa
[2026-05-09 01:39:57] Starting job tfidf_seed43_monolingual_binary_en
[2026-05-09 01:44:23] Finished job tfidf_seed43_monolingual_binary_en
[2026-05-09 01:44:23] Starting job tfidf_seed43_monolingual_binary_gr
[2026-05-09 01:44:27] Finished job tfidf_seed43_monolingual_binary_gr
[2026-05-09 01:44:27] Starting job tfidf_seed43_monolingual_binary_cha
[2026-05-09 01:44:36] Finished job tfidf_seed43_monolingual_binary_cha
[2026-05-09 01:44:36] Starting job tfidf_seed43_monolingual_binary_spa
[2026-05-09 01:44:41] Finished job tfidf_seed43_monolingual_binary_spa
[2026-05-09 01:44:41] Starting job tfidf_seed43_monolingual_multiclass_en
[2026-05-09 01:53:01] Finished job tfidf_seed43_monolingual_multiclass_en
[2026-05-09 01:53:01] Starting job tfidf_seed43_monolingual_multiclass_gr
[2026-05-09 01:53:06] Finished job tfidf_seed43_monolingual_multiclass_gr
[2026-05-09 01:53:06] Starting job tfidf_seed43_monolingual_multiclass_cha
[2026-05-09 01:53:27] Finished job tfidf_seed43_monolingual_multiclass_cha
[2026-05-09 01:53:27] Starting job tfidf_seed43_monolingual_multiclass_spa
[2026-05-09 01:53:36] Finished job tfidf_seed43_monolingual_multiclass_spa
[2026-05-09 01:53:36] Starting job tfidf_seed43_multilingual_combined_binary_en
[2026-05-09 01:59:38] Finished job tfidf_seed43_multilingual_combined_binary_en
[2026-05-09 01:59:38] Starting job tfidf_seed43_multilingual_combined_binary_gr
[2026-05-09 02:05:41] Finished job tfidf_seed43_multilingual_combined_binary_gr
[2026-05-09 02:05:41] Starting job tfidf_seed43_multilingual_combined_binary_cha
[2026-05-09 02:11:40] Finished job tfidf_seed43_multilingual_combined_binary_cha
[2026-05-09 02:11:40] Starting job tfidf_seed43_multilingual_combined_binary_spa
[2026-05-09 02:17:38] Finished job tfidf_seed43_multilingual_combined_binary_spa
[2026-05-09 02:17:38] Starting job tfidf_seed43_multilingual_combined_multiclass_en
[2026-05-09 02:29:36] Finished job tfidf_seed43_multilingual_combined_multiclass_en
[2026-05-09 02:29:36] Starting job tfidf_seed43_multilingual_combined_multiclass_gr
[2026-05-09 02:41:31] Finished job tfidf_seed43_multilingual_combined_multiclass_gr
[2026-05-09 02:41:31] Starting job tfidf_seed43_multilingual_combined_multiclass_cha
[2026-05-09 02:53:17] Finished job tfidf_seed43_multilingual_combined_multiclass_cha
[2026-05-09 02:53:17] Starting job tfidf_seed43_multilingual_combined_multiclass_spa
[2026-05-09 03:05:07] Finished job tfidf_seed43_multilingual_combined_multiclass_spa
[2026-05-09 03:05:07] Starting job tfidf_seed43_translated_combined_binary_en
[2026-05-09 03:12:04] Finished job tfidf_seed43_translated_combined_binary_en
[2026-05-09 03:12:04] Starting job tfidf_seed43_translated_combined_binary_gr
[2026-05-09 03:18:59] Finished job tfidf_seed43_translated_combined_binary_gr
[2026-05-09 03:18:59] Starting job tfidf_seed43_translated_combined_binary_cha
[2026-05-09 03:26:00] Finished job tfidf_seed43_translated_combined_binary_cha
[2026-05-09 03:26:00] Starting job tfidf_seed43_translated_combined_binary_spa
[2026-05-09 03:33:08] Finished job tfidf_seed43_translated_combined_binary_spa
[2026-05-09 03:33:08] Starting job tfidf_seed43_translated_combined_multiclass_en
[2026-05-09 03:47:49] Finished job tfidf_seed43_translated_combined_multiclass_en
[2026-05-09 03:47:49] Starting job tfidf_seed43_translated_combined_multiclass_gr
[2026-05-09 04:02:43] Finished job tfidf_seed43_translated_combined_multiclass_gr
[2026-05-09 04:02:43] Starting job tfidf_seed43_translated_combined_multiclass_cha
[2026-05-09 04:17:33] Finished job tfidf_seed43_translated_combined_multiclass_cha
[2026-05-09 04:17:33] Starting job tfidf_seed43_translated_combined_multiclass_spa
[2026-05-09 04:32:21] Finished job tfidf_seed43_translated_combined_multiclass_spa
[2026-05-09 04:32:21] Starting job e5_seed43_monolingual_binary_en
[2026-05-09 04:36:41] Finished job e5_seed43_monolingual_binary_en
[2026-05-09 04:36:41] Starting job e5_seed43_monolingual_binary_gr
[2026-05-09 04:36:50] Finished job e5_seed43_monolingual_binary_gr
[2026-05-09 04:36:50] Starting job e5_seed43_monolingual_binary_cha
[2026-05-09 04:37:09] Finished job e5_seed43_monolingual_binary_cha
[2026-05-09 04:37:09] Starting job e5_seed43_monolingual_binary_spa
[2026-05-09 04:37:23] Finished job e5_seed43_monolingual_binary_spa
[2026-05-09 04:37:23] Starting job e5_seed43_monolingual_multiclass_en
[2026-05-09 04:43:21] Finished job e5_seed43_monolingual_multiclass_en
[2026-05-09 04:43:21] Starting job e5_seed43_monolingual_multiclass_gr
[2026-05-09 04:43:32] Finished job e5_seed43_monolingual_multiclass_gr
[2026-05-09 04:43:32] Starting job e5_seed43_monolingual_multiclass_cha
[2026-05-09 04:44:12] Finished job e5_seed43_monolingual_multiclass_cha
[2026-05-09 04:44:12] Starting job e5_seed43_monolingual_multiclass_spa
[2026-05-09 04:44:30] Finished job e5_seed43_monolingual_multiclass_spa
[2026-05-09 04:44:30] Starting job e5_seed43_multilingual_combined_binary_en
[2026-05-09 04:52:09] Finished job e5_seed43_multilingual_combined_binary_en
[2026-05-09 04:52:09] Starting job e5_seed43_multilingual_combined_binary_gr
[2026-05-09 04:59:30] Finished job e5_seed43_multilingual_combined_binary_gr
[2026-05-09 04:59:30] Starting job e5_seed43_multilingual_combined_binary_cha
[2026-05-09 05:06:49] Finished job e5_seed43_multilingual_combined_binary_cha
[2026-05-09 05:06:49] Starting job e5_seed43_multilingual_combined_binary_spa
[2026-05-09 05:14:07] Finished job e5_seed43_multilingual_combined_binary_spa
[2026-05-09 05:14:07] Starting job e5_seed43_multilingual_combined_multiclass_en
[2026-05-09 05:25:26] Finished job e5_seed43_multilingual_combined_multiclass_en
[2026-05-09 05:25:26] Starting job e5_seed43_multilingual_combined_multiclass_gr
[2026-05-09 05:36:33] Finished job e5_seed43_multilingual_combined_multiclass_gr
[2026-05-09 05:36:33] Starting job e5_seed43_multilingual_combined_multiclass_cha
[2026-05-09 05:47:45] Finished job e5_seed43_multilingual_combined_multiclass_cha
[2026-05-09 05:47:45] Starting job e5_seed43_multilingual_combined_multiclass_spa
[2026-05-09 05:59:07] Finished job e5_seed43_multilingual_combined_multiclass_spa
[2026-05-09 05:59:07] Starting job e5_seed43_translated_combined_binary_en
[2026-05-09 06:06:35] Finished job e5_seed43_translated_combined_binary_en
[2026-05-09 06:06:35] Starting job e5_seed43_translated_combined_binary_gr
[2026-05-09 06:14:00] Finished job e5_seed43_translated_combined_binary_gr
[2026-05-09 06:14:00] Starting job e5_seed43_translated_combined_binary_cha
[2026-05-09 06:21:31] Finished job e5_seed43_translated_combined_binary_cha
[2026-05-09 06:21:31] Starting job e5_seed43_translated_combined_binary_spa
[2026-05-09 06:28:55] Finished job e5_seed43_translated_combined_binary_spa
[2026-05-09 06:28:55] Starting job e5_seed43_translated_combined_multiclass_en
[2026-05-09 06:40:23] Finished job e5_seed43_translated_combined_multiclass_en
[2026-05-09 06:40:23] Starting job e5_seed43_translated_combined_multiclass_gr
[2026-05-09 06:51:42] Finished job e5_seed43_translated_combined_multiclass_gr
[2026-05-09 06:51:42] Starting job e5_seed43_translated_combined_multiclass_cha
[2026-05-09 07:02:59] Finished job e5_seed43_translated_combined_multiclass_cha
[2026-05-09 07:02:59] Starting job e5_seed43_translated_combined_multiclass_spa
[2026-05-09 07:14:16] Finished job e5_seed43_translated_combined_multiclass_spa
[2026-05-09 07:14:16] Starting job tfidf_seed44_monolingual_binary_en
[2026-05-09 07:18:37] Finished job tfidf_seed44_monolingual_binary_en
[2026-05-09 07:18:37] Starting job tfidf_seed44_monolingual_binary_gr
[2026-05-09 07:18:40] Finished job tfidf_seed44_monolingual_binary_gr
[2026-05-09 07:18:40] Starting job tfidf_seed44_monolingual_binary_cha
[2026-05-09 07:18:48] Finished job tfidf_seed44_monolingual_binary_cha
[2026-05-09 07:18:49] Starting job tfidf_seed44_monolingual_binary_spa
[2026-05-09 07:18:54] Finished job tfidf_seed44_monolingual_binary_spa
[2026-05-09 07:18:54] Starting job tfidf_seed44_monolingual_multiclass_en
[2026-05-09 07:27:08] Finished job tfidf_seed44_monolingual_multiclass_en
[2026-05-09 07:27:08] Starting job tfidf_seed44_monolingual_multiclass_gr
[2026-05-09 07:27:13] Finished job tfidf_seed44_monolingual_multiclass_gr
[2026-05-09 07:27:13] Starting job tfidf_seed44_monolingual_multiclass_cha
[2026-05-09 07:27:33] Finished job tfidf_seed44_monolingual_multiclass_cha
[2026-05-09 07:27:33] Starting job tfidf_seed44_monolingual_multiclass_spa
[2026-05-09 07:27:42] Finished job tfidf_seed44_monolingual_multiclass_spa
[2026-05-09 07:27:42] Starting job tfidf_seed44_multilingual_combined_binary_en
[2026-05-09 07:33:34] Finished job tfidf_seed44_multilingual_combined_binary_en
[2026-05-09 07:33:34] Starting job tfidf_seed44_multilingual_combined_binary_gr
[2026-05-09 07:39:25] Finished job tfidf_seed44_multilingual_combined_binary_gr
[2026-05-09 07:39:25] Starting job tfidf_seed44_multilingual_combined_binary_cha
[2026-05-09 07:45:20] Finished job tfidf_seed44_multilingual_combined_binary_cha
[2026-05-09 07:45:20] Starting job tfidf_seed44_multilingual_combined_binary_spa
[2026-05-09 07:51:14] Finished job tfidf_seed44_multilingual_combined_binary_spa
[2026-05-09 07:51:14] Starting job tfidf_seed44_multilingual_combined_multiclass_en
[2026-05-09 08:03:07] Finished job tfidf_seed44_multilingual_combined_multiclass_en
[2026-05-09 08:03:07] Starting job tfidf_seed44_multilingual_combined_multiclass_gr
[2026-05-09 08:15:01] Finished job tfidf_seed44_multilingual_combined_multiclass_gr
[2026-05-09 08:15:01] Starting job tfidf_seed44_multilingual_combined_multiclass_cha
[2026-05-09 08:26:51] Finished job tfidf_seed44_multilingual_combined_multiclass_cha
[2026-05-09 08:26:51] Starting job tfidf_seed44_multilingual_combined_multiclass_spa
[2026-05-09 08:38:45] Finished job tfidf_seed44_multilingual_combined_multiclass_spa
[2026-05-09 08:38:45] Starting job tfidf_seed44_translated_combined_binary_en
[2026-05-09 08:45:50] Finished job tfidf_seed44_translated_combined_binary_en
[2026-05-09 08:45:50] Starting job tfidf_seed44_translated_combined_binary_gr
[2026-05-09 08:52:56] Finished job tfidf_seed44_translated_combined_binary_gr
[2026-05-09 08:52:56] Starting job tfidf_seed44_translated_combined_binary_cha
[2026-05-09 09:00:03] Finished job tfidf_seed44_translated_combined_binary_cha
[2026-05-09 09:00:03] Starting job tfidf_seed44_translated_combined_binary_spa
[2026-05-09 09:07:07] Finished job tfidf_seed44_translated_combined_binary_spa
[2026-05-09 09:07:07] Starting job tfidf_seed44_translated_combined_multiclass_en
[2026-05-09 09:22:19] Finished job tfidf_seed44_translated_combined_multiclass_en
[2026-05-09 09:22:19] Starting job tfidf_seed44_translated_combined_multiclass_gr
[2026-05-09 09:37:27] Finished job tfidf_seed44_translated_combined_multiclass_gr
[2026-05-09 09:37:27] Starting job tfidf_seed44_translated_combined_multiclass_cha
[2026-05-09 09:52:32] Finished job tfidf_seed44_translated_combined_multiclass_cha
[2026-05-09 09:52:32] Starting job tfidf_seed44_translated_combined_multiclass_spa
[2026-05-09 10:07:50] Finished job tfidf_seed44_translated_combined_multiclass_spa
[2026-05-09 10:07:50] Starting job e5_seed44_monolingual_binary_en
[2026-05-09 10:12:26] Finished job e5_seed44_monolingual_binary_en
[2026-05-09 10:12:26] Starting job e5_seed44_monolingual_binary_gr
[2026-05-09 10:12:35] Finished job e5_seed44_monolingual_binary_gr
[2026-05-09 10:12:35] Starting job e5_seed44_monolingual_binary_cha
[2026-05-09 10:12:56] Finished job e5_seed44_monolingual_binary_cha
[2026-05-09 10:12:56] Starting job e5_seed44_monolingual_binary_spa
[2026-05-09 10:13:11] Finished job e5_seed44_monolingual_binary_spa
[2026-05-09 10:13:11] Starting job e5_seed44_monolingual_multiclass_en
[2026-05-09 10:19:49] Finished job e5_seed44_monolingual_multiclass_en
[2026-05-09 10:19:49] Starting job e5_seed44_monolingual_multiclass_gr
[2026-05-09 10:20:00] Finished job e5_seed44_monolingual_multiclass_gr
[2026-05-09 10:20:01] Starting job e5_seed44_monolingual_multiclass_cha
[2026-05-09 10:20:42] Finished job e5_seed44_monolingual_multiclass_cha
[2026-05-09 10:20:42] Starting job e5_seed44_monolingual_multiclass_spa
[2026-05-09 10:21:01] Finished job e5_seed44_monolingual_multiclass_spa
[2026-05-09 10:21:01] Starting job e5_seed44_multilingual_combined_binary_en
[2026-05-09 10:28:44] Finished job e5_seed44_multilingual_combined_binary_en
[2026-05-09 10:28:44] Starting job e5_seed44_multilingual_combined_binary_gr
[2026-05-09 10:36:56] Finished job e5_seed44_multilingual_combined_binary_gr
[2026-05-09 10:36:56] Starting job e5_seed44_multilingual_combined_binary_cha
[2026-05-09 10:44:13] Finished job e5_seed44_multilingual_combined_binary_cha
[2026-05-09 10:44:13] Starting job e5_seed44_multilingual_combined_binary_spa
[2026-05-09 10:51:31] Finished job e5_seed44_multilingual_combined_binary_spa
[2026-05-09 10:51:31] Starting job e5_seed44_multilingual_combined_multiclass_en
[2026-05-09 11:02:42] Finished job e5_seed44_multilingual_combined_multiclass_en
[2026-05-09 11:02:42] Starting job e5_seed44_multilingual_combined_multiclass_gr
[2026-05-09 11:13:43] Finished job e5_seed44_multilingual_combined_multiclass_gr
[2026-05-09 11:13:43] Starting job e5_seed44_multilingual_combined_multiclass_cha
[2026-05-09 11:24:42] Finished job e5_seed44_multilingual_combined_multiclass_cha
[2026-05-09 11:24:42] Starting job e5_seed44_multilingual_combined_multiclass_spa
[2026-05-09 11:35:33] Finished job e5_seed44_multilingual_combined_multiclass_spa
[2026-05-09 11:35:33] Starting job e5_seed44_translated_combined_binary_en
[2026-05-09 11:42:40] Finished job e5_seed44_translated_combined_binary_en
[2026-05-09 11:42:40] Starting job e5_seed44_translated_combined_binary_gr
[2026-05-09 11:49:39] Finished job e5_seed44_translated_combined_binary_gr
[2026-05-09 11:49:39] Starting job e5_seed44_translated_combined_binary_cha
[2026-05-09 11:56:37] Finished job e5_seed44_translated_combined_binary_cha
[2026-05-09 11:56:37] Starting job e5_seed44_translated_combined_binary_spa
[2026-05-09 12:03:37] Finished job e5_seed44_translated_combined_binary_spa
[2026-05-09 12:03:37] Starting job e5_seed44_translated_combined_multiclass_en
[2026-05-09 12:14:45] Finished job e5_seed44_translated_combined_multiclass_en
[2026-05-09 12:14:45] Starting job e5_seed44_translated_combined_multiclass_gr
[2026-05-09 12:25:42] Finished job e5_seed44_translated_combined_multiclass_gr
[2026-05-09 12:25:42] Starting job e5_seed44_translated_combined_multiclass_cha
[2026-05-09 12:36:47] Finished job e5_seed44_translated_combined_multiclass_cha
[2026-05-09 12:36:47] Starting job e5_seed44_translated_combined_multiclass_spa
[2026-05-09 12:47:48] Finished job e5_seed44_translated_combined_multiclass_spa
[2026-05-09 12:47:48] Starting job tfidf_seed45_monolingual_binary_en
[2026-05-09 12:52:12] Finished job tfidf_seed45_monolingual_binary_en
[2026-05-09 12:52:12] Starting job tfidf_seed45_monolingual_binary_gr
[2026-05-09 12:52:16] Finished job tfidf_seed45_monolingual_binary_gr
[2026-05-09 12:52:16] Starting job tfidf_seed45_monolingual_binary_cha
[2026-05-09 12:52:24] Finished job tfidf_seed45_monolingual_binary_cha
[2026-05-09 12:52:24] Starting job tfidf_seed45_monolingual_binary_spa
[2026-05-09 12:52:30] Finished job tfidf_seed45_monolingual_binary_spa
[2026-05-09 12:52:30] Starting job tfidf_seed45_monolingual_multiclass_en
[2026-05-09 13:00:48] Finished job tfidf_seed45_monolingual_multiclass_en
[2026-05-09 13:00:48] Starting job tfidf_seed45_monolingual_multiclass_gr
[2026-05-09 13:00:53] Finished job tfidf_seed45_monolingual_multiclass_gr
[2026-05-09 13:00:53] Starting job tfidf_seed45_monolingual_multiclass_cha
[2026-05-09 13:01:13] Finished job tfidf_seed45_monolingual_multiclass_cha
[2026-05-09 13:01:13] Starting job tfidf_seed45_monolingual_multiclass_spa
[2026-05-09 13:01:22] Finished job tfidf_seed45_monolingual_multiclass_spa
[2026-05-09 13:01:22] Starting job tfidf_seed45_multilingual_combined_binary_en
[2026-05-09 13:07:24] Finished job tfidf_seed45_multilingual_combined_binary_en
[2026-05-09 13:07:24] Starting job tfidf_seed45_multilingual_combined_binary_gr
[2026-05-09 13:13:29] Finished job tfidf_seed45_multilingual_combined_binary_gr
[2026-05-09 13:13:29] Starting job tfidf_seed45_multilingual_combined_binary_cha
[2026-05-09 13:19:29] Finished job tfidf_seed45_multilingual_combined_binary_cha
[2026-05-09 13:19:29] Starting job tfidf_seed45_multilingual_combined_binary_spa
[2026-05-09 13:25:29] Finished job tfidf_seed45_multilingual_combined_binary_spa
[2026-05-09 13:25:29] Starting job tfidf_seed45_multilingual_combined_multiclass_en
[2026-05-09 13:37:35] Finished job tfidf_seed45_multilingual_combined_multiclass_en
[2026-05-09 13:37:35] Starting job tfidf_seed45_multilingual_combined_multiclass_gr
[2026-05-09 13:49:57] Finished job tfidf_seed45_multilingual_combined_multiclass_gr
[2026-05-09 13:49:57] Starting job tfidf_seed45_multilingual_combined_multiclass_cha
[2026-05-09 14:02:20] Finished job tfidf_seed45_multilingual_combined_multiclass_cha
[2026-05-09 14:02:20] Starting job tfidf_seed45_multilingual_combined_multiclass_spa
[2026-05-09 14:14:36] Finished job tfidf_seed45_multilingual_combined_multiclass_spa
[2026-05-09 14:14:36] Starting job tfidf_seed45_translated_combined_binary_en
[2026-05-09 14:21:44] Finished job tfidf_seed45_translated_combined_binary_en
[2026-05-09 14:21:44] Starting job tfidf_seed45_translated_combined_binary_gr
[2026-05-09 14:28:51] Finished job tfidf_seed45_translated_combined_binary_gr
[2026-05-09 14:28:51] Starting job tfidf_seed45_translated_combined_binary_cha
[2026-05-09 14:35:55] Finished job tfidf_seed45_translated_combined_binary_cha
[2026-05-09 14:35:55] Starting job tfidf_seed45_translated_combined_binary_spa
[2026-05-09 14:43:13] Finished job tfidf_seed45_translated_combined_binary_spa
[2026-05-09 14:43:13] Starting job tfidf_seed45_translated_combined_multiclass_en
[2026-05-09 14:58:18] Finished job tfidf_seed45_translated_combined_multiclass_en
[2026-05-09 14:58:18] Starting job tfidf_seed45_translated_combined_multiclass_gr
[2026-05-09 15:13:52] Finished job tfidf_seed45_translated_combined_multiclass_gr
[2026-05-09 15:13:52] Starting job tfidf_seed45_translated_combined_multiclass_cha
[2026-05-09 15:28:50] Finished job tfidf_seed45_translated_combined_multiclass_cha
[2026-05-09 15:28:50] Starting job tfidf_seed45_translated_combined_multiclass_spa
[2026-05-09 15:43:40] Finished job tfidf_seed45_translated_combined_multiclass_spa
[2026-05-09 15:43:40] Starting job e5_seed45_monolingual_binary_en
[2026-05-09 15:48:17] Finished job e5_seed45_monolingual_binary_en
[2026-05-09 15:48:17] Starting job e5_seed45_monolingual_binary_gr
[2026-05-09 15:48:26] Finished job e5_seed45_monolingual_binary_gr
[2026-05-09 15:48:26] Starting job e5_seed45_monolingual_binary_cha
[2026-05-09 15:48:46] Finished job e5_seed45_monolingual_binary_cha
[2026-05-09 15:48:46] Starting job e5_seed45_monolingual_binary_spa
[2026-05-09 15:49:00] Finished job e5_seed45_monolingual_binary_spa
[2026-05-09 15:49:00] Starting job e5_seed45_monolingual_multiclass_en
[2026-05-09 15:55:44] Finished job e5_seed45_monolingual_multiclass_en
[2026-05-09 15:55:44] Starting job e5_seed45_monolingual_multiclass_gr
[2026-05-09 15:55:56] Finished job e5_seed45_monolingual_multiclass_gr
[2026-05-09 15:55:56] Starting job e5_seed45_monolingual_multiclass_cha
[2026-05-09 15:56:36] Finished job e5_seed45_monolingual_multiclass_cha
[2026-05-09 15:56:36] Starting job e5_seed45_monolingual_multiclass_spa
[2026-05-09 15:56:55] Finished job e5_seed45_monolingual_multiclass_spa
[2026-05-09 15:56:55] Starting job e5_seed45_multilingual_combined_binary_en
[2026-05-09 16:05:02] Finished job e5_seed45_multilingual_combined_binary_en
[2026-05-09 16:05:02] Starting job e5_seed45_multilingual_combined_binary_gr
[2026-05-09 16:12:41] Finished job e5_seed45_multilingual_combined_binary_gr
[2026-05-09 16:12:41] Starting job e5_seed45_multilingual_combined_binary_cha
[2026-05-09 16:20:53] Finished job e5_seed45_multilingual_combined_binary_cha
[2026-05-09 16:20:53] Starting job e5_seed45_multilingual_combined_binary_spa
[2026-05-09 16:28:52] Finished job e5_seed45_multilingual_combined_binary_spa
[2026-05-09 16:28:52] Starting job e5_seed45_multilingual_combined_multiclass_en
[2026-05-09 16:41:56] Finished job e5_seed45_multilingual_combined_multiclass_en
[2026-05-09 16:41:56] Starting job e5_seed45_multilingual_combined_multiclass_gr
[2026-05-09 16:53:52] Finished job e5_seed45_multilingual_combined_multiclass_gr
[2026-05-09 16:53:52] Starting job e5_seed45_multilingual_combined_multiclass_cha
[2026-05-09 17:05:51] Finished job e5_seed45_multilingual_combined_multiclass_cha
[2026-05-09 17:05:51] Starting job e5_seed45_multilingual_combined_multiclass_spa
[2026-05-09 17:17:19] Finished job e5_seed45_multilingual_combined_multiclass_spa
[2026-05-09 17:17:19] Starting job e5_seed45_translated_combined_binary_en
[2026-05-09 17:24:22] Finished job e5_seed45_translated_combined_binary_en
[2026-05-09 17:24:22] Starting job e5_seed45_translated_combined_binary_gr
[2026-05-09 17:31:23] Finished job e5_seed45_translated_combined_binary_gr
[2026-05-09 17:31:23] Starting job e5_seed45_translated_combined_binary_cha
[2026-05-09 17:38:30] Finished job e5_seed45_translated_combined_binary_cha
[2026-05-09 17:38:30] Starting job e5_seed45_translated_combined_binary_spa
[2026-05-09 17:45:36] Finished job e5_seed45_translated_combined_binary_spa
[2026-05-09 17:45:36] Starting job e5_seed45_translated_combined_multiclass_en
[2026-05-09 17:57:52] Finished job e5_seed45_translated_combined_multiclass_en
[2026-05-09 17:57:52] Starting job e5_seed45_translated_combined_multiclass_gr
[2026-05-09 18:10:26] Finished job e5_seed45_translated_combined_multiclass_gr
[2026-05-09 18:10:26] Starting job e5_seed45_translated_combined_multiclass_cha
[2026-05-09 18:23:35] Finished job e5_seed45_translated_combined_multiclass_cha
[2026-05-09 18:23:35] Starting job e5_seed45_translated_combined_multiclass_spa
[2026-05-09 18:36:23] Finished job e5_seed45_translated_combined_multiclass_spa
[2026-05-09 18:36:23] Starting job tfidf_seed46_monolingual_binary_en
[2026-05-09 18:40:49] Finished job tfidf_seed46_monolingual_binary_en
[2026-05-09 18:40:49] Starting job tfidf_seed46_monolingual_binary_gr
[2026-05-09 18:40:54] Finished job tfidf_seed46_monolingual_binary_gr
[2026-05-09 18:40:54] Starting job tfidf_seed46_monolingual_binary_cha
[2026-05-09 18:41:02] Finished job tfidf_seed46_monolingual_binary_cha
[2026-05-09 18:41:02] Starting job tfidf_seed46_monolingual_binary_spa
[2026-05-09 18:41:08] Finished job tfidf_seed46_monolingual_binary_spa
[2026-05-09 18:41:08] Starting job tfidf_seed46_monolingual_multiclass_en
[2026-05-09 18:49:28] Finished job tfidf_seed46_monolingual_multiclass_en
[2026-05-09 18:49:28] Starting job tfidf_seed46_monolingual_multiclass_gr
[2026-05-09 18:49:33] Finished job tfidf_seed46_monolingual_multiclass_gr
[2026-05-09 18:49:33] Starting job tfidf_seed46_monolingual_multiclass_cha
[2026-05-09 18:49:53] Finished job tfidf_seed46_monolingual_multiclass_cha
[2026-05-09 18:49:53] Starting job tfidf_seed46_monolingual_multiclass_spa
[2026-05-09 18:50:03] Finished job tfidf_seed46_monolingual_multiclass_spa
[2026-05-09 18:50:03] Starting job tfidf_seed46_multilingual_combined_binary_en
[2026-05-09 18:55:55] Finished job tfidf_seed46_multilingual_combined_binary_en
[2026-05-09 18:55:55] Starting job tfidf_seed46_multilingual_combined_binary_gr
[2026-05-09 19:01:47] Finished job tfidf_seed46_multilingual_combined_binary_gr
[2026-05-09 19:01:47] Starting job tfidf_seed46_multilingual_combined_binary_cha
[2026-05-09 19:07:37] Finished job tfidf_seed46_multilingual_combined_binary_cha
[2026-05-09 19:07:37] Starting job tfidf_seed46_multilingual_combined_binary_spa
[2026-05-09 19:13:28] Finished job tfidf_seed46_multilingual_combined_binary_spa
[2026-05-09 19:13:28] Starting job tfidf_seed46_multilingual_combined_multiclass_en
[2026-05-09 19:25:09] Finished job tfidf_seed46_multilingual_combined_multiclass_en
[2026-05-09 19:25:09] Starting job tfidf_seed46_multilingual_combined_multiclass_gr
[2026-05-09 19:37:12] Finished job tfidf_seed46_multilingual_combined_multiclass_gr
[2026-05-09 19:37:12] Starting job tfidf_seed46_multilingual_combined_multiclass_cha
[2026-05-09 19:49:19] Finished job tfidf_seed46_multilingual_combined_multiclass_cha
[2026-05-09 19:49:19] Starting job tfidf_seed46_multilingual_combined_multiclass_spa
[2026-05-09 20:01:19] Finished job tfidf_seed46_multilingual_combined_multiclass_spa
[2026-05-09 20:01:19] Starting job tfidf_seed46_translated_combined_binary_en
[2026-05-09 20:08:33] Finished job tfidf_seed46_translated_combined_binary_en
[2026-05-09 20:08:33] Starting job tfidf_seed46_translated_combined_binary_gr
[2026-05-09 20:15:45] Finished job tfidf_seed46_translated_combined_binary_gr
[2026-05-09 20:15:45] Starting job tfidf_seed46_translated_combined_binary_cha
[2026-05-09 20:22:55] Finished job tfidf_seed46_translated_combined_binary_cha
[2026-05-09 20:22:55] Starting job tfidf_seed46_translated_combined_binary_spa
[2026-05-09 20:30:38] Finished job tfidf_seed46_translated_combined_binary_spa
[2026-05-09 20:30:38] Starting job tfidf_seed46_translated_combined_multiclass_en
[2026-05-09 20:46:27] Finished job tfidf_seed46_translated_combined_multiclass_en
[2026-05-09 20:46:27] Starting job tfidf_seed46_translated_combined_multiclass_gr
[2026-05-09 21:02:22] Finished job tfidf_seed46_translated_combined_multiclass_gr
[2026-05-09 21:02:22] Starting job tfidf_seed46_translated_combined_multiclass_cha
[2026-05-09 21:17:43] Finished job tfidf_seed46_translated_combined_multiclass_cha
[2026-05-09 21:17:43] Starting job tfidf_seed46_translated_combined_multiclass_spa
[2026-05-10 09:25:40] Starting job tfidf_seed46_translated_combined_multiclass_spa
[2026-05-10 09:37:50] Starting job tfidf_seed46_translated_combined_multiclass_spa
[2026-05-10 09:37:50] Skipped job tfidf_seed46_translated_combined_multiclass_spa
[2026-05-10 09:37:50] Starting job e5_seed46_monolingual_binary_en
[2026-05-10 09:38:29] Starting job e5_seed46_monolingual_binary_en
[2026-05-10 09:43:52] Finished job e5_seed46_monolingual_binary_en
[2026-05-10 09:43:52] Starting job e5_seed46_monolingual_binary_gr
[2026-05-10 09:44:02] Finished job e5_seed46_monolingual_binary_gr
[2026-05-10 09:44:02] Starting job e5_seed46_monolingual_binary_cha
[2026-05-10 09:44:22] Finished job e5_seed46_monolingual_binary_cha
[2026-05-10 09:44:22] Starting job e5_seed46_monolingual_binary_spa
[2026-05-10 09:44:37] Finished job e5_seed46_monolingual_binary_spa
[2026-05-10 09:44:37] Starting job e5_seed46_monolingual_multiclass_en
[2026-05-10 09:51:25] Finished job e5_seed46_monolingual_multiclass_en
[2026-05-10 09:51:25] Starting job e5_seed46_monolingual_multiclass_gr
[2026-05-10 09:51:38] Finished job e5_seed46_monolingual_multiclass_gr
[2026-05-10 09:51:38] Starting job e5_seed46_monolingual_multiclass_cha
[2026-05-10 09:52:27] Finished job e5_seed46_monolingual_multiclass_cha
[2026-05-10 09:52:27] Starting job e5_seed46_monolingual_multiclass_spa
[2026-05-10 09:52:47] Finished job e5_seed46_monolingual_multiclass_spa
[2026-05-10 09:52:47] Starting job e5_seed46_multilingual_combined_binary_en
[2026-05-10 10:01:00] Finished job e5_seed46_multilingual_combined_binary_en
[2026-05-10 10:01:00] Starting job e5_seed46_multilingual_combined_binary_gr
[2026-05-10 10:08:53] Finished job e5_seed46_multilingual_combined_binary_gr
[2026-05-10 10:08:53] Starting job e5_seed46_multilingual_combined_binary_cha
[2026-05-10 10:16:52] Finished job e5_seed46_multilingual_combined_binary_cha
[2026-05-10 10:16:52] Starting job e5_seed46_multilingual_combined_binary_spa
[2026-05-10 10:24:17] Finished job e5_seed46_multilingual_combined_binary_spa
[2026-05-10 10:24:17] Starting job e5_seed46_multilingual_combined_multiclass_en
[2026-05-10 10:36:22] Finished job e5_seed46_multilingual_combined_multiclass_en
[2026-05-10 10:36:22] Starting job e5_seed46_multilingual_combined_multiclass_gr
[2026-05-10 10:49:15] Finished job e5_seed46_multilingual_combined_multiclass_gr
[2026-05-10 10:49:15] Starting job e5_seed46_multilingual_combined_multiclass_cha
[2026-05-10 11:00:44] Finished job e5_seed46_multilingual_combined_multiclass_cha
[2026-05-10 11:00:44] Starting job e5_seed46_multilingual_combined_multiclass_spa
[2026-05-10 11:11:52] Finished job e5_seed46_multilingual_combined_multiclass_spa
[2026-05-10 11:11:52] Starting job e5_seed46_translated_combined_binary_en
[2026-05-10 11:19:14] Finished job e5_seed46_translated_combined_binary_en
[2026-05-10 11:19:14] Starting job e5_seed46_translated_combined_binary_gr
[2026-05-10 11:26:07] Finished job e5_seed46_translated_combined_binary_gr
[2026-05-10 11:26:07] Starting job e5_seed46_translated_combined_binary_cha
[2026-05-10 11:33:21] Finished job e5_seed46_translated_combined_binary_cha
[2026-05-10 11:33:21] Starting job e5_seed46_translated_combined_binary_spa
[2026-05-10 11:40:25] Finished job e5_seed46_translated_combined_binary_spa
[2026-05-10 11:40:25] Starting job e5_seed46_translated_combined_multiclass_en
[2026-05-10 11:54:02] Finished job e5_seed46_translated_combined_multiclass_en
[2026-05-10 11:54:02] Starting job e5_seed46_translated_combined_multiclass_gr
[2026-05-10 12:07:56] Finished job e5_seed46_translated_combined_multiclass_gr
[2026-05-10 12:07:57] Starting job e5_seed46_translated_combined_multiclass_cha
[2026-05-10 12:21:14] Finished job e5_seed46_translated_combined_multiclass_cha
[2026-05-10 12:21:14] Starting job e5_seed46_translated_combined_multiclass_spa
[2026-05-10 12:33:33] Finished job e5_seed46_translated_combined_multiclass_spa
[2026-05-10 12:33:33] Starting job aggregate_full
[2026-05-10 12:33:33] Job failed aggregate_full: ImportError: Missing optional dependency 'tabulate'.  Use pip or conda to install tabulate.
[2026-05-10 13:48:20] Starting job aggregate_full
[2026-05-10 13:48:20] Finished job aggregate_full
[2026-05-10 13:48:20] All jobs complete.
