
====================================================================================================
2026-05-16T04:08:16+01:00 START xlm-roberta-base_cls_truncate_seed45_mono_no_binary_en
command: C:\Users\dhruv\AppData\Local\Microsoft\WindowsApps\PythonSoftwareFoundation.Python.3.10_qbz5n2kfra8p0\python.exe C:\Users\dhruv\Documents\06 Coding\MultiConAD\experiments\transfer_learning_embeddings.py --model xlm-roberta-base --pooling cls --length_mode truncate --task binary --training mono --test_language en --translated no --seed 45 --batch_size 16

'(MaxRetryError('HTTPSConnectionPool(host=\'huggingface.co\', port=443): Max retries exceeded with url: /xlm-roberta-base/resolve/main/tokenizer_config.json (Caused by NameResolutionError("<urllib3.connection.HTTPSConnection object at 0x000002035ADA2E00>: Failed to resolve \'huggingface.co\' ([Errno 11002] getaddrinfo failed)"))'), '(Request ID: 72f3f8f1-a850-4c53-ac07-5bedf3720367)')' thrown while requesting HEAD https://huggingface.co/xlm-roberta-base/resolve/main/tokenizer_config.json
Retrying in 1s [Retry 1/5].
'(MaxRetryError('HTTPSConnectionPool(host=\'huggingface.co\', port=443): Max retries exceeded with url: /xlm-roberta-base/resolve/main/tokenizer_config.json (Caused by NameResolutionError("<urllib3.connection.HTTPSConnection object at 0x000002035ADA2AD0>: Failed to resolve \'huggingface.co\' ([Errno 11002] getaddrinfo failed)"))'), '(Request ID: aeb4f582-d768-4076-ad90-af6e4b704005)')' thrown while requesting HEAD https://huggingface.co/xlm-roberta-base/resolve/main/tokenizer_config.json
Retrying in 2s [Retry 2/5].
'(MaxRetryError('HTTPSConnectionPool(host=\'huggingface.co\', port=443): Max retries exceeded with url: /xlm-roberta-base/resolve/main/tokenizer_config.json (Caused by NameResolutionError("<urllib3.connection.HTTPSConnection object at 0x000002035ADA2710>: Failed to resolve \'huggingface.co\' ([Errno 11002] getaddrinfo failed)"))'), '(Request ID: 3de3facc-6410-4367-aeb6-3b0c77bd8f7f)')' thrown while requesting HEAD https://huggingface.co/xlm-roberta-base/resolve/main/tokenizer_config.json
Retrying in 4s [Retry 3/5].
'(MaxRetryError('HTTPSConnectionPool(host=\'huggingface.co\', port=443): Max retries exceeded with url: /xlm-roberta-base/resolve/main/tokenizer_config.json (Caused by NameResolutionError("<urllib3.connection.HTTPSConnection object at 0x000002035ADA2380>: Failed to resolve \'huggingface.co\' ([Errno 11001] getaddrinfo failed)"))'), '(Request ID: 66c891e2-0d64-4f5f-97f4-cf28aff25315)')' thrown while requesting HEAD https://huggingface.co/xlm-roberta-base/resolve/main/tokenizer_config.json
Retrying in 8s [Retry 4/5].
'(MaxRetryError('HTTPSConnectionPool(host=\'huggingface.co\', port=443): Max retries exceeded with url: /xlm-roberta-base/resolve/main/tokenizer_config.json (Caused by NameResolutionError("<urllib3.connection.HTTPSConnection object at 0x000002035ADA32E0>: Failed to resolve \'huggingface.co\' ([Errno 11001] getaddrinfo failed)"))'), '(Request ID: f0659cd3-7a8e-4cb1-ab7e-ace829f2c7e4)')' thrown while requesting HEAD https://huggingface.co/xlm-roberta-base/resolve/main/tokenizer_config.json
Retrying in 8s [Retry 5/5].
'(MaxRetryError('HTTPSConnectionPool(host=\'huggingface.co\', port=443): Max retries exceeded with url: /xlm-roberta-base/resolve/main/tokenizer_config.json (Caused by NameResolutionError("<urllib3.connection.HTTPSConnection object at 0x000002035ADA1DB0>: Failed to resolve \'huggingface.co\' ([Errno 11001] getaddrinfo failed)"))'), '(Request ID: 3903a866-5842-4fe0-9148-ace003a4c785)')' thrown while requesting HEAD https://huggingface.co/xlm-roberta-base/resolve/main/tokenizer_config.json
Traceback (most recent call last):
  File "C:\Users\dhruv\AppData\Local\Packages\PythonSoftwareFoundation.Python.3.10_qbz5n2kfra8p0\LocalCache\local-packages\Python310\site-packages\urllib3\connection.py", line 203, in _new_conn
    sock = connection.create_connection(
  File "C:\Users\dhruv\AppData\Local\Packages\PythonSoftwareFoundation.Python.3.10_qbz5n2kfra8p0\LocalCache\local-packages\Python310\site-packages\urllib3\util\connection.py", line 60, in create_connection
    for res in socket.getaddrinfo(host, port, family, socket.SOCK_STREAM):
  File "C:\Program Files\WindowsApps\PythonSoftwareFoundation.Python.3.10_3.10.3056.0_x64__qbz5n2kfra8p0\lib\socket.py", line 955, in getaddrinfo
    for res in _socket.getaddrinfo(host, port, family, type, proto, flags):
socket.gaierror: [Errno 11001] getaddrinfo failed

The above exception was the direct cause of the following exception:

Traceback (most recent call last):
  File "C:\Users\dhruv\AppData\Local\Packages\PythonSoftwareFoundation.Python.3.10_qbz5n2kfra8p0\LocalCache\local-packages\Python310\site-packages\urllib3\connectionpool.py", line 791, in urlopen
    response = self._make_request(
  File "C:\Users\dhruv\AppData\Local\Packages\PythonSoftwareFoundation.Python.3.10_qbz5n2kfra8p0\LocalCache\local-packages\Python310\site-packages\urllib3\connectionpool.py", line 492, in _make_request
    raise new_e
  File "C:\Users\dhruv\AppData\Local\Packages\PythonSoftwareFoundation.Python.3.10_qbz5n2kfra8p0\LocalCache\local-packages\Python310\site-packages\urllib3\connectionpool.py", line 468, in _make_request
    self._validate_conn(conn)
  File "C:\Users\dhruv\AppData\Local\Packages\PythonSoftwareFoundation.Python.3.10_qbz5n2kfra8p0\LocalCache\local-packages\Python310\site-packages\urllib3\connectionpool.py", line 1097, in _validate_conn
    conn.connect()
  File "C:\Users\dhruv\AppData\Local\Packages\PythonSoftwareFoundation.Python.3.10_qbz5n2kfra8p0\LocalCache\local-packages\Python310\site-packages\urllib3\connection.py", line 611, in connect
    self.sock = sock = self._new_conn()
  File "C:\Users\dhruv\AppData\Local\Packages\PythonSoftwareFoundation.Python.3.10_qbz5n2kfra8p0\LocalCache\local-packages\Python310\site-packages\urllib3\connection.py", line 210, in _new_conn
    raise NameResolutionError(self.host, self, e) from e
urllib3.exceptions.NameResolutionError: <urllib3.connection.HTTPSConnection object at 0x0000020354A7C130>: Failed to resolve 'huggingface.co' ([Errno 11001] getaddrinfo failed)

The above exception was the direct cause of the following exception:

Traceback (most recent call last):
  File "C:\Users\dhruv\AppData\Local\Packages\PythonSoftwareFoundation.Python.3.10_qbz5n2kfra8p0\LocalCache\local-packages\Python310\site-packages\requests\adapters.py", line 644, in send
    resp = conn.urlopen(
  File "C:\Users\dhruv\AppData\Local\Packages\PythonSoftwareFoundation.Python.3.10_qbz5n2kfra8p0\LocalCache\local-packages\Python310\site-packages\urllib3\connectionpool.py", line 845, in urlopen
    retries = retries.increment(
  File "C:\Users\dhruv\AppData\Local\Packages\PythonSoftwareFoundation.Python.3.10_qbz5n2kfra8p0\LocalCache\local-packages\Python310\site-packages\urllib3\util\retry.py", line 515, in increment
    raise MaxRetryError(_pool, url, reason) from reason  # type: ignore[arg-type]
urllib3.exceptions.MaxRetryError: HTTPSConnectionPool(host='huggingface.co', port=443): Max retries exceeded with url: /api/models/xlm-roberta-base (Caused by NameResolutionError("<urllib3.connection.HTTPSConnection object at 0x0000020354A7C130>: Failed to resolve 'huggingface.co' ([Errno 11001] getaddrinfo failed)"))

During handling of the above exception, another exception occurred:

Traceback (most recent call last):
  File "C:\Users\dhruv\Documents\06 Coding\MultiConAD\experiments\transfer_learning_embeddings.py", line 642, in <module>
    main()
  File "C:\Users\dhruv\Documents\06 Coding\MultiConAD\experiments\transfer_learning_embeddings.py", line 636, in main
    summary = run(args)
  File "C:\Users\dhruv\Documents\06 Coding\MultiConAD\experiments\transfer_learning_embeddings.py", line 461, in run
    x_train = encode_embeddings(train_df, text_col, args, "train")
  File "C:\Users\dhruv\Documents\06 Coding\MultiConAD\experiments\transfer_learning_embeddings.py", line 242, in encode_embeddings
    tokenizer = AutoTokenizer.from_pretrained(args.model)
  File "C:\Users\dhruv\AppData\Local\Packages\PythonSoftwareFoundation.Python.3.10_qbz5n2kfra8p0\LocalCache\local-packages\Python310\site-packages\transformers\models\auto\tokenization_auto.py", line 1175, in from_pretrained
    return tokenizer_class_fast.from_pretrained(pretrained_model_name_or_path, *inputs, **kwargs)
  File "C:\Users\dhruv\AppData\Local\Packages\PythonSoftwareFoundation.Python.3.10_qbz5n2kfra8p0\LocalCache\local-packages\Python310\site-packages\transformers\tokenization_utils_base.py", line 2113, in from_pretrained
    return cls._from_pretrained(
  File "C:\Users\dhruv\AppData\Local\Packages\PythonSoftwareFoundation.Python.3.10_qbz5n2kfra8p0\LocalCache\local-packages\Python310\site-packages\transformers\tokenization_utils_base.py", line 2395, in _from_pretrained
    tokenizer = cls._patch_mistral_regex(
  File "C:\Users\dhruv\AppData\Local\Packages\PythonSoftwareFoundation.Python.3.10_qbz5n2kfra8p0\LocalCache\local-packages\Python310\site-packages\transformers\tokenization_utils_base.py", line 2442, in _patch_mistral_regex
    _is_local or (not _is_local and is_base_mistral(pretrained_model_name_or_path))
  File "C:\Users\dhruv\AppData\Local\Packages\PythonSoftwareFoundation.Python.3.10_qbz5n2kfra8p0\LocalCache\local-packages\Python310\site-packages\transformers\tokenization_utils_base.py", line 2432, in is_base_mistral
    model = model_info(model_id)
  File "C:\Users\dhruv\AppData\Local\Packages\PythonSoftwareFoundation.Python.3.10_qbz5n2kfra8p0\LocalCache\local-packages\Python310\site-packages\huggingface_hub\utils\_validators.py", line 114, in _inner_fn
    return fn(*args, **kwargs)
  File "C:\Users\dhruv\AppData\Local\Packages\PythonSoftwareFoundation.Python.3.10_qbz5n2kfra8p0\LocalCache\local-packages\Python310\site-packages\huggingface_hub\hf_api.py", line 2660, in model_info
    r = get_session().get(path, headers=headers, timeout=timeout, params=params)
  File "C:\Users\dhruv\AppData\Local\Packages\PythonSoftwareFoundation.Python.3.10_qbz5n2kfra8p0\LocalCache\local-packages\Python310\site-packages\requests\sessions.py", line 602, in get
    return self.request("GET", url, **kwargs)
  File "C:\Users\dhruv\AppData\Local\Packages\PythonSoftwareFoundation.Python.3.10_qbz5n2kfra8p0\LocalCache\local-packages\Python310\site-packages\requests\sessions.py", line 589, in request
    resp = self.send(prep, **send_kwargs)
  File "C:\Users\dhruv\AppData\Local\Packages\PythonSoftwareFoundation.Python.3.10_qbz5n2kfra8p0\LocalCache\local-packages\Python310\site-packages\requests\sessions.py", line 703, in send
    r = adapter.send(request, **kwargs)
  File "C:\Users\dhruv\AppData\Local\Packages\PythonSoftwareFoundation.Python.3.10_qbz5n2kfra8p0\LocalCache\local-packages\Python310\site-packages\huggingface_hub\utils\_http.py", line 95, in send
    return super().send(request, *args, **kwargs)
  File "C:\Users\dhruv\AppData\Local\Packages\PythonSoftwareFoundation.Python.3.10_qbz5n2kfra8p0\LocalCache\local-packages\Python310\site-packages\requests\adapters.py", line 677, in send
    raise ConnectionError(e, request=request)
requests.exceptions.ConnectionError: (MaxRetryError('HTTPSConnectionPool(host=\'huggingface.co\', port=443): Max retries exceeded with url: /api/models/xlm-roberta-base (Caused by NameResolutionError("<urllib3.connection.HTTPSConnection object at 0x0000020354A7C130>: Failed to resolve \'huggingface.co\' ([Errno 11001] getaddrinfo failed)"))'), '(Request ID: 3995f06d-74bc-4209-9e55-b25a62b06c2e)')

====================================================================================================
2026-05-16T09:22:06+01:00 START xlm-roberta-base_cls_truncate_seed45_mono_no_binary_en attempt=1/3
command: C:\Users\dhruv\AppData\Local\Microsoft\WindowsApps\PythonSoftwareFoundation.Python.3.10_qbz5n2kfra8p0\python.exe C:\Users\dhruv\Documents\06 Coding\MultiConAD\experiments\transfer_learning_embeddings.py --model xlm-roberta-base --pooling cls --length_mode truncate --task binary --training mono --test_language en --translated no --seed 45 --batch_size 16

DT: accuracy=0.7371 macro_f1=0.6938 params={'max_depth': 10}
RF: accuracy=0.8660 macro_f1=0.8401 params={'n_estimators': 100}
SVM: accuracy=0.7784 macro_f1=0.7717 params={'C': 10, 'kernel': 'rbf'}
LR: accuracy=0.8866 macro_f1=0.8619 params={'C': 10}
Best Ensemble: accuracy=0.8969 combo=RF + SVM + LR
Results: C:\Users\dhruv\Documents\06 Coding\MultiConAD\tables\01-baselines\transfer-learning-baselines\result-tables\transfer_learning_results.txt
CSV: C:\Users\dhruv\Documents\06 Coding\MultiConAD\tables\01-baselines\transfer-learning-baselines\result-tables\csv\frozen_embedding_runs.csv
