
====================================================================================================
2026-05-16T11:47:07+01:00 START xlm-roberta-base_cls_truncate_seed46_multi_no_multiclass_en attempt=1/3
command: C:\Users\dhruv\AppData\Local\Microsoft\WindowsApps\PythonSoftwareFoundation.Python.3.10_qbz5n2kfra8p0\python.exe C:\Users\dhruv\Documents\06 Coding\MultiConAD\experiments\transfer_learning_embeddings.py --model xlm-roberta-base --pooling cls --length_mode truncate --task multiclass --training multi --test_language en --translated no --seed 46 --batch_size 16

DT: accuracy=0.5294 macro_f1=0.5230 params={'max_depth': 30}
RF: accuracy=0.6324 macro_f1=0.5904 params={'n_estimators': 100}
SVM: accuracy=0.5037 macro_f1=0.3106 params={'C': 10, 'kernel': 'rbf'}
C:\Users\dhruv\AppData\Local\Packages\PythonSoftwareFoundation.Python.3.10_qbz5n2kfra8p0\LocalCache\local-packages\Python310\site-packages\sklearn\linear_model\_logistic.py:473: ConvergenceWarning: lbfgs failed to converge after 1000 iteration(s) (status=1):
STOP: TOTAL NO. OF ITERATIONS REACHED LIMIT

Increase the number of iterations to improve the convergence (max_iter=1000).
You might also want to scale the data as shown in:
    https://scikit-learn.org/stable/modules/preprocessing.html
Please also refer to the documentation for alternative solver options:
    https://scikit-learn.org/stable/modules/linear_model.html#logistic-regression
  n_iter_i = _check_optimize_result(
C:\Users\dhruv\AppData\Local\Packages\PythonSoftwareFoundation.Python.3.10_qbz5n2kfra8p0\LocalCache\local-packages\Python310\site-packages\sklearn\linear_model\_logistic.py:473: ConvergenceWarning: lbfgs failed to converge after 1000 iteration(s) (status=1):
STOP: TOTAL NO. OF ITERATIONS REACHED LIMIT

Increase the number of iterations to improve the convergence (max_iter=1000).
You might also want to scale the data as shown in:
    https://scikit-learn.org/stable/modules/preprocessing.html
Please also refer to the documentation for alternative solver options:
    https://scikit-learn.org/stable/modules/linear_model.html#logistic-regression
  n_iter_i = _check_optimize_result(
C:\Users\dhruv\AppData\Local\Packages\PythonSoftwareFoundation.Python.3.10_qbz5n2kfra8p0\LocalCache\local-packages\Python310\site-packages\sklearn\linear_model\_logistic.py:473: ConvergenceWarning: lbfgs failed to converge after 1000 iteration(s) (status=1):
STOP: TOTAL NO. OF ITERATIONS REACHED LIMIT

Increase the number of iterations to improve the convergence (max_iter=1000).
You might also want to scale the data as shown in:
    https://scikit-learn.org/stable/modules/preprocessing.html
Please also refer to the documentation for alternative solver options:
    https://scikit-learn.org/stable/modules/linear_model.html#logistic-regression
  n_iter_i = _check_optimize_result(
C:\Users\dhruv\AppData\Local\Packages\PythonSoftwareFoundation.Python.3.10_qbz5n2kfra8p0\LocalCache\local-packages\Python310\site-packages\sklearn\linear_model\_logistic.py:473: ConvergenceWarning: lbfgs failed to converge after 1000 iteration(s) (status=1):
STOP: TOTAL NO. OF ITERATIONS REACHED LIMIT

Increase the number of iterations to improve the convergence (max_iter=1000).
You might also want to scale the data as shown in:
    https://scikit-learn.org/stable/modules/preprocessing.html
Please also refer to the documentation for alternative solver options:
    https://scikit-learn.org/stable/modules/linear_model.html#logistic-regression
  n_iter_i = _check_optimize_result(
C:\Users\dhruv\AppData\Local\Packages\PythonSoftwareFoundation.Python.3.10_qbz5n2kfra8p0\LocalCache\local-packages\Python310\site-packages\sklearn\linear_model\_logistic.py:473: ConvergenceWarning: lbfgs failed to converge after 1000 iteration(s) (status=1):
STOP: TOTAL NO. OF ITERATIONS REACHED LIMIT

Increase the number of iterations to improve the convergence (max_iter=1000).
You might also want to scale the data as shown in:
    https://scikit-learn.org/stable/modules/preprocessing.html
Please also refer to the documentation for alternative solver options:
    https://scikit-learn.org/stable/modules/linear_model.html#logistic-regression
  n_iter_i = _check_optimize_result(
LR: accuracy=0.6176 macro_f1=0.5654 params={'C': 10}
Best Ensemble: accuracy=0.6544 combo=DT + RF + LR
Results: C:\Users\dhruv\Documents\06 Coding\MultiConAD\tables\01-baselines\transfer-learning-baselines\result-tables\transfer_learning_results.txt
CSV: C:\Users\dhruv\Documents\06 Coding\MultiConAD\tables\01-baselines\transfer-learning-baselines\result-tables\csv\frozen_embedding_runs.csv
