[2026-05-10 09:44:22] e5_seed46_monolingual_binary_spa: method=e5 seed=46 training=mono translated=no task=binary test=spa train=233 test=59
[2026-05-10 09:44:22] Encoding 233 texts for seed46_mono_binary_no_spa_train.npy
[2026-05-10 09:44:26] Encoding 59 texts for seed46_mono_binary_no_spa_test.npy
[2026-05-10 09:44:27] e5_seed46_monolingual_binary_spa: fitting DT
[2026-05-10 09:44:29] e5_seed46_monolingual_binary_spa: DT accuracy=0.5932 params={'max_depth': 10}
[2026-05-10 09:44:29] e5_seed46_monolingual_binary_spa: fitting RF
[2026-05-10 09:44:36] e5_seed46_monolingual_binary_spa: RF accuracy=0.7458 params={'n_estimators': 200}
[2026-05-10 09:44:36] e5_seed46_monolingual_binary_spa: fitting SVM
[2026-05-10 09:44:36] e5_seed46_monolingual_binary_spa: SVM accuracy=0.7119 params={'C': 1, 'kernel': 'rbf'}
[2026-05-10 09:44:36] e5_seed46_monolingual_binary_spa: fitting LR
[2026-05-10 09:44:37] e5_seed46_monolingual_binary_spa: LR accuracy=0.7458 params={'C': 1}
[2026-05-10 09:44:37] e5_seed46_monolingual_binary_spa: fusion DT+RF accuracy=0.5932
[2026-05-10 09:44:37] e5_seed46_monolingual_binary_spa: fusion DT+SVM accuracy=0.5932
[2026-05-10 09:44:37] e5_seed46_monolingual_binary_spa: fusion DT+LR accuracy=0.5932
[2026-05-10 09:44:37] e5_seed46_monolingual_binary_spa: fusion RF+SVM accuracy=0.7288
[2026-05-10 09:44:37] e5_seed46_monolingual_binary_spa: fusion RF+LR accuracy=0.7288
[2026-05-10 09:44:37] e5_seed46_monolingual_binary_spa: fusion SVM+LR accuracy=0.7119
[2026-05-10 09:44:37] e5_seed46_monolingual_binary_spa: fusion DT+RF+SVM accuracy=0.7458
[2026-05-10 09:44:37] e5_seed46_monolingual_binary_spa: fusion DT+RF+LR accuracy=0.7288
[2026-05-10 09:44:37] e5_seed46_monolingual_binary_spa: fusion DT+SVM+LR accuracy=0.6949
[2026-05-10 09:44:37] e5_seed46_monolingual_binary_spa: fusion RF+SVM+LR accuracy=0.7119
[2026-05-10 09:44:37] e5_seed46_monolingual_binary_spa: fusion DT+RF+SVM+LR accuracy=0.7288
