[2026-05-09 00:33:00] e5_seed42_translated_combined_binary_gr: method=e5 seed=42 training=multi translated=yes task=binary test=gr train=2896 test=43
[2026-05-09 00:33:00] Encoding 2896 texts for seed42_multi_binary_yes_gr_train.npy
[2026-05-09 00:33:48] Encoding 43 texts for seed42_multi_binary_yes_gr_test.npy
[2026-05-09 00:33:49] e5_seed42_translated_combined_binary_gr: fitting DT
[2026-05-09 00:34:40] e5_seed42_translated_combined_binary_gr: DT accuracy=0.7442 params={'max_depth': 10}
[2026-05-09 00:34:40] e5_seed42_translated_combined_binary_gr: fitting RF
[2026-05-09 00:36:57] e5_seed42_translated_combined_binary_gr: RF accuracy=0.6047 params={'n_estimators': 100}
[2026-05-09 00:36:57] e5_seed42_translated_combined_binary_gr: fitting SVM
[2026-05-09 00:40:06] e5_seed42_translated_combined_binary_gr: SVM accuracy=0.6279 params={'C': 10, 'kernel': 'rbf'}
[2026-05-09 00:40:06] e5_seed42_translated_combined_binary_gr: fitting LR
[2026-05-09 00:40:07] e5_seed42_translated_combined_binary_gr: LR accuracy=0.3953 params={'C': 0.1}
[2026-05-09 00:40:07] e5_seed42_translated_combined_binary_gr: fusion DT+RF accuracy=0.7442
[2026-05-09 00:40:07] e5_seed42_translated_combined_binary_gr: fusion DT+SVM accuracy=0.7442
[2026-05-09 00:40:07] e5_seed42_translated_combined_binary_gr: fusion DT+LR accuracy=0.7442
[2026-05-09 00:40:07] e5_seed42_translated_combined_binary_gr: fusion RF+SVM accuracy=0.6512
[2026-05-09 00:40:07] e5_seed42_translated_combined_binary_gr: fusion RF+LR accuracy=0.4651
[2026-05-09 00:40:07] e5_seed42_translated_combined_binary_gr: fusion SVM+LR accuracy=0.5116
[2026-05-09 00:40:07] e5_seed42_translated_combined_binary_gr: fusion DT+RF+SVM accuracy=0.6512
[2026-05-09 00:40:07] e5_seed42_translated_combined_binary_gr: fusion DT+RF+LR accuracy=0.6744
[2026-05-09 00:40:07] e5_seed42_translated_combined_binary_gr: fusion DT+SVM+LR accuracy=0.7209
[2026-05-09 00:40:07] e5_seed42_translated_combined_binary_gr: fusion RF+SVM+LR accuracy=0.6047
[2026-05-09 00:40:07] e5_seed42_translated_combined_binary_gr: fusion DT+RF+SVM+LR accuracy=0.7209
