[2026-05-08 23:19:55] e5_seed42_multilingual_combined_binary_cha: method=e5 seed=42 training=multi translated=no task=binary test=cha train=2896 test=88
[2026-05-08 23:19:55] Encoding 2896 texts for seed42_multi_binary_no_cha_train.npy
[2026-05-08 23:20:52] Encoding 88 texts for seed42_multi_binary_no_cha_test.npy
[2026-05-08 23:20:54] e5_seed42_multilingual_combined_binary_cha: fitting DT
[2026-05-08 23:21:46] e5_seed42_multilingual_combined_binary_cha: DT accuracy=0.5795 params={'max_depth': 10}
[2026-05-08 23:21:46] e5_seed42_multilingual_combined_binary_cha: fitting RF
[2026-05-08 23:24:18] e5_seed42_multilingual_combined_binary_cha: RF accuracy=0.7955 params={'n_estimators': 200}
[2026-05-08 23:24:18] e5_seed42_multilingual_combined_binary_cha: fitting SVM
[2026-05-08 23:28:31] e5_seed42_multilingual_combined_binary_cha: SVM accuracy=0.7614 params={'C': 10, 'kernel': 'rbf'}
[2026-05-08 23:28:31] e5_seed42_multilingual_combined_binary_cha: fitting LR
[2026-05-08 23:28:32] e5_seed42_multilingual_combined_binary_cha: LR accuracy=0.6591 params={'C': 0.1}
[2026-05-08 23:28:32] e5_seed42_multilingual_combined_binary_cha: fusion DT+RF accuracy=0.6250
[2026-05-08 23:28:32] e5_seed42_multilingual_combined_binary_cha: fusion DT+SVM accuracy=0.6591
[2026-05-08 23:28:32] e5_seed42_multilingual_combined_binary_cha: fusion DT+LR accuracy=0.6136
[2026-05-08 23:28:32] e5_seed42_multilingual_combined_binary_cha: fusion RF+SVM accuracy=0.7841
[2026-05-08 23:28:32] e5_seed42_multilingual_combined_binary_cha: fusion RF+LR accuracy=0.6818
[2026-05-08 23:28:32] e5_seed42_multilingual_combined_binary_cha: fusion SVM+LR accuracy=0.7500
[2026-05-08 23:28:32] e5_seed42_multilingual_combined_binary_cha: fusion DT+RF+SVM accuracy=0.7727
[2026-05-08 23:28:32] e5_seed42_multilingual_combined_binary_cha: fusion DT+RF+LR accuracy=0.7045
[2026-05-08 23:28:32] e5_seed42_multilingual_combined_binary_cha: fusion DT+SVM+LR accuracy=0.6932
[2026-05-08 23:28:32] e5_seed42_multilingual_combined_binary_cha: fusion RF+SVM+LR accuracy=0.7841
[2026-05-08 23:28:32] e5_seed42_multilingual_combined_binary_cha: fusion DT+RF+SVM+LR accuracy=0.7045
