[2026-05-09 00:02:30] e5_seed42_multilingual_combined_multiclass_cha: method=e5 seed=42 training=multi translated=no task=multiclass test=cha train=3573 test=153
[2026-05-09 00:02:30] Encoding 3573 texts for seed42_multi_multiclass_no_cha_train.npy
[2026-05-09 00:03:42] Encoding 153 texts for seed42_multi_multiclass_no_cha_test.npy
[2026-05-09 00:03:44] e5_seed42_multilingual_combined_multiclass_cha: fitting DT
[2026-05-09 00:04:45] e5_seed42_multilingual_combined_multiclass_cha: DT accuracy=0.4248 params={'max_depth': 10}
[2026-05-09 00:04:45] e5_seed42_multilingual_combined_multiclass_cha: fitting RF
[2026-05-09 00:07:35] e5_seed42_multilingual_combined_multiclass_cha: RF accuracy=0.5490 params={'n_estimators': 50}
[2026-05-09 00:07:35] e5_seed42_multilingual_combined_multiclass_cha: fitting SVM
[2026-05-09 00:14:20] e5_seed42_multilingual_combined_multiclass_cha: SVM accuracy=0.4641 params={'C': 1, 'kernel': 'linear'}
[2026-05-09 00:14:20] e5_seed42_multilingual_combined_multiclass_cha: fitting LR
[2026-05-09 00:14:25] e5_seed42_multilingual_combined_multiclass_cha: LR accuracy=0.5752 params={'C': 10}
[2026-05-09 00:14:25] e5_seed42_multilingual_combined_multiclass_cha: fusion DT+RF accuracy=0.4444
[2026-05-09 00:14:25] e5_seed42_multilingual_combined_multiclass_cha: fusion DT+SVM accuracy=0.4314
[2026-05-09 00:14:25] e5_seed42_multilingual_combined_multiclass_cha: fusion DT+LR accuracy=0.4575
[2026-05-09 00:14:25] e5_seed42_multilingual_combined_multiclass_cha: fusion RF+SVM accuracy=0.5752
[2026-05-09 00:14:25] e5_seed42_multilingual_combined_multiclass_cha: fusion RF+LR accuracy=0.6078
[2026-05-09 00:14:25] e5_seed42_multilingual_combined_multiclass_cha: fusion SVM+LR accuracy=0.5882
[2026-05-09 00:14:25] e5_seed42_multilingual_combined_multiclass_cha: fusion DT+RF+SVM accuracy=0.5425
[2026-05-09 00:14:25] e5_seed42_multilingual_combined_multiclass_cha: fusion DT+RF+LR accuracy=0.5621
[2026-05-09 00:14:25] e5_seed42_multilingual_combined_multiclass_cha: fusion DT+SVM+LR accuracy=0.5294
[2026-05-09 00:14:26] e5_seed42_multilingual_combined_multiclass_cha: fusion RF+SVM+LR accuracy=0.5752
[2026-05-09 00:14:26] e5_seed42_multilingual_combined_multiclass_cha: fusion DT+RF+SVM+LR accuracy=0.5425
