[2026-05-09 11:13:43] e5_seed44_multilingual_combined_multiclass_cha: method=e5 seed=44 training=multi translated=no task=multiclass test=cha train=3573 test=153
[2026-05-09 11:13:43] Encoding 3573 texts for seed44_multi_multiclass_no_cha_train.npy
[2026-05-09 11:14:53] Encoding 153 texts for seed44_multi_multiclass_no_cha_test.npy
[2026-05-09 11:14:55] e5_seed44_multilingual_combined_multiclass_cha: fitting DT
[2026-05-09 11:15:56] e5_seed44_multilingual_combined_multiclass_cha: DT accuracy=0.4248 params={'max_depth': 10}
[2026-05-09 11:15:56] e5_seed44_multilingual_combined_multiclass_cha: fitting RF
[2026-05-09 11:18:45] e5_seed44_multilingual_combined_multiclass_cha: RF accuracy=0.5294 params={'n_estimators': 50}
[2026-05-09 11:18:45] e5_seed44_multilingual_combined_multiclass_cha: fitting SVM
[2026-05-09 11:24:38] e5_seed44_multilingual_combined_multiclass_cha: SVM accuracy=0.4967 params={'C': 1, 'kernel': 'linear'}
[2026-05-09 11:24:38] e5_seed44_multilingual_combined_multiclass_cha: fitting LR
[2026-05-09 11:24:42] e5_seed44_multilingual_combined_multiclass_cha: LR accuracy=0.6471 params={'C': 10}
[2026-05-09 11:24:42] e5_seed44_multilingual_combined_multiclass_cha: fusion DT+RF accuracy=0.4183
[2026-05-09 11:24:42] e5_seed44_multilingual_combined_multiclass_cha: fusion DT+SVM accuracy=0.4183
[2026-05-09 11:24:42] e5_seed44_multilingual_combined_multiclass_cha: fusion DT+LR accuracy=0.4641
[2026-05-09 11:24:42] e5_seed44_multilingual_combined_multiclass_cha: fusion RF+SVM accuracy=0.6078
[2026-05-09 11:24:42] e5_seed44_multilingual_combined_multiclass_cha: fusion RF+LR accuracy=0.6275
[2026-05-09 11:24:42] e5_seed44_multilingual_combined_multiclass_cha: fusion SVM+LR accuracy=0.6405
[2026-05-09 11:24:42] e5_seed44_multilingual_combined_multiclass_cha: fusion DT+RF+SVM accuracy=0.4967
[2026-05-09 11:24:42] e5_seed44_multilingual_combined_multiclass_cha: fusion DT+RF+LR accuracy=0.5556
[2026-05-09 11:24:42] e5_seed44_multilingual_combined_multiclass_cha: fusion DT+SVM+LR accuracy=0.5556
[2026-05-09 11:24:42] e5_seed44_multilingual_combined_multiclass_cha: fusion RF+SVM+LR accuracy=0.5882
[2026-05-09 11:24:42] e5_seed44_multilingual_combined_multiclass_cha: fusion DT+RF+SVM+LR accuracy=0.5686
