[2026-05-10 09:37:51] e5_seed46_monolingual_binary_en: method=e5 seed=46 training=mono translated=no task=binary test=en train=2140 test=194
[2026-05-10 09:37:51] Encoding 2140 texts for seed46_mono_binary_no_en_train.npy
[2026-05-10 09:38:30] e5_seed46_monolingual_binary_en: method=e5 seed=46 training=mono translated=no task=binary test=en train=2140 test=194
[2026-05-10 09:38:30] Encoding 2140 texts for seed46_mono_binary_no_en_train.npy
[2026-05-10 09:39:18] Encoding 194 texts for seed46_mono_binary_no_en_test.npy
[2026-05-10 09:39:24] e5_seed46_monolingual_binary_en: fitting DT
[2026-05-10 09:40:06] e5_seed46_monolingual_binary_en: DT accuracy=0.7216 params={'max_depth': 10}
[2026-05-10 09:40:06] e5_seed46_monolingual_binary_en: fitting RF
[2026-05-10 09:41:55] e5_seed46_monolingual_binary_en: RF accuracy=0.7887 params={'n_estimators': 100}
[2026-05-10 09:41:55] e5_seed46_monolingual_binary_en: fitting SVM
[2026-05-10 09:43:51] e5_seed46_monolingual_binary_en: SVM accuracy=0.7577 params={'C': 1, 'kernel': 'linear'}
[2026-05-10 09:43:51] e5_seed46_monolingual_binary_en: fitting LR
[2026-05-10 09:43:52] e5_seed46_monolingual_binary_en: LR accuracy=0.8093 params={'C': 10}
[2026-05-10 09:43:52] e5_seed46_monolingual_binary_en: fusion DT+RF accuracy=0.7216
[2026-05-10 09:43:52] e5_seed46_monolingual_binary_en: fusion DT+SVM accuracy=0.7216
[2026-05-10 09:43:52] e5_seed46_monolingual_binary_en: fusion DT+LR accuracy=0.7216
[2026-05-10 09:43:52] e5_seed46_monolingual_binary_en: fusion RF+SVM accuracy=0.8247
[2026-05-10 09:43:52] e5_seed46_monolingual_binary_en: fusion RF+LR accuracy=0.7990
[2026-05-10 09:43:52] e5_seed46_monolingual_binary_en: fusion SVM+LR accuracy=0.8299
[2026-05-10 09:43:52] e5_seed46_monolingual_binary_en: fusion DT+RF+SVM accuracy=0.7784
[2026-05-10 09:43:52] e5_seed46_monolingual_binary_en: fusion DT+RF+LR accuracy=0.8093
[2026-05-10 09:43:52] e5_seed46_monolingual_binary_en: fusion DT+SVM+LR accuracy=0.8093
[2026-05-10 09:43:52] e5_seed46_monolingual_binary_en: fusion RF+SVM+LR accuracy=0.8505
[2026-05-10 09:43:52] e5_seed46_monolingual_binary_en: fusion DT+RF+SVM+LR accuracy=0.8144
