[2026-05-10 09:51:39] e5_seed46_monolingual_multiclass_cha: method=e5 seed=46 training=mono translated=no task=multiclass test=cha train=610 test=153
[2026-05-10 09:51:39] Encoding 610 texts for seed46_mono_multiclass_no_cha_train.npy
[2026-05-10 09:51:47] Encoding 153 texts for seed46_mono_multiclass_no_cha_test.npy
[2026-05-10 09:51:49] e5_seed46_monolingual_multiclass_cha: fitting DT
[2026-05-10 09:51:55] e5_seed46_monolingual_multiclass_cha: DT accuracy=0.5359 params={'max_depth': 20}
[2026-05-10 09:51:55] e5_seed46_monolingual_multiclass_cha: fitting RF
[2026-05-10 09:52:17] e5_seed46_monolingual_multiclass_cha: RF accuracy=0.5621 params={'n_estimators': 200}
[2026-05-10 09:52:17] e5_seed46_monolingual_multiclass_cha: fitting SVM
[2026-05-10 09:52:27] e5_seed46_monolingual_multiclass_cha: SVM accuracy=0.5686 params={'C': 10, 'kernel': 'rbf'}
[2026-05-10 09:52:27] e5_seed46_monolingual_multiclass_cha: fitting LR
[2026-05-10 09:52:27] e5_seed46_monolingual_multiclass_cha: LR accuracy=0.5948 params={'C': 10}
[2026-05-10 09:52:27] e5_seed46_monolingual_multiclass_cha: fusion DT+RF accuracy=0.5359
[2026-05-10 09:52:27] e5_seed46_monolingual_multiclass_cha: fusion DT+SVM accuracy=0.5359
[2026-05-10 09:52:27] e5_seed46_monolingual_multiclass_cha: fusion DT+LR accuracy=0.5359
[2026-05-10 09:52:27] e5_seed46_monolingual_multiclass_cha: fusion RF+SVM accuracy=0.6013
[2026-05-10 09:52:27] e5_seed46_monolingual_multiclass_cha: fusion RF+LR accuracy=0.6013
[2026-05-10 09:52:27] e5_seed46_monolingual_multiclass_cha: fusion SVM+LR accuracy=0.5817
[2026-05-10 09:52:27] e5_seed46_monolingual_multiclass_cha: fusion DT+RF+SVM accuracy=0.5556
[2026-05-10 09:52:27] e5_seed46_monolingual_multiclass_cha: fusion DT+RF+LR accuracy=0.5882
[2026-05-10 09:52:27] e5_seed46_monolingual_multiclass_cha: fusion DT+SVM+LR accuracy=0.5882
[2026-05-10 09:52:27] e5_seed46_monolingual_multiclass_cha: fusion RF+SVM+LR accuracy=0.5948
[2026-05-10 09:52:27] e5_seed46_monolingual_multiclass_cha: fusion DT+RF+SVM+LR accuracy=0.5882
