[2026-05-09 11:35:33] e5_seed44_translated_combined_binary_en: method=e5 seed=44 training=multi translated=yes task=binary test=en train=2896 test=194
[2026-05-09 11:35:33] Encoding 2896 texts for seed44_multi_binary_yes_en_train.npy
[2026-05-09 11:36:21] Encoding 194 texts for seed44_multi_binary_yes_en_test.npy
[2026-05-09 11:36:26] e5_seed44_translated_combined_binary_en: fitting DT
[2026-05-09 11:37:15] e5_seed44_translated_combined_binary_en: DT accuracy=0.7216 params={'max_depth': 10}
[2026-05-09 11:37:15] e5_seed44_translated_combined_binary_en: fitting RF
[2026-05-09 11:39:30] e5_seed44_translated_combined_binary_en: RF accuracy=0.7732 params={'n_estimators': 50}
[2026-05-09 11:39:30] e5_seed44_translated_combined_binary_en: fitting SVM
[2026-05-09 11:42:39] e5_seed44_translated_combined_binary_en: SVM accuracy=0.8866 params={'C': 10, 'kernel': 'rbf'}
[2026-05-09 11:42:39] e5_seed44_translated_combined_binary_en: fitting LR
[2026-05-09 11:42:40] e5_seed44_translated_combined_binary_en: LR accuracy=0.6753 params={'C': 0.1}
[2026-05-09 11:42:40] e5_seed44_translated_combined_binary_en: fusion DT+RF accuracy=0.7320
[2026-05-09 11:42:40] e5_seed44_translated_combined_binary_en: fusion DT+SVM accuracy=0.7371
[2026-05-09 11:42:40] e5_seed44_translated_combined_binary_en: fusion DT+LR accuracy=0.7268
[2026-05-09 11:42:40] e5_seed44_translated_combined_binary_en: fusion RF+SVM accuracy=0.8454
[2026-05-09 11:42:40] e5_seed44_translated_combined_binary_en: fusion RF+LR accuracy=0.6856
[2026-05-09 11:42:40] e5_seed44_translated_combined_binary_en: fusion SVM+LR accuracy=0.7784
[2026-05-09 11:42:40] e5_seed44_translated_combined_binary_en: fusion DT+RF+SVM accuracy=0.8196
[2026-05-09 11:42:40] e5_seed44_translated_combined_binary_en: fusion DT+RF+LR accuracy=0.7526
[2026-05-09 11:42:40] e5_seed44_translated_combined_binary_en: fusion DT+SVM+LR accuracy=0.8041
[2026-05-09 11:42:40] e5_seed44_translated_combined_binary_en: fusion RF+SVM+LR accuracy=0.7887
[2026-05-09 11:42:40] e5_seed44_translated_combined_binary_en: fusion DT+RF+SVM+LR accuracy=0.8093
