[2026-05-09 04:37:09] e5_seed43_monolingual_binary_spa: method=e5 seed=43 training=mono translated=no task=binary test=spa train=233 test=59
[2026-05-09 04:37:09] Encoding 233 texts for seed43_mono_binary_no_spa_train.npy
[2026-05-09 04:37:12] Encoding 59 texts for seed43_mono_binary_no_spa_test.npy
[2026-05-09 04:37:14] e5_seed43_monolingual_binary_spa: fitting DT
[2026-05-09 04:37:16] e5_seed43_monolingual_binary_spa: DT accuracy=0.6949 params={'max_depth': 10}
[2026-05-09 04:37:16] e5_seed43_monolingual_binary_spa: fitting RF
[2026-05-09 04:37:22] e5_seed43_monolingual_binary_spa: RF accuracy=0.7627 params={'n_estimators': 200}
[2026-05-09 04:37:22] e5_seed43_monolingual_binary_spa: fitting SVM
[2026-05-09 04:37:23] e5_seed43_monolingual_binary_spa: SVM accuracy=0.7797 params={'C': 1, 'kernel': 'linear'}
[2026-05-09 04:37:23] e5_seed43_monolingual_binary_spa: fitting LR
[2026-05-09 04:37:23] e5_seed43_monolingual_binary_spa: LR accuracy=0.8136 params={'C': 1}
[2026-05-09 04:37:23] e5_seed43_monolingual_binary_spa: fusion DT+RF accuracy=0.6949
[2026-05-09 04:37:23] e5_seed43_monolingual_binary_spa: fusion DT+SVM accuracy=0.6949
[2026-05-09 04:37:23] e5_seed43_monolingual_binary_spa: fusion DT+LR accuracy=0.6949
[2026-05-09 04:37:23] e5_seed43_monolingual_binary_spa: fusion RF+SVM accuracy=0.7797
[2026-05-09 04:37:23] e5_seed43_monolingual_binary_spa: fusion RF+LR accuracy=0.7966
[2026-05-09 04:37:23] e5_seed43_monolingual_binary_spa: fusion SVM+LR accuracy=0.7797
[2026-05-09 04:37:23] e5_seed43_monolingual_binary_spa: fusion DT+RF+SVM accuracy=0.7627
[2026-05-09 04:37:23] e5_seed43_monolingual_binary_spa: fusion DT+RF+LR accuracy=0.7627
[2026-05-09 04:37:23] e5_seed43_monolingual_binary_spa: fusion DT+SVM+LR accuracy=0.7797
[2026-05-09 04:37:23] e5_seed43_monolingual_binary_spa: fusion RF+SVM+LR accuracy=0.7797
[2026-05-09 04:37:23] e5_seed43_monolingual_binary_spa: fusion DT+RF+SVM+LR accuracy=0.7627
