[2026-05-10 11:54:02] e5_seed46_translated_combined_multiclass_gr: method=e5 seed=46 training=multi translated=yes task=multiclass test=gr train=3573 test=53
[2026-05-10 11:54:02] Encoding 3573 texts for seed46_multi_multiclass_yes_gr_train.npy
[2026-05-10 11:55:08] Encoding 53 texts for seed46_multi_multiclass_yes_gr_test.npy
[2026-05-10 11:55:09] e5_seed46_translated_combined_multiclass_gr: fitting DT
[2026-05-10 11:56:10] e5_seed46_translated_combined_multiclass_gr: DT accuracy=0.4906 params={'max_depth': 10}
[2026-05-10 11:56:10] e5_seed46_translated_combined_multiclass_gr: fitting RF
[2026-05-10 11:59:20] e5_seed46_translated_combined_multiclass_gr: RF accuracy=0.6038 params={'n_estimators': 200}
[2026-05-10 11:59:20] e5_seed46_translated_combined_multiclass_gr: fitting SVM
[2026-05-10 12:07:51] e5_seed46_translated_combined_multiclass_gr: SVM accuracy=0.5472 params={'C': 1, 'kernel': 'linear'}
[2026-05-10 12:07:51] e5_seed46_translated_combined_multiclass_gr: fitting LR
[2026-05-10 12:07:56] e5_seed46_translated_combined_multiclass_gr: LR accuracy=0.5472 params={'C': 10}
[2026-05-10 12:07:56] e5_seed46_translated_combined_multiclass_gr: fusion DT+RF accuracy=0.4906
[2026-05-10 12:07:56] e5_seed46_translated_combined_multiclass_gr: fusion DT+SVM accuracy=0.5094
[2026-05-10 12:07:56] e5_seed46_translated_combined_multiclass_gr: fusion DT+LR accuracy=0.4906
[2026-05-10 12:07:56] e5_seed46_translated_combined_multiclass_gr: fusion RF+SVM accuracy=0.5849
[2026-05-10 12:07:56] e5_seed46_translated_combined_multiclass_gr: fusion RF+LR accuracy=0.5472
[2026-05-10 12:07:56] e5_seed46_translated_combined_multiclass_gr: fusion SVM+LR accuracy=0.5472
[2026-05-10 12:07:56] e5_seed46_translated_combined_multiclass_gr: fusion DT+RF+SVM accuracy=0.6226
[2026-05-10 12:07:56] e5_seed46_translated_combined_multiclass_gr: fusion DT+RF+LR accuracy=0.6415
[2026-05-10 12:07:56] e5_seed46_translated_combined_multiclass_gr: fusion DT+SVM+LR accuracy=0.5849
[2026-05-10 12:07:56] e5_seed46_translated_combined_multiclass_gr: fusion RF+SVM+LR accuracy=0.5660
[2026-05-10 12:07:56] e5_seed46_translated_combined_multiclass_gr: fusion DT+RF+SVM+LR accuracy=0.6038
