[2026-05-10 11:11:53] e5_seed46_translated_combined_binary_en: method=e5 seed=46 training=multi translated=yes task=binary test=en train=2896 test=194
[2026-05-10 11:11:53] Encoding 2896 texts for seed46_multi_binary_yes_en_train.npy
[2026-05-10 11:12:41] Encoding 194 texts for seed46_multi_binary_yes_en_test.npy
[2026-05-10 11:12:46] e5_seed46_translated_combined_binary_en: fitting DT
[2026-05-10 11:13:36] e5_seed46_translated_combined_binary_en: DT accuracy=0.7526 params={'max_depth': 10}
[2026-05-10 11:13:36] e5_seed46_translated_combined_binary_en: fitting RF
[2026-05-10 11:15:45] e5_seed46_translated_combined_binary_en: RF accuracy=0.7887 params={'n_estimators': 50}
[2026-05-10 11:15:45] e5_seed46_translated_combined_binary_en: fitting SVM
[2026-05-10 11:19:13] e5_seed46_translated_combined_binary_en: SVM accuracy=0.8144 params={'C': 10, 'kernel': 'linear'}
[2026-05-10 11:19:13] e5_seed46_translated_combined_binary_en: fitting LR
[2026-05-10 11:19:14] e5_seed46_translated_combined_binary_en: LR accuracy=0.6753 params={'C': 0.1}
[2026-05-10 11:19:14] e5_seed46_translated_combined_binary_en: fusion DT+RF accuracy=0.7526
[2026-05-10 11:19:14] e5_seed46_translated_combined_binary_en: fusion DT+SVM accuracy=0.7577
[2026-05-10 11:19:14] e5_seed46_translated_combined_binary_en: fusion DT+LR accuracy=0.7526
[2026-05-10 11:19:14] e5_seed46_translated_combined_binary_en: fusion RF+SVM accuracy=0.8196
[2026-05-10 11:19:14] e5_seed46_translated_combined_binary_en: fusion RF+LR accuracy=0.7062
[2026-05-10 11:19:14] e5_seed46_translated_combined_binary_en: fusion SVM+LR accuracy=0.7423
[2026-05-10 11:19:14] e5_seed46_translated_combined_binary_en: fusion DT+RF+SVM accuracy=0.8144
[2026-05-10 11:19:14] e5_seed46_translated_combined_binary_en: fusion DT+RF+LR accuracy=0.7423
[2026-05-10 11:19:14] e5_seed46_translated_combined_binary_en: fusion DT+SVM+LR accuracy=0.7732
[2026-05-10 11:19:14] e5_seed46_translated_combined_binary_en: fusion RF+SVM+LR accuracy=0.7938
[2026-05-10 11:19:14] e5_seed46_translated_combined_binary_en: fusion DT+RF+SVM+LR accuracy=0.7784
