[2026-05-10 09:52:48] e5_seed46_multilingual_combined_binary_en: method=e5 seed=46 training=multi translated=no task=binary test=en train=2896 test=194
[2026-05-10 09:52:48] Encoding 2896 texts for seed46_multi_binary_no_en_train.npy
[2026-05-10 09:53:41] Encoding 194 texts for seed46_multi_binary_no_en_test.npy
[2026-05-10 09:53:46] e5_seed46_multilingual_combined_binary_en: fitting DT
[2026-05-10 09:54:41] e5_seed46_multilingual_combined_binary_en: DT accuracy=0.6959 params={'max_depth': 10}
[2026-05-10 09:54:41] e5_seed46_multilingual_combined_binary_en: fitting RF
[2026-05-10 09:57:08] e5_seed46_multilingual_combined_binary_en: RF accuracy=0.8041 params={'n_estimators': 100}
[2026-05-10 09:57:08] e5_seed46_multilingual_combined_binary_en: fitting SVM
[2026-05-10 10:00:58] e5_seed46_multilingual_combined_binary_en: SVM accuracy=0.8402 params={'C': 10, 'kernel': 'rbf'}
[2026-05-10 10:00:58] e5_seed46_multilingual_combined_binary_en: fitting LR
[2026-05-10 10:00:59] e5_seed46_multilingual_combined_binary_en: LR accuracy=0.6753 params={'C': 0.1}
[2026-05-10 10:00:59] e5_seed46_multilingual_combined_binary_en: fusion DT+RF accuracy=0.6959
[2026-05-10 10:01:00] e5_seed46_multilingual_combined_binary_en: fusion DT+SVM accuracy=0.6959
[2026-05-10 10:01:00] e5_seed46_multilingual_combined_binary_en: fusion DT+LR accuracy=0.6959
[2026-05-10 10:01:00] e5_seed46_multilingual_combined_binary_en: fusion RF+SVM accuracy=0.8505
[2026-05-10 10:01:00] e5_seed46_multilingual_combined_binary_en: fusion RF+LR accuracy=0.6907
[2026-05-10 10:01:00] e5_seed46_multilingual_combined_binary_en: fusion SVM+LR accuracy=0.7474
[2026-05-10 10:01:00] e5_seed46_multilingual_combined_binary_en: fusion DT+RF+SVM accuracy=0.7887
[2026-05-10 10:01:00] e5_seed46_multilingual_combined_binary_en: fusion DT+RF+LR accuracy=0.7474
[2026-05-10 10:01:00] e5_seed46_multilingual_combined_binary_en: fusion DT+SVM+LR accuracy=0.7371
[2026-05-10 10:01:00] e5_seed46_multilingual_combined_binary_en: fusion RF+SVM+LR accuracy=0.7990
[2026-05-10 10:01:00] e5_seed46_multilingual_combined_binary_en: fusion DT+RF+SVM+LR accuracy=0.7577
