[2026-05-09 15:56:37] e5_seed45_monolingual_multiclass_spa: method=e5 seed=45 training=mono translated=no task=multiclass test=spa train=303 test=76
[2026-05-09 15:56:37] Encoding 303 texts for seed45_mono_multiclass_no_spa_train.npy
[2026-05-09 15:56:40] Encoding 76 texts for seed45_mono_multiclass_no_spa_test.npy
[2026-05-09 15:56:42] e5_seed45_monolingual_multiclass_spa: fitting DT
[2026-05-09 15:56:45] e5_seed45_monolingual_multiclass_spa: DT accuracy=0.6184 params={'max_depth': 10}
[2026-05-09 15:56:45] e5_seed45_monolingual_multiclass_spa: fitting RF
[2026-05-09 15:56:53] e5_seed45_monolingual_multiclass_spa: RF accuracy=0.6447 params={'n_estimators': 100}
[2026-05-09 15:56:53] e5_seed45_monolingual_multiclass_spa: fitting SVM
[2026-05-09 15:56:55] e5_seed45_monolingual_multiclass_spa: SVM accuracy=0.6184 params={'C': 1, 'kernel': 'rbf'}
[2026-05-09 15:56:55] e5_seed45_monolingual_multiclass_spa: fitting LR
[2026-05-09 15:56:55] e5_seed45_monolingual_multiclass_spa: LR accuracy=0.5921 params={'C': 1}
[2026-05-09 15:56:55] e5_seed45_monolingual_multiclass_spa: fusion DT+RF accuracy=0.6184
[2026-05-09 15:56:55] e5_seed45_monolingual_multiclass_spa: fusion DT+SVM accuracy=0.6184
[2026-05-09 15:56:55] e5_seed45_monolingual_multiclass_spa: fusion DT+LR accuracy=0.6184
[2026-05-09 15:56:55] e5_seed45_monolingual_multiclass_spa: fusion RF+SVM accuracy=0.6447
[2026-05-09 15:56:55] e5_seed45_monolingual_multiclass_spa: fusion RF+LR accuracy=0.6053
[2026-05-09 15:56:55] e5_seed45_monolingual_multiclass_spa: fusion SVM+LR accuracy=0.6053
[2026-05-09 15:56:55] e5_seed45_monolingual_multiclass_spa: fusion DT+RF+SVM accuracy=0.6579
[2026-05-09 15:56:55] e5_seed45_monolingual_multiclass_spa: fusion DT+RF+LR accuracy=0.6447
[2026-05-09 15:56:55] e5_seed45_monolingual_multiclass_spa: fusion DT+SVM+LR accuracy=0.6316
[2026-05-09 15:56:55] e5_seed45_monolingual_multiclass_spa: fusion RF+SVM+LR accuracy=0.6447
[2026-05-09 15:56:55] e5_seed45_monolingual_multiclass_spa: fusion DT+RF+SVM+LR accuracy=0.6316
