[2026-05-09 00:25:57] e5_seed42_translated_combined_binary_en: method=e5 seed=42 training=multi translated=yes task=binary test=en train=2896 test=194
[2026-05-09 00:25:57] Encoding 2896 texts for seed42_multi_binary_yes_en_train.npy
[2026-05-09 00:26:45] Encoding 194 texts for seed42_multi_binary_yes_en_test.npy
[2026-05-09 00:26:49] e5_seed42_translated_combined_binary_en: fitting DT
[2026-05-09 00:27:40] e5_seed42_translated_combined_binary_en: DT accuracy=0.7577 params={'max_depth': 10}
[2026-05-09 00:27:40] e5_seed42_translated_combined_binary_en: fitting RF
[2026-05-09 00:29:58] e5_seed42_translated_combined_binary_en: RF accuracy=0.7887 params={'n_estimators': 100}
[2026-05-09 00:29:58] e5_seed42_translated_combined_binary_en: fitting SVM
[2026-05-09 00:32:59] e5_seed42_translated_combined_binary_en: SVM accuracy=0.7887 params={'C': 10, 'kernel': 'rbf'}
[2026-05-09 00:32:59] e5_seed42_translated_combined_binary_en: fitting LR
[2026-05-09 00:33:00] e5_seed42_translated_combined_binary_en: LR accuracy=0.6753 params={'C': 0.1}
[2026-05-09 00:33:00] e5_seed42_translated_combined_binary_en: fusion DT+RF accuracy=0.7577
[2026-05-09 00:33:00] e5_seed42_translated_combined_binary_en: fusion DT+SVM accuracy=0.7577
[2026-05-09 00:33:00] e5_seed42_translated_combined_binary_en: fusion DT+LR accuracy=0.7577
[2026-05-09 00:33:00] e5_seed42_translated_combined_binary_en: fusion RF+SVM accuracy=0.8402
[2026-05-09 00:33:00] e5_seed42_translated_combined_binary_en: fusion RF+LR accuracy=0.6856
[2026-05-09 00:33:00] e5_seed42_translated_combined_binary_en: fusion SVM+LR accuracy=0.7680
[2026-05-09 00:33:00] e5_seed42_translated_combined_binary_en: fusion DT+RF+SVM accuracy=0.7938
[2026-05-09 00:33:00] e5_seed42_translated_combined_binary_en: fusion DT+RF+LR accuracy=0.7732
[2026-05-09 00:33:00] e5_seed42_translated_combined_binary_en: fusion DT+SVM+LR accuracy=0.7784
[2026-05-09 00:33:00] e5_seed42_translated_combined_binary_en: fusion RF+SVM+LR accuracy=0.7887
[2026-05-09 00:33:00] e5_seed42_translated_combined_binary_en: fusion DT+RF+SVM+LR accuracy=0.7887
