[2026-05-09 06:28:55] e5_seed43_translated_combined_multiclass_en: method=e5 seed=43 training=multi translated=yes task=multiclass test=en train=3573 test=272
[2026-05-09 06:28:55] Encoding 3573 texts for seed43_multi_multiclass_yes_en_train.npy
[2026-05-09 06:29:57] Encoding 272 texts for seed43_multi_multiclass_yes_en_test.npy
[2026-05-09 06:30:03] e5_seed43_translated_combined_multiclass_en: fitting DT
[2026-05-09 06:31:02] e5_seed43_translated_combined_multiclass_en: DT accuracy=0.5331 params={'max_depth': 10}
[2026-05-09 06:31:02] e5_seed43_translated_combined_multiclass_en: fitting RF
[2026-05-09 06:33:48] e5_seed43_translated_combined_multiclass_en: RF accuracy=0.5772 params={'n_estimators': 50}
[2026-05-09 06:33:48] e5_seed43_translated_combined_multiclass_en: fitting SVM
[2026-05-09 06:40:19] e5_seed43_translated_combined_multiclass_en: SVM accuracy=0.5331 params={'C': 1, 'kernel': 'rbf'}
[2026-05-09 06:40:19] e5_seed43_translated_combined_multiclass_en: fitting LR
[2026-05-09 06:40:23] e5_seed43_translated_combined_multiclass_en: LR accuracy=0.6581 params={'C': 10}
[2026-05-09 06:40:23] e5_seed43_translated_combined_multiclass_en: fusion DT+RF accuracy=0.5331
[2026-05-09 06:40:23] e5_seed43_translated_combined_multiclass_en: fusion DT+SVM accuracy=0.5368
[2026-05-09 06:40:23] e5_seed43_translated_combined_multiclass_en: fusion DT+LR accuracy=0.5404
[2026-05-09 06:40:23] e5_seed43_translated_combined_multiclass_en: fusion RF+SVM accuracy=0.6066
[2026-05-09 06:40:23] e5_seed43_translated_combined_multiclass_en: fusion RF+LR accuracy=0.6471
[2026-05-09 06:40:23] e5_seed43_translated_combined_multiclass_en: fusion SVM+LR accuracy=0.6507
[2026-05-09 06:40:23] e5_seed43_translated_combined_multiclass_en: fusion DT+RF+SVM accuracy=0.5882
[2026-05-09 06:40:23] e5_seed43_translated_combined_multiclass_en: fusion DT+RF+LR accuracy=0.6324
[2026-05-09 06:40:23] e5_seed43_translated_combined_multiclass_en: fusion DT+SVM+LR accuracy=0.6324
[2026-05-09 06:40:23] e5_seed43_translated_combined_multiclass_en: fusion RF+SVM+LR accuracy=0.6507
[2026-05-09 06:40:23] e5_seed43_translated_combined_multiclass_en: fusion DT+RF+SVM+LR accuracy=0.6140
