[2026-05-09 15:43:40] e5_seed45_monolingual_binary_en: method=e5 seed=45 training=mono translated=no task=binary test=en train=2140 test=194
[2026-05-09 15:43:40] Encoding 2140 texts for seed45_mono_binary_no_en_train.npy
[2026-05-09 15:44:19] Encoding 194 texts for seed45_mono_binary_no_en_test.npy
[2026-05-09 15:44:24] e5_seed45_monolingual_binary_en: fitting DT
[2026-05-09 15:45:04] e5_seed45_monolingual_binary_en: DT accuracy=0.7423 params={'max_depth': 10}
[2026-05-09 15:45:04] e5_seed45_monolingual_binary_en: fitting RF
[2026-05-09 15:46:54] e5_seed45_monolingual_binary_en: RF accuracy=0.7938 params={'n_estimators': 200}
[2026-05-09 15:46:54] e5_seed45_monolingual_binary_en: fitting SVM
[2026-05-09 15:48:16] e5_seed45_monolingual_binary_en: SVM accuracy=0.8144 params={'C': 10, 'kernel': 'linear'}
[2026-05-09 15:48:16] e5_seed45_monolingual_binary_en: fitting LR
[2026-05-09 15:48:17] e5_seed45_monolingual_binary_en: LR accuracy=0.8557 params={'C': 10}
[2026-05-09 15:48:17] e5_seed45_monolingual_binary_en: fusion DT+RF accuracy=0.7423
[2026-05-09 15:48:17] e5_seed45_monolingual_binary_en: fusion DT+SVM accuracy=0.7474
[2026-05-09 15:48:17] e5_seed45_monolingual_binary_en: fusion DT+LR accuracy=0.7474
[2026-05-09 15:48:17] e5_seed45_monolingual_binary_en: fusion RF+SVM accuracy=0.8402
[2026-05-09 15:48:17] e5_seed45_monolingual_binary_en: fusion RF+LR accuracy=0.8454
[2026-05-09 15:48:17] e5_seed45_monolingual_binary_en: fusion SVM+LR accuracy=0.8505
[2026-05-09 15:48:17] e5_seed45_monolingual_binary_en: fusion DT+RF+SVM accuracy=0.8144
[2026-05-09 15:48:17] e5_seed45_monolingual_binary_en: fusion DT+RF+LR accuracy=0.8351
[2026-05-09 15:48:17] e5_seed45_monolingual_binary_en: fusion DT+SVM+LR accuracy=0.8247
[2026-05-09 15:48:17] e5_seed45_monolingual_binary_en: fusion RF+SVM+LR accuracy=0.8660
[2026-05-09 15:48:17] e5_seed45_monolingual_binary_en: fusion DT+RF+SVM+LR accuracy=0.8093
