[2026-05-09 15:56:56] e5_seed45_multilingual_combined_binary_en: method=e5 seed=45 training=multi translated=no task=binary test=en train=2896 test=194
[2026-05-09 15:56:56] Encoding 2896 texts for seed45_multi_binary_no_en_train.npy
[2026-05-09 15:57:52] Encoding 194 texts for seed45_multi_binary_no_en_test.npy
[2026-05-09 15:57:57] e5_seed45_multilingual_combined_binary_en: fitting DT
[2026-05-09 15:58:51] e5_seed45_multilingual_combined_binary_en: DT accuracy=0.7010 params={'max_depth': 10}
[2026-05-09 15:58:51] e5_seed45_multilingual_combined_binary_en: fitting RF
[2026-05-09 16:01:25] e5_seed45_multilingual_combined_binary_en: RF accuracy=0.7887 params={'n_estimators': 200}
[2026-05-09 16:01:25] e5_seed45_multilingual_combined_binary_en: fitting SVM
[2026-05-09 16:05:01] e5_seed45_multilingual_combined_binary_en: SVM accuracy=0.8351 params={'C': 10, 'kernel': 'rbf'}
[2026-05-09 16:05:01] e5_seed45_multilingual_combined_binary_en: fitting LR
[2026-05-09 16:05:02] e5_seed45_multilingual_combined_binary_en: LR accuracy=0.6753 params={'C': 0.1}
[2026-05-09 16:05:02] e5_seed45_multilingual_combined_binary_en: fusion DT+RF accuracy=0.7062
[2026-05-09 16:05:02] e5_seed45_multilingual_combined_binary_en: fusion DT+SVM accuracy=0.7062
[2026-05-09 16:05:02] e5_seed45_multilingual_combined_binary_en: fusion DT+LR accuracy=0.7062
[2026-05-09 16:05:02] e5_seed45_multilingual_combined_binary_en: fusion RF+SVM accuracy=0.8763
[2026-05-09 16:05:02] e5_seed45_multilingual_combined_binary_en: fusion RF+LR accuracy=0.6856
[2026-05-09 16:05:02] e5_seed45_multilingual_combined_binary_en: fusion SVM+LR accuracy=0.8196
[2026-05-09 16:05:02] e5_seed45_multilingual_combined_binary_en: fusion DT+RF+SVM accuracy=0.8144
[2026-05-09 16:05:02] e5_seed45_multilingual_combined_binary_en: fusion DT+RF+LR accuracy=0.7371
[2026-05-09 16:05:02] e5_seed45_multilingual_combined_binary_en: fusion DT+SVM+LR accuracy=0.7629
[2026-05-09 16:05:02] e5_seed45_multilingual_combined_binary_en: fusion RF+SVM+LR accuracy=0.7887
[2026-05-09 16:05:02] e5_seed45_multilingual_combined_binary_en: fusion DT+RF+SVM+LR accuracy=0.7835
