[2026-05-09 18:23:35] e5_seed45_translated_combined_multiclass_spa: method=e5 seed=45 training=multi translated=yes task=multiclass test=spa train=3573 test=76
[2026-05-09 18:23:35] Encoding 3573 texts for seed45_multi_multiclass_yes_spa_train.npy
[2026-05-09 18:24:37] Encoding 76 texts for seed45_multi_multiclass_yes_spa_test.npy
[2026-05-09 18:24:39] e5_seed45_translated_combined_multiclass_spa: fitting DT
[2026-05-09 18:25:41] e5_seed45_translated_combined_multiclass_spa: DT accuracy=0.3289 params={'max_depth': 20}
[2026-05-09 18:25:41] e5_seed45_translated_combined_multiclass_spa: fitting RF
[2026-05-09 18:28:36] e5_seed45_translated_combined_multiclass_spa: RF accuracy=0.5526 params={'n_estimators': 100}
[2026-05-09 18:28:36] e5_seed45_translated_combined_multiclass_spa: fitting SVM
[2026-05-09 18:36:19] e5_seed45_translated_combined_multiclass_spa: SVM accuracy=0.3026 params={'C': 1, 'kernel': 'rbf'}
[2026-05-09 18:36:19] e5_seed45_translated_combined_multiclass_spa: fitting LR
[2026-05-09 18:36:23] e5_seed45_translated_combined_multiclass_spa: LR accuracy=0.6053 params={'C': 10}
[2026-05-09 18:36:23] e5_seed45_translated_combined_multiclass_spa: fusion DT+RF accuracy=0.3684
[2026-05-09 18:36:23] e5_seed45_translated_combined_multiclass_spa: fusion DT+SVM accuracy=0.3421
[2026-05-09 18:36:23] e5_seed45_translated_combined_multiclass_spa: fusion DT+LR accuracy=0.3684
[2026-05-09 18:36:23] e5_seed45_translated_combined_multiclass_spa: fusion RF+SVM accuracy=0.5263
[2026-05-09 18:36:23] e5_seed45_translated_combined_multiclass_spa: fusion RF+LR accuracy=0.5658
[2026-05-09 18:36:23] e5_seed45_translated_combined_multiclass_spa: fusion SVM+LR accuracy=0.5921
[2026-05-09 18:36:23] e5_seed45_translated_combined_multiclass_spa: fusion DT+RF+SVM accuracy=0.3684
[2026-05-09 18:36:23] e5_seed45_translated_combined_multiclass_spa: fusion DT+RF+LR accuracy=0.5132
[2026-05-09 18:36:23] e5_seed45_translated_combined_multiclass_spa: fusion DT+SVM+LR accuracy=0.3816
[2026-05-09 18:36:23] e5_seed45_translated_combined_multiclass_spa: fusion RF+SVM+LR accuracy=0.5658
[2026-05-09 18:36:23] e5_seed45_translated_combined_multiclass_spa: fusion DT+RF+SVM+LR accuracy=0.4079
