[2026-05-09 04:37:23] e5_seed43_monolingual_multiclass_en: method=e5 seed=43 training=mono translated=no task=multiclass test=en train=2449 test=272
[2026-05-09 04:37:23] Encoding 2449 texts for seed43_mono_multiclass_no_en_train.npy
[2026-05-09 04:38:07] Encoding 272 texts for seed43_mono_multiclass_no_en_test.npy
[2026-05-09 04:38:14] e5_seed43_monolingual_multiclass_en: fitting DT
[2026-05-09 04:38:57] e5_seed43_monolingual_multiclass_en: DT accuracy=0.5331 params={'max_depth': 10}
[2026-05-09 04:38:57] e5_seed43_monolingual_multiclass_en: fitting RF
[2026-05-09 04:41:06] e5_seed43_monolingual_multiclass_en: RF accuracy=0.6140 params={'n_estimators': 100}
[2026-05-09 04:41:06] e5_seed43_monolingual_multiclass_en: fitting SVM
[2026-05-09 04:43:19] e5_seed43_monolingual_multiclass_en: SVM accuracy=0.4926 params={'C': 0.1, 'kernel': 'rbf'}
[2026-05-09 04:43:19] e5_seed43_monolingual_multiclass_en: fitting LR
[2026-05-09 04:43:21] e5_seed43_monolingual_multiclass_en: LR accuracy=0.6912 params={'C': 10}
[2026-05-09 04:43:21] e5_seed43_monolingual_multiclass_en: fusion DT+RF accuracy=0.5368
[2026-05-09 04:43:21] e5_seed43_monolingual_multiclass_en: fusion DT+SVM accuracy=0.5368
[2026-05-09 04:43:21] e5_seed43_monolingual_multiclass_en: fusion DT+LR accuracy=0.5404
[2026-05-09 04:43:21] e5_seed43_monolingual_multiclass_en: fusion RF+SVM accuracy=0.5882
[2026-05-09 04:43:21] e5_seed43_monolingual_multiclass_en: fusion RF+LR accuracy=0.6691
[2026-05-09 04:43:21] e5_seed43_monolingual_multiclass_en: fusion SVM+LR accuracy=0.6765
[2026-05-09 04:43:21] e5_seed43_monolingual_multiclass_en: fusion DT+RF+SVM accuracy=0.6066
[2026-05-09 04:43:21] e5_seed43_monolingual_multiclass_en: fusion DT+RF+LR accuracy=0.6544
[2026-05-09 04:43:21] e5_seed43_monolingual_multiclass_en: fusion DT+SVM+LR accuracy=0.6287
[2026-05-09 04:43:21] e5_seed43_monolingual_multiclass_en: fusion RF+SVM+LR accuracy=0.6801
[2026-05-09 04:43:21] e5_seed43_monolingual_multiclass_en: fusion DT+RF+SVM+LR accuracy=0.6324
