[2026-05-09 19:13:28] tfidf_seed46_multilingual_combined_multiclass_en: method=tfidf seed=46 training=multi translated=no task=multiclass test=en train=3573 test=272
[2026-05-09 19:13:28] tfidf_seed46_multilingual_combined_multiclass_en: fitting DT
[2026-05-09 19:13:39] tfidf_seed46_multilingual_combined_multiclass_en: DT accuracy=0.5110 params={'max_depth': 30}
[2026-05-09 19:13:39] tfidf_seed46_multilingual_combined_multiclass_en: fitting RF
[2026-05-09 19:15:02] tfidf_seed46_multilingual_combined_multiclass_en: RF accuracy=0.6140 params={'n_estimators': 50}
[2026-05-09 19:15:02] tfidf_seed46_multilingual_combined_multiclass_en: fitting SVM
[2026-05-09 19:25:01] tfidf_seed46_multilingual_combined_multiclass_en: SVM accuracy=0.5662 params={'C': 1, 'kernel': 'rbf'}
[2026-05-09 19:25:01] tfidf_seed46_multilingual_combined_multiclass_en: fitting LR
[2026-05-09 19:25:09] tfidf_seed46_multilingual_combined_multiclass_en: LR accuracy=0.7206 params={'C': 10}
[2026-05-09 19:25:09] tfidf_seed46_multilingual_combined_multiclass_en: fusion DT+RF accuracy=0.5184
[2026-05-09 19:25:09] tfidf_seed46_multilingual_combined_multiclass_en: fusion DT+SVM accuracy=0.5184
[2026-05-09 19:25:09] tfidf_seed46_multilingual_combined_multiclass_en: fusion DT+LR accuracy=0.5221
[2026-05-09 19:25:09] tfidf_seed46_multilingual_combined_multiclass_en: fusion RF+SVM accuracy=0.6691
[2026-05-09 19:25:09] tfidf_seed46_multilingual_combined_multiclass_en: fusion RF+LR accuracy=0.6838
[2026-05-09 19:25:09] tfidf_seed46_multilingual_combined_multiclass_en: fusion SVM+LR accuracy=0.6949
[2026-05-09 19:25:09] tfidf_seed46_multilingual_combined_multiclass_en: fusion DT+RF+SVM accuracy=0.5846
[2026-05-09 19:25:09] tfidf_seed46_multilingual_combined_multiclass_en: fusion DT+RF+LR accuracy=0.6397
[2026-05-09 19:25:09] tfidf_seed46_multilingual_combined_multiclass_en: fusion DT+SVM+LR accuracy=0.6581
[2026-05-09 19:25:09] tfidf_seed46_multilingual_combined_multiclass_en: fusion RF+SVM+LR accuracy=0.7243
[2026-05-09 19:25:09] tfidf_seed46_multilingual_combined_multiclass_en: fusion DT+RF+SVM+LR accuracy=0.6213
