[2026-05-09 20:46:28] tfidf_seed46_translated_combined_multiclass_gr: method=tfidf seed=46 training=multi translated=yes task=multiclass test=gr train=3573 test=53
[2026-05-09 20:46:28] tfidf_seed46_translated_combined_multiclass_gr: fitting DT
[2026-05-09 20:46:41] tfidf_seed46_translated_combined_multiclass_gr: DT accuracy=0.4717 params={'max_depth': 30}
[2026-05-09 20:46:41] tfidf_seed46_translated_combined_multiclass_gr: fitting RF
[2026-05-09 20:47:58] tfidf_seed46_translated_combined_multiclass_gr: RF accuracy=0.6226 params={'n_estimators': 200}
[2026-05-09 20:47:58] tfidf_seed46_translated_combined_multiclass_gr: fitting SVM
[2026-05-09 21:02:15] tfidf_seed46_translated_combined_multiclass_gr: SVM accuracy=0.5660 params={'C': 10, 'kernel': 'rbf'}
[2026-05-09 21:02:15] tfidf_seed46_translated_combined_multiclass_gr: fitting LR
[2026-05-09 21:02:22] tfidf_seed46_translated_combined_multiclass_gr: LR accuracy=0.5849 params={'C': 10}
[2026-05-09 21:02:22] tfidf_seed46_translated_combined_multiclass_gr: fusion DT+RF accuracy=0.4717
[2026-05-09 21:02:22] tfidf_seed46_translated_combined_multiclass_gr: fusion DT+SVM accuracy=0.4717
[2026-05-09 21:02:22] tfidf_seed46_translated_combined_multiclass_gr: fusion DT+LR accuracy=0.4717
[2026-05-09 21:02:22] tfidf_seed46_translated_combined_multiclass_gr: fusion RF+SVM accuracy=0.5849
[2026-05-09 21:02:22] tfidf_seed46_translated_combined_multiclass_gr: fusion RF+LR accuracy=0.5849
[2026-05-09 21:02:22] tfidf_seed46_translated_combined_multiclass_gr: fusion SVM+LR accuracy=0.6038
[2026-05-09 21:02:22] tfidf_seed46_translated_combined_multiclass_gr: fusion DT+RF+SVM accuracy=0.6038
[2026-05-09 21:02:22] tfidf_seed46_translated_combined_multiclass_gr: fusion DT+RF+LR accuracy=0.6038
[2026-05-09 21:02:22] tfidf_seed46_translated_combined_multiclass_gr: fusion DT+SVM+LR accuracy=0.5472
[2026-05-09 21:02:22] tfidf_seed46_translated_combined_multiclass_gr: fusion RF+SVM+LR accuracy=0.5660
[2026-05-09 21:02:22] tfidf_seed46_translated_combined_multiclass_gr: fusion DT+RF+SVM+LR accuracy=0.5660
