[2026-05-09 01:44:36] tfidf_seed43_monolingual_binary_spa: method=tfidf seed=43 training=mono translated=no task=binary test=spa train=233 test=59
[2026-05-09 01:44:36] tfidf_seed43_monolingual_binary_spa: fitting DT
[2026-05-09 01:44:36] tfidf_seed43_monolingual_binary_spa: DT accuracy=0.7288 params={'max_depth': 10}
[2026-05-09 01:44:36] tfidf_seed43_monolingual_binary_spa: fitting RF
[2026-05-09 01:44:39] tfidf_seed43_monolingual_binary_spa: RF accuracy=0.7966 params={'n_estimators': 200}
[2026-05-09 01:44:39] tfidf_seed43_monolingual_binary_spa: fitting SVM
[2026-05-09 01:44:41] tfidf_seed43_monolingual_binary_spa: SVM accuracy=0.7966 params={'C': 1, 'kernel': 'rbf'}
[2026-05-09 01:44:41] tfidf_seed43_monolingual_binary_spa: fitting LR
[2026-05-09 01:44:41] tfidf_seed43_monolingual_binary_spa: LR accuracy=0.7966 params={'C': 1}
[2026-05-09 01:44:41] tfidf_seed43_monolingual_binary_spa: fusion DT+RF accuracy=0.7288
[2026-05-09 01:44:41] tfidf_seed43_monolingual_binary_spa: fusion DT+SVM accuracy=0.7288
[2026-05-09 01:44:41] tfidf_seed43_monolingual_binary_spa: fusion DT+LR accuracy=0.7288
[2026-05-09 01:44:41] tfidf_seed43_monolingual_binary_spa: fusion RF+SVM accuracy=0.7966
[2026-05-09 01:44:41] tfidf_seed43_monolingual_binary_spa: fusion RF+LR accuracy=0.8136
[2026-05-09 01:44:41] tfidf_seed43_monolingual_binary_spa: fusion SVM+LR accuracy=0.7966
[2026-05-09 01:44:41] tfidf_seed43_monolingual_binary_spa: fusion DT+RF+SVM accuracy=0.7627
[2026-05-09 01:44:41] tfidf_seed43_monolingual_binary_spa: fusion DT+RF+LR accuracy=0.7966
[2026-05-09 01:44:41] tfidf_seed43_monolingual_binary_spa: fusion DT+SVM+LR accuracy=0.7797
[2026-05-09 01:44:41] tfidf_seed43_monolingual_binary_spa: fusion RF+SVM+LR accuracy=0.8136
[2026-05-09 01:44:41] tfidf_seed43_monolingual_binary_spa: fusion DT+RF+SVM+LR accuracy=0.7627
