[2026-05-09 13:01:22] tfidf_seed45_multilingual_combined_binary_en: method=tfidf seed=45 training=multi translated=no task=binary test=en train=2896 test=194
[2026-05-09 13:01:23] tfidf_seed45_multilingual_combined_binary_en: fitting DT
[2026-05-09 13:01:31] tfidf_seed45_multilingual_combined_binary_en: DT accuracy=0.7629 params={'max_depth': 10}
[2026-05-09 13:01:31] tfidf_seed45_multilingual_combined_binary_en: fitting RF
[2026-05-09 13:02:20] tfidf_seed45_multilingual_combined_binary_en: RF accuracy=0.8093 params={'n_estimators': 50}
[2026-05-09 13:02:20] tfidf_seed45_multilingual_combined_binary_en: fitting SVM
[2026-05-09 13:07:22] tfidf_seed45_multilingual_combined_binary_en: SVM accuracy=0.8918 params={'C': 10, 'kernel': 'rbf'}
[2026-05-09 13:07:22] tfidf_seed45_multilingual_combined_binary_en: fitting LR
[2026-05-09 13:07:24] tfidf_seed45_multilingual_combined_binary_en: LR accuracy=0.9021 params={'C': 10}
[2026-05-09 13:07:24] tfidf_seed45_multilingual_combined_binary_en: fusion DT+RF accuracy=0.7629
[2026-05-09 13:07:24] tfidf_seed45_multilingual_combined_binary_en: fusion DT+SVM accuracy=0.7732
[2026-05-09 13:07:24] tfidf_seed45_multilingual_combined_binary_en: fusion DT+LR accuracy=0.7887
[2026-05-09 13:07:24] tfidf_seed45_multilingual_combined_binary_en: fusion RF+SVM accuracy=0.8608
[2026-05-09 13:07:24] tfidf_seed45_multilingual_combined_binary_en: fusion RF+LR accuracy=0.8608
[2026-05-09 13:07:24] tfidf_seed45_multilingual_combined_binary_en: fusion SVM+LR accuracy=0.9124
[2026-05-09 13:07:24] tfidf_seed45_multilingual_combined_binary_en: fusion DT+RF+SVM accuracy=0.8402
[2026-05-09 13:07:24] tfidf_seed45_multilingual_combined_binary_en: fusion DT+RF+LR accuracy=0.8351
[2026-05-09 13:07:24] tfidf_seed45_multilingual_combined_binary_en: fusion DT+SVM+LR accuracy=0.8969
[2026-05-09 13:07:24] tfidf_seed45_multilingual_combined_binary_en: fusion RF+SVM+LR accuracy=0.9021
[2026-05-09 13:07:24] tfidf_seed45_multilingual_combined_binary_en: fusion DT+RF+SVM+LR accuracy=0.8454
