[2026-05-09 13:00:48] tfidf_seed45_monolingual_multiclass_gr: method=tfidf seed=45 training=mono translated=no task=multiclass test=gr train=211 test=53
[2026-05-09 13:00:48] tfidf_seed45_monolingual_multiclass_gr: fitting DT
[2026-05-09 13:00:48] tfidf_seed45_monolingual_multiclass_gr: DT accuracy=0.5472 params={'max_depth': 10}
[2026-05-09 13:00:48] tfidf_seed45_monolingual_multiclass_gr: fitting RF
[2026-05-09 13:00:51] tfidf_seed45_monolingual_multiclass_gr: RF accuracy=0.5849 params={'n_estimators': 100}
[2026-05-09 13:00:51] tfidf_seed45_monolingual_multiclass_gr: fitting SVM
[2026-05-09 13:00:52] tfidf_seed45_monolingual_multiclass_gr: SVM accuracy=0.5849 params={'C': 1, 'kernel': 'linear'}
[2026-05-09 13:00:52] tfidf_seed45_monolingual_multiclass_gr: fitting LR
[2026-05-09 13:00:53] tfidf_seed45_monolingual_multiclass_gr: LR accuracy=0.6604 params={'C': 10}
[2026-05-09 13:00:53] tfidf_seed45_monolingual_multiclass_gr: fusion DT+RF accuracy=0.5472
[2026-05-09 13:00:53] tfidf_seed45_monolingual_multiclass_gr: fusion DT+SVM accuracy=0.5472
[2026-05-09 13:00:53] tfidf_seed45_monolingual_multiclass_gr: fusion DT+LR accuracy=0.5472
[2026-05-09 13:00:53] tfidf_seed45_monolingual_multiclass_gr: fusion RF+SVM accuracy=0.6226
[2026-05-09 13:00:53] tfidf_seed45_monolingual_multiclass_gr: fusion RF+LR accuracy=0.6226
[2026-05-09 13:00:53] tfidf_seed45_monolingual_multiclass_gr: fusion SVM+LR accuracy=0.6604
[2026-05-09 13:00:53] tfidf_seed45_monolingual_multiclass_gr: fusion DT+RF+SVM accuracy=0.6038
[2026-05-09 13:00:53] tfidf_seed45_monolingual_multiclass_gr: fusion DT+RF+LR accuracy=0.6038
[2026-05-09 13:00:53] tfidf_seed45_monolingual_multiclass_gr: fusion DT+SVM+LR accuracy=0.6604
[2026-05-09 13:00:53] tfidf_seed45_monolingual_multiclass_gr: fusion RF+SVM+LR accuracy=0.6604
[2026-05-09 13:00:53] tfidf_seed45_monolingual_multiclass_gr: fusion DT+RF+SVM+LR accuracy=0.6038
