[2026-05-09 02:53:17] tfidf_seed43_multilingual_combined_multiclass_spa: method=tfidf seed=43 training=multi translated=no task=multiclass test=spa train=3573 test=76
[2026-05-09 02:53:17] tfidf_seed43_multilingual_combined_multiclass_spa: fitting DT
[2026-05-09 02:53:28] tfidf_seed43_multilingual_combined_multiclass_spa: DT accuracy=0.5000 params={'max_depth': 10}
[2026-05-09 02:53:28] tfidf_seed43_multilingual_combined_multiclass_spa: fitting RF
[2026-05-09 02:54:56] tfidf_seed43_multilingual_combined_multiclass_spa: RF accuracy=0.6579 params={'n_estimators': 100}
[2026-05-09 02:54:56] tfidf_seed43_multilingual_combined_multiclass_spa: fitting SVM
[2026-05-09 03:05:00] tfidf_seed43_multilingual_combined_multiclass_spa: SVM accuracy=0.4079 params={'C': 1, 'kernel': 'rbf'}
[2026-05-09 03:05:00] tfidf_seed43_multilingual_combined_multiclass_spa: fitting LR
[2026-05-09 03:05:07] tfidf_seed43_multilingual_combined_multiclass_spa: LR accuracy=0.5526 params={'C': 10}
[2026-05-09 03:05:07] tfidf_seed43_multilingual_combined_multiclass_spa: fusion DT+RF accuracy=0.5658
[2026-05-09 03:05:07] tfidf_seed43_multilingual_combined_multiclass_spa: fusion DT+SVM accuracy=0.4737
[2026-05-09 03:05:07] tfidf_seed43_multilingual_combined_multiclass_spa: fusion DT+LR accuracy=0.4868
[2026-05-09 03:05:07] tfidf_seed43_multilingual_combined_multiclass_spa: fusion RF+SVM accuracy=0.6184
[2026-05-09 03:05:07] tfidf_seed43_multilingual_combined_multiclass_spa: fusion RF+LR accuracy=0.5789
[2026-05-09 03:05:07] tfidf_seed43_multilingual_combined_multiclass_spa: fusion SVM+LR accuracy=0.5132
[2026-05-09 03:05:07] tfidf_seed43_multilingual_combined_multiclass_spa: fusion DT+RF+SVM accuracy=0.5526
[2026-05-09 03:05:07] tfidf_seed43_multilingual_combined_multiclass_spa: fusion DT+RF+LR accuracy=0.6184
[2026-05-09 03:05:07] tfidf_seed43_multilingual_combined_multiclass_spa: fusion DT+SVM+LR accuracy=0.5263
[2026-05-09 03:05:07] tfidf_seed43_multilingual_combined_multiclass_spa: fusion RF+SVM+LR accuracy=0.6316
[2026-05-09 03:05:07] tfidf_seed43_multilingual_combined_multiclass_spa: fusion DT+RF+SVM+LR accuracy=0.5921
