[2026-05-09 03:33:08] tfidf_seed43_translated_combined_multiclass_en: method=tfidf seed=43 training=multi translated=yes task=multiclass test=en train=3573 test=272
[2026-05-09 03:33:09] tfidf_seed43_translated_combined_multiclass_en: fitting DT
[2026-05-09 03:33:20] tfidf_seed43_translated_combined_multiclass_en: DT accuracy=0.5588 params={'max_depth': 20}
[2026-05-09 03:33:20] tfidf_seed43_translated_combined_multiclass_en: fitting RF
[2026-05-09 03:34:25] tfidf_seed43_translated_combined_multiclass_en: RF accuracy=0.6434 params={'n_estimators': 50}
[2026-05-09 03:34:25] tfidf_seed43_translated_combined_multiclass_en: fitting SVM
[2026-05-09 03:47:44] tfidf_seed43_translated_combined_multiclass_en: SVM accuracy=0.7243 params={'C': 10, 'kernel': 'rbf'}
[2026-05-09 03:47:44] tfidf_seed43_translated_combined_multiclass_en: fitting LR
[2026-05-09 03:47:49] tfidf_seed43_translated_combined_multiclass_en: LR accuracy=0.7059 params={'C': 10}
[2026-05-09 03:47:49] tfidf_seed43_translated_combined_multiclass_en: fusion DT+RF accuracy=0.5662
[2026-05-09 03:47:49] tfidf_seed43_translated_combined_multiclass_en: fusion DT+SVM accuracy=0.5699
[2026-05-09 03:47:49] tfidf_seed43_translated_combined_multiclass_en: fusion DT+LR accuracy=0.5699
[2026-05-09 03:47:49] tfidf_seed43_translated_combined_multiclass_en: fusion RF+SVM accuracy=0.7059
[2026-05-09 03:47:49] tfidf_seed43_translated_combined_multiclass_en: fusion RF+LR accuracy=0.6985
[2026-05-09 03:47:49] tfidf_seed43_translated_combined_multiclass_en: fusion SVM+LR accuracy=0.7206
[2026-05-09 03:47:49] tfidf_seed43_translated_combined_multiclass_en: fusion DT+RF+SVM accuracy=0.6728
[2026-05-09 03:47:49] tfidf_seed43_translated_combined_multiclass_en: fusion DT+RF+LR accuracy=0.6544
[2026-05-09 03:47:49] tfidf_seed43_translated_combined_multiclass_en: fusion DT+SVM+LR accuracy=0.7022
[2026-05-09 03:47:49] tfidf_seed43_translated_combined_multiclass_en: fusion RF+SVM+LR accuracy=0.6875
[2026-05-09 03:47:49] tfidf_seed43_translated_combined_multiclass_en: fusion DT+RF+SVM+LR accuracy=0.6838
