[2026-05-09 01:53:07] tfidf_seed43_monolingual_multiclass_cha: method=tfidf seed=43 training=mono translated=no task=multiclass test=cha train=610 test=153
[2026-05-09 01:53:07] tfidf_seed43_monolingual_multiclass_cha: fitting DT
[2026-05-09 01:53:07] tfidf_seed43_monolingual_multiclass_cha: DT accuracy=0.4575 params={'max_depth': 10}
[2026-05-09 01:53:07] tfidf_seed43_monolingual_multiclass_cha: fitting RF
[2026-05-09 01:53:22] tfidf_seed43_monolingual_multiclass_cha: RF accuracy=0.4510 params={'n_estimators': 200}
[2026-05-09 01:53:22] tfidf_seed43_monolingual_multiclass_cha: fitting SVM
[2026-05-09 01:53:25] tfidf_seed43_monolingual_multiclass_cha: SVM accuracy=0.4510 params={'C': 1, 'kernel': 'linear'}
[2026-05-09 01:53:25] tfidf_seed43_monolingual_multiclass_cha: fitting LR
[2026-05-09 01:53:27] tfidf_seed43_monolingual_multiclass_cha: LR accuracy=0.4902 params={'C': 10}
[2026-05-09 01:53:27] tfidf_seed43_monolingual_multiclass_cha: fusion DT+RF accuracy=0.4575
[2026-05-09 01:53:27] tfidf_seed43_monolingual_multiclass_cha: fusion DT+SVM accuracy=0.4706
[2026-05-09 01:53:27] tfidf_seed43_monolingual_multiclass_cha: fusion DT+LR accuracy=0.4706
[2026-05-09 01:53:27] tfidf_seed43_monolingual_multiclass_cha: fusion RF+SVM accuracy=0.4510
[2026-05-09 01:53:27] tfidf_seed43_monolingual_multiclass_cha: fusion RF+LR accuracy=0.4575
[2026-05-09 01:53:27] tfidf_seed43_monolingual_multiclass_cha: fusion SVM+LR accuracy=0.4706
[2026-05-09 01:53:27] tfidf_seed43_monolingual_multiclass_cha: fusion DT+RF+SVM accuracy=0.4510
[2026-05-09 01:53:27] tfidf_seed43_monolingual_multiclass_cha: fusion DT+RF+LR accuracy=0.4771
[2026-05-09 01:53:27] tfidf_seed43_monolingual_multiclass_cha: fusion DT+SVM+LR accuracy=0.4641
[2026-05-09 01:53:27] tfidf_seed43_monolingual_multiclass_cha: fusion RF+SVM+LR accuracy=0.4641
[2026-05-09 01:53:27] tfidf_seed43_monolingual_multiclass_cha: fusion DT+RF+SVM+LR accuracy=0.4706
