[2026-05-09 03:05:08] tfidf_seed43_translated_combined_binary_en: method=tfidf seed=43 training=multi translated=yes task=binary test=en train=2896 test=194
[2026-05-09 03:05:08] tfidf_seed43_translated_combined_binary_en: fitting DT
[2026-05-09 03:05:16] tfidf_seed43_translated_combined_binary_en: DT accuracy=0.8144 params={'max_depth': 10}
[2026-05-09 03:05:16] tfidf_seed43_translated_combined_binary_en: fitting RF
[2026-05-09 03:05:52] tfidf_seed43_translated_combined_binary_en: RF accuracy=0.8454 params={'n_estimators': 50}
[2026-05-09 03:05:52] tfidf_seed43_translated_combined_binary_en: fitting SVM
[2026-05-09 03:12:03] tfidf_seed43_translated_combined_binary_en: SVM accuracy=0.8969 params={'C': 10, 'kernel': 'rbf'}
[2026-05-09 03:12:03] tfidf_seed43_translated_combined_binary_en: fitting LR
[2026-05-09 03:12:04] tfidf_seed43_translated_combined_binary_en: LR accuracy=0.8505 params={'C': 1}
[2026-05-09 03:12:04] tfidf_seed43_translated_combined_binary_en: fusion DT+RF accuracy=0.8299
[2026-05-09 03:12:04] tfidf_seed43_translated_combined_binary_en: fusion DT+SVM accuracy=0.8505
[2026-05-09 03:12:04] tfidf_seed43_translated_combined_binary_en: fusion DT+LR accuracy=0.8247
[2026-05-09 03:12:04] tfidf_seed43_translated_combined_binary_en: fusion RF+SVM accuracy=0.8763
[2026-05-09 03:12:04] tfidf_seed43_translated_combined_binary_en: fusion RF+LR accuracy=0.8557
[2026-05-09 03:12:04] tfidf_seed43_translated_combined_binary_en: fusion SVM+LR accuracy=0.8814
[2026-05-09 03:12:04] tfidf_seed43_translated_combined_binary_en: fusion DT+RF+SVM accuracy=0.8711
[2026-05-09 03:12:04] tfidf_seed43_translated_combined_binary_en: fusion DT+RF+LR accuracy=0.8763
[2026-05-09 03:12:04] tfidf_seed43_translated_combined_binary_en: fusion DT+SVM+LR accuracy=0.8918
[2026-05-09 03:12:04] tfidf_seed43_translated_combined_binary_en: fusion RF+SVM+LR accuracy=0.8763
[2026-05-09 03:12:04] tfidf_seed43_translated_combined_binary_en: fusion DT+RF+SVM+LR accuracy=0.8814
