[2026-05-08 21:37:16] tfidf_seed42_monolingual_multiclass_en: method=tfidf seed=42 training=mono translated=no task=multiclass test=en train=2449 test=272
[2026-05-08 21:37:16] tfidf_seed42_monolingual_multiclass_en: fitting DT
[2026-05-08 21:37:18] tfidf_seed42_monolingual_multiclass_en: DT accuracy=0.5846 params={'max_depth': 10}
[2026-05-08 21:37:18] tfidf_seed42_monolingual_multiclass_en: fitting RF
[2026-05-08 21:37:30] tfidf_seed42_monolingual_multiclass_en: RF accuracy=0.6434 params={'n_estimators': 200}
[2026-05-08 21:37:30] tfidf_seed42_monolingual_multiclass_en: fitting SVM
[2026-05-08 21:39:28] tfidf_seed42_monolingual_multiclass_en: SVM accuracy=0.6985 params={'C': 10, 'kernel': 'rbf'}
[2026-05-08 21:39:28] tfidf_seed42_monolingual_multiclass_en: fitting LR
[2026-05-08 21:39:30] tfidf_seed42_monolingual_multiclass_en: LR accuracy=0.6912 params={'C': 10}
[2026-05-08 21:39:30] tfidf_seed42_monolingual_multiclass_en: fusion DT+RF accuracy=0.5846
[2026-05-08 21:39:30] tfidf_seed42_monolingual_multiclass_en: fusion DT+SVM accuracy=0.6140
[2026-05-08 21:39:30] tfidf_seed42_monolingual_multiclass_en: fusion DT+LR accuracy=0.6250
[2026-05-08 21:39:30] tfidf_seed42_monolingual_multiclass_en: fusion RF+SVM accuracy=0.6801
[2026-05-08 21:39:30] tfidf_seed42_monolingual_multiclass_en: fusion RF+LR accuracy=0.6949
[2026-05-08 21:39:30] tfidf_seed42_monolingual_multiclass_en: fusion SVM+LR accuracy=0.6875
[2026-05-08 21:39:30] tfidf_seed42_monolingual_multiclass_en: fusion DT+RF+SVM accuracy=0.6875
[2026-05-08 21:39:30] tfidf_seed42_monolingual_multiclass_en: fusion DT+RF+LR accuracy=0.6801
[2026-05-08 21:39:30] tfidf_seed42_monolingual_multiclass_en: fusion DT+SVM+LR accuracy=0.7169
[2026-05-08 21:39:30] tfidf_seed42_monolingual_multiclass_en: fusion RF+SVM+LR accuracy=0.6985
[2026-05-08 21:39:30] tfidf_seed42_monolingual_multiclass_en: fusion DT+RF+SVM+LR accuracy=0.6985
