[2026-05-09 18:55:55] tfidf_seed46_multilingual_combined_binary_gr: method=tfidf seed=46 training=multi translated=no task=binary test=gr train=2896 test=43
[2026-05-09 18:55:55] tfidf_seed46_multilingual_combined_binary_gr: fitting DT
[2026-05-09 18:56:03] tfidf_seed46_multilingual_combined_binary_gr: DT accuracy=0.5116 params={'max_depth': 10}
[2026-05-09 18:56:03] tfidf_seed46_multilingual_combined_binary_gr: fitting RF
[2026-05-09 18:56:49] tfidf_seed46_multilingual_combined_binary_gr: RF accuracy=0.6279 params={'n_estimators': 50}
[2026-05-09 18:56:49] tfidf_seed46_multilingual_combined_binary_gr: fitting SVM
[2026-05-09 19:01:45] tfidf_seed46_multilingual_combined_binary_gr: SVM accuracy=0.6047 params={'C': 0.1, 'kernel': 'linear'}
[2026-05-09 19:01:45] tfidf_seed46_multilingual_combined_binary_gr: fitting LR
[2026-05-09 19:01:47] tfidf_seed46_multilingual_combined_binary_gr: LR accuracy=0.7442 params={'C': 10}
[2026-05-09 19:01:47] tfidf_seed46_multilingual_combined_binary_gr: fusion DT+RF accuracy=0.5349
[2026-05-09 19:01:47] tfidf_seed46_multilingual_combined_binary_gr: fusion DT+SVM accuracy=0.5116
[2026-05-09 19:01:47] tfidf_seed46_multilingual_combined_binary_gr: fusion DT+LR accuracy=0.5581
[2026-05-09 19:01:47] tfidf_seed46_multilingual_combined_binary_gr: fusion RF+SVM accuracy=0.6047
[2026-05-09 19:01:47] tfidf_seed46_multilingual_combined_binary_gr: fusion RF+LR accuracy=0.6977
[2026-05-09 19:01:47] tfidf_seed46_multilingual_combined_binary_gr: fusion SVM+LR accuracy=0.7442
[2026-05-09 19:01:47] tfidf_seed46_multilingual_combined_binary_gr: fusion DT+RF+SVM accuracy=0.6047
[2026-05-09 19:01:47] tfidf_seed46_multilingual_combined_binary_gr: fusion DT+RF+LR accuracy=0.6744
[2026-05-09 19:01:47] tfidf_seed46_multilingual_combined_binary_gr: fusion DT+SVM+LR accuracy=0.6744
[2026-05-09 19:01:47] tfidf_seed46_multilingual_combined_binary_gr: fusion RF+SVM+LR accuracy=0.6977
[2026-05-09 19:01:47] tfidf_seed46_multilingual_combined_binary_gr: fusion DT+RF+SVM+LR accuracy=0.6512
