[2026-05-09 01:59:38] tfidf_seed43_multilingual_combined_binary_gr: method=tfidf seed=43 training=multi translated=no task=binary test=gr train=2896 test=43
[2026-05-09 01:59:39] tfidf_seed43_multilingual_combined_binary_gr: fitting DT
[2026-05-09 01:59:46] tfidf_seed43_multilingual_combined_binary_gr: DT accuracy=0.6279 params={'max_depth': 10}
[2026-05-09 01:59:46] tfidf_seed43_multilingual_combined_binary_gr: fitting RF
[2026-05-09 02:00:32] tfidf_seed43_multilingual_combined_binary_gr: RF accuracy=0.6977 params={'n_estimators': 100}
[2026-05-09 02:00:32] tfidf_seed43_multilingual_combined_binary_gr: fitting SVM
[2026-05-09 02:05:39] tfidf_seed43_multilingual_combined_binary_gr: SVM accuracy=0.8605 params={'C': 10, 'kernel': 'rbf'}
[2026-05-09 02:05:39] tfidf_seed43_multilingual_combined_binary_gr: fitting LR
[2026-05-09 02:05:41] tfidf_seed43_multilingual_combined_binary_gr: LR accuracy=0.7209 params={'C': 1}
[2026-05-09 02:05:41] tfidf_seed43_multilingual_combined_binary_gr: fusion DT+RF accuracy=0.7442
[2026-05-09 02:05:41] tfidf_seed43_multilingual_combined_binary_gr: fusion DT+SVM accuracy=0.8605
[2026-05-09 02:05:41] tfidf_seed43_multilingual_combined_binary_gr: fusion DT+LR accuracy=0.7442
[2026-05-09 02:05:41] tfidf_seed43_multilingual_combined_binary_gr: fusion RF+SVM accuracy=0.8140
[2026-05-09 02:05:41] tfidf_seed43_multilingual_combined_binary_gr: fusion RF+LR accuracy=0.7442
[2026-05-09 02:05:41] tfidf_seed43_multilingual_combined_binary_gr: fusion SVM+LR accuracy=0.8372
[2026-05-09 02:05:41] tfidf_seed43_multilingual_combined_binary_gr: fusion DT+RF+SVM accuracy=0.8140
[2026-05-09 02:05:41] tfidf_seed43_multilingual_combined_binary_gr: fusion DT+RF+LR accuracy=0.7907
[2026-05-09 02:05:41] tfidf_seed43_multilingual_combined_binary_gr: fusion DT+SVM+LR accuracy=0.8140
[2026-05-09 02:05:41] tfidf_seed43_multilingual_combined_binary_gr: fusion RF+SVM+LR accuracy=0.7907
[2026-05-09 02:05:41] tfidf_seed43_multilingual_combined_binary_gr: fusion DT+RF+SVM+LR accuracy=0.8140
