[2026-05-09 04:02:43] tfidf_seed43_translated_combined_multiclass_cha: method=tfidf seed=43 training=multi translated=yes task=multiclass test=cha train=3573 test=153
[2026-05-09 04:02:44] tfidf_seed43_translated_combined_multiclass_cha: fitting DT
[2026-05-09 04:02:54] tfidf_seed43_translated_combined_multiclass_cha: DT accuracy=0.4837 params={'max_depth': 20}
[2026-05-09 04:02:54] tfidf_seed43_translated_combined_multiclass_cha: fitting RF
[2026-05-09 04:03:58] tfidf_seed43_translated_combined_multiclass_cha: RF accuracy=0.5686 params={'n_estimators': 50}
[2026-05-09 04:03:58] tfidf_seed43_translated_combined_multiclass_cha: fitting SVM
[2026-05-09 04:17:26] tfidf_seed43_translated_combined_multiclass_cha: SVM accuracy=0.6209 params={'C': 10, 'kernel': 'rbf'}
[2026-05-09 04:17:26] tfidf_seed43_translated_combined_multiclass_cha: fitting LR
[2026-05-09 04:17:33] tfidf_seed43_translated_combined_multiclass_cha: LR accuracy=0.6536 params={'C': 10}
[2026-05-09 04:17:33] tfidf_seed43_translated_combined_multiclass_cha: fusion DT+RF accuracy=0.4967
[2026-05-09 04:17:33] tfidf_seed43_translated_combined_multiclass_cha: fusion DT+SVM accuracy=0.4967
[2026-05-09 04:17:33] tfidf_seed43_translated_combined_multiclass_cha: fusion DT+LR accuracy=0.5229
[2026-05-09 04:17:33] tfidf_seed43_translated_combined_multiclass_cha: fusion RF+SVM accuracy=0.6601
[2026-05-09 04:17:33] tfidf_seed43_translated_combined_multiclass_cha: fusion RF+LR accuracy=0.6667
[2026-05-09 04:17:33] tfidf_seed43_translated_combined_multiclass_cha: fusion SVM+LR accuracy=0.6601
[2026-05-09 04:17:33] tfidf_seed43_translated_combined_multiclass_cha: fusion DT+RF+SVM accuracy=0.6471
[2026-05-09 04:17:33] tfidf_seed43_translated_combined_multiclass_cha: fusion DT+RF+LR accuracy=0.6601
[2026-05-09 04:17:33] tfidf_seed43_translated_combined_multiclass_cha: fusion DT+SVM+LR accuracy=0.6340
[2026-05-09 04:17:33] tfidf_seed43_translated_combined_multiclass_cha: fusion RF+SVM+LR accuracy=0.6405
[2026-05-09 04:17:33] tfidf_seed43_translated_combined_multiclass_cha: fusion DT+RF+SVM+LR accuracy=0.6732
