[2026-05-09 14:14:36] tfidf_seed45_translated_combined_binary_en: method=tfidf seed=45 training=multi translated=yes task=binary test=en train=2896 test=194
[2026-05-09 14:14:37] tfidf_seed45_translated_combined_binary_en: fitting DT
[2026-05-09 14:14:45] tfidf_seed45_translated_combined_binary_en: DT accuracy=0.7216 params={'max_depth': 20}
[2026-05-09 14:14:45] tfidf_seed45_translated_combined_binary_en: fitting RF
[2026-05-09 14:15:25] tfidf_seed45_translated_combined_binary_en: RF accuracy=0.8247 params={'n_estimators': 100}
[2026-05-09 14:15:25] tfidf_seed45_translated_combined_binary_en: fitting SVM
[2026-05-09 14:21:43] tfidf_seed45_translated_combined_binary_en: SVM accuracy=0.8969 params={'C': 10, 'kernel': 'rbf'}
[2026-05-09 14:21:43] tfidf_seed45_translated_combined_binary_en: fitting LR
[2026-05-09 14:21:44] tfidf_seed45_translated_combined_binary_en: LR accuracy=0.8351 params={'C': 1}
[2026-05-09 14:21:44] tfidf_seed45_translated_combined_binary_en: fusion DT+RF accuracy=0.7216
[2026-05-09 14:21:44] tfidf_seed45_translated_combined_binary_en: fusion DT+SVM accuracy=0.7216
[2026-05-09 14:21:44] tfidf_seed45_translated_combined_binary_en: fusion DT+LR accuracy=0.7216
[2026-05-09 14:21:44] tfidf_seed45_translated_combined_binary_en: fusion RF+SVM accuracy=0.8608
[2026-05-09 14:21:44] tfidf_seed45_translated_combined_binary_en: fusion RF+LR accuracy=0.8505
[2026-05-09 14:21:44] tfidf_seed45_translated_combined_binary_en: fusion SVM+LR accuracy=0.8711
[2026-05-09 14:21:44] tfidf_seed45_translated_combined_binary_en: fusion DT+RF+SVM accuracy=0.8557
[2026-05-09 14:21:44] tfidf_seed45_translated_combined_binary_en: fusion DT+RF+LR accuracy=0.8196
[2026-05-09 14:21:44] tfidf_seed45_translated_combined_binary_en: fusion DT+SVM+LR accuracy=0.8505
[2026-05-09 14:21:44] tfidf_seed45_translated_combined_binary_en: fusion RF+SVM+LR accuracy=0.8557
[2026-05-09 14:21:44] tfidf_seed45_translated_combined_binary_en: fusion DT+RF+SVM+LR accuracy=0.8351
