[2026-05-09 14:35:55] tfidf_seed45_translated_combined_binary_spa: method=tfidf seed=45 training=multi translated=yes task=binary test=spa train=2896 test=59
[2026-05-09 14:35:56] tfidf_seed45_translated_combined_binary_spa: fitting DT
[2026-05-09 14:36:04] tfidf_seed45_translated_combined_binary_spa: DT accuracy=0.6271 params={'max_depth': 20}
[2026-05-09 14:36:04] tfidf_seed45_translated_combined_binary_spa: fitting RF
[2026-05-09 14:36:45] tfidf_seed45_translated_combined_binary_spa: RF accuracy=0.6610 params={'n_estimators': 100}
[2026-05-09 14:36:45] tfidf_seed45_translated_combined_binary_spa: fitting SVM
[2026-05-09 14:43:12] tfidf_seed45_translated_combined_binary_spa: SVM accuracy=0.6441 params={'C': 10, 'kernel': 'rbf'}
[2026-05-09 14:43:12] tfidf_seed45_translated_combined_binary_spa: fitting LR
[2026-05-09 14:43:13] tfidf_seed45_translated_combined_binary_spa: LR accuracy=0.7627 params={'C': 1}
[2026-05-09 14:43:13] tfidf_seed45_translated_combined_binary_spa: fusion DT+RF accuracy=0.6271
[2026-05-09 14:43:13] tfidf_seed45_translated_combined_binary_spa: fusion DT+SVM accuracy=0.6102
[2026-05-09 14:43:13] tfidf_seed45_translated_combined_binary_spa: fusion DT+LR accuracy=0.6271
[2026-05-09 14:43:13] tfidf_seed45_translated_combined_binary_spa: fusion RF+SVM accuracy=0.6102
[2026-05-09 14:43:13] tfidf_seed45_translated_combined_binary_spa: fusion RF+LR accuracy=0.7288
[2026-05-09 14:43:13] tfidf_seed45_translated_combined_binary_spa: fusion SVM+LR accuracy=0.6441
[2026-05-09 14:43:13] tfidf_seed45_translated_combined_binary_spa: fusion DT+RF+SVM accuracy=0.6271
[2026-05-09 14:43:13] tfidf_seed45_translated_combined_binary_spa: fusion DT+RF+LR accuracy=0.7119
[2026-05-09 14:43:13] tfidf_seed45_translated_combined_binary_spa: fusion DT+SVM+LR accuracy=0.6949
[2026-05-09 14:43:13] tfidf_seed45_translated_combined_binary_spa: fusion RF+SVM+LR accuracy=0.7119
[2026-05-09 14:43:13] tfidf_seed45_translated_combined_binary_spa: fusion DT+RF+SVM+LR accuracy=0.6610
