[2026-05-09 20:30:38] tfidf_seed46_translated_combined_multiclass_en: method=tfidf seed=46 training=multi translated=yes task=multiclass test=en train=3573 test=272
[2026-05-09 20:30:39] tfidf_seed46_translated_combined_multiclass_en: fitting DT
[2026-05-09 20:30:50] tfidf_seed46_translated_combined_multiclass_en: DT accuracy=0.5515 params={'max_depth': 30}
[2026-05-09 20:30:50] tfidf_seed46_translated_combined_multiclass_en: fitting RF
[2026-05-09 20:32:04] tfidf_seed46_translated_combined_multiclass_en: RF accuracy=0.6287 params={'n_estimators': 200}
[2026-05-09 20:32:04] tfidf_seed46_translated_combined_multiclass_en: fitting SVM
[2026-05-09 20:46:20] tfidf_seed46_translated_combined_multiclass_en: SVM accuracy=0.6875 params={'C': 10, 'kernel': 'rbf'}
[2026-05-09 20:46:20] tfidf_seed46_translated_combined_multiclass_en: fitting LR
[2026-05-09 20:46:27] tfidf_seed46_translated_combined_multiclass_en: LR accuracy=0.6912 params={'C': 10}
[2026-05-09 20:46:27] tfidf_seed46_translated_combined_multiclass_en: fusion DT+RF accuracy=0.5515
[2026-05-09 20:46:27] tfidf_seed46_translated_combined_multiclass_en: fusion DT+SVM accuracy=0.5515
[2026-05-09 20:46:27] tfidf_seed46_translated_combined_multiclass_en: fusion DT+LR accuracy=0.5515
[2026-05-09 20:46:27] tfidf_seed46_translated_combined_multiclass_en: fusion RF+SVM accuracy=0.6912
[2026-05-09 20:46:27] tfidf_seed46_translated_combined_multiclass_en: fusion RF+LR accuracy=0.6801
[2026-05-09 20:46:27] tfidf_seed46_translated_combined_multiclass_en: fusion SVM+LR accuracy=0.6949
[2026-05-09 20:46:27] tfidf_seed46_translated_combined_multiclass_en: fusion DT+RF+SVM accuracy=0.6507
[2026-05-09 20:46:27] tfidf_seed46_translated_combined_multiclass_en: fusion DT+RF+LR accuracy=0.6728
[2026-05-09 20:46:27] tfidf_seed46_translated_combined_multiclass_en: fusion DT+SVM+LR accuracy=0.6801
[2026-05-09 20:46:27] tfidf_seed46_translated_combined_multiclass_en: fusion RF+SVM+LR accuracy=0.7022
[2026-05-09 20:46:27] tfidf_seed46_translated_combined_multiclass_en: fusion DT+RF+SVM+LR accuracy=0.6581
