[2026-05-09 14:02:21] tfidf_seed45_multilingual_combined_multiclass_spa: method=tfidf seed=45 training=multi translated=no task=multiclass test=spa train=3573 test=76
[2026-05-09 14:02:21] tfidf_seed45_multilingual_combined_multiclass_spa: fitting DT
[2026-05-09 14:02:33] tfidf_seed45_multilingual_combined_multiclass_spa: DT accuracy=0.4868 params={'max_depth': 20}
[2026-05-09 14:02:33] tfidf_seed45_multilingual_combined_multiclass_spa: fitting RF
[2026-05-09 14:04:02] tfidf_seed45_multilingual_combined_multiclass_spa: RF accuracy=0.5395 params={'n_estimators': 50}
[2026-05-09 14:04:02] tfidf_seed45_multilingual_combined_multiclass_spa: fitting SVM
[2026-05-09 14:14:28] tfidf_seed45_multilingual_combined_multiclass_spa: SVM accuracy=0.3553 params={'C': 1, 'kernel': 'rbf'}
[2026-05-09 14:14:28] tfidf_seed45_multilingual_combined_multiclass_spa: fitting LR
[2026-05-09 14:14:36] tfidf_seed45_multilingual_combined_multiclass_spa: LR accuracy=0.5526 params={'C': 10}
[2026-05-09 14:14:36] tfidf_seed45_multilingual_combined_multiclass_spa: fusion DT+RF accuracy=0.4868
[2026-05-09 14:14:36] tfidf_seed45_multilingual_combined_multiclass_spa: fusion DT+SVM accuracy=0.5000
[2026-05-09 14:14:36] tfidf_seed45_multilingual_combined_multiclass_spa: fusion DT+LR accuracy=0.4868
[2026-05-09 14:14:36] tfidf_seed45_multilingual_combined_multiclass_spa: fusion RF+SVM accuracy=0.5526
[2026-05-09 14:14:36] tfidf_seed45_multilingual_combined_multiclass_spa: fusion RF+LR accuracy=0.5526
[2026-05-09 14:14:36] tfidf_seed45_multilingual_combined_multiclass_spa: fusion SVM+LR accuracy=0.5658
[2026-05-09 14:14:36] tfidf_seed45_multilingual_combined_multiclass_spa: fusion DT+RF+SVM accuracy=0.4868
[2026-05-09 14:14:36] tfidf_seed45_multilingual_combined_multiclass_spa: fusion DT+RF+LR accuracy=0.5921
[2026-05-09 14:14:36] tfidf_seed45_multilingual_combined_multiclass_spa: fusion DT+SVM+LR accuracy=0.4868
[2026-05-09 14:14:36] tfidf_seed45_multilingual_combined_multiclass_spa: fusion RF+SVM+LR accuracy=0.5658
[2026-05-09 14:14:36] tfidf_seed45_multilingual_combined_multiclass_spa: fusion DT+RF+SVM+LR accuracy=0.5395
