[2026-05-09 14:21:44] tfidf_seed45_translated_combined_binary_gr: method=tfidf seed=45 training=multi translated=yes task=binary test=gr train=2896 test=43
[2026-05-09 14:21:45] tfidf_seed45_translated_combined_binary_gr: fitting DT
[2026-05-09 14:21:53] tfidf_seed45_translated_combined_binary_gr: DT accuracy=0.5116 params={'max_depth': 20}
[2026-05-09 14:21:53] tfidf_seed45_translated_combined_binary_gr: fitting RF
[2026-05-09 14:22:33] tfidf_seed45_translated_combined_binary_gr: RF accuracy=0.6512 params={'n_estimators': 100}
[2026-05-09 14:22:33] tfidf_seed45_translated_combined_binary_gr: fitting SVM
[2026-05-09 14:28:51] tfidf_seed45_translated_combined_binary_gr: SVM accuracy=0.6279 params={'C': 10, 'kernel': 'rbf'}
[2026-05-09 14:28:51] tfidf_seed45_translated_combined_binary_gr: fitting LR
[2026-05-09 14:28:51] tfidf_seed45_translated_combined_binary_gr: LR accuracy=0.6047 params={'C': 1}
[2026-05-09 14:28:51] tfidf_seed45_translated_combined_binary_gr: fusion DT+RF accuracy=0.5116
[2026-05-09 14:28:51] tfidf_seed45_translated_combined_binary_gr: fusion DT+SVM accuracy=0.5116
[2026-05-09 14:28:51] tfidf_seed45_translated_combined_binary_gr: fusion DT+LR accuracy=0.5116
[2026-05-09 14:28:51] tfidf_seed45_translated_combined_binary_gr: fusion RF+SVM accuracy=0.6279
[2026-05-09 14:28:51] tfidf_seed45_translated_combined_binary_gr: fusion RF+LR accuracy=0.6047
[2026-05-09 14:28:51] tfidf_seed45_translated_combined_binary_gr: fusion SVM+LR accuracy=0.6047
[2026-05-09 14:28:51] tfidf_seed45_translated_combined_binary_gr: fusion DT+RF+SVM accuracy=0.6279
[2026-05-09 14:28:51] tfidf_seed45_translated_combined_binary_gr: fusion DT+RF+LR accuracy=0.6279
[2026-05-09 14:28:51] tfidf_seed45_translated_combined_binary_gr: fusion DT+SVM+LR accuracy=0.6047
[2026-05-09 14:28:51] tfidf_seed45_translated_combined_binary_gr: fusion RF+SVM+LR accuracy=0.6512
[2026-05-09 14:28:51] tfidf_seed45_translated_combined_binary_gr: fusion DT+RF+SVM+LR accuracy=0.6047
