Loading phase1 manifest and feature table
Phase2 parsing language=el rows=264
Phase2 parsing language=el progress=100/264
Phase2 parsing language=el progress=200/264
Phase2 parsing language=el progress=264/264
Phase2 parsing language=en rows=2721
Phase2 parsing language=en progress=100/2721
Phase2 parsing language=en progress=200/2721
Phase2 parsing language=en progress=300/2721
Phase2 parsing language=en progress=400/2721
Phase2 parsing language=en progress=500/2721
Phase2 parsing language=en progress=600/2721
Phase2 parsing language=en progress=700/2721
Phase2 parsing language=en progress=800/2721
Phase2 parsing language=en progress=900/2721
Phase2 parsing language=en progress=1000/2721
Phase2 parsing language=en progress=1100/2721
Phase2 parsing language=en progress=1200/2721
Phase2 parsing language=en progress=1300/2721
Phase2 parsing language=en progress=1400/2721
Phase2 parsing language=en progress=1500/2721
Phase2 parsing language=en progress=1600/2721
Phase2 parsing language=en progress=1700/2721
Phase2 parsing language=en progress=1800/2721
Phase2 parsing language=en progress=1900/2721
Phase2 parsing language=en progress=2000/2721
Phase2 parsing language=en progress=2100/2721
Phase2 parsing language=en progress=2200/2721
Phase2 parsing language=en progress=2300/2721
Phase2 parsing language=en progress=2400/2721
Phase2 parsing language=en progress=2500/2721
Phase2 parsing language=en progress=2600/2721
Phase2 parsing language=en progress=2700/2721
Phase2 parsing language=en progress=2721/2721
Phase2 parsing language=es rows=379
Phase2 parsing language=es progress=100/379
Phase2 parsing language=es progress=200/379
Phase2 parsing language=es progress=300/379
Phase2 parsing language=es progress=379/379
Phase2 parsing language=zh rows=763
Phase2 parsing language=zh progress=100/763
Phase2 parsing language=zh progress=200/763
Phase2 parsing language=zh progress=300/763
Phase2 parsing language=zh progress=400/763
Phase2 parsing language=zh progress=500/763
Phase2 parsing language=zh progress=600/763
Phase2 parsing language=zh progress=700/763
Phase2 parsing language=zh progress=763/763
Phase2 feature progress: 0/4127
Phase2 feature progress: 100/4127
Phase2 feature progress: 200/4127
Phase2 feature progress: 300/4127
Phase2 feature progress: 400/4127
Phase2 feature progress: 500/4127
Phase2 feature progress: 600/4127
Phase2 feature progress: 700/4127
Phase2 feature progress: 800/4127
Phase2 feature progress: 900/4127
Phase2 feature progress: 1000/4127
Phase2 feature progress: 1100/4127
Phase2 feature progress: 1200/4127
Phase2 feature progress: 1300/4127
Phase2 feature progress: 1400/4127
Phase2 feature progress: 1500/4127
Phase2 feature progress: 1600/4127
Phase2 feature progress: 1700/4127
Phase2 feature progress: 1800/4127
Phase2 feature progress: 1900/4127
Phase2 feature progress: 2000/4127
Phase2 feature progress: 2100/4127
Phase2 feature progress: 2200/4127
Phase2 feature progress: 2300/4127
Phase2 feature progress: 2400/4127
Phase2 feature progress: 2500/4127
Phase2 feature progress: 2600/4127
Phase2 feature progress: 2700/4127
Phase2 feature progress: 2800/4127
Phase2 feature progress: 2900/4127
Phase2 feature progress: 3000/4127
Phase2 feature progress: 3100/4127
Phase2 feature progress: 3200/4127
Phase2 feature progress: 3300/4127
Phase2 feature progress: 3400/4127
Phase2 feature progress: 3500/4127
Phase2 feature progress: 3600/4127
Phase2 feature progress: 3700/4127
Phase2 feature progress: 3800/4127
Phase2 feature progress: 3900/4127
Phase2 feature progress: 4000/4127
Phase2 feature progress: 4100/4127
Wrote phase2 feature matrix to C:\Users\dhruv\Documents\06 Coding\MultiConAD\data\processed\phase2\phase2_features.csv
