Loading merged phase1 data
Reconstructing pooled PD_CTP and English PD_CTP best runs
Selecting a well-classified English PD_CTP AD/HC pair
Generating patient-level saliency figure
Building worked example table
Loading merged phase1 data
Reconstructing pooled PD_CTP and English PD_CTP best runs
Selecting a well-classified English PD_CTP AD/HC pair
Generating patient-level saliency figure
Building worked example table
Building feature family summary tables
Building pooled PD_CTP feature differentiation table
Writing report markdown
Finished generating report artifacts
Loading merged phase1 data
Reconstructing pooled PD_CTP and English PD_CTP best runs
Selecting a well-classified English PD_CTP AD/HC pair
Generating patient-level saliency figure
Building worked example table
Building feature family summary tables
Building pooled PD_CTP feature differentiation table
Building ANOVA summary tables
Building best-by-method result tables
Writing report markdown
Finished generating report artifacts
Loading merged phase1 data
Reconstructing pooled PD_CTP and English PD_CTP best runs
Selecting a well-classified English PD_CTP AD/HC pair
Generating patient-level saliency figure
Building worked example table
Building feature family summary tables
Building pooled PD_CTP feature differentiation table
Building pooled PD_CTP t-SNE / UMAP projections
Building ANOVA summary tables
Loading merged phase1 data
Reconstructing pooled PD_CTP and English PD_CTP best runs
Selecting a well-classified English PD_CTP AD/HC pair
Generating patient-level saliency figure
Building worked example table
Building feature family summary tables
Building pooled PD_CTP feature differentiation table
Building pooled PD_CTP t-SNE / UMAP projections
Building ANOVA summary tables
Building best-by-method result tables
Writing report markdown
Finished generating report artifacts
Loading merged phase1 data
Reconstructing pooled PD_CTP and English PD_CTP best runs
Selecting a well-classified English PD_CTP AD/HC pair
Generating patient-level saliency figure
Building worked example table
Building feature family summary tables
Building pooled PD_CTP feature differentiation table
Building pooled PD_CTP t-SNE / UMAP projections
Building language-specific projection comparisons
Loading merged phase1 data
Reconstructing pooled PD_CTP and English PD_CTP best runs
Selecting a well-classified English PD_CTP AD/HC pair
Generating patient-level saliency figure
Building worked example table
Building feature family summary tables
Building pooled PD_CTP feature differentiation table
Building pooled PD_CTP t-SNE / UMAP projections
Building language-specific projection comparisons
Building ANOVA summary tables
Building best-by-method result tables
Writing report markdown
Finished generating report artifacts
