
[english-baycrest] listing https://media.talkbank.org/dementia/English/Protocol/Baycrest/
[english-baycrest] matched 146 media files
downloaded	C:\Users\dhruv\Documents\06 Coding\MultiConAD\data\English\Baycrest\Baycrest11633.mp3
downloaded	C:\Users\dhruv\Documents\06 Coding\MultiConAD\data\English\Baycrest\Baycrest11634.mp3
downloaded	C:\Users\dhruv\Documents\06 Coding\MultiConAD\data\English\Baycrest\Baycrest11976.mp3
downloaded	C:\Users\dhruv\Documents\06 Coding\MultiConAD\data\English\Baycrest\Baycrest12257.mp3
downloaded	C:\Users\dhruv\Documents\06 Coding\MultiConAD\data\English\Baycrest\Baycrest12813.mp3
downloaded	C:\Users\dhruv\Documents\06 Coding\MultiConAD\data\English\Baycrest\Baycrest12814.mp3
downloaded	C:\Users\dhruv\Documents\06 Coding\MultiConAD\data\English\Baycrest\Baycrest2103.mp3
downloaded	C:\Users\dhruv\Documents\06 Coding\MultiConAD\data\English\Baycrest\Baycrest7352.mp3
downloaded	C:\Users\dhruv\Documents\06 Coding\MultiConAD\data\English\Baycrest\Baycrest8538.mp3
downloaded	C:\Users\dhruv\Documents\06 Coding\MultiConAD\data\English\Baycrest\Baycrest8961.mp3
downloaded	C:\Users\dhruv\Documents\06 Coding\MultiConAD\data\English\Baycrest\0extra\10729\bnt.wav
downloaded	C:\Users\dhruv\Documents\06 Coding\MultiConAD\data\English\Baycrest\0extra\10729\category_fluency.wav
downloaded	C:\Users\dhruv\Documents\06 Coding\MultiConAD\data\English\Baycrest\0extra\10729\cogtests_day1_20130314_part_b.wav
downloaded	C:\Users\dhruv\Documents\06 Coding\MultiConAD\data\English\Baycrest\0extra\10729\digit_span.wav
downloaded	C:\Users\dhruv\Documents\06 Coding\MultiConAD\data\English\Baycrest\0extra\10729\discourse_task.wav
downloaded	C:\Users\dhruv\Documents\06 Coding\MultiConAD\data\English\Baycrest\0extra\10729\letter_fluency.wav
downloaded	C:\Users\dhruv\Documents\06 Coding\MultiConAD\data\English\Baycrest\0extra\10729\moca.wav
downloaded	C:\Users\dhruv\Documents\06 Coding\MultiConAD\data\English\Baycrest\0extra\10729\moca_2.wav
downloaded	C:\Users\dhruv\Documents\06 Coding\MultiConAD\data\English\Baycrest\0extra\10729\repeat_and_point.wav
downloaded	C:\Users\dhruv\Documents\06 Coding\MultiConAD\data\English\Baycrest\0extra\10729\word_lists_immediate.wav
downloaded	C:\Users\dhruv\Documents\06 Coding\MultiConAD\data\English\Baycrest\0extra\10729\word_reading.wav
downloaded	C:\Users\dhruv\Documents\06 Coding\MultiConAD\data\English\Baycrest\0extra\11633\bnt.mp3
downloaded	C:\Users\dhruv\Documents\06 Coding\MultiConAD\data\English\Baycrest\0extra\11633\cnrt.mp3
downloaded	C:\Users\dhruv\Documents\06 Coding\MultiConAD\data\English\Baycrest\0extra\11633\digit_span.mp3
downloaded	C:\Users\dhruv\Documents\06 Coding\MultiConAD\data\English\Baycrest\0extra\11633\logical_mem_delayed.mp3
downloaded	C:\Users\dhruv\Documents\06 Coding\MultiConAD\data\English\Baycrest\0extra\11633\logical_mem_immediate.mp3
downloaded	C:\Users\dhruv\Documents\06 Coding\MultiConAD\data\English\Baycrest\0extra\11633\navs_aspt.mp3
downloaded	C:\Users\dhruv\Documents\06 Coding\MultiConAD\data\English\Baycrest\0extra\11633\navs_sppt.mp3
downloaded	C:\Users\dhruv\Documents\06 Coding\MultiConAD\data\English\Baycrest\0extra\11633\stroop.mp3
downloaded	C:\Users\dhruv\Documents\06 Coding\MultiConAD\data\English\Baycrest\0extra\11633\word_fluency.mp3
downloaded	C:\Users\dhruv\Documents\06 Coding\MultiConAD\data\English\Baycrest\0extra\11633\word_lists_delayed.mp3
downloaded	C:\Users\dhruv\Documents\06 Coding\MultiConAD\data\English\Baycrest\0extra\11633\word_lists_immediate.mp3
downloaded	C:\Users\dhruv\Documents\06 Coding\MultiConAD\data\English\Baycrest\0extra\11634\category_fluency.wav
downloaded	C:\Users\dhruv\Documents\06 Coding\MultiConAD\data\English\Baycrest\0extra\11634\cnrt.wav
downloaded	C:\Users\dhruv\Documents\06 Coding\MultiConAD\data\English\Baycrest\0extra\11634\digit_span.wav
downloaded	C:\Users\dhruv\Documents\06 Coding\MultiConAD\data\English\Baycrest\0extra\11634\letter_fluency.wav
downloaded	C:\Users\dhruv\Documents\06 Coding\MultiConAD\data\English\Baycrest\0extra\11634\logical_mem_delayed.wav
downloaded	C:\Users\dhruv\Documents\06 Coding\MultiConAD\data\English\Baycrest\0extra\11634\logical_mem_immediate.wav
downloaded	C:\Users\dhruv\Documents\06 Coding\MultiConAD\data\English\Baycrest\0extra\11634\navs_aspt.wav
downloaded	C:\Users\dhruv\Documents\06 Coding\MultiConAD\data\English\Baycrest\0extra\11634\navs_sppt.wav
downloaded	C:\Users\dhruv\Documents\06 Coding\MultiConAD\data\English\Baycrest\0extra\11634\stroop.wav
downloaded	C:\Users\dhruv\Documents\06 Coding\MultiConAD\data\English\Baycrest\0extra\11634\word_lists_immediate.wav
downloaded	C:\Users\dhruv\Documents\06 Coding\MultiConAD\data\English\Baycrest\0extra\11976\category_fluency.wav
downloaded	C:\Users\dhruv\Documents\06 Coding\MultiConAD\data\English\Baycrest\0extra\11976\cnrt.wav
downloaded	C:\Users\dhruv\Documents\06 Coding\MultiConAD\data\English\Baycrest\0extra\11976\letter_fluency.wav
downloaded	C:\Users\dhruv\Documents\06 Coding\MultiConAD\data\English\Baycrest\0extra\11976\logical_mem_immediate.wav
downloaded	C:\Users\dhruv\Documents\06 Coding\MultiConAD\data\English\Baycrest\0extra\11976\navs_aspt.wav
downloaded	C:\Users\dhruv\Documents\06 Coding\MultiConAD\data\English\Baycrest\0extra\11976\navs_sppt.wav
downloaded	C:\Users\dhruv\Documents\06 Coding\MultiConAD\data\English\Baycrest\0extra\11976\nonword_reading.wav
downloaded	C:\Users\dhruv\Documents\06 Coding\MultiConAD\data\English\Baycrest\0extra\11976\word_lists_immediate.wav
downloaded	C:\Users\dhruv\Documents\06 Coding\MultiConAD\data\English\Baycrest\0extra\11976\word_reading.wav
downloaded	C:\Users\dhruv\Documents\06 Coding\MultiConAD\data\English\Baycrest\0extra\11976\word_repetition.wav
downloaded	C:\Users\dhruv\Documents\06 Coding\MultiConAD\data\English\Baycrest\0extra\12257\category_fluency.wav
downloaded	C:\Users\dhruv\Documents\06 Coding\MultiConAD\data\English\Baycrest\0extra\12257\cnrt.wav
downloaded	C:\Users\dhruv\Documents\06 Coding\MultiConAD\data\English\Baycrest\0extra\12257\digit_span.wav
downloaded	C:\Users\dhruv\Documents\06 Coding\MultiConAD\data\English\Baycrest\0extra\12257\letter_fluency.wav
downloaded	C:\Users\dhruv\Documents\06 Coding\MultiConAD\data\English\Baycrest\0extra\12257\logical_mem_delayed.wav
downloaded	C:\Users\dhruv\Documents\06 Coding\MultiConAD\data\English\Baycrest\0extra\12257\logical_mem_immediate.wav
downloaded	C:\Users\dhruv\Documents\06 Coding\MultiConAD\data\English\Baycrest\0extra\12257\navs_aspt.wav
downloaded	C:\Users\dhruv\Documents\06 Coding\MultiConAD\data\English\Baycrest\0extra\12257\navs_sppt.wav
downloaded	C:\Users\dhruv\Documents\06 Coding\MultiConAD\data\English\Baycrest\0extra\12257\stroop.wav
downloaded	C:\Users\dhruv\Documents\06 Coding\MultiConAD\data\English\Baycrest\0extra\12257\word_lists_immediate.wav
downloaded	C:\Users\dhruv\Documents\06 Coding\MultiConAD\data\English\Baycrest\0extra\12813\category_fluency.wav
downloaded	C:\Users\dhruv\Documents\06 Coding\MultiConAD\data\English\Baycrest\0extra\12813\cnrt.wav
downloaded	C:\Users\dhruv\Documents\06 Coding\MultiConAD\data\English\Baycrest\0extra\12813\digit_span.wav
downloaded	C:\Users\dhruv\Documents\06 Coding\MultiConAD\data\English\Baycrest\0extra\12813\letter_fluency.wav
downloaded	C:\Users\dhruv\Documents\06 Coding\MultiConAD\data\English\Baycrest\0extra\12813\logical_mem_delayed.wav
downloaded	C:\Users\dhruv\Documents\06 Coding\MultiConAD\data\English\Baycrest\0extra\12813\logical_mem_immediate.wav
downloaded	C:\Users\dhruv\Documents\06 Coding\MultiConAD\data\English\Baycrest\0extra\12813\navs_aspt.wav
downloaded	C:\Users\dhruv\Documents\06 Coding\MultiConAD\data\English\Baycrest\0extra\12813\ppvt.wav
downloaded	C:\Users\dhruv\Documents\06 Coding\MultiConAD\data\English\Baycrest\0extra\12813\stroop.wav
downloaded	C:\Users\dhruv\Documents\06 Coding\MultiConAD\data\English\Baycrest\0extra\12813\word_lists_delayed.wav
downloaded	C:\Users\dhruv\Documents\06 Coding\MultiConAD\data\English\Baycrest\0extra\12813\word_lists_immediate.wav
downloaded	C:\Users\dhruv\Documents\06 Coding\MultiConAD\data\English\Baycrest\0extra\12814\category_fluency.wav
downloaded	C:\Users\dhruv\Documents\06 Coding\MultiConAD\data\English\Baycrest\0extra\12814\letter_fluency.wav
downloaded	C:\Users\dhruv\Documents\06 Coding\MultiConAD\data\English\Baycrest\0extra\12814\logical_mem_delayed.wav
downloaded	C:\Users\dhruv\Documents\06 Coding\MultiConAD\data\English\Baycrest\0extra\12814\logical_mem_immediate.wav
downloaded	C:\Users\dhruv\Documents\06 Coding\MultiConAD\data\English\Baycrest\0extra\12814\navs_sppt.wav
downloaded	C:\Users\dhruv\Documents\06 Coding\MultiConAD\data\English\Baycrest\0extra\12814\word_lists_immediate.wav
downloaded	C:\Users\dhruv\Documents\06 Coding\MultiConAD\data\English\Baycrest\0extra\2103\ABdiscourse_prompt_only.mp3
downloaded	C:\Users\dhruv\Documents\06 Coding\MultiConAD\data\English\Baycrest\0extra\2103\cnrt.mp3
downloaded	C:\Users\dhruv\Documents\06 Coding\MultiConAD\data\English\Baycrest\0extra\2103\digit_span.mp3
downloaded	C:\Users\dhruv\Documents\06 Coding\MultiConAD\data\English\Baycrest\0extra\2103\logical_mem_delayed.mp3
downloaded	C:\Users\dhruv\Documents\06 Coding\MultiConAD\data\English\Baycrest\0extra\2103\logical_mem_immediate.mp3
downloaded	C:\Users\dhruv\Documents\06 Coding\MultiConAD\data\English\Baycrest\0extra\2103\naming.mp3
downloaded	C:\Users\dhruv\Documents\06 Coding\MultiConAD\data\English\Baycrest\0extra\2103\word_fluency.mp3
downloaded	C:\Users\dhruv\Documents\06 Coding\MultiConAD\data\English\Baycrest\0extra\2103\word_lists.mp3
downloaded	C:\Users\dhruv\Documents\06 Coding\MultiConAD\data\English\Baycrest\0extra\7352\category_fluency.wav
downloaded	C:\Users\dhruv\Documents\06 Coding\MultiConAD\data\English\Baycrest\0extra\7352\letter_fluency.wav
downloaded	C:\Users\dhruv\Documents\06 Coding\MultiConAD\data\English\Baycrest\0extra\7352\logical_mem_delayed.wav
downloaded	C:\Users\dhruv\Documents\06 Coding\MultiConAD\data\English\Baycrest\0extra\7352\logical_mem_immediate.wav
downloaded	C:\Users\dhruv\Documents\06 Coding\MultiConAD\data\English\Baycrest\0extra\7352\navs_sct.wav
downloaded	C:\Users\dhruv\Documents\06 Coding\MultiConAD\data\English\Baycrest\0extra\7352\word_lists_delayed.wav
downloaded	C:\Users\dhruv\Documents\06 Coding\MultiConAD\data\English\Baycrest\0extra\7352\word_lists_immediate.wav
downloaded	C:\Users\dhruv\Documents\06 Coding\MultiConAD\data\English\Baycrest\0extra\8538\bnt.wav
downloaded	C:\Users\dhruv\Documents\06 Coding\MultiConAD\data\English\Baycrest\0extra\8538\category_fluency.wav
downloaded	C:\Users\dhruv\Documents\06 Coding\MultiConAD\data\English\Baycrest\0extra\8538\cnrt.wav
downloaded	C:\Users\dhruv\Documents\06 Coding\MultiConAD\data\English\Baycrest\0extra\8538\digit_span.wav
downloaded	C:\Users\dhruv\Documents\06 Coding\MultiConAD\data\English\Baycrest\0extra\8538\letter_fluency.wav
downloaded	C:\Users\dhruv\Documents\06 Coding\MultiConAD\data\English\Baycrest\0extra\8538\logical_memory_delayed.wav
downloaded	C:\Users\dhruv\Documents\06 Coding\MultiConAD\data\English\Baycrest\0extra\8538\logical_memory_immediate.wav
downloaded	C:\Users\dhruv\Documents\06 Coding\MultiConAD\data\English\Baycrest\0extra\8538\navs_aspt.wav
downloaded	C:\Users\dhruv\Documents\06 Coding\MultiConAD\data\English\Baycrest\0extra\8538\navs_sppt.wav
downloaded	C:\Users\dhruv\Documents\06 Coding\MultiConAD\data\English\Baycrest\0extra\8538\navs_vnt.wav
downloaded	C:\Users\dhruv\Documents\06 Coding\MultiConAD\data\English\Baycrest\0extra\8538\nonword_reading.wav
downloaded	C:\Users\dhruv\Documents\06 Coding\MultiConAD\data\English\Baycrest\0extra\8538\repeat_and_point.wav
downloaded	C:\Users\dhruv\Documents\06 Coding\MultiConAD\data\English\Baycrest\0extra\8538\word_lists_delayed.wav
downloaded	C:\Users\dhruv\Documents\06 Coding\MultiConAD\data\English\Baycrest\0extra\8538\word_lists_immediate.wav
downloaded	C:\Users\dhruv\Documents\06 Coding\MultiConAD\data\English\Baycrest\0extra\8961\bnt.wav
downloaded	C:\Users\dhruv\Documents\06 Coding\MultiConAD\data\English\Baycrest\0extra\8961\category_fluency.wav
downloaded	C:\Users\dhruv\Documents\06 Coding\MultiConAD\data\English\Baycrest\0extra\8961\cnrt.wav
downloaded	C:\Users\dhruv\Documents\06 Coding\MultiConAD\data\English\Baycrest\0extra\8961\digit_span.wav
downloaded	C:\Users\dhruv\Documents\06 Coding\MultiConAD\data\English\Baycrest\0extra\8961\letter_fluency.wav
downloaded	C:\Users\dhruv\Documents\06 Coding\MultiConAD\data\English\Baycrest\0extra\8961\logical_mem_delayed.wav
downloaded	C:\Users\dhruv\Documents\06 Coding\MultiConAD\data\English\Baycrest\0extra\8961\logical_mem_immediate.wav
downloaded	C:\Users\dhruv\Documents\06 Coding\MultiConAD\data\English\Baycrest\0extra\8961\navs_aspt.wav
downloaded	C:\Users\dhruv\Documents\06 Coding\MultiConAD\data\English\Baycrest\0extra\8961\navs_vnt.wav
downloaded	C:\Users\dhruv\Documents\06 Coding\MultiConAD\data\English\Baycrest\0extra\8961\word_lists_delayed.wav
downloaded	C:\Users\dhruv\Documents\06 Coding\MultiConAD\data\English\Baycrest\0extra\8961\word_lists_immediate.wav
downloaded	C:\Users\dhruv\Documents\06 Coding\MultiConAD\data\English\Baycrest\0wav\10729\ABdiscourse.wav
downloaded	C:\Users\dhruv\Documents\06 Coding\MultiConAD\data\English\Baycrest\0wav\11634\ABcinderella.wav
downloaded	C:\Users\dhruv\Documents\06 Coding\MultiConAD\data\English\Baycrest\0wav\11634\ABdiscourse.wav
downloaded	C:\Users\dhruv\Documents\06 Coding\MultiConAD\data\English\Baycrest\0wav\11634\ABpictures.wav
downloaded	C:\Users\dhruv\Documents\06 Coding\MultiConAD\data\English\Baycrest\0wav\11634\ABrepetition.wav
downloaded	C:\Users\dhruv\Documents\06 Coding\MultiConAD\data\English\Baycrest\0wav\11976\ABcinderella.wav
downloaded	C:\Users\dhruv\Documents\06 Coding\MultiConAD\data\English\Baycrest\0wav\11976\ABdiscourse.wav
downloaded	C:\Users\dhruv\Documents\06 Coding\MultiConAD\data\English\Baycrest\0wav\11976\ABpictures.wav
downloaded	C:\Users\dhruv\Documents\06 Coding\MultiConAD\data\English\Baycrest\0wav\11976\ABrepetition.wav
downloaded	C:\Users\dhruv\Documents\06 Coding\MultiConAD\data\English\Baycrest\0wav\12257\ABcinderella.wav
downloaded	C:\Users\dhruv\Documents\06 Coding\MultiConAD\data\English\Baycrest\0wav\12257\ABdiscourse.wav
downloaded	C:\Users\dhruv\Documents\06 Coding\MultiConAD\data\English\Baycrest\0wav\12257\ABpictures.wav
downloaded	C:\Users\dhruv\Documents\06 Coding\MultiConAD\data\English\Baycrest\0wav\12813\ABcinderella.wav
downloaded	C:\Users\dhruv\Documents\06 Coding\MultiConAD\data\English\Baycrest\0wav\12813\ABdiscourse.wav
downloaded	C:\Users\dhruv\Documents\06 Coding\MultiConAD\data\English\Baycrest\0wav\12813\ABpictures.wav
downloaded	C:\Users\dhruv\Documents\06 Coding\MultiConAD\data\English\Baycrest\0wav\12813\ABrepetition.wav
downloaded	C:\Users\dhruv\Documents\06 Coding\MultiConAD\data\English\Baycrest\0wav\12814\ABrepetition.wav
downloaded	C:\Users\dhruv\Documents\06 Coding\MultiConAD\data\English\Baycrest\0wav\7352\ABcinderella.wav
downloaded	C:\Users\dhruv\Documents\06 Coding\MultiConAD\data\English\Baycrest\0wav\7352\ABdiscourse.wav
downloaded	C:\Users\dhruv\Documents\06 Coding\MultiConAD\data\English\Baycrest\0wav\7352\ABpictures.wav
downloaded	C:\Users\dhruv\Documents\06 Coding\MultiConAD\data\English\Baycrest\0wav\8538\ABdiscourse.wav
downloaded	C:\Users\dhruv\Documents\06 Coding\MultiConAD\data\English\Baycrest\0wav\8538\ABpictures.wav
downloaded	C:\Users\dhruv\Documents\06 Coding\MultiConAD\data\English\Baycrest\0wav\8538\ABrepetition.wav
downloaded	C:\Users\dhruv\Documents\06 Coding\MultiConAD\data\English\Baycrest\0wav\8961\ABcinderella.wav
downloaded	C:\Users\dhruv\Documents\06 Coding\MultiConAD\data\English\Baycrest\0wav\8961\ABdiscourse.wav
downloaded	C:\Users\dhruv\Documents\06 Coding\MultiConAD\data\English\Baycrest\0wav\8961\ABpictures.wav
downloaded	C:\Users\dhruv\Documents\06 Coding\MultiConAD\data\English\Baycrest\0wav\8961\ABrepetition.wav

[english-delaware] listing https://media.talkbank.org/dementia/English/Protocol/Delaware/
[english-delaware] matched 415 media files
downloaded	C:\Users\dhruv\Documents\06 Coding\MultiConAD\data\English\Delaware\Control\01-2.mp3
downloaded	C:\Users\dhruv\Documents\06 Coding\MultiConAD\data\English\Delaware\Control\01-3.mp3
downloaded	C:\Users\dhruv\Documents\06 Coding\MultiConAD\data\English\Delaware\Control\02-1.mp3
downloaded	C:\Users\dhruv\Documents\06 Coding\MultiConAD\data\English\Delaware\Control\02-2.mp3
downloaded	C:\Users\dhruv\Documents\06 Coding\MultiConAD\data\English\Delaware\Control\03-1.mp3
downloaded	C:\Users\dhruv\Documents\06 Coding\MultiConAD\data\English\Delaware\Control\03-2.mp3
downloaded	C:\Users\dhruv\Documents\06 Coding\MultiConAD\data\English\Delaware\Control\03-3.mp3
downloaded	C:\Users\dhruv\Documents\06 Coding\MultiConAD\data\English\Delaware\Control\04-1.mp3
downloaded	C:\Users\dhruv\Documents\06 Coding\MultiConAD\data\English\Delaware\Control\04-2.mp3
downloaded	C:\Users\dhruv\Documents\06 Coding\MultiConAD\data\English\Delaware\Control\04-3.mp3
downloaded	C:\Users\dhruv\Documents\06 Coding\MultiConAD\data\English\Delaware\Control\05-1.mp3
downloaded	C:\Users\dhruv\Documents\06 Coding\MultiConAD\data\English\Delaware\Control\05-2.mp3
downloaded	C:\Users\dhruv\Documents\06 Coding\MultiConAD\data\English\Delaware\Control\07-1.mp3
downloaded	C:\Users\dhruv\Documents\06 Coding\MultiConAD\data\English\Delaware\Control\07-2.mp3
downloaded	C:\Users\dhruv\Documents\06 Coding\MultiConAD\data\English\Delaware\Control\08-1.mp3
downloaded	C:\Users\dhruv\Documents\06 Coding\MultiConAD\data\English\Delaware\Control\08-2.mp3
downloaded	C:\Users\dhruv\Documents\06 Coding\MultiConAD\data\English\Delaware\Control\101-1.mp3
downloaded	C:\Users\dhruv\Documents\06 Coding\MultiConAD\data\English\Delaware\Control\12-1.mp3
downloaded	C:\Users\dhruv\Documents\06 Coding\MultiConAD\data\English\Delaware\Control\12-2.mp3
downloaded	C:\Users\dhruv\Documents\06 Coding\MultiConAD\data\English\Delaware\Control\12-3.mp3
downloaded	C:\Users\dhruv\Documents\06 Coding\MultiConAD\data\English\Delaware\Control\13-1.mp3
downloaded	C:\Users\dhruv\Documents\06 Coding\MultiConAD\data\English\Delaware\Control\13-2.mp3
downloaded	C:\Users\dhruv\Documents\06 Coding\MultiConAD\data\English\Delaware\Control\15-3.mp3
downloaded	C:\Users\dhruv\Documents\06 Coding\MultiConAD\data\English\Delaware\Control\17-2.mp3
downloaded	C:\Users\dhruv\Documents\06 Coding\MultiConAD\data\English\Delaware\Control\17-3.mp3
downloaded	C:\Users\dhruv\Documents\06 Coding\MultiConAD\data\English\Delaware\Control\200-1.mp3
downloaded	C:\Users\dhruv\Documents\06 Coding\MultiConAD\data\English\Delaware\Control\200-2.mp3
downloaded	C:\Users\dhruv\Documents\06 Coding\MultiConAD\data\English\Delaware\Control\201-1.mp3
downloaded	C:\Users\dhruv\Documents\06 Coding\MultiConAD\data\English\Delaware\Control\201-2.mp3
downloaded	C:\Users\dhruv\Documents\06 Coding\MultiConAD\data\English\Delaware\Control\203-1.mp3
downloaded	C:\Users\dhruv\Documents\06 Coding\MultiConAD\data\English\Delaware\Control\203-2.mp3
downloaded	C:\Users\dhruv\Documents\06 Coding\MultiConAD\data\English\Delaware\Control\204-1.mp3
downloaded	C:\Users\dhruv\Documents\06 Coding\MultiConAD\data\English\Delaware\Control\204-2.mp3
downloaded	C:\Users\dhruv\Documents\06 Coding\MultiConAD\data\English\Delaware\Control\205-1.mp3
downloaded	C:\Users\dhruv\Documents\06 Coding\MultiConAD\data\English\Delaware\Control\205-2.mp3
downloaded	C:\Users\dhruv\Documents\06 Coding\MultiConAD\data\English\Delaware\Control\208-1.mp3
downloaded	C:\Users\dhruv\Documents\06 Coding\MultiConAD\data\English\Delaware\Control\209-1.mp3
downloaded	C:\Users\dhruv\Documents\06 Coding\MultiConAD\data\English\Delaware\Control\209-2.mp3
downloaded	C:\Users\dhruv\Documents\06 Coding\MultiConAD\data\English\Delaware\Control\212-1.mp3
downloaded	C:\Users\dhruv\Documents\06 Coding\MultiConAD\data\English\Delaware\Control\212-2.mp3
downloaded	C:\Users\dhruv\Documents\06 Coding\MultiConAD\data\English\Delaware\Control\214-1.mp3
downloaded	C:\Users\dhruv\Documents\06 Coding\MultiConAD\data\English\Delaware\Control\214-2.mp3
downloaded	C:\Users\dhruv\Documents\06 Coding\MultiConAD\data\English\Delaware\Control\215-1.mp3
downloaded	C:\Users\dhruv\Documents\06 Coding\MultiConAD\data\English\Delaware\Control\215-2.mp3
downloaded	C:\Users\dhruv\Documents\06 Coding\MultiConAD\data\English\Delaware\Control\216-2.mp3
downloaded	C:\Users\dhruv\Documents\06 Coding\MultiConAD\data\English\Delaware\Control\217-1.mp3
downloaded	C:\Users\dhruv\Documents\06 Coding\MultiConAD\data\English\Delaware\Control\217-2.mp3
downloaded	C:\Users\dhruv\Documents\06 Coding\MultiConAD\data\English\Delaware\Control\218-1.mp3
downloaded	C:\Users\dhruv\Documents\06 Coding\MultiConAD\data\English\Delaware\Control\220-1.mp3
downloaded	C:\Users\dhruv\Documents\06 Coding\MultiConAD\data\English\Delaware\Control\220-2.mp3
downloaded	C:\Users\dhruv\Documents\06 Coding\MultiConAD\data\English\Delaware\Control\221-1.mp3
downloaded	C:\Users\dhruv\Documents\06 Coding\MultiConAD\data\English\Delaware\Control\221-2.mp3
downloaded	C:\Users\dhruv\Documents\06 Coding\MultiConAD\data\English\Delaware\Control\224-1.mp3
downloaded	C:\Users\dhruv\Documents\06 Coding\MultiConAD\data\English\Delaware\Control\225-1.mp3
downloaded	C:\Users\dhruv\Documents\06 Coding\MultiConAD\data\English\Delaware\Control\226-1.mp3
downloaded	C:\Users\dhruv\Documents\06 Coding\MultiConAD\data\English\Delaware\Control\227-1.mp3
downloaded	C:\Users\dhruv\Documents\06 Coding\MultiConAD\data\English\Delaware\Control\227-2.mp3
downloaded	C:\Users\dhruv\Documents\06 Coding\MultiConAD\data\English\Delaware\Control\228-1.mp3
downloaded	C:\Users\dhruv\Documents\06 Coding\MultiConAD\data\English\Delaware\Control\228-2.mp3
downloaded	C:\Users\dhruv\Documents\06 Coding\MultiConAD\data\English\Delaware\Control\229-1.mp3
downloaded	C:\Users\dhruv\Documents\06 Coding\MultiConAD\data\English\Delaware\Control\229-2.mp3
downloaded	C:\Users\dhruv\Documents\06 Coding\MultiConAD\data\English\Delaware\Control\234-1.mp3
downloaded	C:\Users\dhruv\Documents\06 Coding\MultiConAD\data\English\Delaware\Control\234-2.mp3
downloaded	C:\Users\dhruv\Documents\06 Coding\MultiConAD\data\English\Delaware\Control\235-1.mp3
downloaded	C:\Users\dhruv\Documents\06 Coding\MultiConAD\data\English\Delaware\Control\235-2.mp3
downloaded	C:\Users\dhruv\Documents\06 Coding\MultiConAD\data\English\Delaware\Control\236-1.mp3
downloaded	C:\Users\dhruv\Documents\06 Coding\MultiConAD\data\English\Delaware\Control\236-2.mp3
downloaded	C:\Users\dhruv\Documents\06 Coding\MultiConAD\data\English\Delaware\Control\237-1.mp3
downloaded	C:\Users\dhruv\Documents\06 Coding\MultiConAD\data\English\Delaware\Control\239-1.mp3
downloaded	C:\Users\dhruv\Documents\06 Coding\MultiConAD\data\English\Delaware\Control\239-2.mp3
downloaded	C:\Users\dhruv\Documents\06 Coding\MultiConAD\data\English\Delaware\Control\24-1.mp3
downloaded	C:\Users\dhruv\Documents\06 Coding\MultiConAD\data\English\Delaware\Control\242-2.mp3
downloaded	C:\Users\dhruv\Documents\06 Coding\MultiConAD\data\English\Delaware\Control\243-1.mp3
downloaded	C:\Users\dhruv\Documents\06 Coding\MultiConAD\data\English\Delaware\Control\244-1.mp3
downloaded	C:\Users\dhruv\Documents\06 Coding\MultiConAD\data\English\Delaware\Control\244-2.mp3
downloaded	C:\Users\dhruv\Documents\06 Coding\MultiConAD\data\English\Delaware\Control\245-1.mp3
downloaded	C:\Users\dhruv\Documents\06 Coding\MultiConAD\data\English\Delaware\Control\246-1.mp3
downloaded	C:\Users\dhruv\Documents\06 Coding\MultiConAD\data\English\Delaware\Control\246-2.mp3
downloaded	C:\Users\dhruv\Documents\06 Coding\MultiConAD\data\English\Delaware\Control\247-1.mp3
downloaded	C:\Users\dhruv\Documents\06 Coding\MultiConAD\data\English\Delaware\Control\25-1.mp3
downloaded	C:\Users\dhruv\Documents\06 Coding\MultiConAD\data\English\Delaware\Control\25-2.mp3
downloaded	C:\Users\dhruv\Documents\06 Coding\MultiConAD\data\English\Delaware\Control\25-3.mp3
downloaded	C:\Users\dhruv\Documents\06 Coding\MultiConAD\data\English\Delaware\Control\250-1.mp3
downloaded	C:\Users\dhruv\Documents\06 Coding\MultiConAD\data\English\Delaware\Control\251-1.mp3
downloaded	C:\Users\dhruv\Documents\06 Coding\MultiConAD\data\English\Delaware\Control\251-2.mp3
downloaded	C:\Users\dhruv\Documents\06 Coding\MultiConAD\data\English\Delaware\Control\253-1.mp3
downloaded	C:\Users\dhruv\Documents\06 Coding\MultiConAD\data\English\Delaware\Control\254-2.mp3
downloaded	C:\Users\dhruv\Documents\06 Coding\MultiConAD\data\English\Delaware\Control\256-1.mp3
downloaded	C:\Users\dhruv\Documents\06 Coding\MultiConAD\data\English\Delaware\Control\256-2.mp3
downloaded	C:\Users\dhruv\Documents\06 Coding\MultiConAD\data\English\Delaware\Control\257-1.mp3
downloaded	C:\Users\dhruv\Documents\06 Coding\MultiConAD\data\English\Delaware\Control\257-2.mp3
downloaded	C:\Users\dhruv\Documents\06 Coding\MultiConAD\data\English\Delaware\Control\258-1.mp3
downloaded	C:\Users\dhruv\Documents\06 Coding\MultiConAD\data\English\Delaware\Control\258-2.mp3
downloaded	C:\Users\dhruv\Documents\06 Coding\MultiConAD\data\English\Delaware\Control\259-1.mp3
downloaded	C:\Users\dhruv\Documents\06 Coding\MultiConAD\data\English\Delaware\Control\259-2.mp3
downloaded	C:\Users\dhruv\Documents\06 Coding\MultiConAD\data\English\Delaware\Control\26-3.mp3
downloaded	C:\Users\dhruv\Documents\06 Coding\MultiConAD\data\English\Delaware\Control\260-1.mp3
downloaded	C:\Users\dhruv\Documents\06 Coding\MultiConAD\data\English\Delaware\Control\262-1.mp3
downloaded	C:\Users\dhruv\Documents\06 Coding\MultiConAD\data\English\Delaware\Control\262-2.mp3
downloaded	C:\Users\dhruv\Documents\06 Coding\MultiConAD\data\English\Delaware\Control\264-1.mp3
downloaded	C:\Users\dhruv\Documents\06 Coding\MultiConAD\data\English\Delaware\Control\264-2.mp3
downloaded	C:\Users\dhruv\Documents\06 Coding\MultiConAD\data\English\Delaware\Control\265-1.mp3
downloaded	C:\Users\dhruv\Documents\06 Coding\MultiConAD\data\English\Delaware\Control\265-2.mp3
downloaded	C:\Users\dhruv\Documents\06 Coding\MultiConAD\data\English\Delaware\Control\266-1.mp3
downloaded	C:\Users\dhruv\Documents\06 Coding\MultiConAD\data\English\Delaware\Control\266-2.mp3
downloaded	C:\Users\dhruv\Documents\06 Coding\MultiConAD\data\English\Delaware\Control\268-1.mp3
downloaded	C:\Users\dhruv\Documents\06 Coding\MultiConAD\data\English\Delaware\Control\269-1.mp3
downloaded	C:\Users\dhruv\Documents\06 Coding\MultiConAD\data\English\Delaware\Control\269-2.mp3
downloaded	C:\Users\dhruv\Documents\06 Coding\MultiConAD\data\English\Delaware\Control\270-1.mp3
downloaded	C:\Users\dhruv\Documents\06 Coding\MultiConAD\data\English\Delaware\Control\271-1.mp3
downloaded	C:\Users\dhruv\Documents\06 Coding\MultiConAD\data\English\Delaware\Control\274-1.mp3
downloaded	C:\Users\dhruv\Documents\06 Coding\MultiConAD\data\English\Delaware\Control\274-2.mp3
downloaded	C:\Users\dhruv\Documents\06 Coding\MultiConAD\data\English\Delaware\Control\276-1.mp3
downloaded	C:\Users\dhruv\Documents\06 Coding\MultiConAD\data\English\Delaware\Control\279-1.mp3
downloaded	C:\Users\dhruv\Documents\06 Coding\MultiConAD\data\English\Delaware\Control\279-2.mp3
downloaded	C:\Users\dhruv\Documents\06 Coding\MultiConAD\data\English\Delaware\Control\282-1.mp3
downloaded	C:\Users\dhruv\Documents\06 Coding\MultiConAD\data\English\Delaware\Control\283-1.mp3
downloaded	C:\Users\dhruv\Documents\06 Coding\MultiConAD\data\English\Delaware\Control\284-1.mp3
downloaded	C:\Users\dhruv\Documents\06 Coding\MultiConAD\data\English\Delaware\Control\285-1.mp3
downloaded	C:\Users\dhruv\Documents\06 Coding\MultiConAD\data\English\Delaware\Control\286-1.mp3
downloaded	C:\Users\dhruv\Documents\06 Coding\MultiConAD\data\English\Delaware\Control\286-2.mp3
downloaded	C:\Users\dhruv\Documents\06 Coding\MultiConAD\data\English\Delaware\Control\287-1.mp3
downloaded	C:\Users\dhruv\Documents\06 Coding\MultiConAD\data\English\Delaware\Control\288-1.mp3
downloaded	C:\Users\dhruv\Documents\06 Coding\MultiConAD\data\English\Delaware\Control\288_2.mp3
downloaded	C:\Users\dhruv\Documents\06 Coding\MultiConAD\data\English\Delaware\Control\29-1.mp3
downloaded	C:\Users\dhruv\Documents\06 Coding\MultiConAD\data\English\Delaware\Control\29-2.mp3
downloaded	C:\Users\dhruv\Documents\06 Coding\MultiConAD\data\English\Delaware\Control\290-1.mp3
downloaded	C:\Users\dhruv\Documents\06 Coding\MultiConAD\data\English\Delaware\Control\291-1.mp3
downloaded	C:\Users\dhruv\Documents\06 Coding\MultiConAD\data\English\Delaware\Control\292-1.mp3
downloaded	C:\Users\dhruv\Documents\06 Coding\MultiConAD\data\English\Delaware\Control\294-1.mp3
downloaded	C:\Users\dhruv\Documents\06 Coding\MultiConAD\data\English\Delaware\Control\296-1.mp3
downloaded	C:\Users\dhruv\Documents\06 Coding\MultiConAD\data\English\Delaware\Control\297-1.mp3
downloaded	C:\Users\dhruv\Documents\06 Coding\MultiConAD\data\English\Delaware\Control\298-1.mp3
downloaded	C:\Users\dhruv\Documents\06 Coding\MultiConAD\data\English\Delaware\Control\299-1.mp3
downloaded	C:\Users\dhruv\Documents\06 Coding\MultiConAD\data\English\Delaware\Control\30-1.mp3
downloaded	C:\Users\dhruv\Documents\06 Coding\MultiConAD\data\English\Delaware\Control\30-2.mp3
downloaded	C:\Users\dhruv\Documents\06 Coding\MultiConAD\data\English\Delaware\Control\30-3.mp3
downloaded	C:\Users\dhruv\Documents\06 Coding\MultiConAD\data\English\Delaware\Control\303-1.mp3
downloaded	C:\Users\dhruv\Documents\06 Coding\MultiConAD\data\English\Delaware\Control\306-1.mp3
downloaded	C:\Users\dhruv\Documents\06 Coding\MultiConAD\data\English\Delaware\Control\309-1.mp3
downloaded	C:\Users\dhruv\Documents\06 Coding\MultiConAD\data\English\Delaware\Control\310-1.mp3
downloaded	C:\Users\dhruv\Documents\06 Coding\MultiConAD\data\English\Delaware\Control\317-1.mp3
downloaded	C:\Users\dhruv\Documents\06 Coding\MultiConAD\data\English\Delaware\Control\319-1.mp3
downloaded	C:\Users\dhruv\Documents\06 Coding\MultiConAD\data\English\Delaware\Control\32-2.mp3
downloaded	C:\Users\dhruv\Documents\06 Coding\MultiConAD\data\English\Delaware\Control\323-1.mp3
downloaded	C:\Users\dhruv\Documents\06 Coding\MultiConAD\data\English\Delaware\Control\324-1.mp3
downloaded	C:\Users\dhruv\Documents\06 Coding\MultiConAD\data\English\Delaware\Control\325-1.mp3
downloaded	C:\Users\dhruv\Documents\06 Coding\MultiConAD\data\English\Delaware\Control\326-1.mp3
downloaded	C:\Users\dhruv\Documents\06 Coding\MultiConAD\data\English\Delaware\Control\330-1.mp3
downloaded	C:\Users\dhruv\Documents\06 Coding\MultiConAD\data\English\Delaware\Control\333-1.mp3
downloaded	C:\Users\dhruv\Documents\06 Coding\MultiConAD\data\English\Delaware\Control\335-1.mp3
downloaded	C:\Users\dhruv\Documents\06 Coding\MultiConAD\data\English\Delaware\Control\336-1.mp3
downloaded	C:\Users\dhruv\Documents\06 Coding\MultiConAD\data\English\Delaware\Control\339-1.mp3
downloaded	C:\Users\dhruv\Documents\06 Coding\MultiConAD\data\English\Delaware\Control\34-3.mp3
downloaded	C:\Users\dhruv\Documents\06 Coding\MultiConAD\data\English\Delaware\Control\342-1.mp3
downloaded	C:\Users\dhruv\Documents\06 Coding\MultiConAD\data\English\Delaware\Control\343-1.mp3
downloaded	C:\Users\dhruv\Documents\06 Coding\MultiConAD\data\English\Delaware\Control\344-1.mp3
downloaded	C:\Users\dhruv\Documents\06 Coding\MultiConAD\data\English\Delaware\Control\348-1.mp3
downloaded	C:\Users\dhruv\Documents\06 Coding\MultiConAD\data\English\Delaware\Control\349-1.mp3
downloaded	C:\Users\dhruv\Documents\06 Coding\MultiConAD\data\English\Delaware\Control\35-1.mp3
downloaded	C:\Users\dhruv\Documents\06 Coding\MultiConAD\data\English\Delaware\Control\350-1.mp3
downloaded	C:\Users\dhruv\Documents\06 Coding\MultiConAD\data\English\Delaware\Control\352-1.mp3
downloaded	C:\Users\dhruv\Documents\06 Coding\MultiConAD\data\English\Delaware\Control\353-1.mp3
downloaded	C:\Users\dhruv\Documents\06 Coding\MultiConAD\data\English\Delaware\Control\354-1.mp3
downloaded	C:\Users\dhruv\Documents\06 Coding\MultiConAD\data\English\Delaware\Control\356-1.mp3
downloaded	C:\Users\dhruv\Documents\06 Coding\MultiConAD\data\English\Delaware\Control\357-1.mp3
downloaded	C:\Users\dhruv\Documents\06 Coding\MultiConAD\data\English\Delaware\Control\36-1.mp3
downloaded	C:\Users\dhruv\Documents\06 Coding\MultiConAD\data\English\Delaware\Control\36-2.mp3
downloaded	C:\Users\dhruv\Documents\06 Coding\MultiConAD\data\English\Delaware\Control\360-1.mp3
downloaded	C:\Users\dhruv\Documents\06 Coding\MultiConAD\data\English\Delaware\Control\361-1.mp3
downloaded	C:\Users\dhruv\Documents\06 Coding\MultiConAD\data\English\Delaware\Control\363-1.mp3
downloaded	C:\Users\dhruv\Documents\06 Coding\MultiConAD\data\English\Delaware\Control\364-1.mp3
downloaded	C:\Users\dhruv\Documents\06 Coding\MultiConAD\data\English\Delaware\Control\365-1.mp3
downloaded	C:\Users\dhruv\Documents\06 Coding\MultiConAD\data\English\Delaware\Control\367-1.mp3
downloaded	C:\Users\dhruv\Documents\06 Coding\MultiConAD\data\English\Delaware\Control\369-1.mp3
downloaded	C:\Users\dhruv\Documents\06 Coding\MultiConAD\data\English\Delaware\Control\37-1.mp3
downloaded	C:\Users\dhruv\Documents\06 Coding\MultiConAD\data\English\Delaware\Control\37-2.mp3
downloaded	C:\Users\dhruv\Documents\06 Coding\MultiConAD\data\English\Delaware\Control\372-1.mp3
downloaded	C:\Users\dhruv\Documents\06 Coding\MultiConAD\data\English\Delaware\Control\373-1.mp3
downloaded	C:\Users\dhruv\Documents\06 Coding\MultiConAD\data\English\Delaware\Control\374-1.mp3
downloaded	C:\Users\dhruv\Documents\06 Coding\MultiConAD\data\English\Delaware\Control\377-1.mp3
downloaded	C:\Users\dhruv\Documents\06 Coding\MultiConAD\data\English\Delaware\Control\378-1.mp3
downloaded	C:\Users\dhruv\Documents\06 Coding\MultiConAD\data\English\Delaware\Control\379-1.mp3
downloaded	C:\Users\dhruv\Documents\06 Coding\MultiConAD\data\English\Delaware\Control\38-1.mp3
downloaded	C:\Users\dhruv\Documents\06 Coding\MultiConAD\data\English\Delaware\Control\381-1.mp3
downloaded	C:\Users\dhruv\Documents\06 Coding\MultiConAD\data\English\Delaware\Control\382-1.mp3
downloaded	C:\Users\dhruv\Documents\06 Coding\MultiConAD\data\English\Delaware\Control\383-1.mp3
downloaded	C:\Users\dhruv\Documents\06 Coding\MultiConAD\data\English\Delaware\Control\385-1.mp3
downloaded	C:\Users\dhruv\Documents\06 Coding\MultiConAD\data\English\Delaware\Control\386-1.mp3
downloaded	C:\Users\dhruv\Documents\06 Coding\MultiConAD\data\English\Delaware\Control\387-1.mp3
downloaded	C:\Users\dhruv\Documents\06 Coding\MultiConAD\data\English\Delaware\Control\389-1.mp3
downloaded	C:\Users\dhruv\Documents\06 Coding\MultiConAD\data\English\Delaware\Control\39-1.mp3
downloaded	C:\Users\dhruv\Documents\06 Coding\MultiConAD\data\English\Delaware\Control\39-2.mp3
downloaded	C:\Users\dhruv\Documents\06 Coding\MultiConAD\data\English\Delaware\Control\39-3.mp3
downloaded	C:\Users\dhruv\Documents\06 Coding\MultiConAD\data\English\Delaware\Control\391-1.mp3
downloaded	C:\Users\dhruv\Documents\06 Coding\MultiConAD\data\English\Delaware\Control\393-1.mp3
downloaded	C:\Users\dhruv\Documents\06 Coding\MultiConAD\data\English\Delaware\Control\395-1.mp3
downloaded	C:\Users\dhruv\Documents\06 Coding\MultiConAD\data\English\Delaware\Control\398-1.mp3
downloaded	C:\Users\dhruv\Documents\06 Coding\MultiConAD\data\English\Delaware\Control\399-1.mp3
downloaded	C:\Users\dhruv\Documents\06 Coding\MultiConAD\data\English\Delaware\Control\400-1.mp3
downloaded	C:\Users\dhruv\Documents\06 Coding\MultiConAD\data\English\Delaware\Control\402-1.mp3
downloaded	C:\Users\dhruv\Documents\06 Coding\MultiConAD\data\English\Delaware\Control\403-1.mp3
downloaded	C:\Users\dhruv\Documents\06 Coding\MultiConAD\data\English\Delaware\Control\405-1.mp3
downloaded	C:\Users\dhruv\Documents\06 Coding\MultiConAD\data\English\Delaware\Control\406-1.mp3
downloaded	C:\Users\dhruv\Documents\06 Coding\MultiConAD\data\English\Delaware\Control\408-1.mp3
downloaded	C:\Users\dhruv\Documents\06 Coding\MultiConAD\data\English\Delaware\Control\411_1.mp3
downloaded	C:\Users\dhruv\Documents\06 Coding\MultiConAD\data\English\Delaware\Control\42-1.mp3
downloaded	C:\Users\dhruv\Documents\06 Coding\MultiConAD\data\English\Delaware\Control\42-2.mp3
downloaded	C:\Users\dhruv\Documents\06 Coding\MultiConAD\data\English\Delaware\Control\43-2.mp3
downloaded	C:\Users\dhruv\Documents\06 Coding\MultiConAD\data\English\Delaware\Control\44-1.mp3
downloaded	C:\Users\dhruv\Documents\06 Coding\MultiConAD\data\English\Delaware\Control\44-2.mp3
downloaded	C:\Users\dhruv\Documents\06 Coding\MultiConAD\data\English\Delaware\Control\44-3.mp3
downloaded	C:\Users\dhruv\Documents\06 Coding\MultiConAD\data\English\Delaware\Control\45-1.mp3
downloaded	C:\Users\dhruv\Documents\06 Coding\MultiConAD\data\English\Delaware\Control\45-2.mp3
downloaded	C:\Users\dhruv\Documents\06 Coding\MultiConAD\data\English\Delaware\Control\45-3.mp3
downloaded	C:\Users\dhruv\Documents\06 Coding\MultiConAD\data\English\Delaware\Control\46-1.mp3
downloaded	C:\Users\dhruv\Documents\06 Coding\MultiConAD\data\English\Delaware\Control\48-1.mp3
downloaded	C:\Users\dhruv\Documents\06 Coding\MultiConAD\data\English\Delaware\Control\48-2.mp3
downloaded	C:\Users\dhruv\Documents\06 Coding\MultiConAD\data\English\Delaware\Control\48-3.mp3
downloaded	C:\Users\dhruv\Documents\06 Coding\MultiConAD\data\English\Delaware\Control\49-2.mp3
downloaded	C:\Users\dhruv\Documents\06 Coding\MultiConAD\data\English\Delaware\Control\53-3.mp3
downloaded	C:\Users\dhruv\Documents\06 Coding\MultiConAD\data\English\Delaware\Control\60-1.mp3
downloaded	C:\Users\dhruv\Documents\06 Coding\MultiConAD\data\English\Delaware\Control\60-2.mp3
downloaded	C:\Users\dhruv\Documents\06 Coding\MultiConAD\data\English\Delaware\Control\62-1.mp3
downloaded	C:\Users\dhruv\Documents\06 Coding\MultiConAD\data\English\Delaware\Control\65-1.mp3
downloaded	C:\Users\dhruv\Documents\06 Coding\MultiConAD\data\English\Delaware\Control\65-2.mp3
downloaded	C:\Users\dhruv\Documents\06 Coding\MultiConAD\data\English\Delaware\Control\65-3.mp3
downloaded	C:\Users\dhruv\Documents\06 Coding\MultiConAD\data\English\Delaware\Control\67-1.mp3
downloaded	C:\Users\dhruv\Documents\06 Coding\MultiConAD\data\English\Delaware\Control\70-1.mp3
downloaded	C:\Users\dhruv\Documents\06 Coding\MultiConAD\data\English\Delaware\Control\77-1.mp3
downloaded	C:\Users\dhruv\Documents\06 Coding\MultiConAD\data\English\Delaware\Control\77-2.mp3
downloaded	C:\Users\dhruv\Documents\06 Coding\MultiConAD\data\English\Delaware\Control\77-3.mp3
downloaded	C:\Users\dhruv\Documents\06 Coding\MultiConAD\data\English\Delaware\Control\81-1.mp3
downloaded	C:\Users\dhruv\Documents\06 Coding\MultiConAD\data\English\Delaware\Control\83-1.mp3
downloaded	C:\Users\dhruv\Documents\06 Coding\MultiConAD\data\English\Delaware\Control\83-2.mp3
downloaded	C:\Users\dhruv\Documents\06 Coding\MultiConAD\data\English\Delaware\Control\83-3.mp3
downloaded	C:\Users\dhruv\Documents\06 Coding\MultiConAD\data\English\Delaware\Control\84-1.mp3
downloaded	C:\Users\dhruv\Documents\06 Coding\MultiConAD\data\English\Delaware\Control\84-2.mp3
downloaded	C:\Users\dhruv\Documents\06 Coding\MultiConAD\data\English\Delaware\Control\86-1.mp3
downloaded	C:\Users\dhruv\Documents\06 Coding\MultiConAD\data\English\Delaware\Control\86-2.mp3
downloaded	C:\Users\dhruv\Documents\06 Coding\MultiConAD\data\English\Delaware\Control\86-3.mp3
downloaded	C:\Users\dhruv\Documents\06 Coding\MultiConAD\data\English\Delaware\Control\87-1.mp3
downloaded	C:\Users\dhruv\Documents\06 Coding\MultiConAD\data\English\Delaware\Control\87-2.mp3
downloaded	C:\Users\dhruv\Documents\06 Coding\MultiConAD\data\English\Delaware\Control\90-1.mp3
downloaded	C:\Users\dhruv\Documents\06 Coding\MultiConAD\data\English\Delaware\Control\91-2.mp3
downloaded	C:\Users\dhruv\Documents\06 Coding\MultiConAD\data\English\Delaware\Control\91-3.mp3
downloaded	C:\Users\dhruv\Documents\06 Coding\MultiConAD\data\English\Delaware\Control\92-1.mp3
downloaded	C:\Users\dhruv\Documents\06 Coding\MultiConAD\data\English\Delaware\Control\92-2.mp3
downloaded	C:\Users\dhruv\Documents\06 Coding\MultiConAD\data\English\Delaware\Control\92-3.mp3
downloaded	C:\Users\dhruv\Documents\06 Coding\MultiConAD\data\English\Delaware\Control\93-1.mp3
downloaded	C:\Users\dhruv\Documents\06 Coding\MultiConAD\data\English\Delaware\Control\93-2.mp3
downloaded	C:\Users\dhruv\Documents\06 Coding\MultiConAD\data\English\Delaware\Control\94-1.mp3
downloaded	C:\Users\dhruv\Documents\06 Coding\MultiConAD\data\English\Delaware\Control\96-1.mp3
downloaded	C:\Users\dhruv\Documents\06 Coding\MultiConAD\data\English\Delaware\Control\96-2.mp3
downloaded	C:\Users\dhruv\Documents\06 Coding\MultiConAD\data\English\Delaware\Control\96-3.mp3
downloaded	C:\Users\dhruv\Documents\06 Coding\MultiConAD\data\English\Delaware\Control\97-1.mp3
downloaded	C:\Users\dhruv\Documents\06 Coding\MultiConAD\data\English\Delaware\Control\98-1.mp3
downloaded	C:\Users\dhruv\Documents\06 Coding\MultiConAD\data\English\Delaware\Control\99-1.mp3
downloaded	C:\Users\dhruv\Documents\06 Coding\MultiConAD\data\English\Delaware\Control\99-2.mp3
downloaded	C:\Users\dhruv\Documents\06 Coding\MultiConAD\data\English\Delaware\MCI\01-1.mp3
downloaded	C:\Users\dhruv\Documents\06 Coding\MultiConAD\data\English\Delaware\MCI\06-1.mp3
downloaded	C:\Users\dhruv\Documents\06 Coding\MultiConAD\data\English\Delaware\MCI\06-2.mp3
downloaded	C:\Users\dhruv\Documents\06 Coding\MultiConAD\data\English\Delaware\MCI\09-1.mp3
downloaded	C:\Users\dhruv\Documents\06 Coding\MultiConAD\data\English\Delaware\MCI\09-2.mp3
downloaded	C:\Users\dhruv\Documents\06 Coding\MultiConAD\data\English\Delaware\MCI\10-1.mp3
downloaded	C:\Users\dhruv\Documents\06 Coding\MultiConAD\data\English\Delaware\MCI\101-2.mp3
downloaded	C:\Users\dhruv\Documents\06 Coding\MultiConAD\data\English\Delaware\MCI\11-1.mp3
downloaded	C:\Users\dhruv\Documents\06 Coding\MultiConAD\data\English\Delaware\MCI\13-3.mp3
downloaded	C:\Users\dhruv\Documents\06 Coding\MultiConAD\data\English\Delaware\MCI\14-1.mp3
downloaded	C:\Users\dhruv\Documents\06 Coding\MultiConAD\data\English\Delaware\MCI\14-2.mp3
downloaded	C:\Users\dhruv\Documents\06 Coding\MultiConAD\data\English\Delaware\MCI\14-3.mp3
downloaded	C:\Users\dhruv\Documents\06 Coding\MultiConAD\data\English\Delaware\MCI\15-1.mp3
downloaded	C:\Users\dhruv\Documents\06 Coding\MultiConAD\data\English\Delaware\MCI\15-2.mp3
downloaded	C:\Users\dhruv\Documents\06 Coding\MultiConAD\data\English\Delaware\MCI\16-1.mp3
downloaded	C:\Users\dhruv\Documents\06 Coding\MultiConAD\data\English\Delaware\MCI\16-2.mp3
downloaded	C:\Users\dhruv\Documents\06 Coding\MultiConAD\data\English\Delaware\MCI\17-1.mp3
downloaded	C:\Users\dhruv\Documents\06 Coding\MultiConAD\data\English\Delaware\MCI\18-1.mp3
downloaded	C:\Users\dhruv\Documents\06 Coding\MultiConAD\data\English\Delaware\MCI\19-1.mp3
downloaded	C:\Users\dhruv\Documents\06 Coding\MultiConAD\data\English\Delaware\MCI\19-2.mp3
downloaded	C:\Users\dhruv\Documents\06 Coding\MultiConAD\data\English\Delaware\MCI\20-1.mp3
downloaded	C:\Users\dhruv\Documents\06 Coding\MultiConAD\data\English\Delaware\MCI\20-2.mp3
downloaded	C:\Users\dhruv\Documents\06 Coding\MultiConAD\data\English\Delaware\MCI\207-1.mp3
downloaded	C:\Users\dhruv\Documents\06 Coding\MultiConAD\data\English\Delaware\MCI\21-1.mp3
downloaded	C:\Users\dhruv\Documents\06 Coding\MultiConAD\data\English\Delaware\MCI\210-1.mp3
downloaded	C:\Users\dhruv\Documents\06 Coding\MultiConAD\data\English\Delaware\MCI\211-1.mp3
downloaded	C:\Users\dhruv\Documents\06 Coding\MultiConAD\data\English\Delaware\MCI\216-1.mp3
downloaded	C:\Users\dhruv\Documents\06 Coding\MultiConAD\data\English\Delaware\MCI\22-1.mp3
downloaded	C:\Users\dhruv\Documents\06 Coding\MultiConAD\data\English\Delaware\MCI\22-2.mp3
downloaded	C:\Users\dhruv\Documents\06 Coding\MultiConAD\data\English\Delaware\MCI\222-1.mp3
downloaded	C:\Users\dhruv\Documents\06 Coding\MultiConAD\data\English\Delaware\MCI\223-1.mp3
downloaded	C:\Users\dhruv\Documents\06 Coding\MultiConAD\data\English\Delaware\MCI\223-2.mp3
downloaded	C:\Users\dhruv\Documents\06 Coding\MultiConAD\data\English\Delaware\MCI\23-1.mp3
downloaded	C:\Users\dhruv\Documents\06 Coding\MultiConAD\data\English\Delaware\MCI\23-2.mp3
downloaded	C:\Users\dhruv\Documents\06 Coding\MultiConAD\data\English\Delaware\MCI\23-3.mp3
downloaded	C:\Users\dhruv\Documents\06 Coding\MultiConAD\data\English\Delaware\MCI\231-1.mp3
downloaded	C:\Users\dhruv\Documents\06 Coding\MultiConAD\data\English\Delaware\MCI\232-1.mp3
downloaded	C:\Users\dhruv\Documents\06 Coding\MultiConAD\data\English\Delaware\MCI\233-1.mp3
downloaded	C:\Users\dhruv\Documents\06 Coding\MultiConAD\data\English\Delaware\MCI\233-2.mp3
downloaded	C:\Users\dhruv\Documents\06 Coding\MultiConAD\data\English\Delaware\MCI\238-1.mp3
downloaded	C:\Users\dhruv\Documents\06 Coding\MultiConAD\data\English\Delaware\MCI\242-1.mp3
downloaded	C:\Users\dhruv\Documents\06 Coding\MultiConAD\data\English\Delaware\MCI\248-1.mp3
downloaded	C:\Users\dhruv\Documents\06 Coding\MultiConAD\data\English\Delaware\MCI\252-1.mp3
downloaded	C:\Users\dhruv\Documents\06 Coding\MultiConAD\data\English\Delaware\MCI\252-2.mp3
downloaded	C:\Users\dhruv\Documents\06 Coding\MultiConAD\data\English\Delaware\MCI\254-1.mp3
downloaded	C:\Users\dhruv\Documents\06 Coding\MultiConAD\data\English\Delaware\MCI\255-1.mp3
downloaded	C:\Users\dhruv\Documents\06 Coding\MultiConAD\data\English\Delaware\MCI\255-2.mp3
downloaded	C:\Users\dhruv\Documents\06 Coding\MultiConAD\data\English\Delaware\MCI\26-1.mp3
downloaded	C:\Users\dhruv\Documents\06 Coding\MultiConAD\data\English\Delaware\MCI\26-2.mp3
downloaded	C:\Users\dhruv\Documents\06 Coding\MultiConAD\data\English\Delaware\MCI\261-1.mp3
downloaded	C:\Users\dhruv\Documents\06 Coding\MultiConAD\data\English\Delaware\MCI\267-1.mp3
downloaded	C:\Users\dhruv\Documents\06 Coding\MultiConAD\data\English\Delaware\MCI\267-2.mp3
downloaded	C:\Users\dhruv\Documents\06 Coding\MultiConAD\data\English\Delaware\MCI\27-1.mp3
downloaded	C:\Users\dhruv\Documents\06 Coding\MultiConAD\data\English\Delaware\MCI\272-1.mp3
downloaded	C:\Users\dhruv\Documents\06 Coding\MultiConAD\data\English\Delaware\MCI\275-1.mp3
downloaded	C:\Users\dhruv\Documents\06 Coding\MultiConAD\data\English\Delaware\MCI\277-1.mp3
downloaded	C:\Users\dhruv\Documents\06 Coding\MultiConAD\data\English\Delaware\MCI\278-1.mp3
downloaded	C:\Users\dhruv\Documents\06 Coding\MultiConAD\data\English\Delaware\MCI\28-1.mp3
downloaded	C:\Users\dhruv\Documents\06 Coding\MultiConAD\data\English\Delaware\MCI\28-2.mp3
downloaded	C:\Users\dhruv\Documents\06 Coding\MultiConAD\data\English\Delaware\MCI\28-3.mp3
downloaded	C:\Users\dhruv\Documents\06 Coding\MultiConAD\data\English\Delaware\MCI\280-1.mp3
downloaded	C:\Users\dhruv\Documents\06 Coding\MultiConAD\data\English\Delaware\MCI\280-2.mp3
downloaded	C:\Users\dhruv\Documents\06 Coding\MultiConAD\data\English\Delaware\MCI\281-1.mp3
downloaded	C:\Users\dhruv\Documents\06 Coding\MultiConAD\data\English\Delaware\MCI\281-2.mp3
downloaded	C:\Users\dhruv\Documents\06 Coding\MultiConAD\data\English\Delaware\MCI\283_2.mp3
downloaded	C:\Users\dhruv\Documents\06 Coding\MultiConAD\data\English\Delaware\MCI\284-2.mp3
downloaded	C:\Users\dhruv\Documents\06 Coding\MultiConAD\data\English\Delaware\MCI\289-1.mp3
downloaded	C:\Users\dhruv\Documents\06 Coding\MultiConAD\data\English\Delaware\MCI\293-1.mp3
downloaded	C:\Users\dhruv\Documents\06 Coding\MultiConAD\data\English\Delaware\MCI\295-1.mp3
downloaded	C:\Users\dhruv\Documents\06 Coding\MultiConAD\data\English\Delaware\MCI\300-1.mp3
downloaded	C:\Users\dhruv\Documents\06 Coding\MultiConAD\data\English\Delaware\MCI\301-1.mp3
downloaded	C:\Users\dhruv\Documents\06 Coding\MultiConAD\data\English\Delaware\MCI\302-1.mp3
downloaded	C:\Users\dhruv\Documents\06 Coding\MultiConAD\data\English\Delaware\MCI\304-1.mp3
downloaded	C:\Users\dhruv\Documents\06 Coding\MultiConAD\data\English\Delaware\MCI\305-1.mp3
downloaded	C:\Users\dhruv\Documents\06 Coding\MultiConAD\data\English\Delaware\MCI\307-1.mp3
downloaded	C:\Users\dhruv\Documents\06 Coding\MultiConAD\data\English\Delaware\MCI\308-1.mp3
downloaded	C:\Users\dhruv\Documents\06 Coding\MultiConAD\data\English\Delaware\MCI\31-1.mp3
downloaded	C:\Users\dhruv\Documents\06 Coding\MultiConAD\data\English\Delaware\MCI\312-1.mp3
downloaded	C:\Users\dhruv\Documents\06 Coding\MultiConAD\data\English\Delaware\MCI\313-1.mp3
downloaded	C:\Users\dhruv\Documents\06 Coding\MultiConAD\data\English\Delaware\MCI\316-1.mp3
downloaded	C:\Users\dhruv\Documents\06 Coding\MultiConAD\data\English\Delaware\MCI\32-1.mp3
downloaded	C:\Users\dhruv\Documents\06 Coding\MultiConAD\data\English\Delaware\MCI\320-1.mp3
downloaded	C:\Users\dhruv\Documents\06 Coding\MultiConAD\data\English\Delaware\MCI\321-1.mp3
downloaded	C:\Users\dhruv\Documents\06 Coding\MultiConAD\data\English\Delaware\MCI\322-1.mp3
downloaded	C:\Users\dhruv\Documents\06 Coding\MultiConAD\data\English\Delaware\MCI\327-1.mp3
downloaded	C:\Users\dhruv\Documents\06 Coding\MultiConAD\data\English\Delaware\MCI\328-1.mp3
downloaded	C:\Users\dhruv\Documents\06 Coding\MultiConAD\data\English\Delaware\MCI\329-1.mp3
downloaded	C:\Users\dhruv\Documents\06 Coding\MultiConAD\data\English\Delaware\MCI\33-1.mp3
downloaded	C:\Users\dhruv\Documents\06 Coding\MultiConAD\data\English\Delaware\MCI\334-1.mp3
downloaded	C:\Users\dhruv\Documents\06 Coding\MultiConAD\data\English\Delaware\MCI\337-1.mp3
downloaded	C:\Users\dhruv\Documents\06 Coding\MultiConAD\data\English\Delaware\MCI\338-1.mp3
downloaded	C:\Users\dhruv\Documents\06 Coding\MultiConAD\data\English\Delaware\MCI\34-1.mp3
downloaded	C:\Users\dhruv\Documents\06 Coding\MultiConAD\data\English\Delaware\MCI\34-2.mp3
downloaded	C:\Users\dhruv\Documents\06 Coding\MultiConAD\data\English\Delaware\MCI\340-1.mp3
downloaded	C:\Users\dhruv\Documents\06 Coding\MultiConAD\data\English\Delaware\MCI\341-1.mp3
downloaded	C:\Users\dhruv\Documents\06 Coding\MultiConAD\data\English\Delaware\MCI\345-1.mp3
downloaded	C:\Users\dhruv\Documents\06 Coding\MultiConAD\data\English\Delaware\MCI\346-1.mp3
downloaded	C:\Users\dhruv\Documents\06 Coding\MultiConAD\data\English\Delaware\MCI\347-1.mp3
downloaded	C:\Users\dhruv\Documents\06 Coding\MultiConAD\data\English\Delaware\MCI\351-1.mp3
downloaded	C:\Users\dhruv\Documents\06 Coding\MultiConAD\data\English\Delaware\MCI\358-1.mp3
downloaded	C:\Users\dhruv\Documents\06 Coding\MultiConAD\data\English\Delaware\MCI\359-1.mp3
downloaded	C:\Users\dhruv\Documents\06 Coding\MultiConAD\data\English\Delaware\MCI\362-1.mp3
downloaded	C:\Users\dhruv\Documents\06 Coding\MultiConAD\data\English\Delaware\MCI\366-1.mp3
downloaded	C:\Users\dhruv\Documents\06 Coding\MultiConAD\data\English\Delaware\MCI\368-1.mp3
downloaded	C:\Users\dhruv\Documents\06 Coding\MultiConAD\data\English\Delaware\MCI\371-1.mp3
downloaded	C:\Users\dhruv\Documents\06 Coding\MultiConAD\data\English\Delaware\MCI\375-1.mp3
downloaded	C:\Users\dhruv\Documents\06 Coding\MultiConAD\data\English\Delaware\MCI\380-1.mp3
downloaded	C:\Users\dhruv\Documents\06 Coding\MultiConAD\data\English\Delaware\MCI\384-1.mp3
downloaded	C:\Users\dhruv\Documents\06 Coding\MultiConAD\data\English\Delaware\MCI\388-1.mp3
downloaded	C:\Users\dhruv\Documents\06 Coding\MultiConAD\data\English\Delaware\MCI\390-1.mp3
downloaded	C:\Users\dhruv\Documents\06 Coding\MultiConAD\data\English\Delaware\MCI\394-1.mp3
downloaded	C:\Users\dhruv\Documents\06 Coding\MultiConAD\data\English\Delaware\MCI\396-1.mp3
downloaded	C:\Users\dhruv\Documents\06 Coding\MultiConAD\data\English\Delaware\MCI\40-1.mp3
downloaded	C:\Users\dhruv\Documents\06 Coding\MultiConAD\data\English\Delaware\MCI\40-2.mp3
downloaded	C:\Users\dhruv\Documents\06 Coding\MultiConAD\data\English\Delaware\MCI\401-1.mp3
downloaded	C:\Users\dhruv\Documents\06 Coding\MultiConAD\data\English\Delaware\MCI\404-1.mp3
downloaded	C:\Users\dhruv\Documents\06 Coding\MultiConAD\data\English\Delaware\MCI\407-1.mp3
downloaded	C:\Users\dhruv\Documents\06 Coding\MultiConAD\data\English\Delaware\MCI\409-1.mp3
downloaded	C:\Users\dhruv\Documents\06 Coding\MultiConAD\data\English\Delaware\MCI\411_1.mp3
downloaded	C:\Users\dhruv\Documents\06 Coding\MultiConAD\data\English\Delaware\MCI\43-1.mp3
downloaded	C:\Users\dhruv\Documents\06 Coding\MultiConAD\data\English\Delaware\MCI\47-1.mp3
downloaded	C:\Users\dhruv\Documents\06 Coding\MultiConAD\data\English\Delaware\MCI\49-1.mp3
downloaded	C:\Users\dhruv\Documents\06 Coding\MultiConAD\data\English\Delaware\MCI\50-1.mp3
downloaded	C:\Users\dhruv\Documents\06 Coding\MultiConAD\data\English\Delaware\MCI\52-1.mp3
downloaded	C:\Users\dhruv\Documents\06 Coding\MultiConAD\data\English\Delaware\MCI\53-1.mp3
downloaded	C:\Users\dhruv\Documents\06 Coding\MultiConAD\data\English\Delaware\MCI\53-2.mp3
downloaded	C:\Users\dhruv\Documents\06 Coding\MultiConAD\data\English\Delaware\MCI\54-1.mp3
downloaded	C:\Users\dhruv\Documents\06 Coding\MultiConAD\data\English\Delaware\MCI\55-1.mp3
downloaded	C:\Users\dhruv\Documents\06 Coding\MultiConAD\data\English\Delaware\MCI\57-1.mp3
downloaded	C:\Users\dhruv\Documents\06 Coding\MultiConAD\data\English\Delaware\MCI\57-2.mp3
downloaded	C:\Users\dhruv\Documents\06 Coding\MultiConAD\data\English\Delaware\MCI\58-1.mp3
downloaded	C:\Users\dhruv\Documents\06 Coding\MultiConAD\data\English\Delaware\MCI\59-1.mp3
downloaded	C:\Users\dhruv\Documents\06 Coding\MultiConAD\data\English\Delaware\MCI\61-1.mp3
downloaded	C:\Users\dhruv\Documents\06 Coding\MultiConAD\data\English\Delaware\MCI\63-1.mp3
downloaded	C:\Users\dhruv\Documents\06 Coding\MultiConAD\data\English\Delaware\MCI\63-2.mp3
downloaded	C:\Users\dhruv\Documents\06 Coding\MultiConAD\data\English\Delaware\MCI\63-3.mp3
downloaded	C:\Users\dhruv\Documents\06 Coding\MultiConAD\data\English\Delaware\MCI\64-1.mp3
downloaded	C:\Users\dhruv\Documents\06 Coding\MultiConAD\data\English\Delaware\MCI\64-2.mp3
downloaded	C:\Users\dhruv\Documents\06 Coding\MultiConAD\data\English\Delaware\MCI\64-3.mp3
downloaded	C:\Users\dhruv\Documents\06 Coding\MultiConAD\data\English\Delaware\MCI\66-1.mp3
downloaded	C:\Users\dhruv\Documents\06 Coding\MultiConAD\data\English\Delaware\MCI\68-1.mp3
downloaded	C:\Users\dhruv\Documents\06 Coding\MultiConAD\data\English\Delaware\MCI\68-2.mp3
downloaded	C:\Users\dhruv\Documents\06 Coding\MultiConAD\data\English\Delaware\MCI\68-3.mp3
downloaded	C:\Users\dhruv\Documents\06 Coding\MultiConAD\data\English\Delaware\MCI\69-1.mp3
downloaded	C:\Users\dhruv\Documents\06 Coding\MultiConAD\data\English\Delaware\MCI\71-1.mp3
downloaded	C:\Users\dhruv\Documents\06 Coding\MultiConAD\data\English\Delaware\MCI\71-2.mp3
downloaded	C:\Users\dhruv\Documents\06 Coding\MultiConAD\data\English\Delaware\MCI\71-3.mp3
downloaded	C:\Users\dhruv\Documents\06 Coding\MultiConAD\data\English\Delaware\MCI\74-1.mp3
downloaded	C:\Users\dhruv\Documents\06 Coding\MultiConAD\data\English\Delaware\MCI\75-1.mp3
downloaded	C:\Users\dhruv\Documents\06 Coding\MultiConAD\data\English\Delaware\MCI\75-2.mp3
downloaded	C:\Users\dhruv\Documents\06 Coding\MultiConAD\data\English\Delaware\MCI\78-1.mp3
downloaded	C:\Users\dhruv\Documents\06 Coding\MultiConAD\data\English\Delaware\MCI\79-1.mp3
downloaded	C:\Users\dhruv\Documents\06 Coding\MultiConAD\data\English\Delaware\MCI\88-1.mp3
downloaded	C:\Users\dhruv\Documents\06 Coding\MultiConAD\data\English\Delaware\MCI\91-1.mp3
downloaded	C:\Users\dhruv\Documents\06 Coding\MultiConAD\data\English\Delaware\MCI\95-1.mp3
downloaded	C:\Users\dhruv\Documents\06 Coding\MultiConAD\data\English\Delaware\MCI\95-2.mp3
