[2026-05-09 12:36:48] e5_seed44_translated_combined_multiclass_spa: method=e5 seed=44 training=multi translated=yes task=multiclass test=spa train=3573 test=76
[2026-05-09 12:36:48] Encoding 3573 texts for seed44_multi_multiclass_yes_spa_train.npy
[2026-05-09 12:37:48] Encoding 76 texts for seed44_multi_multiclass_yes_spa_test.npy
[2026-05-09 12:37:50] e5_seed44_translated_combined_multiclass_spa: fitting DT
[2026-05-09 12:38:51] e5_seed44_translated_combined_multiclass_spa: DT accuracy=0.5132 params={'max_depth': 10}
[2026-05-09 12:38:51] e5_seed44_translated_combined_multiclass_spa: fitting RF
[2026-05-09 12:41:48] e5_seed44_translated_combined_multiclass_spa: RF accuracy=0.4737 params={'n_estimators': 100}
[2026-05-09 12:41:48] e5_seed44_translated_combined_multiclass_spa: fitting SVM
[2026-05-09 12:47:45] e5_seed44_translated_combined_multiclass_spa: SVM accuracy=0.2763 params={'C': 1, 'kernel': 'rbf'}
[2026-05-09 12:47:45] e5_seed44_translated_combined_multiclass_spa: fitting LR
[2026-05-09 12:47:48] e5_seed44_translated_combined_multiclass_spa: LR accuracy=0.5395 params={'C': 10}
[2026-05-09 12:47:48] e5_seed44_translated_combined_multiclass_spa: fusion DT+RF accuracy=0.5263
[2026-05-09 12:47:48] e5_seed44_translated_combined_multiclass_spa: fusion DT+SVM accuracy=0.5132
[2026-05-09 12:47:48] e5_seed44_translated_combined_multiclass_spa: fusion DT+LR accuracy=0.5263
[2026-05-09 12:47:48] e5_seed44_translated_combined_multiclass_spa: fusion RF+SVM accuracy=0.4474
[2026-05-09 12:47:48] e5_seed44_translated_combined_multiclass_spa: fusion RF+LR accuracy=0.5526
[2026-05-09 12:47:48] e5_seed44_translated_combined_multiclass_spa: fusion SVM+LR accuracy=0.5263
[2026-05-09 12:47:48] e5_seed44_translated_combined_multiclass_spa: fusion DT+RF+SVM accuracy=0.4868
[2026-05-09 12:47:48] e5_seed44_translated_combined_multiclass_spa: fusion DT+RF+LR accuracy=0.5263
[2026-05-09 12:47:48] e5_seed44_translated_combined_multiclass_spa: fusion DT+SVM+LR accuracy=0.5132
[2026-05-09 12:47:48] e5_seed44_translated_combined_multiclass_spa: fusion RF+SVM+LR accuracy=0.4868
[2026-05-09 12:47:48] e5_seed44_translated_combined_multiclass_spa: fusion DT+RF+SVM+LR accuracy=0.5132
