[2026-05-09 11:02:42] e5_seed44_multilingual_combined_multiclass_gr: method=e5 seed=44 training=multi translated=no task=multiclass test=gr train=3573 test=53
[2026-05-09 11:02:42] Encoding 3573 texts for seed44_multi_multiclass_no_gr_train.npy
[2026-05-09 11:03:52] Encoding 53 texts for seed44_multi_multiclass_no_gr_test.npy
[2026-05-09 11:03:53] e5_seed44_multilingual_combined_multiclass_gr: fitting DT
[2026-05-09 11:04:55] e5_seed44_multilingual_combined_multiclass_gr: DT accuracy=0.5660 params={'max_depth': 10}
[2026-05-09 11:04:55] e5_seed44_multilingual_combined_multiclass_gr: fitting RF
[2026-05-09 11:07:43] e5_seed44_multilingual_combined_multiclass_gr: RF accuracy=0.6226 params={'n_estimators': 50}
[2026-05-09 11:07:43] e5_seed44_multilingual_combined_multiclass_gr: fitting SVM
[2026-05-09 11:13:39] e5_seed44_multilingual_combined_multiclass_gr: SVM accuracy=0.5660 params={'C': 1, 'kernel': 'linear'}
[2026-05-09 11:13:39] e5_seed44_multilingual_combined_multiclass_gr: fitting LR
[2026-05-09 11:13:43] e5_seed44_multilingual_combined_multiclass_gr: LR accuracy=0.5283 params={'C': 10}
[2026-05-09 11:13:43] e5_seed44_multilingual_combined_multiclass_gr: fusion DT+RF accuracy=0.5660
[2026-05-09 11:13:43] e5_seed44_multilingual_combined_multiclass_gr: fusion DT+SVM accuracy=0.5660
[2026-05-09 11:13:43] e5_seed44_multilingual_combined_multiclass_gr: fusion DT+LR accuracy=0.5660
[2026-05-09 11:13:43] e5_seed44_multilingual_combined_multiclass_gr: fusion RF+SVM accuracy=0.5849
[2026-05-09 11:13:43] e5_seed44_multilingual_combined_multiclass_gr: fusion RF+LR accuracy=0.6038
[2026-05-09 11:13:43] e5_seed44_multilingual_combined_multiclass_gr: fusion SVM+LR accuracy=0.5660
[2026-05-09 11:13:43] e5_seed44_multilingual_combined_multiclass_gr: fusion DT+RF+SVM accuracy=0.5849
[2026-05-09 11:13:43] e5_seed44_multilingual_combined_multiclass_gr: fusion DT+RF+LR accuracy=0.5472
[2026-05-09 11:13:43] e5_seed44_multilingual_combined_multiclass_gr: fusion DT+SVM+LR accuracy=0.5660
[2026-05-09 11:13:43] e5_seed44_multilingual_combined_multiclass_gr: fusion RF+SVM+LR accuracy=0.6038
[2026-05-09 11:13:43] e5_seed44_multilingual_combined_multiclass_gr: fusion DT+RF+SVM+LR accuracy=0.5660
