[2026-05-10 10:24:17] e5_seed46_multilingual_combined_multiclass_en: method=e5 seed=46 training=multi translated=no task=multiclass test=en train=3573 test=272
[2026-05-10 10:24:17] Encoding 3573 texts for seed46_multi_multiclass_no_en_train.npy
[2026-05-10 10:25:27] Encoding 272 texts for seed46_multi_multiclass_no_en_test.npy
[2026-05-10 10:25:34] e5_seed46_multilingual_combined_multiclass_en: fitting DT
[2026-05-10 10:26:38] e5_seed46_multilingual_combined_multiclass_en: DT accuracy=0.4963 params={'max_depth': 20}
[2026-05-10 10:26:38] e5_seed46_multilingual_combined_multiclass_en: fitting RF
[2026-05-10 10:29:27] e5_seed46_multilingual_combined_multiclass_en: RF accuracy=0.5588 params={'n_estimators': 50}
[2026-05-10 10:29:27] e5_seed46_multilingual_combined_multiclass_en: fitting SVM
[2026-05-10 10:36:16] e5_seed46_multilingual_combined_multiclass_en: SVM accuracy=0.4669 params={'C': 1, 'kernel': 'linear'}
[2026-05-10 10:36:16] e5_seed46_multilingual_combined_multiclass_en: fitting LR
[2026-05-10 10:36:22] e5_seed46_multilingual_combined_multiclass_en: LR accuracy=0.6213 params={'C': 10}
[2026-05-10 10:36:22] e5_seed46_multilingual_combined_multiclass_en: fusion DT+RF accuracy=0.4963
[2026-05-10 10:36:22] e5_seed46_multilingual_combined_multiclass_en: fusion DT+SVM accuracy=0.4963
[2026-05-10 10:36:22] e5_seed46_multilingual_combined_multiclass_en: fusion DT+LR accuracy=0.4963
[2026-05-10 10:36:22] e5_seed46_multilingual_combined_multiclass_en: fusion RF+SVM accuracy=0.6029
[2026-05-10 10:36:22] e5_seed46_multilingual_combined_multiclass_en: fusion RF+LR accuracy=0.6287
[2026-05-10 10:36:22] e5_seed46_multilingual_combined_multiclass_en: fusion SVM+LR accuracy=0.6250
[2026-05-10 10:36:22] e5_seed46_multilingual_combined_multiclass_en: fusion DT+RF+SVM accuracy=0.5441
[2026-05-10 10:36:22] e5_seed46_multilingual_combined_multiclass_en: fusion DT+RF+LR accuracy=0.5772
[2026-05-10 10:36:22] e5_seed46_multilingual_combined_multiclass_en: fusion DT+SVM+LR accuracy=0.5735
[2026-05-10 10:36:22] e5_seed46_multilingual_combined_multiclass_en: fusion RF+SVM+LR accuracy=0.6066
[2026-05-10 10:36:22] e5_seed46_multilingual_combined_multiclass_en: fusion DT+RF+SVM+LR accuracy=0.5662
