[2026-05-09 12:14:46] e5_seed44_translated_combined_multiclass_gr: method=e5 seed=44 training=multi translated=yes task=multiclass test=gr train=3573 test=53
[2026-05-09 12:14:46] Encoding 3573 texts for seed44_multi_multiclass_yes_gr_train.npy
[2026-05-09 12:15:46] Encoding 53 texts for seed44_multi_multiclass_yes_gr_test.npy
[2026-05-09 12:15:47] e5_seed44_translated_combined_multiclass_gr: fitting DT
[2026-05-09 12:16:48] e5_seed44_translated_combined_multiclass_gr: DT accuracy=0.5472 params={'max_depth': 10}
[2026-05-09 12:16:48] e5_seed44_translated_combined_multiclass_gr: fitting RF
[2026-05-09 12:19:43] e5_seed44_translated_combined_multiclass_gr: RF accuracy=0.5283 params={'n_estimators': 100}
[2026-05-09 12:19:43] e5_seed44_translated_combined_multiclass_gr: fitting SVM
[2026-05-09 12:25:39] e5_seed44_translated_combined_multiclass_gr: SVM accuracy=0.4717 params={'C': 1, 'kernel': 'rbf'}
[2026-05-09 12:25:39] e5_seed44_translated_combined_multiclass_gr: fitting LR
[2026-05-09 12:25:42] e5_seed44_translated_combined_multiclass_gr: LR accuracy=0.4340 params={'C': 10}
[2026-05-09 12:25:42] e5_seed44_translated_combined_multiclass_gr: fusion DT+RF accuracy=0.5472
[2026-05-09 12:25:42] e5_seed44_translated_combined_multiclass_gr: fusion DT+SVM accuracy=0.5283
[2026-05-09 12:25:42] e5_seed44_translated_combined_multiclass_gr: fusion DT+LR accuracy=0.5283
[2026-05-09 12:25:42] e5_seed44_translated_combined_multiclass_gr: fusion RF+SVM accuracy=0.4717
[2026-05-09 12:25:42] e5_seed44_translated_combined_multiclass_gr: fusion RF+LR accuracy=0.4528
[2026-05-09 12:25:42] e5_seed44_translated_combined_multiclass_gr: fusion SVM+LR accuracy=0.4151
[2026-05-09 12:25:42] e5_seed44_translated_combined_multiclass_gr: fusion DT+RF+SVM accuracy=0.4906
[2026-05-09 12:25:42] e5_seed44_translated_combined_multiclass_gr: fusion DT+RF+LR accuracy=0.5283
[2026-05-09 12:25:42] e5_seed44_translated_combined_multiclass_gr: fusion DT+SVM+LR accuracy=0.5283
[2026-05-09 12:25:42] e5_seed44_translated_combined_multiclass_gr: fusion RF+SVM+LR accuracy=0.5094
[2026-05-09 12:25:42] e5_seed44_translated_combined_multiclass_gr: fusion DT+RF+SVM+LR accuracy=0.4906
