[2026-05-09 07:02:59] e5_seed43_translated_combined_multiclass_spa: method=e5 seed=43 training=multi translated=yes task=multiclass test=spa train=3573 test=76
[2026-05-09 07:02:59] Encoding 3573 texts for seed43_multi_multiclass_yes_spa_train.npy
[2026-05-09 07:04:01] Encoding 76 texts for seed43_multi_multiclass_yes_spa_test.npy
[2026-05-09 07:04:02] e5_seed43_translated_combined_multiclass_spa: fitting DT
[2026-05-09 07:05:02] e5_seed43_translated_combined_multiclass_spa: DT accuracy=0.4474 params={'max_depth': 10}
[2026-05-09 07:05:02] e5_seed43_translated_combined_multiclass_spa: fitting RF
[2026-05-09 07:07:47] e5_seed43_translated_combined_multiclass_spa: RF accuracy=0.4868 params={'n_estimators': 50}
[2026-05-09 07:07:47] e5_seed43_translated_combined_multiclass_spa: fitting SVM
[2026-05-09 07:14:12] e5_seed43_translated_combined_multiclass_spa: SVM accuracy=0.3553 params={'C': 1, 'kernel': 'rbf'}
[2026-05-09 07:14:12] e5_seed43_translated_combined_multiclass_spa: fitting LR
[2026-05-09 07:14:16] e5_seed43_translated_combined_multiclass_spa: LR accuracy=0.6053 params={'C': 10}
[2026-05-09 07:14:16] e5_seed43_translated_combined_multiclass_spa: fusion DT+RF accuracy=0.4474
[2026-05-09 07:14:16] e5_seed43_translated_combined_multiclass_spa: fusion DT+SVM accuracy=0.4474
[2026-05-09 07:14:16] e5_seed43_translated_combined_multiclass_spa: fusion DT+LR accuracy=0.4474
[2026-05-09 07:14:16] e5_seed43_translated_combined_multiclass_spa: fusion RF+SVM accuracy=0.5658
[2026-05-09 07:14:16] e5_seed43_translated_combined_multiclass_spa: fusion RF+LR accuracy=0.5921
[2026-05-09 07:14:16] e5_seed43_translated_combined_multiclass_spa: fusion SVM+LR accuracy=0.6053
[2026-05-09 07:14:16] e5_seed43_translated_combined_multiclass_spa: fusion DT+RF+SVM accuracy=0.4737
[2026-05-09 07:14:16] e5_seed43_translated_combined_multiclass_spa: fusion DT+RF+LR accuracy=0.5658
[2026-05-09 07:14:16] e5_seed43_translated_combined_multiclass_spa: fusion DT+SVM+LR accuracy=0.5000
[2026-05-09 07:14:16] e5_seed43_translated_combined_multiclass_spa: fusion RF+SVM+LR accuracy=0.5526
[2026-05-09 07:14:16] e5_seed43_translated_combined_multiclass_spa: fusion DT+RF+SVM+LR accuracy=0.5658
