[2026-05-09 10:20:01] e5_seed44_monolingual_multiclass_cha: method=e5 seed=44 training=mono translated=no task=multiclass test=cha train=610 test=153
[2026-05-09 10:20:01] Encoding 610 texts for seed44_mono_multiclass_no_cha_train.npy
[2026-05-09 10:20:09] Encoding 153 texts for seed44_mono_multiclass_no_cha_test.npy
[2026-05-09 10:20:11] e5_seed44_monolingual_multiclass_cha: fitting DT
[2026-05-09 10:20:17] e5_seed44_monolingual_multiclass_cha: DT accuracy=0.4706 params={'max_depth': 10}
[2026-05-09 10:20:17] e5_seed44_monolingual_multiclass_cha: fitting RF
[2026-05-09 10:20:34] e5_seed44_monolingual_multiclass_cha: RF accuracy=0.5882 params={'n_estimators': 100}
[2026-05-09 10:20:34] e5_seed44_monolingual_multiclass_cha: fitting SVM
[2026-05-09 10:20:41] e5_seed44_monolingual_multiclass_cha: SVM accuracy=0.6405 params={'C': 10, 'kernel': 'linear'}
[2026-05-09 10:20:41] e5_seed44_monolingual_multiclass_cha: fitting LR
[2026-05-09 10:20:42] e5_seed44_monolingual_multiclass_cha: LR accuracy=0.7059 params={'C': 10}
[2026-05-09 10:20:42] e5_seed44_monolingual_multiclass_cha: fusion DT+RF accuracy=0.4706
[2026-05-09 10:20:42] e5_seed44_monolingual_multiclass_cha: fusion DT+SVM accuracy=0.4706
[2026-05-09 10:20:42] e5_seed44_monolingual_multiclass_cha: fusion DT+LR accuracy=0.4706
[2026-05-09 10:20:42] e5_seed44_monolingual_multiclass_cha: fusion RF+SVM accuracy=0.6340
[2026-05-09 10:20:42] e5_seed44_monolingual_multiclass_cha: fusion RF+LR accuracy=0.6471
[2026-05-09 10:20:42] e5_seed44_monolingual_multiclass_cha: fusion SVM+LR accuracy=0.6928
[2026-05-09 10:20:42] e5_seed44_monolingual_multiclass_cha: fusion DT+RF+SVM accuracy=0.5948
[2026-05-09 10:20:42] e5_seed44_monolingual_multiclass_cha: fusion DT+RF+LR accuracy=0.6078
[2026-05-09 10:20:42] e5_seed44_monolingual_multiclass_cha: fusion DT+SVM+LR accuracy=0.6732
[2026-05-09 10:20:42] e5_seed44_monolingual_multiclass_cha: fusion RF+SVM+LR accuracy=0.6928
[2026-05-09 10:20:42] e5_seed44_monolingual_multiclass_cha: fusion DT+RF+SVM+LR accuracy=0.6275
