[2026-05-09 11:49:39] e5_seed44_translated_combined_binary_cha: method=e5 seed=44 training=multi translated=yes task=binary test=cha train=2896 test=88
[2026-05-09 11:49:39] Encoding 2896 texts for seed44_multi_binary_yes_cha_train.npy
[2026-05-09 11:50:27] Encoding 88 texts for seed44_multi_binary_yes_cha_test.npy
[2026-05-09 11:50:28] e5_seed44_translated_combined_binary_cha: fitting DT
[2026-05-09 11:51:18] e5_seed44_translated_combined_binary_cha: DT accuracy=0.7386 params={'max_depth': 10}
[2026-05-09 11:51:18] e5_seed44_translated_combined_binary_cha: fitting RF
[2026-05-09 11:53:32] e5_seed44_translated_combined_binary_cha: RF accuracy=0.7727 params={'n_estimators': 50}
[2026-05-09 11:53:32] e5_seed44_translated_combined_binary_cha: fitting SVM
[2026-05-09 11:56:36] e5_seed44_translated_combined_binary_cha: SVM accuracy=0.7955 params={'C': 10, 'kernel': 'rbf'}
[2026-05-09 11:56:36] e5_seed44_translated_combined_binary_cha: fitting LR
[2026-05-09 11:56:37] e5_seed44_translated_combined_binary_cha: LR accuracy=0.6591 params={'C': 0.1}
[2026-05-09 11:56:37] e5_seed44_translated_combined_binary_cha: fusion DT+RF accuracy=0.7386
[2026-05-09 11:56:37] e5_seed44_translated_combined_binary_cha: fusion DT+SVM accuracy=0.7273
[2026-05-09 11:56:37] e5_seed44_translated_combined_binary_cha: fusion DT+LR accuracy=0.7273
[2026-05-09 11:56:37] e5_seed44_translated_combined_binary_cha: fusion RF+SVM accuracy=0.8295
[2026-05-09 11:56:37] e5_seed44_translated_combined_binary_cha: fusion RF+LR accuracy=0.6818
[2026-05-09 11:56:37] e5_seed44_translated_combined_binary_cha: fusion SVM+LR accuracy=0.7614
[2026-05-09 11:56:37] e5_seed44_translated_combined_binary_cha: fusion DT+RF+SVM accuracy=0.8295
[2026-05-09 11:56:37] e5_seed44_translated_combined_binary_cha: fusion DT+RF+LR accuracy=0.7727
[2026-05-09 11:56:37] e5_seed44_translated_combined_binary_cha: fusion DT+SVM+LR accuracy=0.7955
[2026-05-09 11:56:37] e5_seed44_translated_combined_binary_cha: fusion RF+SVM+LR accuracy=0.8068
[2026-05-09 11:56:37] e5_seed44_translated_combined_binary_cha: fusion DT+RF+SVM+LR accuracy=0.7955
