[2026-05-09 00:55:00] e5_seed42_translated_combined_multiclass_en: method=e5 seed=42 training=multi translated=yes task=multiclass test=en train=3573 test=272
[2026-05-09 00:55:00] Encoding 3573 texts for seed42_multi_multiclass_yes_en_train.npy
[2026-05-09 00:56:00] Encoding 272 texts for seed42_multi_multiclass_yes_en_test.npy
[2026-05-09 00:56:07] e5_seed42_translated_combined_multiclass_en: fitting DT
[2026-05-09 00:57:08] e5_seed42_translated_combined_multiclass_en: DT accuracy=0.4743 params={'max_depth': 10}
[2026-05-09 00:57:08] e5_seed42_translated_combined_multiclass_en: fitting RF
[2026-05-09 01:00:01] e5_seed42_translated_combined_multiclass_en: RF accuracy=0.5956 params={'n_estimators': 100}
[2026-05-09 01:00:01] e5_seed42_translated_combined_multiclass_en: fitting SVM
[2026-05-09 01:06:25] e5_seed42_translated_combined_multiclass_en: SVM accuracy=0.5404 params={'C': 1, 'kernel': 'rbf'}
[2026-05-09 01:06:25] e5_seed42_translated_combined_multiclass_en: fitting LR
[2026-05-09 01:06:28] e5_seed42_translated_combined_multiclass_en: LR accuracy=0.6360 params={'C': 10}
[2026-05-09 01:06:28] e5_seed42_translated_combined_multiclass_en: fusion DT+RF accuracy=0.4853
[2026-05-09 01:06:28] e5_seed42_translated_combined_multiclass_en: fusion DT+SVM accuracy=0.4743
[2026-05-09 01:06:28] e5_seed42_translated_combined_multiclass_en: fusion DT+LR accuracy=0.4963
[2026-05-09 01:06:28] e5_seed42_translated_combined_multiclass_en: fusion RF+SVM accuracy=0.6066
[2026-05-09 01:06:28] e5_seed42_translated_combined_multiclass_en: fusion RF+LR accuracy=0.6507
[2026-05-09 01:06:28] e5_seed42_translated_combined_multiclass_en: fusion SVM+LR accuracy=0.6176
[2026-05-09 01:06:28] e5_seed42_translated_combined_multiclass_en: fusion DT+RF+SVM accuracy=0.5699
[2026-05-09 01:06:28] e5_seed42_translated_combined_multiclass_en: fusion DT+RF+LR accuracy=0.6029
[2026-05-09 01:06:28] e5_seed42_translated_combined_multiclass_en: fusion DT+SVM+LR accuracy=0.6029
[2026-05-09 01:06:28] e5_seed42_translated_combined_multiclass_en: fusion RF+SVM+LR accuracy=0.6287
[2026-05-09 01:06:28] e5_seed42_translated_combined_multiclass_en: fusion DT+RF+SVM+LR accuracy=0.6140
