[2026-05-10 10:36:22] e5_seed46_multilingual_combined_multiclass_gr: method=e5 seed=46 training=multi translated=no task=multiclass test=gr train=3573 test=53
[2026-05-10 10:36:22] Encoding 3573 texts for seed46_multi_multiclass_no_gr_train.npy
[2026-05-10 10:37:35] Encoding 53 texts for seed46_multi_multiclass_no_gr_test.npy
[2026-05-10 10:37:35] e5_seed46_multilingual_combined_multiclass_gr: fitting DT
[2026-05-10 10:38:38] e5_seed46_multilingual_combined_multiclass_gr: DT accuracy=0.5094 params={'max_depth': 20}
[2026-05-10 10:38:38] e5_seed46_multilingual_combined_multiclass_gr: fitting RF
[2026-05-10 10:41:24] e5_seed46_multilingual_combined_multiclass_gr: RF accuracy=0.5472 params={'n_estimators': 50}
[2026-05-10 10:41:24] e5_seed46_multilingual_combined_multiclass_gr: fitting SVM
[2026-05-10 10:49:09] e5_seed46_multilingual_combined_multiclass_gr: SVM accuracy=0.6038 params={'C': 1, 'kernel': 'linear'}
[2026-05-10 10:49:09] e5_seed46_multilingual_combined_multiclass_gr: fitting LR
[2026-05-10 10:49:15] e5_seed46_multilingual_combined_multiclass_gr: LR accuracy=0.6604 params={'C': 10}
[2026-05-10 10:49:15] e5_seed46_multilingual_combined_multiclass_gr: fusion DT+RF accuracy=0.5094
[2026-05-10 10:49:15] e5_seed46_multilingual_combined_multiclass_gr: fusion DT+SVM accuracy=0.5094
[2026-05-10 10:49:15] e5_seed46_multilingual_combined_multiclass_gr: fusion DT+LR accuracy=0.5094
[2026-05-10 10:49:15] e5_seed46_multilingual_combined_multiclass_gr: fusion RF+SVM accuracy=0.5849
[2026-05-10 10:49:15] e5_seed46_multilingual_combined_multiclass_gr: fusion RF+LR accuracy=0.5849
[2026-05-10 10:49:15] e5_seed46_multilingual_combined_multiclass_gr: fusion SVM+LR accuracy=0.6226
[2026-05-10 10:49:15] e5_seed46_multilingual_combined_multiclass_gr: fusion DT+RF+SVM accuracy=0.6038
[2026-05-10 10:49:15] e5_seed46_multilingual_combined_multiclass_gr: fusion DT+RF+LR accuracy=0.6226
[2026-05-10 10:49:15] e5_seed46_multilingual_combined_multiclass_gr: fusion DT+SVM+LR accuracy=0.6415
[2026-05-10 10:49:15] e5_seed46_multilingual_combined_multiclass_gr: fusion RF+SVM+LR accuracy=0.6038
[2026-05-10 10:49:15] e5_seed46_multilingual_combined_multiclass_gr: fusion DT+RF+SVM+LR accuracy=0.6792
