[2026-05-09 10:07:51] e5_seed44_monolingual_binary_en: method=e5 seed=44 training=mono translated=no task=binary test=en train=2140 test=194
[2026-05-09 10:07:51] Encoding 2140 texts for seed44_mono_binary_no_en_train.npy
[2026-05-09 10:08:29] Encoding 194 texts for seed44_mono_binary_no_en_test.npy
[2026-05-09 10:08:33] e5_seed44_monolingual_binary_en: fitting DT
[2026-05-09 10:09:12] e5_seed44_monolingual_binary_en: DT accuracy=0.7887 params={'max_depth': 10}
[2026-05-09 10:09:12] e5_seed44_monolingual_binary_en: fitting RF
[2026-05-09 10:10:53] e5_seed44_monolingual_binary_en: RF accuracy=0.8454 params={'n_estimators': 100}
[2026-05-09 10:10:53] e5_seed44_monolingual_binary_en: fitting SVM
[2026-05-09 10:12:25] e5_seed44_monolingual_binary_en: SVM accuracy=0.8454 params={'C': 10, 'kernel': 'linear'}
[2026-05-09 10:12:25] e5_seed44_monolingual_binary_en: fitting LR
[2026-05-09 10:12:26] e5_seed44_monolingual_binary_en: LR accuracy=0.8196 params={'C': 10}
[2026-05-09 10:12:26] e5_seed44_monolingual_binary_en: fusion DT+RF accuracy=0.7887
[2026-05-09 10:12:26] e5_seed44_monolingual_binary_en: fusion DT+SVM accuracy=0.7887
[2026-05-09 10:12:26] e5_seed44_monolingual_binary_en: fusion DT+LR accuracy=0.7887
[2026-05-09 10:12:26] e5_seed44_monolingual_binary_en: fusion RF+SVM accuracy=0.8814
[2026-05-09 10:12:26] e5_seed44_monolingual_binary_en: fusion RF+LR accuracy=0.8454
[2026-05-09 10:12:26] e5_seed44_monolingual_binary_en: fusion SVM+LR accuracy=0.8505
[2026-05-09 10:12:26] e5_seed44_monolingual_binary_en: fusion DT+RF+SVM accuracy=0.8814
[2026-05-09 10:12:26] e5_seed44_monolingual_binary_en: fusion DT+RF+LR accuracy=0.8763
[2026-05-09 10:12:26] e5_seed44_monolingual_binary_en: fusion DT+SVM+LR accuracy=0.8660
[2026-05-09 10:12:26] e5_seed44_monolingual_binary_en: fusion RF+SVM+LR accuracy=0.8711
[2026-05-09 10:12:26] e5_seed44_monolingual_binary_en: fusion DT+RF+SVM+LR accuracy=0.8814
