[2026-05-09 16:53:53] e5_seed45_multilingual_combined_multiclass_cha: method=e5 seed=45 training=multi translated=no task=multiclass test=cha train=3573 test=153
[2026-05-09 16:53:53] Encoding 3573 texts for seed45_multi_multiclass_no_cha_train.npy
[2026-05-09 16:55:04] Encoding 153 texts for seed45_multi_multiclass_no_cha_test.npy
[2026-05-09 16:55:06] e5_seed45_multilingual_combined_multiclass_cha: fitting DT
[2026-05-09 16:56:07] e5_seed45_multilingual_combined_multiclass_cha: DT accuracy=0.4967 params={'max_depth': 10}
[2026-05-09 16:56:07] e5_seed45_multilingual_combined_multiclass_cha: fitting RF
[2026-05-09 16:58:59] e5_seed45_multilingual_combined_multiclass_cha: RF accuracy=0.6144 params={'n_estimators': 50}
[2026-05-09 16:58:59] e5_seed45_multilingual_combined_multiclass_cha: fitting SVM
[2026-05-09 17:05:46] e5_seed45_multilingual_combined_multiclass_cha: SVM accuracy=0.5033 params={'C': 1, 'kernel': 'linear'}
[2026-05-09 17:05:46] e5_seed45_multilingual_combined_multiclass_cha: fitting LR
[2026-05-09 17:05:51] e5_seed45_multilingual_combined_multiclass_cha: LR accuracy=0.6471 params={'C': 10}
[2026-05-09 17:05:51] e5_seed45_multilingual_combined_multiclass_cha: fusion DT+RF accuracy=0.4967
[2026-05-09 17:05:51] e5_seed45_multilingual_combined_multiclass_cha: fusion DT+SVM accuracy=0.5033
[2026-05-09 17:05:51] e5_seed45_multilingual_combined_multiclass_cha: fusion DT+LR accuracy=0.5098
[2026-05-09 17:05:51] e5_seed45_multilingual_combined_multiclass_cha: fusion RF+SVM accuracy=0.6405
[2026-05-09 17:05:51] e5_seed45_multilingual_combined_multiclass_cha: fusion RF+LR accuracy=0.6536
[2026-05-09 17:05:51] e5_seed45_multilingual_combined_multiclass_cha: fusion SVM+LR accuracy=0.6275
[2026-05-09 17:05:51] e5_seed45_multilingual_combined_multiclass_cha: fusion DT+RF+SVM accuracy=0.6144
[2026-05-09 17:05:51] e5_seed45_multilingual_combined_multiclass_cha: fusion DT+RF+LR accuracy=0.6275
[2026-05-09 17:05:51] e5_seed45_multilingual_combined_multiclass_cha: fusion DT+SVM+LR accuracy=0.6144
[2026-05-09 17:05:51] e5_seed45_multilingual_combined_multiclass_cha: fusion RF+SVM+LR accuracy=0.6275
[2026-05-09 17:05:51] e5_seed45_multilingual_combined_multiclass_cha: fusion DT+RF+SVM+LR accuracy=0.6340
