[2026-05-09 04:36:50] e5_seed43_monolingual_binary_cha: method=e5 seed=43 training=mono translated=no task=binary test=cha train=351 test=88
[2026-05-09 04:36:50] Encoding 351 texts for seed43_mono_binary_no_cha_train.npy
[2026-05-09 04:36:55] Encoding 88 texts for seed43_mono_binary_no_cha_test.npy
[2026-05-09 04:36:56] e5_seed43_monolingual_binary_cha: fitting DT
[2026-05-09 04:36:59] e5_seed43_monolingual_binary_cha: DT accuracy=0.6705 params={'max_depth': 10}
[2026-05-09 04:36:59] e5_seed43_monolingual_binary_cha: fitting RF
[2026-05-09 04:37:07] e5_seed43_monolingual_binary_cha: RF accuracy=0.8068 params={'n_estimators': 100}
[2026-05-09 04:37:07] e5_seed43_monolingual_binary_cha: fitting SVM
[2026-05-09 04:37:09] e5_seed43_monolingual_binary_cha: SVM accuracy=0.8182 params={'C': 10, 'kernel': 'rbf'}
[2026-05-09 04:37:09] e5_seed43_monolingual_binary_cha: fitting LR
[2026-05-09 04:37:09] e5_seed43_monolingual_binary_cha: LR accuracy=0.8523 params={'C': 10}
[2026-05-09 04:37:09] e5_seed43_monolingual_binary_cha: fusion DT+RF accuracy=0.6705
[2026-05-09 04:37:09] e5_seed43_monolingual_binary_cha: fusion DT+SVM accuracy=0.6705
[2026-05-09 04:37:09] e5_seed43_monolingual_binary_cha: fusion DT+LR accuracy=0.6705
[2026-05-09 04:37:09] e5_seed43_monolingual_binary_cha: fusion RF+SVM accuracy=0.8295
[2026-05-09 04:37:09] e5_seed43_monolingual_binary_cha: fusion RF+LR accuracy=0.8636
[2026-05-09 04:37:09] e5_seed43_monolingual_binary_cha: fusion SVM+LR accuracy=0.8182
[2026-05-09 04:37:09] e5_seed43_monolingual_binary_cha: fusion DT+RF+SVM accuracy=0.8182
[2026-05-09 04:37:09] e5_seed43_monolingual_binary_cha: fusion DT+RF+LR accuracy=0.8182
[2026-05-09 04:37:09] e5_seed43_monolingual_binary_cha: fusion DT+SVM+LR accuracy=0.8409
[2026-05-09 04:37:09] e5_seed43_monolingual_binary_cha: fusion RF+SVM+LR accuracy=0.8409
[2026-05-09 04:37:09] e5_seed43_monolingual_binary_cha: fusion DT+RF+SVM+LR accuracy=0.8182
