[2026-05-09 01:17:28] e5_seed42_translated_combined_multiclass_cha: method=e5 seed=42 training=multi translated=yes task=multiclass test=cha train=3573 test=153
[2026-05-09 01:17:28] Encoding 3573 texts for seed42_multi_multiclass_yes_cha_train.npy
[2026-05-09 01:18:29] Encoding 153 texts for seed42_multi_multiclass_yes_cha_test.npy
[2026-05-09 01:18:31] e5_seed42_translated_combined_multiclass_cha: fitting DT
[2026-05-09 01:19:33] e5_seed42_translated_combined_multiclass_cha: DT accuracy=0.4575 params={'max_depth': 10}
[2026-05-09 01:19:33] e5_seed42_translated_combined_multiclass_cha: fitting RF
[2026-05-09 01:22:23] e5_seed42_translated_combined_multiclass_cha: RF accuracy=0.5686 params={'n_estimators': 100}
[2026-05-09 01:22:23] e5_seed42_translated_combined_multiclass_cha: fitting SVM
[2026-05-09 01:28:39] e5_seed42_translated_combined_multiclass_cha: SVM accuracy=0.4837 params={'C': 1, 'kernel': 'rbf'}
[2026-05-09 01:28:39] e5_seed42_translated_combined_multiclass_cha: fitting LR
[2026-05-09 01:28:43] e5_seed42_translated_combined_multiclass_cha: LR accuracy=0.5556 params={'C': 10}
[2026-05-09 01:28:43] e5_seed42_translated_combined_multiclass_cha: fusion DT+RF accuracy=0.4575
[2026-05-09 01:28:43] e5_seed42_translated_combined_multiclass_cha: fusion DT+SVM accuracy=0.4641
[2026-05-09 01:28:43] e5_seed42_translated_combined_multiclass_cha: fusion DT+LR accuracy=0.4641
[2026-05-09 01:28:43] e5_seed42_translated_combined_multiclass_cha: fusion RF+SVM accuracy=0.5686
[2026-05-09 01:28:43] e5_seed42_translated_combined_multiclass_cha: fusion RF+LR accuracy=0.5556
[2026-05-09 01:28:43] e5_seed42_translated_combined_multiclass_cha: fusion SVM+LR accuracy=0.5294
[2026-05-09 01:28:43] e5_seed42_translated_combined_multiclass_cha: fusion DT+RF+SVM accuracy=0.5294
[2026-05-09 01:28:43] e5_seed42_translated_combined_multiclass_cha: fusion DT+RF+LR accuracy=0.5556
[2026-05-09 01:28:43] e5_seed42_translated_combined_multiclass_cha: fusion DT+SVM+LR accuracy=0.4967
[2026-05-09 01:28:43] e5_seed42_translated_combined_multiclass_cha: fusion RF+SVM+LR accuracy=0.5686
[2026-05-09 01:28:43] e5_seed42_translated_combined_multiclass_cha: fusion DT+RF+SVM+LR accuracy=0.5425
