[2026-05-08 23:02:22] e5_seed42_monolingual_multiclass_gr: method=e5 seed=42 training=mono translated=no task=multiclass test=gr train=211 test=53
[2026-05-08 23:02:22] Encoding 211 texts for seed42_mono_multiclass_no_gr_train.npy
[2026-05-08 23:02:24] Encoding 53 texts for seed42_mono_multiclass_no_gr_test.npy
[2026-05-08 23:02:25] e5_seed42_monolingual_multiclass_gr: fitting DT
[2026-05-08 23:02:27] e5_seed42_monolingual_multiclass_gr: DT accuracy=0.3774 params={'max_depth': 10}
[2026-05-08 23:02:27] e5_seed42_monolingual_multiclass_gr: fitting RF
[2026-05-08 23:02:32] e5_seed42_monolingual_multiclass_gr: RF accuracy=0.6038 params={'n_estimators': 200}
[2026-05-08 23:02:32] e5_seed42_monolingual_multiclass_gr: fitting SVM
[2026-05-08 23:02:33] e5_seed42_monolingual_multiclass_gr: SVM accuracy=0.6038 params={'C': 10, 'kernel': 'rbf'}
[2026-05-08 23:02:33] e5_seed42_monolingual_multiclass_gr: fitting LR
[2026-05-08 23:02:34] e5_seed42_monolingual_multiclass_gr: LR accuracy=0.6604 params={'C': 10}
[2026-05-08 23:02:34] e5_seed42_monolingual_multiclass_gr: fusion DT+RF accuracy=0.3774
[2026-05-08 23:02:34] e5_seed42_monolingual_multiclass_gr: fusion DT+SVM accuracy=0.3774
[2026-05-08 23:02:34] e5_seed42_monolingual_multiclass_gr: fusion DT+LR accuracy=0.3774
[2026-05-08 23:02:34] e5_seed42_monolingual_multiclass_gr: fusion RF+SVM accuracy=0.6604
[2026-05-08 23:02:34] e5_seed42_monolingual_multiclass_gr: fusion RF+LR accuracy=0.6604
[2026-05-08 23:02:34] e5_seed42_monolingual_multiclass_gr: fusion SVM+LR accuracy=0.6604
[2026-05-08 23:02:34] e5_seed42_monolingual_multiclass_gr: fusion DT+RF+SVM accuracy=0.6415
[2026-05-08 23:02:34] e5_seed42_monolingual_multiclass_gr: fusion DT+RF+LR accuracy=0.6604
[2026-05-08 23:02:34] e5_seed42_monolingual_multiclass_gr: fusion DT+SVM+LR accuracy=0.6226
[2026-05-08 23:02:34] e5_seed42_monolingual_multiclass_gr: fusion RF+SVM+LR accuracy=0.6792
[2026-05-08 23:02:34] e5_seed42_monolingual_multiclass_gr: fusion DT+RF+SVM+LR accuracy=0.6415
