[2026-05-08 23:28:32] e5_seed42_multilingual_combined_binary_spa: method=e5 seed=42 training=multi translated=no task=binary test=spa train=2896 test=59
[2026-05-08 23:28:32] Encoding 2896 texts for seed42_multi_binary_no_spa_train.npy
[2026-05-08 23:29:30] Encoding 59 texts for seed42_multi_binary_no_spa_test.npy
[2026-05-08 23:29:31] e5_seed42_multilingual_combined_binary_spa: fitting DT
[2026-05-08 23:30:25] e5_seed42_multilingual_combined_binary_spa: DT accuracy=0.7119 params={'max_depth': 10}
[2026-05-08 23:30:25] e5_seed42_multilingual_combined_binary_spa: fitting RF
[2026-05-08 23:33:00] e5_seed42_multilingual_combined_binary_spa: RF accuracy=0.6780 params={'n_estimators': 200}
[2026-05-08 23:33:00] e5_seed42_multilingual_combined_binary_spa: fitting SVM
[2026-05-08 23:36:54] e5_seed42_multilingual_combined_binary_spa: SVM accuracy=0.7627 params={'C': 10, 'kernel': 'rbf'}
[2026-05-08 23:36:54] e5_seed42_multilingual_combined_binary_spa: fitting LR
[2026-05-08 23:36:55] e5_seed42_multilingual_combined_binary_spa: LR accuracy=0.6610 params={'C': 0.1}
[2026-05-08 23:36:55] e5_seed42_multilingual_combined_binary_spa: fusion DT+RF accuracy=0.7119
[2026-05-08 23:36:55] e5_seed42_multilingual_combined_binary_spa: fusion DT+SVM accuracy=0.7119
[2026-05-08 23:36:55] e5_seed42_multilingual_combined_binary_spa: fusion DT+LR accuracy=0.7119
[2026-05-08 23:36:55] e5_seed42_multilingual_combined_binary_spa: fusion RF+SVM accuracy=0.7119
[2026-05-08 23:36:55] e5_seed42_multilingual_combined_binary_spa: fusion RF+LR accuracy=0.6949
[2026-05-08 23:36:56] e5_seed42_multilingual_combined_binary_spa: fusion SVM+LR accuracy=0.7288
[2026-05-08 23:36:56] e5_seed42_multilingual_combined_binary_spa: fusion DT+RF+SVM accuracy=0.7119
[2026-05-08 23:36:56] e5_seed42_multilingual_combined_binary_spa: fusion DT+RF+LR accuracy=0.6949
[2026-05-08 23:36:56] e5_seed42_multilingual_combined_binary_spa: fusion DT+SVM+LR accuracy=0.7288
[2026-05-08 23:36:56] e5_seed42_multilingual_combined_binary_spa: fusion RF+SVM+LR accuracy=0.6780
[2026-05-08 23:36:56] e5_seed42_multilingual_combined_binary_spa: fusion DT+RF+SVM+LR accuracy=0.7288
