[2026-05-09 10:12:35] e5_seed44_monolingual_binary_cha: method=e5 seed=44 training=mono translated=no task=binary test=cha train=351 test=88
[2026-05-09 10:12:35] Encoding 351 texts for seed44_mono_binary_no_cha_train.npy
[2026-05-09 10:12:40] Encoding 88 texts for seed44_mono_binary_no_cha_test.npy
[2026-05-09 10:12:41] e5_seed44_monolingual_binary_cha: fitting DT
[2026-05-09 10:12:44] e5_seed44_monolingual_binary_cha: DT accuracy=0.7045 params={'max_depth': 10}
[2026-05-09 10:12:44] e5_seed44_monolingual_binary_cha: fitting RF
[2026-05-09 10:12:53] e5_seed44_monolingual_binary_cha: RF accuracy=0.7955 params={'n_estimators': 200}
[2026-05-09 10:12:53] e5_seed44_monolingual_binary_cha: fitting SVM
[2026-05-09 10:12:55] e5_seed44_monolingual_binary_cha: SVM accuracy=0.8750 params={'C': 10, 'kernel': 'rbf'}
[2026-05-09 10:12:55] e5_seed44_monolingual_binary_cha: fitting LR
[2026-05-09 10:12:56] e5_seed44_monolingual_binary_cha: LR accuracy=0.8523 params={'C': 10}
[2026-05-09 10:12:56] e5_seed44_monolingual_binary_cha: fusion DT+RF accuracy=0.7045
[2026-05-09 10:12:56] e5_seed44_monolingual_binary_cha: fusion DT+SVM accuracy=0.7045
[2026-05-09 10:12:56] e5_seed44_monolingual_binary_cha: fusion DT+LR accuracy=0.7045
[2026-05-09 10:12:56] e5_seed44_monolingual_binary_cha: fusion RF+SVM accuracy=0.8636
[2026-05-09 10:12:56] e5_seed44_monolingual_binary_cha: fusion RF+LR accuracy=0.8523
[2026-05-09 10:12:56] e5_seed44_monolingual_binary_cha: fusion SVM+LR accuracy=0.8750
[2026-05-09 10:12:56] e5_seed44_monolingual_binary_cha: fusion DT+RF+SVM accuracy=0.8295
[2026-05-09 10:12:56] e5_seed44_monolingual_binary_cha: fusion DT+RF+LR accuracy=0.8295
[2026-05-09 10:12:56] e5_seed44_monolingual_binary_cha: fusion DT+SVM+LR accuracy=0.8409
[2026-05-09 10:12:56] e5_seed44_monolingual_binary_cha: fusion RF+SVM+LR accuracy=0.8636
[2026-05-09 10:12:56] e5_seed44_monolingual_binary_cha: fusion DT+RF+SVM+LR accuracy=0.8182
