[2026-05-10 12:07:57] e5_seed46_translated_combined_multiclass_cha: method=e5 seed=46 training=multi translated=yes task=multiclass test=cha train=3573 test=153
[2026-05-10 12:07:57] Encoding 3573 texts for seed46_multi_multiclass_yes_cha_train.npy
[2026-05-10 12:09:01] Encoding 153 texts for seed46_multi_multiclass_yes_cha_test.npy
[2026-05-10 12:09:04] e5_seed46_translated_combined_multiclass_cha: fitting DT
[2026-05-10 12:10:07] e5_seed46_translated_combined_multiclass_cha: DT accuracy=0.3791 params={'max_depth': 10}
[2026-05-10 12:10:07] e5_seed46_translated_combined_multiclass_cha: fitting RF
[2026-05-10 12:13:20] e5_seed46_translated_combined_multiclass_cha: RF accuracy=0.5948 params={'n_estimators': 200}
[2026-05-10 12:13:20] e5_seed46_translated_combined_multiclass_cha: fitting SVM
[2026-05-10 12:21:09] e5_seed46_translated_combined_multiclass_cha: SVM accuracy=0.5425 params={'C': 1, 'kernel': 'linear'}
[2026-05-10 12:21:09] e5_seed46_translated_combined_multiclass_cha: fitting LR
[2026-05-10 12:21:14] e5_seed46_translated_combined_multiclass_cha: LR accuracy=0.6144 params={'C': 10}
[2026-05-10 12:21:14] e5_seed46_translated_combined_multiclass_cha: fusion DT+RF accuracy=0.3922
[2026-05-10 12:21:14] e5_seed46_translated_combined_multiclass_cha: fusion DT+SVM accuracy=0.3987
[2026-05-10 12:21:14] e5_seed46_translated_combined_multiclass_cha: fusion DT+LR accuracy=0.4183
[2026-05-10 12:21:14] e5_seed46_translated_combined_multiclass_cha: fusion RF+SVM accuracy=0.5752
[2026-05-10 12:21:14] e5_seed46_translated_combined_multiclass_cha: fusion RF+LR accuracy=0.6275
[2026-05-10 12:21:14] e5_seed46_translated_combined_multiclass_cha: fusion SVM+LR accuracy=0.6144
[2026-05-10 12:21:14] e5_seed46_translated_combined_multiclass_cha: fusion DT+RF+SVM accuracy=0.5359
[2026-05-10 12:21:14] e5_seed46_translated_combined_multiclass_cha: fusion DT+RF+LR accuracy=0.5817
[2026-05-10 12:21:14] e5_seed46_translated_combined_multiclass_cha: fusion DT+SVM+LR accuracy=0.6013
[2026-05-10 12:21:14] e5_seed46_translated_combined_multiclass_cha: fusion RF+SVM+LR accuracy=0.6209
[2026-05-10 12:21:14] e5_seed46_translated_combined_multiclass_cha: fusion DT+RF+SVM+LR accuracy=0.5882
