[2026-05-09 14:43:13] tfidf_seed45_translated_combined_multiclass_en: method=tfidf seed=45 training=multi translated=yes task=multiclass test=en train=3573 test=272
[2026-05-09 14:43:14] tfidf_seed45_translated_combined_multiclass_en: fitting DT
[2026-05-09 14:43:25] tfidf_seed45_translated_combined_multiclass_en: DT accuracy=0.5551 params={'max_depth': 10}
[2026-05-09 14:43:25] tfidf_seed45_translated_combined_multiclass_en: fitting RF
[2026-05-09 14:44:38] tfidf_seed45_translated_combined_multiclass_en: RF accuracy=0.6397 params={'n_estimators': 200}
[2026-05-09 14:44:38] tfidf_seed45_translated_combined_multiclass_en: fitting SVM
[2026-05-09 14:58:11] tfidf_seed45_translated_combined_multiclass_en: SVM accuracy=0.7279 params={'C': 10, 'kernel': 'rbf'}
[2026-05-09 14:58:11] tfidf_seed45_translated_combined_multiclass_en: fitting LR
[2026-05-09 14:58:18] tfidf_seed45_translated_combined_multiclass_en: LR accuracy=0.6949 params={'C': 10}
[2026-05-09 14:58:18] tfidf_seed45_translated_combined_multiclass_en: fusion DT+RF accuracy=0.6066
[2026-05-09 14:58:18] tfidf_seed45_translated_combined_multiclass_en: fusion DT+SVM accuracy=0.6324
[2026-05-09 14:58:18] tfidf_seed45_translated_combined_multiclass_en: fusion DT+LR accuracy=0.6618
[2026-05-09 14:58:18] tfidf_seed45_translated_combined_multiclass_en: fusion RF+SVM accuracy=0.7059
[2026-05-09 14:58:18] tfidf_seed45_translated_combined_multiclass_en: fusion RF+LR accuracy=0.7206
[2026-05-09 14:58:18] tfidf_seed45_translated_combined_multiclass_en: fusion SVM+LR accuracy=0.7206
[2026-05-09 14:58:18] tfidf_seed45_translated_combined_multiclass_en: fusion DT+RF+SVM accuracy=0.6801
[2026-05-09 14:58:18] tfidf_seed45_translated_combined_multiclass_en: fusion DT+RF+LR accuracy=0.6507
[2026-05-09 14:58:18] tfidf_seed45_translated_combined_multiclass_en: fusion DT+SVM+LR accuracy=0.7206
[2026-05-09 14:58:18] tfidf_seed45_translated_combined_multiclass_en: fusion RF+SVM+LR accuracy=0.7132
[2026-05-09 14:58:18] tfidf_seed45_translated_combined_multiclass_en: fusion DT+RF+SVM+LR accuracy=0.7243
