[2026-05-09 21:17:44] tfidf_seed46_translated_combined_multiclass_spa: method=tfidf seed=46 training=multi translated=yes task=multiclass test=spa train=3573 test=76
[2026-05-09 21:17:44] tfidf_seed46_translated_combined_multiclass_spa: fitting DT
[2026-05-09 21:17:56] tfidf_seed46_translated_combined_multiclass_spa: DT accuracy=0.4868 params={'max_depth': 30}
[2026-05-09 21:17:56] tfidf_seed46_translated_combined_multiclass_spa: fitting RF
[2026-05-09 21:19:11] tfidf_seed46_translated_combined_multiclass_spa: RF accuracy=0.4868 params={'n_estimators': 200}
[2026-05-09 21:19:11] tfidf_seed46_translated_combined_multiclass_spa: fitting SVM
[2026-05-10 09:25:40] tfidf_seed46_translated_combined_multiclass_spa: method=tfidf seed=46 training=multi translated=yes task=multiclass test=spa train=3573 test=76
[2026-05-10 09:25:41] tfidf_seed46_translated_combined_multiclass_spa: fitting DT
[2026-05-10 09:25:52] tfidf_seed46_translated_combined_multiclass_spa: DT accuracy=0.4868 params={'max_depth': 30}
[2026-05-10 09:25:52] tfidf_seed46_translated_combined_multiclass_spa: fitting RF
[2026-05-10 09:27:02] tfidf_seed46_translated_combined_multiclass_spa: RF accuracy=0.4868 params={'n_estimators': 200}
[2026-05-10 09:27:02] tfidf_seed46_translated_combined_multiclass_spa: fitting SVM
[2026-05-10 09:37:50] tfidf_seed46_translated_combined_multiclass_spa: skipped by suite configuration
[2026-05-10 13:43:11] tfidf_seed46_translated_combined_multiclass_spa: method=tfidf seed=46 training=multi translated=yes task=multiclass test=spa train=3573 test=76
[2026-05-10 13:43:12] tfidf_seed46_translated_combined_multiclass_spa: fitting DT
[2026-05-10 13:43:24] tfidf_seed46_translated_combined_multiclass_spa: DT accuracy=0.4868 params={'max_depth': 30}
[2026-05-10 13:43:24] tfidf_seed46_translated_combined_multiclass_spa: fitting RF
[2026-05-10 13:44:41] tfidf_seed46_translated_combined_multiclass_spa: RF accuracy=0.4868 params={'n_estimators': 200}
[2026-05-10 13:44:41] tfidf_seed46_translated_combined_multiclass_spa: using fast SVM probability fallback for this job
[2026-05-10 13:44:41] tfidf_seed46_translated_combined_multiclass_spa: fitting SVM
[2026-05-10 13:47:54] tfidf_seed46_translated_combined_multiclass_spa: SVM accuracy=0.3947 params={'C': 10, 'kernel': 'rbf'}
[2026-05-10 13:47:54] tfidf_seed46_translated_combined_multiclass_spa: fitting LR
[2026-05-10 13:48:02] tfidf_seed46_translated_combined_multiclass_spa: LR accuracy=0.4737 params={'C': 10}
[2026-05-10 13:48:02] tfidf_seed46_translated_combined_multiclass_spa: fusion DT+RF accuracy=0.4868
[2026-05-10 13:48:02] tfidf_seed46_translated_combined_multiclass_spa: fusion DT+SVM accuracy=0.5132
[2026-05-10 13:48:02] tfidf_seed46_translated_combined_multiclass_spa: fusion DT+LR accuracy=0.4868
[2026-05-10 13:48:02] tfidf_seed46_translated_combined_multiclass_spa: fusion RF+SVM accuracy=0.4079
[2026-05-10 13:48:02] tfidf_seed46_translated_combined_multiclass_spa: fusion RF+LR accuracy=0.4868
[2026-05-10 13:48:02] tfidf_seed46_translated_combined_multiclass_spa: fusion SVM+LR accuracy=0.3816
[2026-05-10 13:48:02] tfidf_seed46_translated_combined_multiclass_spa: fusion DT+RF+SVM accuracy=0.4342
[2026-05-10 13:48:02] tfidf_seed46_translated_combined_multiclass_spa: fusion DT+RF+LR accuracy=0.4868
[2026-05-10 13:48:02] tfidf_seed46_translated_combined_multiclass_spa: fusion DT+SVM+LR accuracy=0.4342
[2026-05-10 13:48:02] tfidf_seed46_translated_combined_multiclass_spa: fusion RF+SVM+LR accuracy=0.4605
[2026-05-10 13:48:02] tfidf_seed46_translated_combined_multiclass_spa: fusion DT+RF+SVM+LR accuracy=0.4474
