[2026-05-09 03:18:59] tfidf_seed43_translated_combined_binary_cha: method=tfidf seed=43 training=multi translated=yes task=binary test=cha train=2896 test=88
[2026-05-09 03:18:59] tfidf_seed43_translated_combined_binary_cha: fitting DT
[2026-05-09 03:19:07] tfidf_seed43_translated_combined_binary_cha: DT accuracy=0.7159 params={'max_depth': 10}
[2026-05-09 03:19:07] tfidf_seed43_translated_combined_binary_cha: fitting RF
[2026-05-09 03:19:42] tfidf_seed43_translated_combined_binary_cha: RF accuracy=0.7841 params={'n_estimators': 50}
[2026-05-09 03:19:42] tfidf_seed43_translated_combined_binary_cha: fitting SVM
[2026-05-09 03:26:00] tfidf_seed43_translated_combined_binary_cha: SVM accuracy=0.8182 params={'C': 10, 'kernel': 'rbf'}
[2026-05-09 03:26:00] tfidf_seed43_translated_combined_binary_cha: fitting LR
[2026-05-09 03:26:00] tfidf_seed43_translated_combined_binary_cha: LR accuracy=0.8068 params={'C': 1}
[2026-05-09 03:26:00] tfidf_seed43_translated_combined_binary_cha: fusion DT+RF accuracy=0.7727
[2026-05-09 03:26:00] tfidf_seed43_translated_combined_binary_cha: fusion DT+SVM accuracy=0.8295
[2026-05-09 03:26:00] tfidf_seed43_translated_combined_binary_cha: fusion DT+LR accuracy=0.8068
[2026-05-09 03:26:00] tfidf_seed43_translated_combined_binary_cha: fusion RF+SVM accuracy=0.8068
[2026-05-09 03:26:00] tfidf_seed43_translated_combined_binary_cha: fusion RF+LR accuracy=0.8295
[2026-05-09 03:26:00] tfidf_seed43_translated_combined_binary_cha: fusion SVM+LR accuracy=0.8068
[2026-05-09 03:26:00] tfidf_seed43_translated_combined_binary_cha: fusion DT+RF+SVM accuracy=0.7955
[2026-05-09 03:26:00] tfidf_seed43_translated_combined_binary_cha: fusion DT+RF+LR accuracy=0.7955
[2026-05-09 03:26:00] tfidf_seed43_translated_combined_binary_cha: fusion DT+SVM+LR accuracy=0.8068
[2026-05-09 03:26:00] tfidf_seed43_translated_combined_binary_cha: fusion RF+SVM+LR accuracy=0.8068
[2026-05-09 03:26:00] tfidf_seed43_translated_combined_binary_cha: fusion DT+RF+SVM+LR accuracy=0.8182
