[2026-05-08 22:12:20] tfidf_seed42_translated_combined_multiclass_spa: method=tfidf seed=42 training=multi translated=yes task=multiclass test=spa train=3573 test=76
[2026-05-08 22:12:20] tfidf_seed42_translated_combined_multiclass_spa: fitting DT
[2026-05-08 22:12:23] tfidf_seed42_translated_combined_multiclass_spa: DT accuracy=0.5132 params={'max_depth': 10}
[2026-05-08 22:12:23] tfidf_seed42_translated_combined_multiclass_spa: fitting RF
[2026-05-08 22:12:38] tfidf_seed42_translated_combined_multiclass_spa: RF accuracy=0.5658 params={'n_estimators': 50}
[2026-05-08 22:12:38] tfidf_seed42_translated_combined_multiclass_spa: fitting SVM
[2026-05-08 22:15:33] tfidf_seed42_translated_combined_multiclass_spa: SVM accuracy=0.4079 params={'C': 10, 'kernel': 'rbf'}
[2026-05-08 22:15:33] tfidf_seed42_translated_combined_multiclass_spa: fitting LR
[2026-05-08 22:15:35] tfidf_seed42_translated_combined_multiclass_spa: LR accuracy=0.4737 params={'C': 10}
[2026-05-08 22:15:35] tfidf_seed42_translated_combined_multiclass_spa: fusion DT+RF accuracy=0.5395
[2026-05-08 22:15:35] tfidf_seed42_translated_combined_multiclass_spa: fusion DT+SVM accuracy=0.4079
[2026-05-08 22:15:35] tfidf_seed42_translated_combined_multiclass_spa: fusion DT+LR accuracy=0.4605
[2026-05-08 22:15:35] tfidf_seed42_translated_combined_multiclass_spa: fusion RF+SVM accuracy=0.4211
[2026-05-08 22:15:35] tfidf_seed42_translated_combined_multiclass_spa: fusion RF+LR accuracy=0.5395
[2026-05-08 22:15:35] tfidf_seed42_translated_combined_multiclass_spa: fusion SVM+LR accuracy=0.3816
[2026-05-08 22:15:35] tfidf_seed42_translated_combined_multiclass_spa: fusion DT+RF+SVM accuracy=0.5395
[2026-05-08 22:15:35] tfidf_seed42_translated_combined_multiclass_spa: fusion DT+RF+LR accuracy=0.5789
[2026-05-08 22:15:35] tfidf_seed42_translated_combined_multiclass_spa: fusion DT+SVM+LR accuracy=0.4605
[2026-05-08 22:15:35] tfidf_seed42_translated_combined_multiclass_spa: fusion RF+SVM+LR accuracy=0.4737
[2026-05-08 22:15:35] tfidf_seed42_translated_combined_multiclass_spa: fusion DT+RF+SVM+LR accuracy=0.4868
