[2026-05-08 21:39:38] tfidf_seed42_monolingual_multiclass_spa: method=tfidf seed=42 training=mono translated=no task=multiclass test=spa train=303 test=76
[2026-05-08 21:39:38] tfidf_seed42_monolingual_multiclass_spa: fitting DT
[2026-05-08 21:39:38] tfidf_seed42_monolingual_multiclass_spa: DT accuracy=0.4211 params={'max_depth': 30}
[2026-05-08 21:39:38] tfidf_seed42_monolingual_multiclass_spa: fitting RF
[2026-05-08 21:39:40] tfidf_seed42_monolingual_multiclass_spa: RF accuracy=0.5132 params={'n_estimators': 100}
[2026-05-08 21:39:40] tfidf_seed42_monolingual_multiclass_spa: fitting SVM
[2026-05-08 21:39:41] tfidf_seed42_monolingual_multiclass_spa: SVM accuracy=0.4737 params={'C': 10, 'kernel': 'rbf'}
[2026-05-08 21:39:41] tfidf_seed42_monolingual_multiclass_spa: fitting LR
[2026-05-08 21:39:41] tfidf_seed42_monolingual_multiclass_spa: LR accuracy=0.5658 params={'C': 0.1}
[2026-05-08 21:39:41] tfidf_seed42_monolingual_multiclass_spa: fusion DT+RF accuracy=0.4211
[2026-05-08 21:39:41] tfidf_seed42_monolingual_multiclass_spa: fusion DT+SVM accuracy=0.4211
[2026-05-08 21:39:41] tfidf_seed42_monolingual_multiclass_spa: fusion DT+LR accuracy=0.4211
[2026-05-08 21:39:41] tfidf_seed42_monolingual_multiclass_spa: fusion RF+SVM accuracy=0.5000
[2026-05-08 21:39:41] tfidf_seed42_monolingual_multiclass_spa: fusion RF+LR accuracy=0.5526
[2026-05-08 21:39:41] tfidf_seed42_monolingual_multiclass_spa: fusion SVM+LR accuracy=0.5395
[2026-05-08 21:39:41] tfidf_seed42_monolingual_multiclass_spa: fusion DT+RF+SVM accuracy=0.5000
[2026-05-08 21:39:41] tfidf_seed42_monolingual_multiclass_spa: fusion DT+RF+LR accuracy=0.5395
[2026-05-08 21:39:41] tfidf_seed42_monolingual_multiclass_spa: fusion DT+SVM+LR accuracy=0.5000
[2026-05-08 21:39:41] tfidf_seed42_monolingual_multiclass_spa: fusion RF+SVM+LR accuracy=0.5263
[2026-05-08 21:39:41] tfidf_seed42_monolingual_multiclass_spa: fusion DT+RF+SVM+LR accuracy=0.5000
