[2026-05-09 03:12:04] tfidf_seed43_translated_combined_binary_gr: method=tfidf seed=43 training=multi translated=yes task=binary test=gr train=2896 test=43
[2026-05-09 03:12:04] tfidf_seed43_translated_combined_binary_gr: fitting DT
[2026-05-09 03:12:12] tfidf_seed43_translated_combined_binary_gr: DT accuracy=0.6047 params={'max_depth': 10}
[2026-05-09 03:12:12] tfidf_seed43_translated_combined_binary_gr: fitting RF
[2026-05-09 03:12:47] tfidf_seed43_translated_combined_binary_gr: RF accuracy=0.6744 params={'n_estimators': 50}
[2026-05-09 03:12:47] tfidf_seed43_translated_combined_binary_gr: fitting SVM
[2026-05-09 03:18:58] tfidf_seed43_translated_combined_binary_gr: SVM accuracy=0.7209 params={'C': 10, 'kernel': 'rbf'}
[2026-05-09 03:18:58] tfidf_seed43_translated_combined_binary_gr: fitting LR
[2026-05-09 03:18:59] tfidf_seed43_translated_combined_binary_gr: LR accuracy=0.6977 params={'C': 1}
[2026-05-09 03:18:59] tfidf_seed43_translated_combined_binary_gr: fusion DT+RF accuracy=0.6512
[2026-05-09 03:18:59] tfidf_seed43_translated_combined_binary_gr: fusion DT+SVM accuracy=0.6279
[2026-05-09 03:18:59] tfidf_seed43_translated_combined_binary_gr: fusion DT+LR accuracy=0.6744
[2026-05-09 03:18:59] tfidf_seed43_translated_combined_binary_gr: fusion RF+SVM accuracy=0.7209
[2026-05-09 03:18:59] tfidf_seed43_translated_combined_binary_gr: fusion RF+LR accuracy=0.7209
[2026-05-09 03:18:59] tfidf_seed43_translated_combined_binary_gr: fusion SVM+LR accuracy=0.7209
[2026-05-09 03:18:59] tfidf_seed43_translated_combined_binary_gr: fusion DT+RF+SVM accuracy=0.7442
[2026-05-09 03:18:59] tfidf_seed43_translated_combined_binary_gr: fusion DT+RF+LR accuracy=0.6977
[2026-05-09 03:18:59] tfidf_seed43_translated_combined_binary_gr: fusion DT+SVM+LR accuracy=0.7442
[2026-05-09 03:18:59] tfidf_seed43_translated_combined_binary_gr: fusion RF+SVM+LR accuracy=0.7442
[2026-05-09 03:18:59] tfidf_seed43_translated_combined_binary_gr: fusion DT+RF+SVM+LR accuracy=0.7442
