[2026-05-09 20:22:55] tfidf_seed46_translated_combined_binary_spa: method=tfidf seed=46 training=multi translated=yes task=binary test=spa train=2896 test=59
[2026-05-09 20:22:56] tfidf_seed46_translated_combined_binary_spa: fitting DT
[2026-05-09 20:23:04] tfidf_seed46_translated_combined_binary_spa: DT accuracy=0.6441 params={'max_depth': 10}
[2026-05-09 20:23:04] tfidf_seed46_translated_combined_binary_spa: fitting RF
[2026-05-09 20:23:47] tfidf_seed46_translated_combined_binary_spa: RF accuracy=0.7458 params={'n_estimators': 200}
[2026-05-09 20:23:47] tfidf_seed46_translated_combined_binary_spa: fitting SVM
[2026-05-09 20:30:37] tfidf_seed46_translated_combined_binary_spa: SVM accuracy=0.7119 params={'C': 10, 'kernel': 'rbf'}
[2026-05-09 20:30:37] tfidf_seed46_translated_combined_binary_spa: fitting LR
[2026-05-09 20:30:38] tfidf_seed46_translated_combined_binary_spa: LR accuracy=0.7627 params={'C': 1}
[2026-05-09 20:30:38] tfidf_seed46_translated_combined_binary_spa: fusion DT+RF accuracy=0.7119
[2026-05-09 20:30:38] tfidf_seed46_translated_combined_binary_spa: fusion DT+SVM accuracy=0.6271
[2026-05-09 20:30:38] tfidf_seed46_translated_combined_binary_spa: fusion DT+LR accuracy=0.7119
[2026-05-09 20:30:38] tfidf_seed46_translated_combined_binary_spa: fusion RF+SVM accuracy=0.7119
[2026-05-09 20:30:38] tfidf_seed46_translated_combined_binary_spa: fusion RF+LR accuracy=0.7288
[2026-05-09 20:30:38] tfidf_seed46_translated_combined_binary_spa: fusion SVM+LR accuracy=0.6780
[2026-05-09 20:30:38] tfidf_seed46_translated_combined_binary_spa: fusion DT+RF+SVM accuracy=0.7119
[2026-05-09 20:30:38] tfidf_seed46_translated_combined_binary_spa: fusion DT+RF+LR accuracy=0.7288
[2026-05-09 20:30:38] tfidf_seed46_translated_combined_binary_spa: fusion DT+SVM+LR accuracy=0.7119
[2026-05-09 20:30:38] tfidf_seed46_translated_combined_binary_spa: fusion RF+SVM+LR accuracy=0.7627
[2026-05-09 20:30:38] tfidf_seed46_translated_combined_binary_spa: fusion DT+RF+SVM+LR accuracy=0.7119
