[2026-05-09 01:53:37] tfidf_seed43_multilingual_combined_binary_en: method=tfidf seed=43 training=multi translated=no task=binary test=en train=2896 test=194
[2026-05-09 01:53:37] tfidf_seed43_multilingual_combined_binary_en: fitting DT
[2026-05-09 01:53:45] tfidf_seed43_multilingual_combined_binary_en: DT accuracy=0.7577 params={'max_depth': 10}
[2026-05-09 01:53:45] tfidf_seed43_multilingual_combined_binary_en: fitting RF
[2026-05-09 01:54:32] tfidf_seed43_multilingual_combined_binary_en: RF accuracy=0.8247 params={'n_estimators': 100}
[2026-05-09 01:54:32] tfidf_seed43_multilingual_combined_binary_en: fitting SVM
[2026-05-09 01:59:36] tfidf_seed43_multilingual_combined_binary_en: SVM accuracy=0.8918 params={'C': 10, 'kernel': 'rbf'}
[2026-05-09 01:59:36] tfidf_seed43_multilingual_combined_binary_en: fitting LR
[2026-05-09 01:59:38] tfidf_seed43_multilingual_combined_binary_en: LR accuracy=0.8299 params={'C': 1}
[2026-05-09 01:59:38] tfidf_seed43_multilingual_combined_binary_en: fusion DT+RF accuracy=0.7732
[2026-05-09 01:59:38] tfidf_seed43_multilingual_combined_binary_en: fusion DT+SVM accuracy=0.8093
[2026-05-09 01:59:38] tfidf_seed43_multilingual_combined_binary_en: fusion DT+LR accuracy=0.7835
[2026-05-09 01:59:38] tfidf_seed43_multilingual_combined_binary_en: fusion RF+SVM accuracy=0.8866
[2026-05-09 01:59:38] tfidf_seed43_multilingual_combined_binary_en: fusion RF+LR accuracy=0.8351
[2026-05-09 01:59:38] tfidf_seed43_multilingual_combined_binary_en: fusion SVM+LR accuracy=0.8866
[2026-05-09 01:59:38] tfidf_seed43_multilingual_combined_binary_en: fusion DT+RF+SVM accuracy=0.8608
[2026-05-09 01:59:38] tfidf_seed43_multilingual_combined_binary_en: fusion DT+RF+LR accuracy=0.8557
[2026-05-09 01:59:38] tfidf_seed43_multilingual_combined_binary_en: fusion DT+SVM+LR accuracy=0.8608
[2026-05-09 01:59:38] tfidf_seed43_multilingual_combined_binary_en: fusion RF+SVM+LR accuracy=0.8660
[2026-05-09 01:59:38] tfidf_seed43_multilingual_combined_binary_en: fusion DT+RF+SVM+LR accuracy=0.8711
