[2026-05-09 12:47:49] tfidf_seed45_monolingual_binary_en: method=tfidf seed=45 training=mono translated=no task=binary test=en train=2140 test=194
[2026-05-09 12:47:49] tfidf_seed45_monolingual_binary_en: fitting DT
[2026-05-09 12:47:55] tfidf_seed45_monolingual_binary_en: DT accuracy=0.7938 params={'max_depth': 10}
[2026-05-09 12:47:55] tfidf_seed45_monolingual_binary_en: fitting RF
[2026-05-09 12:48:19] tfidf_seed45_monolingual_binary_en: RF accuracy=0.8144 params={'n_estimators': 200}
[2026-05-09 12:48:19] tfidf_seed45_monolingual_binary_en: fitting SVM
[2026-05-09 12:52:11] tfidf_seed45_monolingual_binary_en: SVM accuracy=0.9021 params={'C': 10, 'kernel': 'rbf'}
[2026-05-09 12:52:11] tfidf_seed45_monolingual_binary_en: fitting LR
[2026-05-09 12:52:12] tfidf_seed45_monolingual_binary_en: LR accuracy=0.8969 params={'C': 10}
[2026-05-09 12:52:12] tfidf_seed45_monolingual_binary_en: fusion DT+RF accuracy=0.7990
[2026-05-09 12:52:12] tfidf_seed45_monolingual_binary_en: fusion DT+SVM accuracy=0.7990
[2026-05-09 12:52:12] tfidf_seed45_monolingual_binary_en: fusion DT+LR accuracy=0.8144
[2026-05-09 12:52:12] tfidf_seed45_monolingual_binary_en: fusion RF+SVM accuracy=0.8866
[2026-05-09 12:52:12] tfidf_seed45_monolingual_binary_en: fusion RF+LR accuracy=0.8866
[2026-05-09 12:52:12] tfidf_seed45_monolingual_binary_en: fusion SVM+LR accuracy=0.9072
[2026-05-09 12:52:12] tfidf_seed45_monolingual_binary_en: fusion DT+RF+SVM accuracy=0.8608
[2026-05-09 12:52:12] tfidf_seed45_monolingual_binary_en: fusion DT+RF+LR accuracy=0.8608
[2026-05-09 12:52:12] tfidf_seed45_monolingual_binary_en: fusion DT+SVM+LR accuracy=0.9021
[2026-05-09 12:52:12] tfidf_seed45_monolingual_binary_en: fusion RF+SVM+LR accuracy=0.9021
[2026-05-09 12:52:12] tfidf_seed45_monolingual_binary_en: fusion DT+RF+SVM+LR accuracy=0.8711
