[2026-05-09 18:49:53] tfidf_seed46_monolingual_multiclass_spa: method=tfidf seed=46 training=mono translated=no task=multiclass test=spa train=303 test=76
[2026-05-09 18:49:53] tfidf_seed46_monolingual_multiclass_spa: fitting DT
[2026-05-09 18:49:54] tfidf_seed46_monolingual_multiclass_spa: DT accuracy=0.4868 params={'max_depth': 10}
[2026-05-09 18:49:54] tfidf_seed46_monolingual_multiclass_spa: fitting RF
[2026-05-09 18:49:59] tfidf_seed46_monolingual_multiclass_spa: RF accuracy=0.5395 params={'n_estimators': 200}
[2026-05-09 18:49:59] tfidf_seed46_monolingual_multiclass_spa: fitting SVM
[2026-05-09 18:50:02] tfidf_seed46_monolingual_multiclass_spa: SVM accuracy=0.5000 params={'C': 10, 'kernel': 'linear'}
[2026-05-09 18:50:02] tfidf_seed46_monolingual_multiclass_spa: fitting LR
[2026-05-09 18:50:03] tfidf_seed46_monolingual_multiclass_spa: LR accuracy=0.5526 params={'C': 1}
[2026-05-09 18:50:03] tfidf_seed46_monolingual_multiclass_spa: fusion DT+RF accuracy=0.4868
[2026-05-09 18:50:03] tfidf_seed46_monolingual_multiclass_spa: fusion DT+SVM accuracy=0.4868
[2026-05-09 18:50:03] tfidf_seed46_monolingual_multiclass_spa: fusion DT+LR accuracy=0.4868
[2026-05-09 18:50:03] tfidf_seed46_monolingual_multiclass_spa: fusion RF+SVM accuracy=0.5395
[2026-05-09 18:50:03] tfidf_seed46_monolingual_multiclass_spa: fusion RF+LR accuracy=0.5658
[2026-05-09 18:50:03] tfidf_seed46_monolingual_multiclass_spa: fusion SVM+LR accuracy=0.5658
[2026-05-09 18:50:03] tfidf_seed46_monolingual_multiclass_spa: fusion DT+RF+SVM accuracy=0.5395
[2026-05-09 18:50:03] tfidf_seed46_monolingual_multiclass_spa: fusion DT+RF+LR accuracy=0.5789
[2026-05-09 18:50:03] tfidf_seed46_monolingual_multiclass_spa: fusion DT+SVM+LR accuracy=0.5263
[2026-05-09 18:50:03] tfidf_seed46_monolingual_multiclass_spa: fusion RF+SVM+LR accuracy=0.5526
[2026-05-09 18:50:03] tfidf_seed46_monolingual_multiclass_spa: fusion DT+RF+SVM+LR accuracy=0.5526
