[2026-05-09 18:41:08] tfidf_seed46_monolingual_multiclass_en: method=tfidf seed=46 training=mono translated=no task=multiclass test=en train=2449 test=272
[2026-05-09 18:41:08] tfidf_seed46_monolingual_multiclass_en: fitting DT
[2026-05-09 18:41:16] tfidf_seed46_monolingual_multiclass_en: DT accuracy=0.5846 params={'max_depth': 10}
[2026-05-09 18:41:16] tfidf_seed46_monolingual_multiclass_en: fitting RF
[2026-05-09 18:41:52] tfidf_seed46_monolingual_multiclass_en: RF accuracy=0.6287 params={'n_estimators': 200}
[2026-05-09 18:41:52] tfidf_seed46_monolingual_multiclass_en: fitting SVM
[2026-05-09 18:49:24] tfidf_seed46_monolingual_multiclass_en: SVM accuracy=0.7206 params={'C': 10, 'kernel': 'rbf'}
[2026-05-09 18:49:24] tfidf_seed46_monolingual_multiclass_en: fitting LR
[2026-05-09 18:49:28] tfidf_seed46_monolingual_multiclass_en: LR accuracy=0.6287 params={'C': 1}
[2026-05-09 18:49:28] tfidf_seed46_monolingual_multiclass_en: fusion DT+RF accuracy=0.5846
[2026-05-09 18:49:28] tfidf_seed46_monolingual_multiclass_en: fusion DT+SVM accuracy=0.6140
[2026-05-09 18:49:28] tfidf_seed46_monolingual_multiclass_en: fusion DT+LR accuracy=0.5735
[2026-05-09 18:49:28] tfidf_seed46_monolingual_multiclass_en: fusion RF+SVM accuracy=0.6838
[2026-05-09 18:49:28] tfidf_seed46_monolingual_multiclass_en: fusion RF+LR accuracy=0.6507
[2026-05-09 18:49:28] tfidf_seed46_monolingual_multiclass_en: fusion SVM+LR accuracy=0.6985
[2026-05-09 18:49:28] tfidf_seed46_monolingual_multiclass_en: fusion DT+RF+SVM accuracy=0.6765
[2026-05-09 18:49:28] tfidf_seed46_monolingual_multiclass_en: fusion DT+RF+LR accuracy=0.6434
[2026-05-09 18:49:28] tfidf_seed46_monolingual_multiclass_en: fusion DT+SVM+LR accuracy=0.6838
[2026-05-09 18:49:28] tfidf_seed46_monolingual_multiclass_en: fusion RF+SVM+LR accuracy=0.6654
[2026-05-09 18:49:28] tfidf_seed46_monolingual_multiclass_en: fusion DT+RF+SVM+LR accuracy=0.6801
