[2026-05-09 08:52:56] tfidf_seed44_translated_combined_binary_cha: method=tfidf seed=44 training=multi translated=yes task=binary test=cha train=2896 test=88
[2026-05-09 08:52:57] tfidf_seed44_translated_combined_binary_cha: fitting DT
[2026-05-09 08:53:05] tfidf_seed44_translated_combined_binary_cha: DT accuracy=0.6932 params={'max_depth': 30}
[2026-05-09 08:53:05] tfidf_seed44_translated_combined_binary_cha: fitting RF
[2026-05-09 08:53:47] tfidf_seed44_translated_combined_binary_cha: RF accuracy=0.8295 params={'n_estimators': 200}
[2026-05-09 08:53:47] tfidf_seed44_translated_combined_binary_cha: fitting SVM
[2026-05-09 09:00:02] tfidf_seed44_translated_combined_binary_cha: SVM accuracy=0.9091 params={'C': 10, 'kernel': 'rbf'}
[2026-05-09 09:00:02] tfidf_seed44_translated_combined_binary_cha: fitting LR
[2026-05-09 09:00:03] tfidf_seed44_translated_combined_binary_cha: LR accuracy=0.8182 params={'C': 1}
[2026-05-09 09:00:03] tfidf_seed44_translated_combined_binary_cha: fusion DT+RF accuracy=0.6932
[2026-05-09 09:00:03] tfidf_seed44_translated_combined_binary_cha: fusion DT+SVM accuracy=0.6932
[2026-05-09 09:00:03] tfidf_seed44_translated_combined_binary_cha: fusion DT+LR accuracy=0.6932
[2026-05-09 09:00:03] tfidf_seed44_translated_combined_binary_cha: fusion RF+SVM accuracy=0.8409
[2026-05-09 09:00:03] tfidf_seed44_translated_combined_binary_cha: fusion RF+LR accuracy=0.8295
[2026-05-09 09:00:03] tfidf_seed44_translated_combined_binary_cha: fusion SVM+LR accuracy=0.8295
[2026-05-09 09:00:03] tfidf_seed44_translated_combined_binary_cha: fusion DT+RF+SVM accuracy=0.8750
[2026-05-09 09:00:03] tfidf_seed44_translated_combined_binary_cha: fusion DT+RF+LR accuracy=0.8295
[2026-05-09 09:00:03] tfidf_seed44_translated_combined_binary_cha: fusion DT+SVM+LR accuracy=0.8750
[2026-05-09 09:00:03] tfidf_seed44_translated_combined_binary_cha: fusion RF+SVM+LR accuracy=0.8295
[2026-05-09 09:00:03] tfidf_seed44_translated_combined_binary_cha: fusion DT+RF+SVM+LR accuracy=0.8750
