[2026-05-08 21:48:04] tfidf_seed42_multilingual_combined_multiclass_gr: method=tfidf seed=42 training=multi translated=no task=multiclass test=gr train=3573 test=53
[2026-05-08 21:48:04] tfidf_seed42_multilingual_combined_multiclass_gr: fitting DT
[2026-05-08 21:48:07] tfidf_seed42_multilingual_combined_multiclass_gr: DT accuracy=0.4906 params={'max_depth': 10}
[2026-05-08 21:48:07] tfidf_seed42_multilingual_combined_multiclass_gr: fitting RF
[2026-05-08 21:48:26] tfidf_seed42_multilingual_combined_multiclass_gr: RF accuracy=0.5660 params={'n_estimators': 50}
[2026-05-08 21:48:26] tfidf_seed42_multilingual_combined_multiclass_gr: fitting SVM
[2026-05-08 21:50:35] tfidf_seed42_multilingual_combined_multiclass_gr: SVM accuracy=0.6226 params={'C': 1, 'kernel': 'rbf'}
[2026-05-08 21:50:35] tfidf_seed42_multilingual_combined_multiclass_gr: fitting LR
[2026-05-08 21:50:39] tfidf_seed42_multilingual_combined_multiclass_gr: LR accuracy=0.6415 params={'C': 10}
[2026-05-08 21:50:39] tfidf_seed42_multilingual_combined_multiclass_gr: fusion DT+RF accuracy=0.5472
[2026-05-08 21:50:39] tfidf_seed42_multilingual_combined_multiclass_gr: fusion DT+SVM accuracy=0.5472
[2026-05-08 21:50:39] tfidf_seed42_multilingual_combined_multiclass_gr: fusion DT+LR accuracy=0.6038
[2026-05-08 21:50:39] tfidf_seed42_multilingual_combined_multiclass_gr: fusion RF+SVM accuracy=0.6038
[2026-05-08 21:50:39] tfidf_seed42_multilingual_combined_multiclass_gr: fusion RF+LR accuracy=0.6415
[2026-05-08 21:50:39] tfidf_seed42_multilingual_combined_multiclass_gr: fusion SVM+LR accuracy=0.6604
[2026-05-08 21:50:39] tfidf_seed42_multilingual_combined_multiclass_gr: fusion DT+RF+SVM accuracy=0.6038
[2026-05-08 21:50:39] tfidf_seed42_multilingual_combined_multiclass_gr: fusion DT+RF+LR accuracy=0.6415
[2026-05-08 21:50:39] tfidf_seed42_multilingual_combined_multiclass_gr: fusion DT+SVM+LR accuracy=0.7170
[2026-05-08 21:50:39] tfidf_seed42_multilingual_combined_multiclass_gr: fusion RF+SVM+LR accuracy=0.6038
[2026-05-08 21:50:39] tfidf_seed42_multilingual_combined_multiclass_gr: fusion DT+RF+SVM+LR accuracy=0.6792
