[2026-05-09 14:58:18] tfidf_seed45_translated_combined_multiclass_gr: method=tfidf seed=45 training=multi translated=yes task=multiclass test=gr train=3573 test=53
[2026-05-09 14:58:19] tfidf_seed45_translated_combined_multiclass_gr: fitting DT
[2026-05-09 14:58:29] tfidf_seed45_translated_combined_multiclass_gr: DT accuracy=0.3396 params={'max_depth': 10}
[2026-05-09 14:58:29] tfidf_seed45_translated_combined_multiclass_gr: fitting RF
[2026-05-09 14:59:39] tfidf_seed45_translated_combined_multiclass_gr: RF accuracy=0.4906 params={'n_estimators': 200}
[2026-05-09 14:59:39] tfidf_seed45_translated_combined_multiclass_gr: fitting SVM
[2026-05-09 15:13:45] tfidf_seed45_translated_combined_multiclass_gr: SVM accuracy=0.4906 params={'C': 10, 'kernel': 'rbf'}
[2026-05-09 15:13:45] tfidf_seed45_translated_combined_multiclass_gr: fitting LR
[2026-05-09 15:13:52] tfidf_seed45_translated_combined_multiclass_gr: LR accuracy=0.5094 params={'C': 10}
[2026-05-09 15:13:52] tfidf_seed45_translated_combined_multiclass_gr: fusion DT+RF accuracy=0.4340
[2026-05-09 15:13:52] tfidf_seed45_translated_combined_multiclass_gr: fusion DT+SVM accuracy=0.4340
[2026-05-09 15:13:52] tfidf_seed45_translated_combined_multiclass_gr: fusion DT+LR accuracy=0.4151
[2026-05-09 15:13:52] tfidf_seed45_translated_combined_multiclass_gr: fusion RF+SVM accuracy=0.4906
[2026-05-09 15:13:52] tfidf_seed45_translated_combined_multiclass_gr: fusion RF+LR accuracy=0.4717
[2026-05-09 15:13:52] tfidf_seed45_translated_combined_multiclass_gr: fusion SVM+LR accuracy=0.4906
[2026-05-09 15:13:52] tfidf_seed45_translated_combined_multiclass_gr: fusion DT+RF+SVM accuracy=0.4717
[2026-05-09 15:13:52] tfidf_seed45_translated_combined_multiclass_gr: fusion DT+RF+LR accuracy=0.4717
[2026-05-09 15:13:52] tfidf_seed45_translated_combined_multiclass_gr: fusion DT+SVM+LR accuracy=0.4906
[2026-05-09 15:13:52] tfidf_seed45_translated_combined_multiclass_gr: fusion RF+SVM+LR accuracy=0.4906
[2026-05-09 15:13:52] tfidf_seed45_translated_combined_multiclass_gr: fusion DT+RF+SVM+LR accuracy=0.4528
