Starting phase 1 manifest build
Loading cleaned corpora
Indexing raw audio and transcript files
Built manifest with 4127 rows
Wrote manifest to C:\Users\dhruv\Documents\06 Coding\MultiConAD\data\processed\phase1\phase1_manifest.jsonl
Starting phase 1 manifest build
Loading cleaned corpora
Indexing raw audio and transcript files
Built manifest with 4127 rows
Wrote manifest to C:\Users\dhruv\Documents\06 Coding\MultiConAD\data\processed\phase1\phase1_manifest.jsonl
Starting phase 1 manifest build
Loading cleaned corpora
Indexing raw audio and transcript files
Built manifest with 4127 rows
Wrote manifest to C:\Users\dhruv\Documents\06 Coding\MultiConAD\data\processed\phase1\phase1_manifest.jsonl
Starting phase 1 manifest build
Loading cleaned corpora
Indexing raw audio and transcript files
Built manifest with 4205 rows
Wrote manifest to C:\Users\dhruv\Documents\06 Coding\MultiConAD\data\processed\phase1\phase1_manifest.jsonl
