PD_CTP subset rows=2342 groups=1971
Parsing syntax for language=el rows=133
Parsed syntax language=el progress=100/133
Parsed syntax language=el progress=133/133
Parsing syntax for language=en rows=2004
Parsed syntax language=en progress=100/2004
Parsed syntax language=en progress=200/2004
Parsed syntax language=en progress=300/2004
Parsed syntax language=en progress=400/2004
Parsed syntax language=en progress=500/2004
Parsed syntax language=en progress=600/2004
Parsing syntax for language=zh rows=205
Parsed syntax language=zh progress=100/205
Parsed syntax language=zh progress=200/205
Parsed syntax language=zh progress=205/205
PD_CTP feature extraction progress: 0/2342
PD_CTP feature extraction progress: 100/2342
PD_CTP subset rows=2342 groups=1971
Parsing syntax for language=el rows=133
Parsed syntax language=el progress=100/133
Parsed syntax language=el progress=133/133
Parsing syntax for language=en rows=2004
Parsed syntax language=en progress=100/2004
Parsed syntax language=en progress=200/2004
Parsed syntax language=en progress=300/2004
Parsed syntax language=en progress=400/2004
Parsed syntax language=en progress=500/2004
Parsing syntax for language=zh rows=205
PD_CTP feature extraction progress: 200/2342
Parsed syntax language=zh progress=100/205
Parsed syntax language=zh progress=200/205
Parsed syntax language=zh progress=205/205
PD_CTP feature extraction progress: 0/2342
PD_CTP feature extraction progress: 100/2342
PD_CTP feature extraction progress: 200/2342
PD_CTP feature extraction progress: 300/2342
PD_CTP feature extraction progress: 400/2342
PD_CTP feature extraction progress: 500/2342
PD_CTP feature extraction progress: 600/2342
PD_CTP feature extraction progress: 700/2342
PD_CTP feature extraction progress: 800/2342
PD_CTP feature extraction progress: 900/2342
PD_CTP feature extraction progress: 1000/2342
PD_CTP feature extraction progress: 1100/2342
PD_CTP feature extraction progress: 1200/2342
PD_CTP feature extraction progress: 1300/2342
PD_CTP feature extraction progress: 1400/2342
PD_CTP feature extraction progress: 1500/2342
PD_CTP feature extraction progress: 1600/2342
PD_CTP feature extraction progress: 1700/2342
PD_CTP feature extraction progress: 1800/2342
PD_CTP feature extraction progress: 1900/2342
PD_CTP feature extraction progress: 2000/2342
PD_CTP feature extraction progress: 2100/2342
PD_CTP feature extraction progress: 2200/2342
PD_CTP feature extraction progress: 2300/2342
Wrote C:\Users\dhruv\Documents\06 Coding\MultiConAD\data\processed\phase1\phase1_features_pd_ctp.csv
