Loading phase 1 manifest
C:\Users\dhruv\Documents\06 Coding\MultiConAD\.venv\lib\site-packages\jieba\_compat.py:18: UserWarning: pkg_resources is deprecated as an API. See https://setuptools.pypa.io/en/latest/pkg_resources.html. The pkg_resources package is slated for removal as early as 2025-11-30. Refrain from using this package or pin to Setuptools<81.
  import pkg_resources
Building prefix dict from the default dictionary ...
Loading model from cache C:\Users\dhruv\AppData\Local\Temp\jieba.cache
Loading model cost 0.867 seconds.
Prefix dict has been built successfully.
Loaded phase2 parsed-text cache for phase1 rows=2596 stale_or_invalid=0
Parsing syntax for language=el rows=342
Parsed syntax language=el progress=100/342
Parsed syntax language=el progress=200/342
Parsed syntax language=el progress=300/342
Parsed syntax language=el progress=342/342
Parsing syntax for language=en rows=2721
Parsed syntax language=en progress=100/2721
Parsed syntax language=en progress=200/2721
Parsed syntax language=en progress=300/2721
Parsed syntax language=en progress=400/2721
Parsed syntax language=en progress=500/2721
Parsed syntax language=en progress=600/2721
Parsed syntax language=en progress=700/2721
Parsed syntax language=en progress=800/2721
Parsed syntax language=en progress=900/2721
Parsed syntax language=en progress=1000/2721
Parsed syntax language=en progress=1300/2721
Parsing syntax for language=es rows=379
Parsed syntax language=es progress=100/379
Parsed syntax language=es progress=200/379
Parsed syntax language=es progress=300/379
Parsed syntax language=es progress=379/379
Parsing syntax for language=zh rows=763
Parsed syntax language=zh progress=100/763
Parsed syntax language=zh progress=200/763
Parsed syntax language=zh progress=300/763
Parsed syntax language=zh progress=400/763
Parsed syntax language=zh progress=500/763
Parsed syntax language=zh progress=600/763
Parsed syntax language=zh progress=700/763
Parsed syntax language=zh progress=763/763
Feature extraction progress: 0/4205
Feature extraction progress: 100/4205
Feature extraction progress: 200/4205
Feature extraction progress: 300/4205
Feature extraction progress: 400/4205
Feature extraction progress: 500/4205
Feature extraction progress: 600/4205
Feature extraction progress: 700/4205
Feature extraction progress: 800/4205
Feature extraction progress: 900/4205
Feature extraction progress: 1000/4205
Feature extraction progress: 1100/4205
Feature extraction progress: 1200/4205
Feature extraction progress: 1300/4205
Feature extraction progress: 1400/4205
Feature extraction progress: 1500/4205
Feature extraction progress: 1600/4205
Feature extraction progress: 1700/4205
Feature extraction progress: 1800/4205
Feature extraction progress: 1900/4205
Feature extraction progress: 2000/4205
Feature extraction progress: 2100/4205
Feature extraction progress: 2200/4205
Feature extraction progress: 2300/4205
Feature extraction progress: 2400/4205
Feature extraction progress: 2500/4205
Feature extraction progress: 2600/4205
Feature extraction progress: 2700/4205
Feature extraction progress: 2800/4205
Feature extraction progress: 2900/4205
Feature extraction progress: 3000/4205
Feature extraction progress: 3100/4205
Feature extraction progress: 3200/4205
Feature extraction progress: 3300/4205
Feature extraction progress: 3400/4205
Feature extraction progress: 3500/4205
Feature extraction progress: 3600/4205
Feature extraction progress: 3700/4205
Feature extraction progress: 3800/4205
Feature extraction progress: 3900/4205
Feature extraction progress: 4000/4205
Feature extraction progress: 4100/4205
Feature extraction progress: 4200/4205
Wrote feature matrix to C:\Users\dhruv\Documents\06 Coding\MultiConAD\data\processed\phase1\phase1_features.csv
