Loading phase 1 manifest
Feature extraction progress: 0/4127
Feature extraction progress: 250/4127
Feature extraction progress: 500/4127
Feature extraction progress: 750/4127
Feature extraction progress: 1000/4127
Feature extraction progress: 1250/4127
Feature extraction progress: 1500/4127
Feature extraction progress: 1750/4127
Feature extraction progress: 2000/4127
Feature extraction progress: 2250/4127
Feature extraction progress: 2500/4127
Feature extraction progress: 2750/4127
Feature extraction progress: 3000/4127
Feature extraction progress: 3250/4127
Feature extraction progress: 3500/4127
Feature extraction progress: 3750/4127
Feature extraction progress: 4000/4127
Wrote feature matrix to C:\Users\dhruv\Documents\06 Coding\MultiConAD\data\processed\phase1\phase1_features.csv
Loading phase 1 manifest
Parsing syntax for language=el rows=264
Parsing syntax for language=en rows=2721
Loading phase 1 manifest
Parsing syntax for language=el rows=264
Parsing syntax for language=en rows=2721
Loading phase 1 manifest
Parsing syntax for language=el rows=264
Parsing syntax for language=en rows=2721
Loading phase 1 manifest
Parsing syntax for language=el rows=264
Parsed syntax language=el progress=100/264
Parsed syntax language=el progress=200/264
Parsed syntax language=el progress=264/264
Parsing syntax for language=en rows=2721
Parsed syntax language=en progress=100/2721
Loading phase 1 manifest
Parsing syntax for language=el rows=264
Parsed syntax language=el progress=100/264
Parsed syntax language=el progress=200/264
Parsed syntax language=el progress=264/264
Parsing syntax for language=en rows=2721
Parsed syntax language=en progress=100/2721
Parsed syntax language=en progress=200/2721
Parsed syntax language=en progress=300/2721
Parsed syntax language=en progress=400/2721
Parsed syntax language=en progress=500/2721
Parsed syntax language=en progress=600/2721
Parsed syntax language=en progress=700/2721
Parsed syntax language=en progress=800/2721
Parsed syntax language=en progress=900/2721
Parsed syntax language=en progress=1000/2721
Parsed syntax language=en progress=1100/2721
Parsed syntax language=en progress=1200/2721
Parsed syntax language=en progress=1300/2721
Parsing syntax for language=es rows=379
Parsed syntax language=es progress=100/379
Parsed syntax language=es progress=200/379
Parsed syntax language=es progress=300/379
Parsed syntax language=es progress=379/379
Parsing syntax for language=zh rows=763
Parsed syntax language=zh progress=100/763
Parsed syntax language=zh progress=200/763
Parsed syntax language=zh progress=300/763
Parsed syntax language=zh progress=400/763
Parsed syntax language=zh progress=500/763
Parsed syntax language=zh progress=600/763
Parsed syntax language=zh progress=700/763
Parsed syntax language=zh progress=763/763
Feature extraction progress: 0/4127
Feature extraction progress: 100/4127
Loading phase 1 manifest
Parsing syntax for language=el rows=264
Parsed syntax language=el progress=100/264
Parsed syntax language=el progress=200/264
Parsed syntax language=el progress=264/264
Parsing syntax for language=en rows=2721
Parsed syntax language=en progress=100/2721
Parsed syntax language=en progress=200/2721
Parsed syntax language=en progress=300/2721
Parsed syntax language=en progress=400/2721
Parsed syntax language=en progress=500/2721
Parsed syntax language=en progress=600/2721
Parsed syntax language=en progress=700/2721
Parsed syntax language=en progress=800/2721
Parsed syntax language=en progress=900/2721
Parsed syntax language=en progress=1000/2721
Parsed syntax language=en progress=1100/2721
Parsed syntax language=en progress=1200/2721
Parsed syntax language=en progress=1300/2721
Parsing syntax for language=es rows=379
Parsed syntax language=es progress=100/379
Parsed syntax language=es progress=200/379
Parsed syntax language=es progress=300/379
Parsed syntax language=es progress=379/379
Parsing syntax for language=zh rows=763
Parsed syntax language=zh progress=100/763
Parsed syntax language=zh progress=200/763
Parsed syntax language=zh progress=300/763
Parsed syntax language=zh progress=400/763
Parsed syntax language=zh progress=500/763
Parsed syntax language=zh progress=600/763
Parsed syntax language=zh progress=700/763
Parsed syntax language=zh progress=763/763
Feature extraction progress: 0/4127
Feature extraction progress: 100/4127
Feature extraction progress: 200/4127
Feature extraction progress: 300/4127
Feature extraction progress: 400/4127
Feature extraction progress: 500/4127
Feature extraction progress: 600/4127
Feature extraction progress: 700/4127
Feature extraction progress: 800/4127
Feature extraction progress: 900/4127
Feature extraction progress: 1000/4127
Feature extraction progress: 1100/4127
Feature extraction progress: 1200/4127
Feature extraction progress: 1300/4127
Feature extraction progress: 1400/4127
Feature extraction progress: 1500/4127
Feature extraction progress: 1600/4127
Feature extraction progress: 1700/4127
Feature extraction progress: 1800/4127
Feature extraction progress: 1900/4127
Feature extraction progress: 2000/4127
Feature extraction progress: 2100/4127
Feature extraction progress: 2200/4127
Feature extraction progress: 2300/4127
Feature extraction progress: 2400/4127
Feature extraction progress: 2500/4127
Feature extraction progress: 2600/4127
Feature extraction progress: 2700/4127
Feature extraction progress: 2800/4127
Feature extraction progress: 2900/4127
Feature extraction progress: 3000/4127
Feature extraction progress: 3100/4127
Feature extraction progress: 3200/4127
Feature extraction progress: 3300/4127
Feature extraction progress: 3400/4127
Feature extraction progress: 3500/4127
Feature extraction progress: 3600/4127
Feature extraction progress: 3700/4127
Feature extraction progress: 3800/4127
Feature extraction progress: 3900/4127
Feature extraction progress: 4000/4127
Feature extraction progress: 4100/4127
Wrote feature matrix to C:\Users\dhruv\Documents\06 Coding\MultiConAD\data\processed\phase1\phase1_features.csv
Loading phase 1 manifest
Parsing syntax for language=el rows=342
Loading phase 1 manifest
Parsing syntax for language=el rows=342
Parsed syntax language=el progress=100/342
Parsed syntax language=el progress=200/342
Parsed syntax language=el progress=300/342
Parsed syntax language=el progress=342/342
Parsing syntax for language=en rows=2721
Parsed syntax language=en progress=100/2721
Parsed syntax language=en progress=200/2721
Parsed syntax language=en progress=300/2721
Parsed syntax language=en progress=400/2721
Parsed syntax language=en progress=500/2721
Parsed syntax language=en progress=600/2721
Parsed syntax language=en progress=700/2721
Parsed syntax language=en progress=800/2721
Parsed syntax language=en progress=900/2721
Parsed syntax language=en progress=1000/2721
Parsed syntax language=en progress=1300/2721
Parsing syntax for language=es rows=379
Parsed syntax language=es progress=100/379
Parsed syntax language=es progress=200/379
Parsed syntax language=es progress=300/379
Parsed syntax language=es progress=379/379
Parsing syntax for language=zh rows=763
Parsed syntax language=zh progress=100/763
Parsed syntax language=zh progress=200/763
Loading phase 1 manifest
Parsing syntax for language=el rows=342
Parsed syntax language=el progress=100/342
Parsed syntax language=el progress=200/342
Parsed syntax language=el progress=300/342
Parsed syntax language=el progress=342/342
Parsing syntax for language=en rows=2721
Parsed syntax language=en progress=100/2721
Parsed syntax language=en progress=200/2721
Parsed syntax language=en progress=300/2721
Parsed syntax language=en progress=400/2721
Parsed syntax language=en progress=500/2721
Parsed syntax language=en progress=600/2721
Parsed syntax language=en progress=700/2721
Parsed syntax language=en progress=800/2721
Parsed syntax language=en progress=900/2721
Parsed syntax language=en progress=1000/2721
Parsed syntax language=en progress=1300/2721
Parsing syntax for language=es rows=379
Parsed syntax language=es progress=100/379
Parsed syntax language=es progress=200/379
Parsed syntax language=es progress=300/379
Parsed syntax language=es progress=379/379
Parsing syntax for language=zh rows=763
Parsed syntax language=zh progress=100/763
Parsed syntax language=zh progress=200/763
Parsed syntax language=zh progress=300/763
Parsed syntax language=zh progress=400/763
Parsed syntax language=zh progress=500/763
Parsed syntax language=zh progress=600/763
Parsed syntax language=zh progress=700/763
Parsed syntax language=zh progress=763/763
Feature extraction progress: 0/4205
Feature extraction progress: 100/4205
Feature extraction progress: 200/4205
Feature extraction progress: 300/4205
Feature extraction progress: 400/4205
Feature extraction progress: 500/4205
Feature extraction progress: 600/4205
Feature extraction progress: 700/4205
Feature extraction progress: 800/4205
Feature extraction progress: 900/4205
Feature extraction progress: 1000/4205
Feature extraction progress: 1100/4205
Feature extraction progress: 1200/4205
Feature extraction progress: 1300/4205
Feature extraction progress: 1400/4205
Feature extraction progress: 1500/4205
Feature extraction progress: 1600/4205
Feature extraction progress: 1700/4205
Feature extraction progress: 1800/4205
Feature extraction progress: 1900/4205
Feature extraction progress: 2000/4205
Feature extraction progress: 2100/4205
Feature extraction progress: 2200/4205
Feature extraction progress: 2300/4205
Feature extraction progress: 2400/4205
Feature extraction progress: 2500/4205
Feature extraction progress: 2600/4205
Feature extraction progress: 2700/4205
Feature extraction progress: 2800/4205
Feature extraction progress: 2900/4205
Feature extraction progress: 3000/4205
Feature extraction progress: 3100/4205
Feature extraction progress: 3200/4205
Feature extraction progress: 3300/4205
Feature extraction progress: 3400/4205
Feature extraction progress: 3500/4205
Feature extraction progress: 3600/4205
Feature extraction progress: 3700/4205
Feature extraction progress: 3800/4205
Feature extraction progress: 3900/4205
Feature extraction progress: 4000/4205
Loading phase 1 manifest
Loaded phase2 parsed-text cache for phase1 rows=2596 stale_or_invalid=0
Parsing syntax for language=el rows=342
Parsed syntax language=el progress=100/342
Parsed syntax language=el progress=200/342
Parsed syntax language=el progress=300/342
Parsed syntax language=el progress=342/342
Parsing syntax for language=en rows=2721
Parsed syntax language=en progress=100/2721
Parsed syntax language=en progress=200/2721
Parsed syntax language=en progress=300/2721
Parsed syntax language=en progress=400/2721
Parsed syntax language=en progress=500/2721
Parsed syntax language=en progress=600/2721
Parsed syntax language=en progress=700/2721
Parsed syntax language=en progress=800/2721
Parsed syntax language=en progress=900/2721
Parsed syntax language=en progress=1000/2721
Parsed syntax language=en progress=1300/2721
Parsing syntax for language=es rows=379
Parsed syntax language=es progress=100/379
Parsed syntax language=es progress=200/379
Parsed syntax language=es progress=300/379
Parsed syntax language=es progress=379/379
Parsing syntax for language=zh rows=763
Parsed syntax language=zh progress=100/763
Parsed syntax language=zh progress=200/763
Parsed syntax language=zh progress=300/763
Parsed syntax language=zh progress=400/763
Parsed syntax language=zh progress=500/763
Parsed syntax language=zh progress=600/763
Parsed syntax language=zh progress=700/763
Parsed syntax language=zh progress=763/763
Feature extraction progress: 0/4205
Feature extraction progress: 4100/4205
Feature extraction progress: 100/4205
Feature extraction progress: 200/4205
Feature extraction progress: 4200/4205
Wrote feature matrix to C:\Users\dhruv\Documents\06 Coding\MultiConAD\data\processed\phase1\phase1_features.csv
Feature extraction progress: 300/4205
Feature extraction progress: 400/4205
Feature extraction progress: 500/4205
Feature extraction progress: 600/4205
Feature extraction progress: 700/4205
Feature extraction progress: 800/4205
Feature extraction progress: 900/4205
Feature extraction progress: 1000/4205
Feature extraction progress: 1100/4205
Feature extraction progress: 1200/4205
Feature extraction progress: 1300/4205
Feature extraction progress: 1400/4205
Feature extraction progress: 1500/4205
Feature extraction progress: 1600/4205
Feature extraction progress: 1700/4205
Feature extraction progress: 1800/4205
Feature extraction progress: 1900/4205
Feature extraction progress: 2000/4205
Feature extraction progress: 2100/4205
Feature extraction progress: 2200/4205
Feature extraction progress: 2300/4205
Feature extraction progress: 2400/4205
Feature extraction progress: 2500/4205
Feature extraction progress: 2600/4205
Feature extraction progress: 2700/4205
Feature extraction progress: 2800/4205
Feature extraction progress: 2900/4205
Feature extraction progress: 3000/4205
Feature extraction progress: 3100/4205
Feature extraction progress: 3200/4205
Feature extraction progress: 3300/4205
Feature extraction progress: 3400/4205
Feature extraction progress: 3500/4205
Feature extraction progress: 3600/4205
Feature extraction progress: 3700/4205
Feature extraction progress: 3800/4205
Feature extraction progress: 3900/4205
Feature extraction progress: 4000/4205
Feature extraction progress: 4100/4205
Feature extraction progress: 4200/4205
Wrote feature matrix to C:\Users\dhruv\Documents\06 Coding\MultiConAD\data\processed\phase1\phase1_features.csv
